{"/workspaces/dms-inventory-management-system/frontend/src/App.tsx": {"path":"/workspaces/dms-inventory-management-system/frontend/src/App.tsx","statementMap":{"0":{"start":{"line":19,"column":21},"end":{"line":19,"column":53}},"1":{"start":{"line":22,"column":2},"end":{"line":51,"column":4}},"2":{"start":{"line":27,"column":12},"end":{"line":31,"column":18}}},"fnMap":{"0":{"name":"App","decl":{"start":{"line":21,"column":9},"end":{"line":21,"column":12}},"loc":{"start":{"line":21,"column":15},"end":{"line":52,"column":1}},"line":21},"1":{"name":"(anonymous_1)","decl":{"start":{"line":26,"column":20},"end":{"line":26,"column":21}},"loc":{"start":{"line":27,"column":12},"end":{"line":31,"column":18}},"line":27}},"branchMap":{},"s":{"0":1,"1":1,"2":0},"f":{"0":1,"1":0},"b":{},"_coverageSchema":"1a1c01bbd47fc00a2c39e90264f33305004495a9","hash":"19fb7ca2037b5dc5296076c7f12951cb994ee361"}
,"/workspaces/dms-inventory-management-system/frontend/src/components/AssetList.tsx": {"path":"/workspaces/dms-inventory-management-system/frontend/src/components/AssetList.tsx","statementMap":{"0":{"start":{"line":10,"column":28},"end":{"line":219,"column":1}},"1":{"start":{"line":11,"column":30},"end":{"line":11,"column":51}},"2":{"start":{"line":12,"column":32},"end":{"line":12,"column":46}},"3":{"start":{"line":13,"column":38},"end":{"line":13,"column":50}},"4":{"start":{"line":14,"column":42},"end":{"line":14,"column":103}},"5":{"start":{"line":16,"column":2},"end":{"line":19,"column":9}},"6":{"start":{"line":17,"column":4},"end":{"line":17,"column":67}},"7":{"start":{"line":18,"column":4},"end":{"line":18,"column":17}},"8":{"start":{"line":21,"column":21},"end":{"line":33,"column":3}},"9":{"start":{"line":22,"column":4},"end":{"line":32,"column":5}},"10":{"start":{"line":23,"column":6},"end":{"line":23,"column":70}},"11":{"start":{"line":24,"column":6},"end":{"line":24,"column":23}},"12":{"start":{"line":25,"column":23},"end":{"line":25,"column":51}},"13":{"start":{"line":26,"column":6},"end":{"line":26,"column":70}},"14":{"start":{"line":27,"column":6},"end":{"line":27,"column":39}},"15":{"start":{"line":29,"column":6},"end":{"line":29,"column":61}},"16":{"start":{"line":31,"column":6},"end":{"line":31,"column":24}},"17":{"start":{"line":35,"column":25},"end":{"line":48,"column":4}},"18":{"start":{"line":38,"column":6},"end":{"line":41,"column":111}},"19":{"start":{"line":45,"column":6},"end":{"line":45,"column":61}},"20":{"start":{"line":47,"column":4},"end":{"line":47,"column":42}},"21":{"start":{"line":50,"column":23},"end":{"line":55,"column":3}},"22":{"start":{"line":52,"column":31},"end":{"line":52,"column":52}},"23":{"start":{"line":53,"column":36},"end":{"line":53,"column":62}},"24":{"start":{"line":54,"column":32},"end":{"line":54,"column":54}},"25":{"start":{"line":57,"column":30},"end":{"line":66,"column":3}},"26":{"start":{"line":58,"column":4},"end":{"line":65,"column":5}},"27":{"start":{"line":59,"column":21},"end":{"line":59,"column":44}},"28":{"start":{"line":60,"column":26},"end":{"line":60,"column":54}},"29":{"start":{"line":61,"column":22},"end":{"line":61,"column":46}},"30":{"start":{"line":62,"column":19},"end":{"line":62,"column":40}},"31":{"start":{"line":63,"column":26},"end":{"line":63,"column":50}},"32":{"start":{"line":64,"column":15},"end":{"line":64,"column":25}},"33":{"start":{"line":68,"column":25},"end":{"line":77,"column":3}},"34":{"start":{"line":69,"column":4},"end":{"line":76,"column":5}},"35":{"start":{"line":70,"column":21},"end":{"line":70,"column":37}},"36":{"start":{"line":71,"column":26},"end":{"line":71,"column":47}},"37":{"start":{"line":72,"column":22},"end":{"line":72,"column":39}},"38":{"start":{"line":73,"column":19},"end":{"line":73,"column":33}},"39":{"start":{"line":74,"column":26},"end":{"line":74,"column":43}},"40":{"start":{"line":75,"column":15},"end":{"line":75,"column":29}},"41":{"start":{"line":79,"column":2},"end":{"line":81,"column":3}},"42":{"start":{"line":80,"column":4},"end":{"line":80,"column":60}},"43":{"start":{"line":83,"column":2},"end":{"line":218,"column":4}},"44":{"start":{"line":101,"column":27},"end":{"line":101,"column":56}},"45":{"start":{"line":108,"column":27},"end":{"line":108,"column":49}},"46":{"start":{"line":114,"column":27},"end":{"line":114,"column":52}},"47":{"start":{"line":120,"column":27},"end":{"line":120,"column":57}},"48":{"start":{"line":126,"column":27},"end":{"line":126,"column":53}},"49":{"start":{"line":140,"column":12},"end":{"line":213,"column":18}}},"fnMap":{"0":{"name":"(anonymous_0)","decl":{"start":{"line":10,"column":28},"end":{"line":10,"column":29}},"loc":{"start":{"line":10,"column":34},"end":{"line":219,"column":1}},"line":10},"1":{"name":"(anonymous_1)","decl":{"start":{"line":16,"column":12},"end":{"line":16,"column":13}},"loc":{"start":{"line":16,"column":18},"end":{"line":19,"column":3}},"line":16},"2":{"name":"(anonymous_2)","decl":{"start":{"line":21,"column":21},"end":{"line":21,"column":22}},"loc":{"start":{"line":21,"column":33},"end":{"line":33,"column":3}},"line":21},"3":{"name":"(anonymous_3)","decl":{"start":{"line":35,"column":39},"end":{"line":35,"column":40}},"loc":{"start":{"line":35,"column":50},"end":{"line":48,"column":3}},"line":35},"4":{"name":"(anonymous_4)","decl":{"start":{"line":52,"column":26},"end":{"line":52,"column":27}},"loc":{"start":{"line":52,"column":31},"end":{"line":52,"column":52}},"line":52},"5":{"name":"(anonymous_5)","decl":{"start":{"line":53,"column":31},"end":{"line":53,"column":32}},"loc":{"start":{"line":53,"column":36},"end":{"line":53,"column":62}},"line":53},"6":{"name":"(anonymous_6)","decl":{"start":{"line":54,"column":27},"end":{"line":54,"column":28}},"loc":{"start":{"line":54,"column":32},"end":{"line":54,"column":54}},"line":54},"7":{"name":"(anonymous_7)","decl":{"start":{"line":57,"column":30},"end":{"line":57,"column":31}},"loc":{"start":{"line":57,"column":50},"end":{"line":66,"column":3}},"line":57},"8":{"name":"(anonymous_8)","decl":{"start":{"line":68,"column":25},"end":{"line":68,"column":26}},"loc":{"start":{"line":68,"column":45},"end":{"line":77,"column":3}},"line":68},"9":{"name":"(anonymous_9)","decl":{"start":{"line":101,"column":20},"end":{"line":101,"column":21}},"loc":{"start":{"line":101,"column":27},"end":{"line":101,"column":56}},"line":101},"10":{"name":"(anonymous_10)","decl":{"start":{"line":108,"column":21},"end":{"line":108,"column":22}},"loc":{"start":{"line":108,"column":27},"end":{"line":108,"column":49}},"line":108},"11":{"name":"(anonymous_11)","decl":{"start":{"line":114,"column":21},"end":{"line":114,"column":22}},"loc":{"start":{"line":114,"column":27},"end":{"line":114,"column":52}},"line":114},"12":{"name":"(anonymous_12)","decl":{"start":{"line":120,"column":21},"end":{"line":120,"column":22}},"loc":{"start":{"line":120,"column":27},"end":{"line":120,"column":57}},"line":120},"13":{"name":"(anonymous_13)","decl":{"start":{"line":126,"column":21},"end":{"line":126,"column":22}},"loc":{"start":{"line":126,"column":27},"end":{"line":126,"column":53}},"line":126},"14":{"name":"(anonymous_14)","decl":{"start":{"line":139,"column":30},"end":{"line":139,"column":31}},"loc":{"start":{"line":140,"column":12},"end":{"line":213,"column":18}},"line":140}},"branchMap":{"0":{"loc":{"start":{"line":38,"column":6},"end":{"line":41,"column":111}},"type":"binary-expr","locations":[{"start":{"line":38,"column":6},"end":{"line":38,"column":65}},{"start":{"line":39,"column":7},"end":{"line":39,"column":26}},{"start":{"line":39,"column":30},"end":{"line":39,"column":98}},{"start":{"line":40,"column":7},"end":{"line":40,"column":22}},{"start":{"line":40,"column":26},"end":{"line":40,"column":90}},{"start":{"line":41,"column":7},"end":{"line":41,"column":32}},{"start":{"line":41,"column":36},"end":{"line":41,"column":110}}],"line":38},"1":{"loc":{"start":{"line":45,"column":6},"end":{"line":45,"column":61}},"type":"binary-expr","locations":[{"start":{"line":45,"column":6},"end":{"line":45,"column":28}},{"start":{"line":45,"column":32},"end":{"line":45,"column":61}}],"line":45},"2":{"loc":{"start":{"line":47,"column":11},"end":{"line":47,"column":41}},"type":"binary-expr","locations":[{"start":{"line":47,"column":11},"end":{"line":47,"column":24}},{"start":{"line":47,"column":28},"end":{"line":47,"column":41}}],"line":47},"3":{"loc":{"start":{"line":58,"column":4},"end":{"line":65,"column":5}},"type":"switch","locations":[{"start":{"line":59,"column":6},"end":{"line":59,"column":44}},{"start":{"line":60,"column":6},"end":{"line":60,"column":54}},{"start":{"line":61,"column":6},"end":{"line":61,"column":46}},{"start":{"line":62,"column":6},"end":{"line":62,"column":40}},{"start":{"line":63,"column":6},"end":{"line":63,"column":50}},{"start":{"line":64,"column":6},"end":{"line":64,"column":25}}],"line":58},"4":{"loc":{"start":{"line":69,"column":4},"end":{"line":76,"column":5}},"type":"switch","locations":[{"start":{"line":70,"column":6},"end":{"line":70,"column":37}},{"start":{"line":71,"column":6},"end":{"line":71,"column":47}},{"start":{"line":72,"column":6},"end":{"line":72,"column":39}},{"start":{"line":73,"column":6},"end":{"line":73,"column":33}},{"start":{"line":74,"column":6},"end":{"line":74,"column":43}},{"start":{"line":75,"column":6},"end":{"line":75,"column":29}}],"line":69},"5":{"loc":{"start":{"line":79,"column":2},"end":{"line":81,"column":3}},"type":"if","locations":[{"start":{"line":79,"column":2},"end":{"line":81,"column":3}},{"start":{},"end":{}}],"line":79},"6":{"loc":{"start":{"line":88,"column":11},"end":{"line":92,"column":11}},"type":"binary-expr","locations":[{"start":{"line":88,"column":11},"end":{"line":88,"column":39}},{"start":{"line":89,"column":12},"end":{"line":91,"column":19}}],"line":88},"7":{"loc":{"start":{"line":107,"column":23},"end":{"line":107,"column":61}},"type":"cond-expr","locations":[{"start":{"line":107,"column":48},"end":{"line":107,"column":56}},{"start":{"line":107,"column":59},"end":{"line":107,"column":61}}],"line":107},"8":{"loc":{"start":{"line":113,"column":23},"end":{"line":113,"column":64}},"type":"cond-expr","locations":[{"start":{"line":113,"column":51},"end":{"line":113,"column":59}},{"start":{"line":113,"column":62},"end":{"line":113,"column":64}}],"line":113},"9":{"loc":{"start":{"line":119,"column":23},"end":{"line":119,"column":69}},"type":"cond-expr","locations":[{"start":{"line":119,"column":56},"end":{"line":119,"column":64}},{"start":{"line":119,"column":67},"end":{"line":119,"column":69}}],"line":119},"10":{"loc":{"start":{"line":125,"column":23},"end":{"line":125,"column":65}},"type":"cond-expr","locations":[{"start":{"line":125,"column":52},"end":{"line":125,"column":60}},{"start":{"line":125,"column":63},"end":{"line":125,"column":65}}],"line":125},"11":{"loc":{"start":{"line":133,"column":7},"end":{"line":216,"column":7}},"type":"cond-expr","locations":[{"start":{"line":134,"column":8},"end":{"line":136,"column":14}},{"start":{"line":138,"column":8},"end":{"line":215,"column":14}}],"line":133},"12":{"loc":{"start":{"line":135,"column":11},"end":{"line":135,"column":75}},"type":"cond-expr","locations":[{"start":{"line":135,"column":24},"end":{"line":135,"column":54}},{"start":{"line":135,"column":57},"end":{"line":135,"column":75}}],"line":135},"13":{"loc":{"start":{"line":141,"column":15},"end":{"line":145,"column":15}},"type":"binary-expr","locations":[{"start":{"line":141,"column":15},"end":{"line":141,"column":30}},{"start":{"line":142,"column":16},"end":{"line":144,"column":22}}],"line":141},"14":{"loc":{"start":{"line":143,"column":28},"end":{"line":143,"column":66}},"type":"binary-expr","locations":[{"start":{"line":143,"column":28},"end":{"line":143,"column":47}},{"start":{"line":143,"column":51},"end":{"line":143,"column":66}}],"line":143},"15":{"loc":{"start":{"line":150,"column":17},"end":{"line":152,"column":17}},"type":"binary-expr","locations":[{"start":{"line":150,"column":17},"end":{"line":150,"column":42}},{"start":{"line":151,"column":18},"end":{"line":151,"column":81}}],"line":150},"16":{"loc":{"start":{"line":155,"column":19},"end":{"line":157,"column":19}},"type":"binary-expr","locations":[{"start":{"line":155,"column":19},"end":{"line":155,"column":34}},{"start":{"line":156,"column":20},"end":{"line":156,"column":71}}],"line":155},"17":{"loc":{"start":{"line":158,"column":19},"end":{"line":160,"column":19}},"type":"binary-expr","locations":[{"start":{"line":158,"column":19},"end":{"line":158,"column":38}},{"start":{"line":159,"column":20},"end":{"line":159,"column":78}}],"line":158},"18":{"loc":{"start":{"line":167,"column":17},"end":{"line":169,"column":17}},"type":"binary-expr","locations":[{"start":{"line":167,"column":17},"end":{"line":167,"column":36}},{"start":{"line":168,"column":18},"end":{"line":168,"column":79}}],"line":167},"19":{"loc":{"start":{"line":172,"column":19},"end":{"line":177,"column":19}},"type":"binary-expr","locations":[{"start":{"line":172,"column":19},"end":{"line":172,"column":45}},{"start":{"line":173,"column":20},"end":{"line":176,"column":26}}],"line":172},"20":{"loc":{"start":{"line":179,"column":19},"end":{"line":184,"column":19}},"type":"binary-expr","locations":[{"start":{"line":179,"column":19},"end":{"line":179,"column":44}},{"start":{"line":180,"column":20},"end":{"line":183,"column":26}}],"line":179},"21":{"loc":{"start":{"line":186,"column":19},"end":{"line":191,"column":19}},"type":"binary-expr","locations":[{"start":{"line":186,"column":19},"end":{"line":186,"column":38}},{"start":{"line":187,"column":20},"end":{"line":190,"column":26}}],"line":186},"22":{"loc":{"start":{"line":193,"column":19},"end":{"line":198,"column":19}},"type":"binary-expr","locations":[{"start":{"line":193,"column":19},"end":{"line":193,"column":50}},{"start":{"line":194,"column":20},"end":{"line":197,"column":26}}],"line":193},"23":{"loc":{"start":{"line":201,"column":17},"end":{"line":205,"column":17}},"type":"binary-expr","locations":[{"start":{"line":201,"column":17},"end":{"line":201,"column":39}},{"start":{"line":202,"column":18},"end":{"line":204,"column":24}}],"line":201},"24":{"loc":{"start":{"line":207,"column":17},"end":{"line":211,"column":17}},"type":"binary-expr","locations":[{"start":{"line":207,"column":17},"end":{"line":207,"column":36}},{"start":{"line":208,"column":18},"end":{"line":210,"column":24}}],"line":207}},"s":{"0":0,"1":0,"2":0,"3":0,"4":0,"5":0,"6":0,"7":0,"8":0,"9":0,"10":0,"11":0,"12":0,"13":0,"14":0,"15":0,"16":0,"17":0,"18":0,"19":0,"20":0,"21":0,"22":0,"23":0,"24":0,"25":0,"26":0,"27":0,"28":0,"29":0,"30":0,"31":0,"32":0,"33":0,"34":0,"35":0,"36":0,"37":0,"38":0,"39":0,"40":0,"41":0,"42":0,"43":0,"44":0,"45":0,"46":0,"47":0,"48":0,"49":0},"f":{"0":0,"1":0,"2":0,"3":0,"4":0,"5":0,"6":0,"7":0,"8":0,"9":0,"10":0,"11":0,"12":0,"13":0,"14":0},"b":{"0":[0,0,0,0,0,0,0],"1":[0,0],"2":[0,0],"3":[0,0,0,0,0,0],"4":[0,0,0,0,0,0],"5":[0,0],"6":[0,0],"7":[0,0],"8":[0,0],"9":[0,0],"10":[0,0],"11":[0,0],"12":[0,0],"13":[0,0],"14":[0,0],"15":[0,0],"16":[0,0],"17":[0,0],"18":[0,0],"19":[0,0],"20":[0,0],"21":[0,0],"22":[0,0],"23":[0,0],"24":[0,0]}}
,"/workspaces/dms-inventory-management-system/frontend/src/components/AuthSection.tsx": {"path":"/workspaces/dms-inventory-management-system/frontend/src/components/AuthSection.tsx","statementMap":{"0":{"start":{"line":13,"column":48},"end":{"line":234,"column":1}},"1":{"start":{"line":14,"column":38},"end":{"line":14,"column":62}},"2":{"start":{"line":15,"column":34},"end":{"line":15,"column":54}},"3":{"start":{"line":16,"column":44},"end":{"line":16,"column":68}},"4":{"start":{"line":17,"column":50},"end":{"line":17,"column":74}},"5":{"start":{"line":20,"column":44},"end":{"line":20,"column":64}},"6":{"start":{"line":21,"column":44},"end":{"line":21,"column":64}},"7":{"start":{"line":22,"column":50},"end":{"line":22,"column":70}},"8":{"start":{"line":23,"column":44},"end":{"line":23,"column":64}},"9":{"start":{"line":24,"column":32},"end":{"line":24,"column":56}},"10":{"start":{"line":25,"column":28},"end":{"line":25,"column":48}},"11":{"start":{"line":27,"column":2},"end":{"line":36,"column":21}},"12":{"start":{"line":29,"column":18},"end":{"line":29,"column":47}},"13":{"start":{"line":30,"column":26},"end":{"line":30,"column":58}},"14":{"start":{"line":31,"column":4},"end":{"line":35,"column":5}},"15":{"start":{"line":32,"column":6},"end":{"line":32,"column":26}},"16":{"start":{"line":33,"column":6},"end":{"line":33,"column":33}},"17":{"start":{"line":34,"column":6},"end":{"line":34,"column":40}},"18":{"start":{"line":38,"column":22},"end":{"line":62,"column":3}},"19":{"start":{"line":39,"column":4},"end":{"line":39,"column":23}},"20":{"start":{"line":40,"column":4},"end":{"line":40,"column":21}},"21":{"start":{"line":41,"column":4},"end":{"line":41,"column":17}},"22":{"start":{"line":43,"column":4},"end":{"line":61,"column":5}},"23":{"start":{"line":44,"column":23},"end":{"line":44,"column":72}},"24":{"start":{"line":46,"column":6},"end":{"line":46,"column":58}},"25":{"start":{"line":47,"column":6},"end":{"line":47,"column":67}},"26":{"start":{"line":48,"column":6},"end":{"line":48,"column":54}},"27":{"start":{"line":49,"column":6},"end":{"line":49,"column":80}},"28":{"start":{"line":51,"column":6},"end":{"line":51,"column":26}},"29":{"start":{"line":52,"column":6},"end":{"line":52,"column":33}},"30":{"start":{"line":53,"column":6},"end":{"line":53,"column":30}},"31":{"start":{"line":54,"column":6},"end":{"line":54,"column":27}},"32":{"start":{"line":55,"column":6},"end":{"line":55,"column":27}},"33":{"start":{"line":56,"column":6},"end":{"line":56,"column":40}},"34":{"start":{"line":58,"column":6},"end":{"line":58,"column":93}},"35":{"start":{"line":60,"column":6},"end":{"line":60,"column":24}},"36":{"start":{"line":64,"column":25},"end":{"line":98,"column":3}},"37":{"start":{"line":65,"column":4},"end":{"line":65,"column":23}},"38":{"start":{"line":66,"column":4},"end":{"line":66,"column":21}},"39":{"start":{"line":67,"column":4},"end":{"line":67,"column":17}},"40":{"start":{"line":69,"column":4},"end":{"line":97,"column":5}},"41":{"start":{"line":71,"column":23},"end":{"line":71,"column":38}},"42":{"start":{"line":73,"column":6},"end":{"line":78,"column":9}},"43":{"start":{"line":81,"column":28},"end":{"line":81,"column":75}},"44":{"start":{"line":83,"column":6},"end":{"line":83,"column":63}},"45":{"start":{"line":84,"column":6},"end":{"line":84,"column":72}},"46":{"start":{"line":85,"column":6},"end":{"line":85,"column":57}},"47":{"start":{"line":87,"column":6},"end":{"line":87,"column":26}},"48":{"start":{"line":88,"column":6},"end":{"line":88,"column":36}},"49":{"start":{"line":89,"column":6},"end":{"line":89,"column":33}},"50":{"start":{"line":90,"column":6},"end":{"line":90,"column":30}},"51":{"start":{"line":91,"column":6},"end":{"line":91,"column":27}},"52":{"start":{"line":92,"column":6},"end":{"line":92,"column":43}},"53":{"start":{"line":94,"column":6},"end":{"line":94,"column":97}},"54":{"start":{"line":96,"column":6},"end":{"line":96,"column":24}},"55":{"start":{"line":100,"column":23},"end":{"line":107,"column":3}},"56":{"start":{"line":101,"column":4},"end":{"line":101,"column":37}},"57":{"start":{"line":102,"column":4},"end":{"line":102,"column":45}},"58":{"start":{"line":103,"column":4},"end":{"line":103,"column":40}},"59":{"start":{"line":104,"column":4},"end":{"line":104,"column":25}},"60":{"start":{"line":105,"column":4},"end":{"line":105,"column":20}},"61":{"start":{"line":106,"column":4},"end":{"line":106,"column":24}},"62":{"start":{"line":109,"column":21},"end":{"line":117,"column":3}},"63":{"start":{"line":110,"column":4},"end":{"line":110,"column":28}},"64":{"start":{"line":111,"column":4},"end":{"line":111,"column":31}},"65":{"start":{"line":112,"column":4},"end":{"line":112,"column":17}},"66":{"start":{"line":113,"column":4},"end":{"line":113,"column":25}},"67":{"start":{"line":114,"column":4},"end":{"line":114,"column":25}},"68":{"start":{"line":115,"column":4},"end":{"line":115,"column":28}},"69":{"start":{"line":116,"column":4},"end":{"line":116,"column":25}},"70":{"start":{"line":119,"column":2},"end":{"line":134,"column":3}},"71":{"start":{"line":120,"column":4},"end":{"line":133,"column":6}},"72":{"start":{"line":136,"column":2},"end":{"line":233,"column":4}},"73":{"start":{"line":146,"column":27},"end":{"line":146,"column":49}},"74":{"start":{"line":152,"column":27},"end":{"line":152,"column":52}},"75":{"start":{"line":174,"column":31},"end":{"line":174,"column":63}},"76":{"start":{"line":183,"column":31},"end":{"line":183,"column":63}},"77":{"start":{"line":210,"column":31},"end":{"line":210,"column":66}},"78":{"start":{"line":219,"column":31},"end":{"line":219,"column":63}}},"fnMap":{"0":{"name":"(anonymous_0)","decl":{"start":{"line":13,"column":48},"end":{"line":13,"column":49}},"loc":{"start":{"line":13,"column":70},"end":{"line":234,"column":1}},"line":13},"1":{"name":"(anonymous_1)","decl":{"start":{"line":27,"column":12},"end":{"line":27,"column":13}},"loc":{"start":{"line":27,"column":18},"end":{"line":36,"column":3}},"line":27},"2":{"name":"(anonymous_2)","decl":{"start":{"line":38,"column":22},"end":{"line":38,"column":23}},"loc":{"start":{"line":38,"column":52},"end":{"line":62,"column":3}},"line":38},"3":{"name":"(anonymous_3)","decl":{"start":{"line":64,"column":25},"end":{"line":64,"column":26}},"loc":{"start":{"line":64,"column":55},"end":{"line":98,"column":3}},"line":64},"4":{"name":"(anonymous_4)","decl":{"start":{"line":100,"column":23},"end":{"line":100,"column":24}},"loc":{"start":{"line":100,"column":29},"end":{"line":107,"column":3}},"line":100},"5":{"name":"(anonymous_5)","decl":{"start":{"line":109,"column":21},"end":{"line":109,"column":22}},"loc":{"start":{"line":109,"column":27},"end":{"line":117,"column":3}},"line":109},"6":{"name":"(anonymous_6)","decl":{"start":{"line":146,"column":21},"end":{"line":146,"column":22}},"loc":{"start":{"line":146,"column":27},"end":{"line":146,"column":49}},"line":146},"7":{"name":"(anonymous_7)","decl":{"start":{"line":152,"column":21},"end":{"line":152,"column":22}},"loc":{"start":{"line":152,"column":27},"end":{"line":152,"column":52}},"line":152},"8":{"name":"(anonymous_8)","decl":{"start":{"line":174,"column":24},"end":{"line":174,"column":25}},"loc":{"start":{"line":174,"column":31},"end":{"line":174,"column":63}},"line":174},"9":{"name":"(anonymous_9)","decl":{"start":{"line":183,"column":24},"end":{"line":183,"column":25}},"loc":{"start":{"line":183,"column":31},"end":{"line":183,"column":63}},"line":183},"10":{"name":"(anonymous_10)","decl":{"start":{"line":210,"column":24},"end":{"line":210,"column":25}},"loc":{"start":{"line":210,"column":31},"end":{"line":210,"column":66}},"line":210},"11":{"name":"(anonymous_11)","decl":{"start":{"line":219,"column":24},"end":{"line":219,"column":25}},"loc":{"start":{"line":219,"column":31},"end":{"line":219,"column":63}},"line":219}},"branchMap":{"0":{"loc":{"start":{"line":31,"column":4},"end":{"line":35,"column":5}},"type":"if","locations":[{"start":{"line":31,"column":4},"end":{"line":35,"column":5}},{"start":{},"end":{}}],"line":31},"1":{"loc":{"start":{"line":31,"column":8},"end":{"line":31,"column":30}},"type":"binary-expr","locations":[{"start":{"line":31,"column":8},"end":{"line":31,"column":13}},{"start":{"line":31,"column":17},"end":{"line":31,"column":30}}],"line":31},"2":{"loc":{"start":{"line":49,"column":46},"end":{"line":49,"column":77}},"type":"binary-expr","locations":[{"start":{"line":49,"column":46},"end":{"line":49,"column":68}},{"start":{"line":49,"column":72},"end":{"line":49,"column":77}}],"line":49},"3":{"loc":{"start":{"line":58,"column":15},"end":{"line":58,"column":91}},"type":"binary-expr","locations":[{"start":{"line":58,"column":15},"end":{"line":58,"column":41}},{"start":{"line":58,"column":45},"end":{"line":58,"column":91}}],"line":58},"4":{"loc":{"start":{"line":94,"column":15},"end":{"line":94,"column":95}},"type":"binary-expr","locations":[{"start":{"line":94,"column":15},"end":{"line":94,"column":41}},{"start":{"line":94,"column":45},"end":{"line":94,"column":95}}],"line":94},"5":{"loc":{"start":{"line":119,"column":2},"end":{"line":134,"column":3}},"type":"if","locations":[{"start":{"line":119,"column":2},"end":{"line":134,"column":3}},{"start":{},"end":{}}],"line":119},"6":{"loc":{"start":{"line":143,"column":7},"end":{"line":158,"column":7}},"type":"binary-expr","locations":[{"start":{"line":143,"column":7},"end":{"line":143,"column":21}},{"start":{"line":143,"column":25},"end":{"line":143,"column":42}},{"start":{"line":144,"column":8},"end":{"line":157,"column":14}}],"line":143},"7":{"loc":{"start":{"line":160,"column":7},"end":{"line":164,"column":7}},"type":"binary-expr","locations":[{"start":{"line":160,"column":7},"end":{"line":160,"column":12}},{"start":{"line":161,"column":8},"end":{"line":163,"column":14}}],"line":160},"8":{"loc":{"start":{"line":166,"column":7},"end":{"line":196,"column":7}},"type":"binary-expr","locations":[{"start":{"line":166,"column":7},"end":{"line":166,"column":20}},{"start":{"line":167,"column":8},"end":{"line":195,"column":15}}],"line":166},"9":{"loc":{"start":{"line":189,"column":15},"end":{"line":189,"column":50}},"type":"cond-expr","locations":[{"start":{"line":189,"column":25},"end":{"line":189,"column":40}},{"start":{"line":189,"column":43},"end":{"line":189,"column":50}}],"line":189},"10":{"loc":{"start":{"line":198,"column":7},"end":{"line":231,"column":7}},"type":"binary-expr","locations":[{"start":{"line":198,"column":7},"end":{"line":198,"column":23}},{"start":{"line":199,"column":8},"end":{"line":230,"column":15}}],"line":198},"11":{"loc":{"start":{"line":224,"column":15},"end":{"line":224,"column":65}},"type":"cond-expr","locations":[{"start":{"line":224,"column":25},"end":{"line":224,"column":46}},{"start":{"line":224,"column":49},"end":{"line":224,"column":65}}],"line":224}},"s":{"0":0,"1":0,"2":0,"3":0,"4":0,"5":0,"6":0,"7":0,"8":0,"9":0,"10":0,"11":0,"12":0,"13":0,"14":0,"15":0,"16":0,"17":0,"18":0,"19":0,"20":0,"21":0,"22":0,"23":0,"24":0,"25":0,"26":0,"27":0,"28":0,"29":0,"30":0,"31":0,"32":0,"33":0,"34":0,"35":0,"36":0,"37":0,"38":0,"39":0,"40":0,"41":0,"42":0,"43":0,"44":0,"45":0,"46":0,"47":0,"48":0,"49":0,"50":0,"51":0,"52":0,"53":0,"54":0,"55":0,"56":0,"57":0,"58":0,"59":0,"60":0,"61":0,"62":0,"63":0,"64":0,"65":0,"66":0,"67":0,"68":0,"69":0,"70":0,"71":0,"72":0,"73":0,"74":0,"75":0,"76":0,"77":0,"78":0},"f":{"0":0,"1":0,"2":0,"3":0,"4":0,"5":0,"6":0,"7":0,"8":0,"9":0,"10":0,"11":0},"b":{"0":[0,0],"1":[0,0],"2":[0,0],"3":[0,0],"4":[0,0],"5":[0,0],"6":[0,0,0],"7":[0,0],"8":[0,0],"9":[0,0],"10":[0,0],"11":[0,0]}}
,"/workspaces/dms-inventory-management-system/frontend/src/components/InventoryList.tsx": {"path":"/workspaces/dms-inventory-management-system/frontend/src/components/InventoryList.tsx","statementMap":{"0":{"start":{"line":10,"column":32},"end":{"line":189,"column":1}},"1":{"start":{"line":11,"column":28},"end":{"line":11,"column":57}},"2":{"start":{"line":12,"column":32},"end":{"line":12,"column":46}},"3":{"start":{"line":13,"column":38},"end":{"line":13,"column":50}},"4":{"start":{"line":14,"column":30},"end":{"line":14,"column":66}},"5":{"start":{"line":16,"column":2},"end":{"line":19,"column":9}},"6":{"start":{"line":17,"column":4},"end":{"line":17,"column":70}},"7":{"start":{"line":18,"column":4},"end":{"line":18,"column":16}},"8":{"start":{"line":21,"column":20},"end":{"line":33,"column":3}},"9":{"start":{"line":22,"column":4},"end":{"line":32,"column":5}},"10":{"start":{"line":23,"column":6},"end":{"line":23,"column":73}},"11":{"start":{"line":24,"column":6},"end":{"line":24,"column":23}},"12":{"start":{"line":25,"column":23},"end":{"line":25,"column":53}},"13":{"start":{"line":26,"column":6},"end":{"line":26,"column":74}},"14":{"start":{"line":27,"column":6},"end":{"line":27,"column":38}},"15":{"start":{"line":29,"column":6},"end":{"line":29,"column":68}},"16":{"start":{"line":31,"column":6},"end":{"line":31,"column":24}},"17":{"start":{"line":35,"column":24},"end":{"line":47,"column":4}},"18":{"start":{"line":38,"column":6},"end":{"line":40,"column":93}},"19":{"start":{"line":44,"column":6},"end":{"line":44,"column":72}},"20":{"start":{"line":46,"column":4},"end":{"line":46,"column":42}},"21":{"start":{"line":49,"column":24},"end":{"line":49,"column":73}},"22":{"start":{"line":49,"column":47},"end":{"line":49,"column":65}},"23":{"start":{"line":51,"column":2},"end":{"line":53,"column":3}},"24":{"start":{"line":52,"column":4},"end":{"line":52,"column":63}},"25":{"start":{"line":55,"column":2},"end":{"line":188,"column":4}},"26":{"start":{"line":73,"column":27},"end":{"line":73,"column":56}},"27":{"start":{"line":80,"column":27},"end":{"line":80,"column":43}},"28":{"start":{"line":86,"column":27},"end":{"line":86,"column":49}},"29":{"start":{"line":100,"column":12},"end":{"line":183,"column":18}}},"fnMap":{"0":{"name":"(anonymous_0)","decl":{"start":{"line":10,"column":32},"end":{"line":10,"column":33}},"loc":{"start":{"line":10,"column":38},"end":{"line":189,"column":1}},"line":10},"1":{"name":"(anonymous_1)","decl":{"start":{"line":16,"column":12},"end":{"line":16,"column":13}},"loc":{"start":{"line":16,"column":18},"end":{"line":19,"column":3}},"line":16},"2":{"name":"(anonymous_2)","decl":{"start":{"line":21,"column":20},"end":{"line":21,"column":21}},"loc":{"start":{"line":21,"column":32},"end":{"line":33,"column":3}},"line":21},"3":{"name":"(anonymous_3)","decl":{"start":{"line":35,"column":37},"end":{"line":35,"column":38}},"loc":{"start":{"line":35,"column":47},"end":{"line":47,"column":3}},"line":35},"4":{"name":"(anonymous_4)","decl":{"start":{"line":49,"column":37},"end":{"line":49,"column":38}},"loc":{"start":{"line":49,"column":47},"end":{"line":49,"column":65}},"line":49},"5":{"name":"(anonymous_5)","decl":{"start":{"line":73,"column":20},"end":{"line":73,"column":21}},"loc":{"start":{"line":73,"column":27},"end":{"line":73,"column":56}},"line":73},"6":{"name":"(anonymous_6)","decl":{"start":{"line":80,"column":21},"end":{"line":80,"column":22}},"loc":{"start":{"line":80,"column":27},"end":{"line":80,"column":43}},"line":80},"7":{"name":"(anonymous_7)","decl":{"start":{"line":86,"column":21},"end":{"line":86,"column":22}},"loc":{"start":{"line":86,"column":27},"end":{"line":86,"column":49}},"line":86},"8":{"name":"(anonymous_8)","decl":{"start":{"line":99,"column":29},"end":{"line":99,"column":30}},"loc":{"start":{"line":100,"column":12},"end":{"line":183,"column":18}},"line":100}},"branchMap":{"0":{"loc":{"start":{"line":38,"column":6},"end":{"line":40,"column":93}},"type":"binary-expr","locations":[{"start":{"line":38,"column":6},"end":{"line":38,"column":64}},{"start":{"line":39,"column":6},"end":{"line":39,"column":63}},{"start":{"line":40,"column":7},"end":{"line":40,"column":23}},{"start":{"line":40,"column":27},"end":{"line":40,"column":92}}],"line":38},"1":{"loc":{"start":{"line":44,"column":6},"end":{"line":44,"column":72}},"type":"binary-expr","locations":[{"start":{"line":44,"column":6},"end":{"line":44,"column":22}},{"start":{"line":44,"column":27},"end":{"line":44,"column":49}},{"start":{"line":44,"column":53},"end":{"line":44,"column":71}}],"line":44},"2":{"loc":{"start":{"line":46,"column":11},"end":{"line":46,"column":41}},"type":"binary-expr","locations":[{"start":{"line":46,"column":11},"end":{"line":46,"column":24}},{"start":{"line":46,"column":28},"end":{"line":46,"column":41}}],"line":46},"3":{"loc":{"start":{"line":51,"column":2},"end":{"line":53,"column":3}},"type":"if","locations":[{"start":{"line":51,"column":2},"end":{"line":53,"column":3}},{"start":{},"end":{}}],"line":51},"4":{"loc":{"start":{"line":60,"column":11},"end":{"line":64,"column":11}},"type":"binary-expr","locations":[{"start":{"line":60,"column":11},"end":{"line":60,"column":28}},{"start":{"line":61,"column":12},"end":{"line":63,"column":19}}],"line":60},"5":{"loc":{"start":{"line":79,"column":23},"end":{"line":79,"column":55}},"type":"cond-expr","locations":[{"start":{"line":79,"column":42},"end":{"line":79,"column":50}},{"start":{"line":79,"column":53},"end":{"line":79,"column":55}}],"line":79},"6":{"loc":{"start":{"line":85,"column":23},"end":{"line":85,"column":61}},"type":"cond-expr","locations":[{"start":{"line":85,"column":48},"end":{"line":85,"column":56}},{"start":{"line":85,"column":59},"end":{"line":85,"column":61}}],"line":85},"7":{"loc":{"start":{"line":93,"column":7},"end":{"line":186,"column":7}},"type":"cond-expr","locations":[{"start":{"line":94,"column":8},"end":{"line":96,"column":14}},{"start":{"line":98,"column":8},"end":{"line":185,"column":14}}],"line":93},"8":{"loc":{"start":{"line":95,"column":11},"end":{"line":95,"column":83}},"type":"cond-expr","locations":[{"start":{"line":95,"column":24},"end":{"line":95,"column":53}},{"start":{"line":95,"column":56},"end":{"line":95,"column":83}}],"line":95},"9":{"loc":{"start":{"line":100,"column":60},"end":{"line":100,"column":97}},"type":"cond-expr","locations":[{"start":{"line":100,"column":81},"end":{"line":100,"column":92}},{"start":{"line":100,"column":95},"end":{"line":100,"column":97}}],"line":100},"10":{"loc":{"start":{"line":101,"column":15},"end":{"line":105,"column":15}},"type":"binary-expr","locations":[{"start":{"line":101,"column":15},"end":{"line":101,"column":29}},{"start":{"line":102,"column":16},"end":{"line":104,"column":22}}],"line":101},"11":{"loc":{"start":{"line":111,"column":17},"end":{"line":113,"column":17}},"type":"binary-expr","locations":[{"start":{"line":111,"column":17},"end":{"line":111,"column":35}},{"start":{"line":112,"column":18},"end":{"line":112,"column":77}}],"line":111},"12":{"loc":{"start":{"line":116,"column":19},"end":{"line":152,"column":19}},"type":"cond-expr","locations":[{"start":{"line":118,"column":20},"end":{"line":135,"column":23}},{"start":{"line":138,"column":20},"end":{"line":151,"column":23}}],"line":116},"13":{"loc":{"start":{"line":122,"column":52},"end":{"line":122,"column":87}},"type":"cond-expr","locations":[{"start":{"line":122,"column":73},"end":{"line":122,"column":78}},{"start":{"line":122,"column":81},"end":{"line":122,"column":87}}],"line":122},"14":{"loc":{"start":{"line":142,"column":52},"end":{"line":142,"column":87}},"type":"cond-expr","locations":[{"start":{"line":142,"column":73},"end":{"line":142,"column":78}},{"start":{"line":142,"column":81},"end":{"line":142,"column":87}}],"line":142},"15":{"loc":{"start":{"line":155,"column":17},"end":{"line":163,"column":17}},"type":"binary-expr","locations":[{"start":{"line":155,"column":17},"end":{"line":155,"column":35}},{"start":{"line":156,"column":18},"end":{"line":162,"column":24}}],"line":155},"16":{"loc":{"start":{"line":158,"column":21},"end":{"line":160,"column":56}},"type":"cond-expr","locations":[{"start":{"line":159,"column":24},"end":{"line":159,"column":53}},{"start":{"line":160,"column":24},"end":{"line":160,"column":56}}],"line":158},"17":{"loc":{"start":{"line":165,"column":17},"end":{"line":169,"column":17}},"type":"binary-expr","locations":[{"start":{"line":165,"column":17},"end":{"line":165,"column":41}},{"start":{"line":166,"column":18},"end":{"line":168,"column":24}}],"line":165},"18":{"loc":{"start":{"line":171,"column":17},"end":{"line":175,"column":17}},"type":"binary-expr","locations":[{"start":{"line":171,"column":17},"end":{"line":171,"column":30}},{"start":{"line":172,"column":18},"end":{"line":174,"column":24}}],"line":171},"19":{"loc":{"start":{"line":177,"column":17},"end":{"line":181,"column":17}},"type":"binary-expr","locations":[{"start":{"line":177,"column":17},"end":{"line":177,"column":31}},{"start":{"line":178,"column":18},"end":{"line":180,"column":24}}],"line":177}},"s":{"0":0,"1":0,"2":0,"3":0,"4":0,"5":0,"6":0,"7":0,"8":0,"9":0,"10":0,"11":0,"12":0,"13":0,"14":0,"15":0,"16":0,"17":0,"18":0,"19":0,"20":0,"21":0,"22":0,"23":0,"24":0,"25":0,"26":0,"27":0,"28":0,"29":0},"f":{"0":0,"1":0,"2":0,"3":0,"4":0,"5":0,"6":0,"7":0,"8":0},"b":{"0":[0,0,0,0],"1":[0,0,0],"2":[0,0],"3":[0,0],"4":[0,0],"5":[0,0],"6":[0,0],"7":[0,0],"8":[0,0],"9":[0,0],"10":[0,0],"11":[0,0],"12":[0,0],"13":[0,0],"14":[0,0],"15":[0,0],"16":[0,0],"17":[0,0],"18":[0,0],"19":[0,0]}}
,"/workspaces/dms-inventory-management-system/frontend/src/hooks/useSiteSettings.ts": {"path":"/workspaces/dms-inventory-management-system/frontend/src/hooks/useSiteSettings.ts","statementMap":{"0":{"start":{"line":14,"column":38},"end":{"line":29,"column":1}},"1":{"start":{"line":31,"column":31},"end":{"line":57,"column":1}},"2":{"start":{"line":32,"column":34},"end":{"line":32,"column":69}},"3":{"start":{"line":33,"column":32},"end":{"line":33,"column":46}},"4":{"start":{"line":34,"column":28},"end":{"line":34,"column":57}},"5":{"start":{"line":36,"column":2},"end":{"line":54,"column":9}},"6":{"start":{"line":37,"column":26},"end":{"line":51,"column":5}},"7":{"start":{"line":38,"column":6},"end":{"line":50,"column":7}},"8":{"start":{"line":39,"column":8},"end":{"line":39,"column":25}},"9":{"start":{"line":40,"column":8},"end":{"line":40,"column":23}},"10":{"start":{"line":41,"column":25},"end":{"line":41,"column":65}},"11":{"start":{"line":42,"column":8},"end":{"line":42,"column":35}},"12":{"start":{"line":44,"column":8},"end":{"line":44,"column":76}},"13":{"start":{"line":46,"column":8},"end":{"line":46,"column":37}},"14":{"start":{"line":47,"column":8},"end":{"line":47,"column":65}},"15":{"start":{"line":49,"column":8},"end":{"line":49,"column":26}},"16":{"start":{"line":53,"column":4},"end":{"line":53,"column":20}},"17":{"start":{"line":56,"column":2},"end":{"line":56,"column":38}}},"fnMap":{"0":{"name":"(anonymous_0)","decl":{"start":{"line":31,"column":31},"end":{"line":31,"column":32}},"loc":{"start":{"line":31,"column":60},"end":{"line":57,"column":1}},"line":31},"1":{"name":"(anonymous_1)","decl":{"start":{"line":36,"column":12},"end":{"line":36,"column":13}},"loc":{"start":{"line":36,"column":18},"end":{"line":54,"column":3}},"line":36},"2":{"name":"(anonymous_2)","decl":{"start":{"line":37,"column":26},"end":{"line":37,"column":27}},"loc":{"start":{"line":37,"column":38},"end":{"line":51,"column":5}},"line":37}},"branchMap":{"0":{"loc":{"start":{"line":47,"column":17},"end":{"line":47,"column":63}},"type":"binary-expr","locations":[{"start":{"line":47,"column":17},"end":{"line":47,"column":29}},{"start":{"line":47,"column":33},"end":{"line":47,"column":63}}],"line":47}},"s":{"0":1,"1":1,"2":0,"3":0,"4":0,"5":0,"6":0,"7":0,"8":0,"9":0,"10":0,"11":0,"12":0,"13":0,"14":0,"15":0,"16":0,"17":0},"f":{"0":0,"1":0,"2":0},"b":{"0":[0,0]},"_coverageSchema":"1a1c01bbd47fc00a2c39e90264f33305004495a9","hash":"9cfc543143520e96591b66a5400d18a70df24f7f"}
,"/workspaces/dms-inventory-management-system/frontend/src/pages/AssetScanPage.tsx": {"path":"/workspaces/dms-inventory-management-system/frontend/src/pages/AssetScanPage.tsx","statementMap":{"0":{"start":{"line":12,"column":32},"end":{"line":413,"column":1}},"1":{"start":{"line":13,"column":22},"end":{"line":13,"column":54}},"2":{"start":{"line":14,"column":19},"end":{"line":14,"column":32}},"3":{"start":{"line":17,"column":23},"end":{"line":17,"column":79}},"4":{"start":{"line":17,"column":47},"end":{"line":17,"column":78}},"5":{"start":{"line":20,"column":28},"end":{"line":20,"column":56}},"6":{"start":{"line":21,"column":32},"end":{"line":21,"column":46}},"7":{"start":{"line":22,"column":28},"end":{"line":22,"column":57}},"8":{"start":{"line":25,"column":54},"end":{"line":25,"column":66}},"9":{"start":{"line":26,"column":38},"end":{"line":26,"column":53}},"10":{"start":{"line":27,"column":44},"end":{"line":27,"column":73}},"11":{"start":{"line":29,"column":20},"end":{"line":42,"column":15}},"12":{"start":{"line":30,"column":4},"end":{"line":41,"column":5}},"13":{"start":{"line":31,"column":6},"end":{"line":31,"column":23}},"14":{"start":{"line":33,"column":28},"end":{"line":33,"column":63}},"15":{"start":{"line":34,"column":6},"end":{"line":34,"column":35}},"16":{"start":{"line":35,"column":6},"end":{"line":35,"column":21}},"17":{"start":{"line":37,"column":6},"end":{"line":37,"column":98}},"18":{"start":{"line":38,"column":6},"end":{"line":38,"column":49}},"19":{"start":{"line":40,"column":6},"end":{"line":40,"column":24}},"20":{"start":{"line":44,"column":2},"end":{"line":48,"column":27}},"21":{"start":{"line":45,"column":4},"end":{"line":47,"column":5}},"22":{"start":{"line":46,"column":6},"end":{"line":46,"column":18}},"23":{"start":{"line":50,"column":23},"end":{"line":65,"column":3}},"24":{"start":{"line":51,"column":4},"end":{"line":51,"column":38}},"25":{"start":{"line":51,"column":31},"end":{"line":51,"column":38}},"26":{"start":{"line":53,"column":4},"end":{"line":64,"column":5}},"27":{"start":{"line":54,"column":6},"end":{"line":54,"column":26}},"28":{"start":{"line":55,"column":6},"end":{"line":55,"column":44}},"29":{"start":{"line":56,"column":6},"end":{"line":56,"column":24}},"30":{"start":{"line":57,"column":6},"end":{"line":57,"column":53}},"31":{"start":{"line":58,"column":6},"end":{"line":58,"column":53}},"32":{"start":{"line":58,"column":23},"end":{"line":58,"column":45}},"33":{"start":{"line":60,"column":6},"end":{"line":60,"column":68}},"34":{"start":{"line":61,"column":6},"end":{"line":61,"column":50}},"35":{"start":{"line":63,"column":6},"end":{"line":63,"column":27}},"36":{"start":{"line":67,"column":24},"end":{"line":86,"column":3}},"37":{"start":{"line":68,"column":4},"end":{"line":68,"column":38}},"38":{"start":{"line":68,"column":31},"end":{"line":68,"column":38}},"39":{"start":{"line":70,"column":4},"end":{"line":72,"column":5}},"40":{"start":{"line":71,"column":6},"end":{"line":71,"column":13}},"41":{"start":{"line":74,"column":4},"end":{"line":85,"column":5}},"42":{"start":{"line":75,"column":6},"end":{"line":75,"column":26}},"43":{"start":{"line":76,"column":6},"end":{"line":76,"column":45}},"44":{"start":{"line":77,"column":6},"end":{"line":77,"column":24}},"45":{"start":{"line":78,"column":6},"end":{"line":78,"column":54}},"46":{"start":{"line":79,"column":6},"end":{"line":79,"column":53}},"47":{"start":{"line":79,"column":23},"end":{"line":79,"column":45}},"48":{"start":{"line":81,"column":6},"end":{"line":81,"column":69}},"49":{"start":{"line":82,"column":6},"end":{"line":82,"column":51}},"50":{"start":{"line":84,"column":6},"end":{"line":84,"column":27}},"51":{"start":{"line":88,"column":21},"end":{"line":107,"column":3}},"52":{"start":{"line":89,"column":4},"end":{"line":89,"column":38}},"53":{"start":{"line":89,"column":31},"end":{"line":89,"column":38}},"54":{"start":{"line":91,"column":4},"end":{"line":93,"column":5}},"55":{"start":{"line":92,"column":6},"end":{"line":92,"column":13}},"56":{"start":{"line":95,"column":4},"end":{"line":106,"column":5}},"57":{"start":{"line":96,"column":6},"end":{"line":96,"column":26}},"58":{"start":{"line":97,"column":6},"end":{"line":97,"column":42}},"59":{"start":{"line":98,"column":6},"end":{"line":98,"column":24}},"60":{"start":{"line":99,"column":6},"end":{"line":99,"column":52}},"61":{"start":{"line":100,"column":6},"end":{"line":100,"column":53}},"62":{"start":{"line":100,"column":23},"end":{"line":100,"column":45}},"63":{"start":{"line":102,"column":6},"end":{"line":102,"column":95}},"64":{"start":{"line":103,"column":6},"end":{"line":103,"column":49}},"65":{"start":{"line":105,"column":6},"end":{"line":105,"column":27}},"66":{"start":{"line":109,"column":23},"end":{"line":128,"column":3}},"67":{"start":{"line":110,"column":4},"end":{"line":110,"column":38}},"68":{"start":{"line":110,"column":31},"end":{"line":110,"column":38}},"69":{"start":{"line":112,"column":4},"end":{"line":114,"column":5}},"70":{"start":{"line":113,"column":6},"end":{"line":113,"column":13}},"71":{"start":{"line":116,"column":4},"end":{"line":127,"column":5}},"72":{"start":{"line":117,"column":6},"end":{"line":117,"column":26}},"73":{"start":{"line":118,"column":6},"end":{"line":118,"column":44}},"74":{"start":{"line":119,"column":6},"end":{"line":119,"column":24}},"75":{"start":{"line":120,"column":6},"end":{"line":120,"column":54}},"76":{"start":{"line":121,"column":6},"end":{"line":121,"column":53}},"77":{"start":{"line":121,"column":23},"end":{"line":121,"column":45}},"78":{"start":{"line":123,"column":6},"end":{"line":123,"column":97}},"79":{"start":{"line":124,"column":6},"end":{"line":124,"column":51}},"80":{"start":{"line":126,"column":6},"end":{"line":126,"column":27}},"81":{"start":{"line":130,"column":30},"end":{"line":150,"column":3}},"82":{"start":{"line":131,"column":4},"end":{"line":131,"column":23}},"83":{"start":{"line":133,"column":4},"end":{"line":136,"column":5}},"84":{"start":{"line":134,"column":6},"end":{"line":134,"column":59}},"85":{"start":{"line":135,"column":6},"end":{"line":135,"column":13}},"86":{"start":{"line":138,"column":4},"end":{"line":149,"column":5}},"87":{"start":{"line":139,"column":6},"end":{"line":139,"column":26}},"88":{"start":{"line":140,"column":6},"end":{"line":140,"column":66}},"89":{"start":{"line":141,"column":6},"end":{"line":141,"column":32}},"90":{"start":{"line":142,"column":6},"end":{"line":142,"column":56}},"91":{"start":{"line":143,"column":6},"end":{"line":143,"column":53}},"92":{"start":{"line":143,"column":23},"end":{"line":143,"column":45}},"93":{"start":{"line":145,"column":6},"end":{"line":145,"column":70}},"94":{"start":{"line":146,"column":6},"end":{"line":146,"column":53}},"95":{"start":{"line":148,"column":6},"end":{"line":148,"column":27}},"96":{"start":{"line":152,"column":2},"end":{"line":158,"column":3}},"97":{"start":{"line":153,"column":4},"end":{"line":157,"column":6}},"98":{"start":{"line":160,"column":2},"end":{"line":170,"column":3}},"99":{"start":{"line":161,"column":4},"end":{"line":169,"column":6}},"100":{"start":{"line":166,"column":33},"end":{"line":166,"column":46}},"101":{"start":{"line":172,"column":2},"end":{"line":181,"column":3}},"102":{"start":{"line":173,"column":4},"end":{"line":180,"column":6}},"103":{"start":{"line":177,"column":33},"end":{"line":177,"column":46}},"104":{"start":{"line":183,"column":2},"end":{"line":412,"column":4}},"105":{"start":{"line":391,"column":39},"end":{"line":391,"column":76}}},"fnMap":{"0":{"name":"(anonymous_0)","decl":{"start":{"line":12,"column":32},"end":{"line":12,"column":33}},"loc":{"start":{"line":12,"column":38},"end":{"line":413,"column":1}},"line":12},"1":{"name":"(anonymous_1)","decl":{"start":{"line":17,"column":41},"end":{"line":17,"column":42}},"loc":{"start":{"line":17,"column":47},"end":{"line":17,"column":78}},"line":17},"2":{"name":"(anonymous_2)","decl":{"start":{"line":29,"column":32},"end":{"line":29,"column":33}},"loc":{"start":{"line":29,"column":44},"end":{"line":42,"column":3}},"line":29},"3":{"name":"(anonymous_3)","decl":{"start":{"line":44,"column":12},"end":{"line":44,"column":13}},"loc":{"start":{"line":44,"column":18},"end":{"line":48,"column":3}},"line":44},"4":{"name":"(anonymous_4)","decl":{"start":{"line":50,"column":23},"end":{"line":50,"column":24}},"loc":{"start":{"line":50,"column":35},"end":{"line":65,"column":3}},"line":50},"5":{"name":"(anonymous_5)","decl":{"start":{"line":58,"column":17},"end":{"line":58,"column":18}},"loc":{"start":{"line":58,"column":23},"end":{"line":58,"column":45}},"line":58},"6":{"name":"(anonymous_6)","decl":{"start":{"line":67,"column":24},"end":{"line":67,"column":25}},"loc":{"start":{"line":67,"column":36},"end":{"line":86,"column":3}},"line":67},"7":{"name":"(anonymous_7)","decl":{"start":{"line":79,"column":17},"end":{"line":79,"column":18}},"loc":{"start":{"line":79,"column":23},"end":{"line":79,"column":45}},"line":79},"8":{"name":"(anonymous_8)","decl":{"start":{"line":88,"column":21},"end":{"line":88,"column":22}},"loc":{"start":{"line":88,"column":33},"end":{"line":107,"column":3}},"line":88},"9":{"name":"(anonymous_9)","decl":{"start":{"line":100,"column":17},"end":{"line":100,"column":18}},"loc":{"start":{"line":100,"column":23},"end":{"line":100,"column":45}},"line":100},"10":{"name":"(anonymous_10)","decl":{"start":{"line":109,"column":23},"end":{"line":109,"column":24}},"loc":{"start":{"line":109,"column":35},"end":{"line":128,"column":3}},"line":109},"11":{"name":"(anonymous_11)","decl":{"start":{"line":121,"column":17},"end":{"line":121,"column":18}},"loc":{"start":{"line":121,"column":23},"end":{"line":121,"column":45}},"line":121},"12":{"name":"(anonymous_12)","decl":{"start":{"line":130,"column":30},"end":{"line":130,"column":31}},"loc":{"start":{"line":130,"column":60},"end":{"line":150,"column":3}},"line":130},"13":{"name":"(anonymous_13)","decl":{"start":{"line":143,"column":17},"end":{"line":143,"column":18}},"loc":{"start":{"line":143,"column":23},"end":{"line":143,"column":45}},"line":143},"14":{"name":"(anonymous_14)","decl":{"start":{"line":166,"column":27},"end":{"line":166,"column":28}},"loc":{"start":{"line":166,"column":33},"end":{"line":166,"column":46}},"line":166},"15":{"name":"(anonymous_15)","decl":{"start":{"line":177,"column":27},"end":{"line":177,"column":28}},"loc":{"start":{"line":177,"column":33},"end":{"line":177,"column":46}},"line":177},"16":{"name":"(anonymous_16)","decl":{"start":{"line":391,"column":32},"end":{"line":391,"column":33}},"loc":{"start":{"line":391,"column":39},"end":{"line":391,"column":76}},"line":391}},"branchMap":{"0":{"loc":{"start":{"line":37,"column":15},"end":{"line":37,"column":96}},"type":"binary-expr","locations":[{"start":{"line":37,"column":15},"end":{"line":37,"column":41}},{"start":{"line":37,"column":45},"end":{"line":37,"column":70}},{"start":{"line":37,"column":74},"end":{"line":37,"column":96}}],"line":37},"1":{"loc":{"start":{"line":45,"column":4},"end":{"line":47,"column":5}},"type":"if","locations":[{"start":{"line":45,"column":4},"end":{"line":47,"column":5}},{"start":{},"end":{}}],"line":45},"2":{"loc":{"start":{"line":51,"column":4},"end":{"line":51,"column":38}},"type":"if","locations":[{"start":{"line":51,"column":4},"end":{"line":51,"column":38}},{"start":{},"end":{}}],"line":51},"3":{"loc":{"start":{"line":51,"column":8},"end":{"line":51,"column":29}},"type":"binary-expr","locations":[{"start":{"line":51,"column":8},"end":{"line":51,"column":14}},{"start":{"line":51,"column":18},"end":{"line":51,"column":29}}],"line":51},"4":{"loc":{"start":{"line":60,"column":12},"end":{"line":60,"column":66}},"type":"binary-expr","locations":[{"start":{"line":60,"column":12},"end":{"line":60,"column":38}},{"start":{"line":60,"column":42},"end":{"line":60,"column":66}}],"line":60},"5":{"loc":{"start":{"line":68,"column":4},"end":{"line":68,"column":38}},"type":"if","locations":[{"start":{"line":68,"column":4},"end":{"line":68,"column":38}},{"start":{},"end":{}}],"line":68},"6":{"loc":{"start":{"line":68,"column":8},"end":{"line":68,"column":29}},"type":"binary-expr","locations":[{"start":{"line":68,"column":8},"end":{"line":68,"column":14}},{"start":{"line":68,"column":18},"end":{"line":68,"column":29}}],"line":68},"7":{"loc":{"start":{"line":70,"column":4},"end":{"line":72,"column":5}},"type":"if","locations":[{"start":{"line":70,"column":4},"end":{"line":72,"column":5}},{"start":{},"end":{}}],"line":70},"8":{"loc":{"start":{"line":81,"column":12},"end":{"line":81,"column":67}},"type":"binary-expr","locations":[{"start":{"line":81,"column":12},"end":{"line":81,"column":38}},{"start":{"line":81,"column":42},"end":{"line":81,"column":67}}],"line":81},"9":{"loc":{"start":{"line":89,"column":4},"end":{"line":89,"column":38}},"type":"if","locations":[{"start":{"line":89,"column":4},"end":{"line":89,"column":38}},{"start":{},"end":{}}],"line":89},"10":{"loc":{"start":{"line":89,"column":8},"end":{"line":89,"column":29}},"type":"binary-expr","locations":[{"start":{"line":89,"column":8},"end":{"line":89,"column":14}},{"start":{"line":89,"column":18},"end":{"line":89,"column":29}}],"line":89},"11":{"loc":{"start":{"line":91,"column":4},"end":{"line":93,"column":5}},"type":"if","locations":[{"start":{"line":91,"column":4},"end":{"line":93,"column":5}},{"start":{},"end":{}}],"line":91},"12":{"loc":{"start":{"line":102,"column":12},"end":{"line":102,"column":93}},"type":"binary-expr","locations":[{"start":{"line":102,"column":12},"end":{"line":102,"column":37}},{"start":{"line":102,"column":41},"end":{"line":102,"column":67}},{"start":{"line":102,"column":71},"end":{"line":102,"column":93}}],"line":102},"13":{"loc":{"start":{"line":110,"column":4},"end":{"line":110,"column":38}},"type":"if","locations":[{"start":{"line":110,"column":4},"end":{"line":110,"column":38}},{"start":{},"end":{}}],"line":110},"14":{"loc":{"start":{"line":110,"column":8},"end":{"line":110,"column":29}},"type":"binary-expr","locations":[{"start":{"line":110,"column":8},"end":{"line":110,"column":14}},{"start":{"line":110,"column":18},"end":{"line":110,"column":29}}],"line":110},"15":{"loc":{"start":{"line":112,"column":4},"end":{"line":114,"column":5}},"type":"if","locations":[{"start":{"line":112,"column":4},"end":{"line":114,"column":5}},{"start":{},"end":{}}],"line":112},"16":{"loc":{"start":{"line":123,"column":12},"end":{"line":123,"column":95}},"type":"binary-expr","locations":[{"start":{"line":123,"column":12},"end":{"line":123,"column":37}},{"start":{"line":123,"column":41},"end":{"line":123,"column":67}},{"start":{"line":123,"column":71},"end":{"line":123,"column":95}}],"line":123},"17":{"loc":{"start":{"line":133,"column":4},"end":{"line":136,"column":5}},"type":"if","locations":[{"start":{"line":133,"column":4},"end":{"line":136,"column":5}},{"start":{},"end":{}}],"line":133},"18":{"loc":{"start":{"line":133,"column":8},"end":{"line":133,"column":59}},"type":"binary-expr","locations":[{"start":{"line":133,"column":8},"end":{"line":133,"column":14}},{"start":{"line":133,"column":18},"end":{"line":133,"column":29}},{"start":{"line":133,"column":33},"end":{"line":133,"column":59}}],"line":133},"19":{"loc":{"start":{"line":145,"column":12},"end":{"line":145,"column":68}},"type":"binary-expr","locations":[{"start":{"line":145,"column":12},"end":{"line":145,"column":38}},{"start":{"line":145,"column":42},"end":{"line":145,"column":68}}],"line":145},"20":{"loc":{"start":{"line":152,"column":2},"end":{"line":158,"column":3}},"type":"if","locations":[{"start":{"line":152,"column":2},"end":{"line":158,"column":3}},{"start":{},"end":{}}],"line":152},"21":{"loc":{"start":{"line":160,"column":2},"end":{"line":170,"column":3}},"type":"if","locations":[{"start":{"line":160,"column":2},"end":{"line":170,"column":3}},{"start":{},"end":{}}],"line":160},"22":{"loc":{"start":{"line":172,"column":2},"end":{"line":181,"column":3}},"type":"if","locations":[{"start":{"line":172,"column":2},"end":{"line":181,"column":3}},{"start":{},"end":{}}],"line":172},"23":{"loc":{"start":{"line":187,"column":11},"end":{"line":189,"column":11}},"type":"binary-expr","locations":[{"start":{"line":187,"column":11},"end":{"line":187,"column":26}},{"start":{"line":188,"column":12},"end":{"line":188,"column":81}}],"line":187},"24":{"loc":{"start":{"line":192,"column":13},"end":{"line":192,"column":77}},"type":"binary-expr","locations":[{"start":{"line":192,"column":13},"end":{"line":192,"column":28}},{"start":{"line":192,"column":32},"end":{"line":192,"column":77}}],"line":192},"25":{"loc":{"start":{"line":193,"column":13},"end":{"line":193,"column":88}},"type":"binary-expr","locations":[{"start":{"line":193,"column":13},"end":{"line":193,"column":32}},{"start":{"line":193,"column":36},"end":{"line":193,"column":88}}],"line":193},"26":{"loc":{"start":{"line":198,"column":9},"end":{"line":204,"column":9}},"type":"binary-expr","locations":[{"start":{"line":198,"column":9},"end":{"line":198,"column":26}},{"start":{"line":199,"column":10},"end":{"line":203,"column":16}}],"line":198},"27":{"loc":{"start":{"line":202,"column":50},"end":{"line":202,"column":132}},"type":"cond-expr","locations":[{"start":{"line":202,"column":74},"end":{"line":202,"column":122}},{"start":{"line":202,"column":125},"end":{"line":202,"column":132}}],"line":202},"28":{"loc":{"start":{"line":207,"column":11},"end":{"line":207,"column":82}},"type":"binary-expr","locations":[{"start":{"line":207,"column":11},"end":{"line":207,"column":28}},{"start":{"line":207,"column":32},"end":{"line":207,"column":82}}],"line":207},"29":{"loc":{"start":{"line":210,"column":13},"end":{"line":215,"column":13}},"type":"binary-expr","locations":[{"start":{"line":210,"column":13},"end":{"line":210,"column":32}},{"start":{"line":211,"column":14},"end":{"line":214,"column":20}}],"line":210},"30":{"loc":{"start":{"line":217,"column":13},"end":{"line":222,"column":13}},"type":"binary-expr","locations":[{"start":{"line":217,"column":13},"end":{"line":217,"column":32}},{"start":{"line":218,"column":14},"end":{"line":221,"column":20}}],"line":217},"31":{"loc":{"start":{"line":224,"column":13},"end":{"line":229,"column":13}},"type":"binary-expr","locations":[{"start":{"line":224,"column":13},"end":{"line":224,"column":39}},{"start":{"line":225,"column":14},"end":{"line":228,"column":20}}],"line":224},"32":{"loc":{"start":{"line":231,"column":13},"end":{"line":258,"column":13}},"type":"binary-expr","locations":[{"start":{"line":231,"column":13},"end":{"line":231,"column":31}},{"start":{"line":232,"column":14},"end":{"line":257,"column":17}}],"line":231},"33":{"loc":{"start":{"line":241,"column":21},"end":{"line":241,"column":78}},"type":"binary-expr","locations":[{"start":{"line":241,"column":21},"end":{"line":241,"column":61}},{"start":{"line":241,"column":65},"end":{"line":241,"column":78}}],"line":241},"34":{"loc":{"start":{"line":242,"column":21},"end":{"line":242,"column":77}},"type":"binary-expr","locations":[{"start":{"line":242,"column":21},"end":{"line":242,"column":60}},{"start":{"line":242,"column":64},"end":{"line":242,"column":77}}],"line":242},"35":{"loc":{"start":{"line":243,"column":21},"end":{"line":243,"column":95}},"type":"binary-expr","locations":[{"start":{"line":243,"column":21},"end":{"line":243,"column":69}},{"start":{"line":243,"column":73},"end":{"line":243,"column":95}}],"line":243},"36":{"loc":{"start":{"line":244,"column":21},"end":{"line":244,"column":76}},"type":"binary-expr","locations":[{"start":{"line":244,"column":21},"end":{"line":244,"column":60}},{"start":{"line":244,"column":64},"end":{"line":244,"column":76}}],"line":244},"37":{"loc":{"start":{"line":248,"column":17},"end":{"line":256,"column":17}},"type":"binary-expr","locations":[{"start":{"line":248,"column":17},"end":{"line":248,"column":32}},{"start":{"line":248,"column":36},"end":{"line":248,"column":54}},{"start":{"line":249,"column":18},"end":{"line":255,"column":24}}],"line":248},"38":{"loc":{"start":{"line":252,"column":36},"end":{"line":252,"column":77}},"type":"binary-expr","locations":[{"start":{"line":252,"column":36},"end":{"line":252,"column":64}},{"start":{"line":252,"column":68},"end":{"line":252,"column":77}}],"line":252},"39":{"loc":{"start":{"line":253,"column":23},"end":{"line":253,"column":119}},"type":"binary-expr","locations":[{"start":{"line":253,"column":23},"end":{"line":253,"column":51}},{"start":{"line":253,"column":55},"end":{"line":253,"column":119}}],"line":253},"40":{"loc":{"start":{"line":260,"column":13},"end":{"line":265,"column":13}},"type":"binary-expr","locations":[{"start":{"line":260,"column":13},"end":{"line":260,"column":35}},{"start":{"line":261,"column":14},"end":{"line":264,"column":20}}],"line":260},"41":{"loc":{"start":{"line":267,"column":13},"end":{"line":272,"column":13}},"type":"binary-expr","locations":[{"start":{"line":267,"column":13},"end":{"line":267,"column":36}},{"start":{"line":268,"column":14},"end":{"line":271,"column":20}}],"line":267},"42":{"loc":{"start":{"line":274,"column":13},"end":{"line":279,"column":13}},"type":"binary-expr","locations":[{"start":{"line":274,"column":13},"end":{"line":274,"column":26}},{"start":{"line":275,"column":14},"end":{"line":278,"column":20}}],"line":274},"43":{"loc":{"start":{"line":281,"column":13},"end":{"line":290,"column":13}},"type":"binary-expr","locations":[{"start":{"line":281,"column":14},"end":{"line":281,"column":40}},{"start":{"line":281,"column":44},"end":{"line":281,"column":67}},{"start":{"line":281,"column":71},"end":{"line":281,"column":90}},{"start":{"line":282,"column":14},"end":{"line":289,"column":20}}],"line":281},"44":{"loc":{"start":{"line":285,"column":19},"end":{"line":285,"column":66}},"type":"binary-expr","locations":[{"start":{"line":285,"column":19},"end":{"line":285,"column":45}},{"start":{"line":285,"column":49},"end":{"line":285,"column":66}}],"line":285},"45":{"loc":{"start":{"line":286,"column":19},"end":{"line":286,"column":60}},"type":"binary-expr","locations":[{"start":{"line":286,"column":19},"end":{"line":286,"column":42}},{"start":{"line":286,"column":46},"end":{"line":286,"column":60}}],"line":286},"46":{"loc":{"start":{"line":287,"column":19},"end":{"line":287,"column":54}},"type":"binary-expr","locations":[{"start":{"line":287,"column":19},"end":{"line":287,"column":38}},{"start":{"line":287,"column":42},"end":{"line":287,"column":54}}],"line":287},"47":{"loc":{"start":{"line":293,"column":11},"end":{"line":299,"column":11}},"type":"binary-expr","locations":[{"start":{"line":293,"column":11},"end":{"line":293,"column":30}},{"start":{"line":294,"column":12},"end":{"line":298,"column":18}}],"line":293},"48":{"loc":{"start":{"line":302,"column":11},"end":{"line":408,"column":11}},"type":"binary-expr","locations":[{"start":{"line":302,"column":11},"end":{"line":302,"column":21}},{"start":{"line":303,"column":12},"end":{"line":407,"column":15}}],"line":302},"49":{"loc":{"start":{"line":304,"column":15},"end":{"line":328,"column":15}},"type":"binary-expr","locations":[{"start":{"line":304,"column":15},"end":{"line":304,"column":33}},{"start":{"line":305,"column":16},"end":{"line":327,"column":19}}],"line":304},"50":{"loc":{"start":{"line":306,"column":19},"end":{"line":311,"column":19}},"type":"binary-expr","locations":[{"start":{"line":306,"column":19},"end":{"line":306,"column":41}},{"start":{"line":307,"column":20},"end":{"line":310,"column":26}}],"line":306},"51":{"loc":{"start":{"line":313,"column":19},"end":{"line":318,"column":19}},"type":"binary-expr","locations":[{"start":{"line":313,"column":19},"end":{"line":313,"column":40}},{"start":{"line":314,"column":20},"end":{"line":317,"column":26}}],"line":313},"52":{"loc":{"start":{"line":320,"column":19},"end":{"line":326,"column":19}},"type":"binary-expr","locations":[{"start":{"line":320,"column":19},"end":{"line":320,"column":36}},{"start":{"line":321,"column":20},"end":{"line":325,"column":26}}],"line":320},"53":{"loc":{"start":{"line":330,"column":15},"end":{"line":335,"column":15}},"type":"binary-expr","locations":[{"start":{"line":330,"column":15},"end":{"line":330,"column":28}},{"start":{"line":331,"column":16},"end":{"line":334,"column":22}}],"line":330},"54":{"loc":{"start":{"line":341,"column":19},"end":{"line":361,"column":19}},"type":"binary-expr","locations":[{"start":{"line":341,"column":19},"end":{"line":341,"column":37}},{"start":{"line":341,"column":41},"end":{"line":341,"column":57}},{"start":{"line":342,"column":20},"end":{"line":360,"column":23}}],"line":341},"55":{"loc":{"start":{"line":343,"column":23},"end":{"line":359,"column":23}},"type":"cond-expr","locations":[{"start":{"line":344,"column":24},"end":{"line":350,"column":33}},{"start":{"line":352,"column":24},"end":{"line":358,"column":33}}],"line":343},"56":{"loc":{"start":{"line":364,"column":19},"end":{"line":384,"column":19}},"type":"binary-expr","locations":[{"start":{"line":364,"column":19},"end":{"line":364,"column":37}},{"start":{"line":364,"column":41},"end":{"line":364,"column":57}},{"start":{"line":365,"column":20},"end":{"line":383,"column":23}}],"line":364},"57":{"loc":{"start":{"line":366,"column":23},"end":{"line":382,"column":23}},"type":"cond-expr","locations":[{"start":{"line":367,"column":24},"end":{"line":373,"column":33}},{"start":{"line":375,"column":24},"end":{"line":381,"column":33}}],"line":366},"58":{"loc":{"start":{"line":400,"column":32},"end":{"line":400,"column":72}},"type":"binary-expr","locations":[{"start":{"line":400,"column":32},"end":{"line":400,"column":42}},{"start":{"line":400,"column":46},"end":{"line":400,"column":72}}],"line":400},"59":{"loc":{"start":{"line":402,"column":23},"end":{"line":402,"column":70}},"type":"cond-expr","locations":[{"start":{"line":402,"column":36},"end":{"line":402,"column":51}},{"start":{"line":402,"column":54},"end":{"line":402,"column":70}}],"line":402}},"s":{"0":1,"1":0,"2":0,"3":0,"4":0,"5":0,"6":0,"7":0,"8":0,"9":0,"10":0,"11":0,"12":0,"13":0,"14":0,"15":0,"16":0,"17":0,"18":0,"19":0,"20":0,"21":0,"22":0,"23":0,"24":0,"25":0,"26":0,"27":0,"28":0,"29":0,"30":0,"31":0,"32":0,"33":0,"34":0,"35":0,"36":0,"37":0,"38":0,"39":0,"40":0,"41":0,"42":0,"43":0,"44":0,"45":0,"46":0,"47":0,"48":0,"49":0,"50":0,"51":0,"52":0,"53":0,"54":0,"55":0,"56":0,"57":0,"58":0,"59":0,"60":0,"61":0,"62":0,"63":0,"64":0,"65":0,"66":0,"67":0,"68":0,"69":0,"70":0,"71":0,"72":0,"73":0,"74":0,"75":0,"76":0,"77":0,"78":0,"79":0,"80":0,"81":0,"82":0,"83":0,"84":0,"85":0,"86":0,"87":0,"88":0,"89":0,"90":0,"91":0,"92":0,"93":0,"94":0,"95":0,"96":0,"97":0,"98":0,"99":0,"100":0,"101":0,"102":0,"103":0,"104":0,"105":0},"f":{"0":0,"1":0,"2":0,"3":0,"4":0,"5":0,"6":0,"7":0,"8":0,"9":0,"10":0,"11":0,"12":0,"13":0,"14":0,"15":0,"16":0},"b":{"0":[0,0,0],"1":[0,0],"2":[0,0],"3":[0,0],"4":[0,0],"5":[0,0],"6":[0,0],"7":[0,0],"8":[0,0],"9":[0,0],"10":[0,0],"11":[0,0],"12":[0,0,0],"13":[0,0],"14":[0,0],"15":[0,0],"16":[0,0,0],"17":[0,0],"18":[0,0,0],"19":[0,0],"20":[0,0],"21":[0,0],"22":[0,0],"23":[0,0],"24":[0,0],"25":[0,0],"26":[0,0],"27":[0,0],"28":[0,0],"29":[0,0],"30":[0,0],"31":[0,0],"32":[0,0],"33":[0,0],"34":[0,0],"35":[0,0],"36":[0,0],"37":[0,0,0],"38":[0,0],"39":[0,0],"40":[0,0],"41":[0,0],"42":[0,0],"43":[0,0,0,0],"44":[0,0],"45":[0,0],"46":[0,0],"47":[0,0],"48":[0,0],"49":[0,0],"50":[0,0],"51":[0,0],"52":[0,0],"53":[0,0],"54":[0,0,0],"55":[0,0],"56":[0,0,0],"57":[0,0],"58":[0,0],"59":[0,0]},"_coverageSchema":"1a1c01bbd47fc00a2c39e90264f33305004495a9","hash":"8827beaa672c099a6f34c218679c29781a74d7b9"}
,"/workspaces/dms-inventory-management-system/frontend/src/pages/FixtureScanPage.tsx": {"path":"/workspaces/dms-inventory-management-system/frontend/src/pages/FixtureScanPage.tsx","statementMap":{"0":{"start":{"line":12,"column":34},"end":{"line":335,"column":1}},"1":{"start":{"line":13,"column":24},"end":{"line":13,"column":58}},"2":{"start":{"line":14,"column":19},"end":{"line":14,"column":32}},"3":{"start":{"line":17,"column":23},"end":{"line":17,"column":79}},"4":{"start":{"line":17,"column":47},"end":{"line":17,"column":78}},"5":{"start":{"line":18,"column":20},"end":{"line":18,"column":88}},"6":{"start":{"line":18,"column":44},"end":{"line":18,"column":87}},"7":{"start":{"line":21,"column":32},"end":{"line":21,"column":62}},"8":{"start":{"line":22,"column":48},"end":{"line":22,"column":84}},"9":{"start":{"line":23,"column":32},"end":{"line":23,"column":46}},"10":{"start":{"line":24,"column":28},"end":{"line":24,"column":57}},"11":{"start":{"line":27,"column":28},"end":{"line":27,"column":40}},"12":{"start":{"line":28,"column":38},"end":{"line":28,"column":53}},"13":{"start":{"line":29,"column":36},"end":{"line":29,"column":51}},"14":{"start":{"line":30,"column":36},"end":{"line":30,"column":51}},"15":{"start":{"line":32,"column":22},"end":{"line":59,"column":29}},"16":{"start":{"line":33,"column":4},"end":{"line":58,"column":5}},"17":{"start":{"line":34,"column":6},"end":{"line":34,"column":23}},"18":{"start":{"line":35,"column":30},"end":{"line":35,"column":70}},"19":{"start":{"line":36,"column":6},"end":{"line":36,"column":39}},"20":{"start":{"line":39,"column":6},"end":{"line":50,"column":7}},"21":{"start":{"line":40,"column":8},"end":{"line":49,"column":9}},"22":{"start":{"line":41,"column":35},"end":{"line":44,"column":12}},"23":{"start":{"line":45,"column":10},"end":{"line":45,"column":60}},"24":{"start":{"line":48,"column":10},"end":{"line":48,"column":64}},"25":{"start":{"line":52,"column":6},"end":{"line":52,"column":21}},"26":{"start":{"line":54,"column":6},"end":{"line":54,"column":71}},"27":{"start":{"line":55,"column":6},"end":{"line":55,"column":51}},"28":{"start":{"line":57,"column":6},"end":{"line":57,"column":24}},"29":{"start":{"line":61,"column":2},"end":{"line":65,"column":31}},"30":{"start":{"line":62,"column":4},"end":{"line":64,"column":5}},"31":{"start":{"line":63,"column":6},"end":{"line":63,"column":20}},"32":{"start":{"line":68,"column":2},"end":{"line":88,"column":61}},"33":{"start":{"line":69,"column":29},"end":{"line":85,"column":5}},"34":{"start":{"line":70,"column":6},"end":{"line":84,"column":7}},"35":{"start":{"line":71,"column":8},"end":{"line":83,"column":9}},"36":{"start":{"line":72,"column":10},"end":{"line":72,"column":30}},"37":{"start":{"line":73,"column":10},"end":{"line":73,"column":52}},"38":{"start":{"line":74,"column":10},"end":{"line":74,"column":29}},"39":{"start":{"line":76,"column":10},"end":{"line":78,"column":19}},"40":{"start":{"line":77,"column":12},"end":{"line":77,"column":32}},"41":{"start":{"line":80,"column":10},"end":{"line":80,"column":70}},"42":{"start":{"line":81,"column":10},"end":{"line":81,"column":83}},"43":{"start":{"line":82,"column":10},"end":{"line":82,"column":31}},"44":{"start":{"line":87,"column":4},"end":{"line":87,"column":23}},"45":{"start":{"line":90,"column":29},"end":{"line":113,"column":3}},"46":{"start":{"line":91,"column":4},"end":{"line":91,"column":23}},"47":{"start":{"line":93,"column":4},"end":{"line":93,"column":40}},"48":{"start":{"line":93,"column":33},"end":{"line":93,"column":40}},"49":{"start":{"line":95,"column":4},"end":{"line":98,"column":5}},"50":{"start":{"line":96,"column":6},"end":{"line":96,"column":64}},"51":{"start":{"line":97,"column":6},"end":{"line":97,"column":13}},"52":{"start":{"line":100,"column":4},"end":{"line":112,"column":5}},"53":{"start":{"line":101,"column":6},"end":{"line":101,"column":26}},"54":{"start":{"line":102,"column":6},"end":{"line":102,"column":68}},"55":{"start":{"line":103,"column":6},"end":{"line":103,"column":25}},"56":{"start":{"line":104,"column":6},"end":{"line":104,"column":19}},"57":{"start":{"line":106,"column":6},"end":{"line":106,"column":26}},"58":{"start":{"line":108,"column":6},"end":{"line":108,"column":76}},"59":{"start":{"line":109,"column":6},"end":{"line":109,"column":61}},"60":{"start":{"line":111,"column":6},"end":{"line":111,"column":27}},"61":{"start":{"line":115,"column":27},"end":{"line":137,"column":3}},"62":{"start":{"line":116,"column":4},"end":{"line":116,"column":23}},"63":{"start":{"line":118,"column":4},"end":{"line":118,"column":37}},"64":{"start":{"line":118,"column":30},"end":{"line":118,"column":37}},"65":{"start":{"line":120,"column":4},"end":{"line":122,"column":5}},"66":{"start":{"line":121,"column":6},"end":{"line":121,"column":13}},"67":{"start":{"line":124,"column":4},"end":{"line":136,"column":5}},"68":{"start":{"line":125,"column":6},"end":{"line":125,"column":25}},"69":{"start":{"line":126,"column":6},"end":{"line":126,"column":78}},"70":{"start":{"line":127,"column":6},"end":{"line":127,"column":25}},"71":{"start":{"line":129,"column":6},"end":{"line":129,"column":26}},"72":{"start":{"line":130,"column":6},"end":{"line":130,"column":19}},"73":{"start":{"line":132,"column":6},"end":{"line":132,"column":71}},"74":{"start":{"line":133,"column":6},"end":{"line":133,"column":54}},"75":{"start":{"line":135,"column":6},"end":{"line":135,"column":26}},"76":{"start":{"line":139,"column":2},"end":{"line":147,"column":3}},"77":{"start":{"line":140,"column":4},"end":{"line":146,"column":6}},"78":{"start":{"line":149,"column":2},"end":{"line":159,"column":3}},"79":{"start":{"line":150,"column":4},"end":{"line":158,"column":6}},"80":{"start":{"line":155,"column":33},"end":{"line":155,"column":46}},"81":{"start":{"line":161,"column":2},"end":{"line":170,"column":3}},"82":{"start":{"line":162,"column":4},"end":{"line":169,"column":6}},"83":{"start":{"line":166,"column":33},"end":{"line":166,"column":46}},"84":{"start":{"line":172,"column":2},"end":{"line":182,"column":3}},"85":{"start":{"line":173,"column":4},"end":{"line":181,"column":6}},"86":{"start":{"line":178,"column":33},"end":{"line":178,"column":46}},"87":{"start":{"line":184,"column":2},"end":{"line":195,"column":3}},"88":{"start":{"line":185,"column":4},"end":{"line":194,"column":6}},"89":{"start":{"line":197,"column":2},"end":{"line":211,"column":3}},"90":{"start":{"line":198,"column":4},"end":{"line":210,"column":6}},"91":{"start":{"line":207,"column":33},"end":{"line":207,"column":46}},"92":{"start":{"line":213,"column":2},"end":{"line":334,"column":4}},"93":{"start":{"line":259,"column":22},"end":{"line":270,"column":27}},"94":{"start":{"line":286,"column":39},"end":{"line":286,"column":63}},"95":{"start":{"line":316,"column":39},"end":{"line":316,"column":63}}},"fnMap":{"0":{"name":"(anonymous_0)","decl":{"start":{"line":12,"column":34},"end":{"line":12,"column":35}},"loc":{"start":{"line":12,"column":40},"end":{"line":335,"column":1}},"line":12},"1":{"name":"(anonymous_1)","decl":{"start":{"line":17,"column":41},"end":{"line":17,"column":42}},"loc":{"start":{"line":17,"column":47},"end":{"line":17,"column":78}},"line":17},"2":{"name":"(anonymous_2)","decl":{"start":{"line":18,"column":38},"end":{"line":18,"column":39}},"loc":{"start":{"line":18,"column":44},"end":{"line":18,"column":87}},"line":18},"3":{"name":"(anonymous_3)","decl":{"start":{"line":32,"column":34},"end":{"line":32,"column":35}},"loc":{"start":{"line":32,"column":46},"end":{"line":59,"column":3}},"line":32},"4":{"name":"(anonymous_4)","decl":{"start":{"line":61,"column":12},"end":{"line":61,"column":13}},"loc":{"start":{"line":61,"column":18},"end":{"line":65,"column":3}},"line":61},"5":{"name":"(anonymous_5)","decl":{"start":{"line":68,"column":12},"end":{"line":68,"column":13}},"loc":{"start":{"line":68,"column":18},"end":{"line":88,"column":3}},"line":68},"6":{"name":"(anonymous_6)","decl":{"start":{"line":69,"column":29},"end":{"line":69,"column":30}},"loc":{"start":{"line":69,"column":41},"end":{"line":85,"column":5}},"line":69},"7":{"name":"(anonymous_7)","decl":{"start":{"line":76,"column":21},"end":{"line":76,"column":22}},"loc":{"start":{"line":76,"column":27},"end":{"line":78,"column":11}},"line":76},"8":{"name":"(anonymous_8)","decl":{"start":{"line":90,"column":29},"end":{"line":90,"column":30}},"loc":{"start":{"line":90,"column":59},"end":{"line":113,"column":3}},"line":90},"9":{"name":"(anonymous_9)","decl":{"start":{"line":115,"column":27},"end":{"line":115,"column":28}},"loc":{"start":{"line":115,"column":57},"end":{"line":137,"column":3}},"line":115},"10":{"name":"(anonymous_10)","decl":{"start":{"line":155,"column":27},"end":{"line":155,"column":28}},"loc":{"start":{"line":155,"column":33},"end":{"line":155,"column":46}},"line":155},"11":{"name":"(anonymous_11)","decl":{"start":{"line":166,"column":27},"end":{"line":166,"column":28}},"loc":{"start":{"line":166,"column":33},"end":{"line":166,"column":46}},"line":166},"12":{"name":"(anonymous_12)","decl":{"start":{"line":178,"column":27},"end":{"line":178,"column":28}},"loc":{"start":{"line":178,"column":33},"end":{"line":178,"column":46}},"line":178},"13":{"name":"(anonymous_13)","decl":{"start":{"line":207,"column":27},"end":{"line":207,"column":28}},"loc":{"start":{"line":207,"column":33},"end":{"line":207,"column":46}},"line":207},"14":{"name":"(anonymous_14)","decl":{"start":{"line":258,"column":41},"end":{"line":258,"column":42}},"loc":{"start":{"line":259,"column":22},"end":{"line":270,"column":27}},"line":259},"15":{"name":"(anonymous_15)","decl":{"start":{"line":286,"column":32},"end":{"line":286,"column":33}},"loc":{"start":{"line":286,"column":39},"end":{"line":286,"column":63}},"line":286},"16":{"name":"(anonymous_16)","decl":{"start":{"line":316,"column":32},"end":{"line":316,"column":33}},"loc":{"start":{"line":316,"column":39},"end":{"line":316,"column":63}},"line":316}},"branchMap":{"0":{"loc":{"start":{"line":39,"column":6},"end":{"line":50,"column":7}},"type":"if","locations":[{"start":{"line":39,"column":6},"end":{"line":50,"column":7}},{"start":{},"end":{}}],"line":39},"1":{"loc":{"start":{"line":54,"column":15},"end":{"line":54,"column":69}},"type":"binary-expr","locations":[{"start":{"line":54,"column":15},"end":{"line":54,"column":41}},{"start":{"line":54,"column":45},"end":{"line":54,"column":69}}],"line":54},"2":{"loc":{"start":{"line":62,"column":4},"end":{"line":64,"column":5}},"type":"if","locations":[{"start":{"line":62,"column":4},"end":{"line":64,"column":5}},{"start":{},"end":{}}],"line":62},"3":{"loc":{"start":{"line":70,"column":6},"end":{"line":84,"column":7}},"type":"if","locations":[{"start":{"line":70,"column":6},"end":{"line":84,"column":7}},{"start":{},"end":{}}],"line":70},"4":{"loc":{"start":{"line":70,"column":10},"end":{"line":70,"column":82}},"type":"binary-expr","locations":[{"start":{"line":70,"column":10},"end":{"line":70,"column":21}},{"start":{"line":70,"column":25},"end":{"line":70,"column":32}},{"start":{"line":70,"column":36},"end":{"line":70,"column":47}},{"start":{"line":70,"column":51},"end":{"line":70,"column":61}},{"start":{"line":70,"column":65},"end":{"line":70,"column":82}}],"line":70},"5":{"loc":{"start":{"line":81,"column":19},"end":{"line":81,"column":81}},"type":"binary-expr","locations":[{"start":{"line":81,"column":19},"end":{"line":81,"column":44}},{"start":{"line":81,"column":48},"end":{"line":81,"column":81}}],"line":81},"6":{"loc":{"start":{"line":93,"column":4},"end":{"line":93,"column":40}},"type":"if","locations":[{"start":{"line":93,"column":4},"end":{"line":93,"column":40}},{"start":{},"end":{}}],"line":93},"7":{"loc":{"start":{"line":93,"column":8},"end":{"line":93,"column":31}},"type":"binary-expr","locations":[{"start":{"line":93,"column":8},"end":{"line":93,"column":16}},{"start":{"line":93,"column":20},"end":{"line":93,"column":31}}],"line":93},"8":{"loc":{"start":{"line":95,"column":4},"end":{"line":98,"column":5}},"type":"if","locations":[{"start":{"line":95,"column":4},"end":{"line":98,"column":5}},{"start":{},"end":{}}],"line":95},"9":{"loc":{"start":{"line":102,"column":48},"end":{"line":102,"column":66}},"type":"binary-expr","locations":[{"start":{"line":102,"column":48},"end":{"line":102,"column":53}},{"start":{"line":102,"column":57},"end":{"line":102,"column":66}}],"line":102},"10":{"loc":{"start":{"line":108,"column":12},"end":{"line":108,"column":74}},"type":"binary-expr","locations":[{"start":{"line":108,"column":12},"end":{"line":108,"column":37}},{"start":{"line":108,"column":41},"end":{"line":108,"column":74}}],"line":108},"11":{"loc":{"start":{"line":118,"column":4},"end":{"line":118,"column":37}},"type":"if","locations":[{"start":{"line":118,"column":4},"end":{"line":118,"column":37}},{"start":{},"end":{}}],"line":118},"12":{"loc":{"start":{"line":118,"column":8},"end":{"line":118,"column":28}},"type":"binary-expr","locations":[{"start":{"line":118,"column":8},"end":{"line":118,"column":16}},{"start":{"line":118,"column":20},"end":{"line":118,"column":28}}],"line":118},"13":{"loc":{"start":{"line":120,"column":4},"end":{"line":122,"column":5}},"type":"if","locations":[{"start":{"line":120,"column":4},"end":{"line":122,"column":5}},{"start":{},"end":{}}],"line":120},"14":{"loc":{"start":{"line":126,"column":58},"end":{"line":126,"column":76}},"type":"binary-expr","locations":[{"start":{"line":126,"column":58},"end":{"line":126,"column":63}},{"start":{"line":126,"column":67},"end":{"line":126,"column":76}}],"line":126},"15":{"loc":{"start":{"line":132,"column":12},"end":{"line":132,"column":69}},"type":"binary-expr","locations":[{"start":{"line":132,"column":12},"end":{"line":132,"column":37}},{"start":{"line":132,"column"
[...]
,"/workspaces/dms-inventory-management-system/frontend/src/services/api.ts": {"path":"/workspaces/dms-inventory-management-system/frontend/src/services/api.ts","statementMap":{"0":{"start":{"line":14,"column":33},"end":{"line":42,"column":1}},"1":{"start":{"line":15,"column":18},"end":{"line":15,"column":47}},"2":{"start":{"line":18,"column":2},"end":{"line":26,"column":3}},"3":{"start":{"line":19,"column":24},"end":{"line":19,"column":51}},"4":{"start":{"line":21,"column":4},"end":{"line":23,"column":5}},"5":{"start":{"line":22,"column":6},"end":{"line":22,"column":25}},"6":{"start":{"line":25,"column":4},"end":{"line":25,"column":32}},"7":{"start":{"line":30,"column":4},"end":{"line":33,"column":42}},"8":{"start":{"line":36,"column":2},"end":{"line":38,"column":3}},"9":{"start":{"line":37,"column":4},"end":{"line":37,"column":39}},"10":{"start":{"line":41,"column":2},"end":{"line":41,"column":16}},"11":{"start":{"line":44,"column":21},"end":{"line":44,"column":40}},"12":{"start":{"line":46,"column":12},"end":{"line":51,"column":2}},"13":{"start":{"line":54,"column":0},"end":{"line":60,"column":3}},"14":{"start":{"line":55,"column":16},"end":{"line":55,"column":45}},"15":{"start":{"line":56,"column":2},"end":{"line":58,"column":3}},"16":{"start":{"line":57,"column":4},"end":{"line":57,"column":53}},"17":{"start":{"line":59,"column":2},"end":{"line":59,"column":16}},"18":{"start":{"line":63,"column":0},"end":{"line":97,"column":2}},"19":{"start":{"line":64,"column":16},"end":{"line":64,"column":24}},"20":{"start":{"line":67,"column":4},"end":{"line":94,"column":5}},"21":{"start":{"line":70,"column":6},"end":{"line":79,"column":9}},"22":{"start":{"line":80,"column":11},"end":{"line":94,"column":5}},"23":{"start":{"line":82,"column":6},"end":{"line":90,"column":9}},"24":{"start":{"line":93,"column":6},"end":{"line":93,"column":37}},"25":{"start":{"line":95,"column":4},"end":{"line":95,"column":33}},"26":{"start":{"line":100,"column":28},"end":{"line":132,"column":1}},"27":{"start":{"line":102,"column":4},"end":{"line":102,"column":53}},"28":{"start":{"line":105,"column":4},"end":{"line":105,"column":88}},"29":{"start":{"line":108,"column":4},"end":{"line":108,"column":74}},"30":{"start":{"line":111,"column":4},"end":{"line":111,"column":59}},"31":{"start":{"line":114,"column":4},"end":{"line":114,"column":59}},"32":{"start":{"line":117,"column":4},"end":{"line":119,"column":6}},"33":{"start":{"line":122,"column":4},"end":{"line":122,"column":51}},"34":{"start":{"line":125,"column":4},"end":{"line":128,"column":6}},"35":{"start":{"line":131,"column":4},"end":{"line":131,"column":42}},"36":{"start":{"line":135,"column":25},"end":{"line":184,"column":1}},"37":{"start":{"line":137,"column":4},"end":{"line":137,"column":67}},"38":{"start":{"line":140,"column":4},"end":{"line":140,"column":46}},"39":{"start":{"line":143,"column":4},"end":{"line":143,"column":47}},"40":{"start":{"line":146,"column":4},"end":{"line":146,"column":54}},"41":{"start":{"line":149,"column":4},"end":{"line":149,"column":42}},"42":{"start":{"line":152,"column":4},"end":{"line":152,"column":52}},"43":{"start":{"line":155,"column":4},"end":{"line":155,"column":52}},"44":{"start":{"line":158,"column":4},"end":{"line":158,"column":54}},"45":{"start":{"line":161,"column":4},"end":{"line":161,"column":55}},"46":{"start":{"line":164,"column":4},"end":{"line":164,"column":52}},"47":{"start":{"line":167,"column":4},"end":{"line":167,"column":54}},"48":{"start":{"line":170,"column":4},"end":{"line":170,"column":72}},"49":{"start":{"line":173,"column":4},"end":{"line":175,"column":6}},"50":{"start":{"line":178,"column":4},"end":{"line":180,"column":6}},"51":{"start":{"line":183,"column":4},"end":{"line":183,"column":57}},"52":{"start":{"line":187,"column":26},"end":{"line":228,"column":1}},"53":{"start":{"line":189,"column":4},"end":{"line":189,"column":57}},"54":{"start":{"line":192,"column":4},"end":{"line":192,"column":77}},"55":{"start":{"line":195,"column":4},"end":{"line":195,"column":60}},"56":{"start":{"line":198,"column":4},"end":{"line":198,"column":46}},"57":{"start":{"line":201,"column":4},"end":{"line":201,"column":78}},"58":{"start":{"line":208,"column":4},"end":{"line":208,"column":60}},"59":{"start":{"line":211,"column":4},"end":{"line":213,"column":6}},"60":{"start":{"line":216,"column":4},"end":{"line":216,"column":77}},"61":{"start":{"line":219,"column":4},"end":{"line":219,"column":54}},"62":{"start":{"line":227,"column":4},"end":{"line":227,"column":48}},"63":{"start":{"line":230,"column":28},"end":{"line":235,"column":1}},"64":{"start":{"line":232,"column":4},"end":{"line":232,"column":51}},"65":{"start":{"line":234,"column":4},"end":{"line":234,"column":58}},"66":{"start":{"line":238,"column":27},"end":{"line":253,"column":1}},"67":{"start":{"line":240,"column":4},"end":{"line":240,"column":50}},"68":{"start":{"line":243,"column":4},"end":{"line":243,"column":93}},"69":{"start":{"line":246,"column":4},"end":{"line":246,"column":72}},"70":{"start":{"line":249,"column":4},"end":{"line":249,"column":105}},"71":{"start":{"line":252,"column":4},"end":{"line":252,"column":99}},"72":{"start":{"line":256,"column":23},"end":{"line":265,"column":1}},"73":{"start":{"line":258,"column":4},"end":{"line":258,"column":52}},"74":{"start":{"line":261,"column":4},"end":{"line":261,"column":41}},"75":{"start":{"line":264,"column":4},"end":{"line":264,"column":57}},"76":{"start":{"line":268,"column":32},"end":{"line":271,"column":1}},"77":{"start":{"line":270,"column":4},"end":{"line":270,"column":53}},"78":{"start":{"line":274,"column":34},"end":{"line":308,"column":1}},"79":{"start":{"line":279,"column":4},"end":{"line":282,"column":6}},"80":{"start":{"line":288,"column":4},"end":{"line":291,"column":6}},"81":{"start":{"line":298,"column":4},"end":{"line":301,"column":6}},"82":{"start":{"line":304,"column":4},"end":{"line":304,"column":52}},"83":{"start":{"line":307,"column":4},"end":{"line":307,"column":71}}},"fnMap":{"0":{"name":"(anonymous_0)","decl":{"start":{"line":14,"column":33},"end":{"line":14,"column":34}},"loc":{"start":{"line":14,"column":39},"end":{"line":42,"column":1}},"line":14},"1":{"name":"(anonymous_1)","decl":{"start":{"line":54,"column":29},"end":{"line":54,"column":30}},"loc":{"start":{"line":54,"column":41},"end":{"line":60,"column":1}},"line":54},"2":{"name":"(anonymous_2)","decl":{"start":{"line":64,"column":2},"end":{"line":64,"column":3}},"loc":{"start":{"line":64,"column":16},"end":{"line":64,"column":24}},"line":64},"3":{"name":"(anonymous_3)","decl":{"start":{"line":65,"column":2},"end":{"line":65,"column":3}},"loc":{"start":{"line":65,"column":13},"end":{"line":96,"column":3}},"line":65},"4":{"name":"(anonymous_4)","decl":{"start":{"line":101,"column":11},"end":{"line":101,"column":12}},"loc":{"start":{"line":102,"column":4},"end":{"line":102,"column":53}},"line":102},"5":{"name":"(anonymous_5)","decl":{"start":{"line":104,"column":20},"end":{"line":104,"column":21}},"loc":{"start":{"line":105,"column":4},"end":{"line":105,"column":88}},"line":105},"6":{"name":"(anonymous_6)","decl":{"start":{"line":107,"column":13},"end":{"line":107,"column":14}},"loc":{"start":{"line":108,"column":4},"end":{"line":108,"column":74}},"line":108},"7":{"name":"(anonymous_7)","decl":{"start":{"line":110,"column":20},"end":{"line":110,"column":21}},"loc":{"start":{"line":111,"column":4},"end":{"line":111,"column":59}},"line":111},"8":{"name":"(anonymous_8)","decl":{"start":{"line":113,"column":21},"end":{"line":113,"column":22}},"loc":{"start":{"line":114,"column":4},"end":{"line":114,"column":59}},"line":114},"9":{"name":"(anonymous_9)","decl":{"start":{"line":116,"column":16},"end":{"line":116,"column":17}},"loc":{"start":{"line":117,"column":4},"end":{"line":119,"column":6}},"line":117},"10":{"name":"(anonymous_10)","decl":{"start":{"line":121,"column":14},"end":{"line":121,"column":15}},"loc":{"start":{"line":122,"column":4},"end":{"line":122,"column":51}},"line":122},"11":{"name":"(anonymous_11)","decl":{"start":{"line":124,"column":12},"end":{"line":124,"column":13}},"loc":{"start":{"line":125,"column":4},"end":{"line":128,"column":6}},"line":125},"12":{"name":"(anonymous_12)","decl":{"start":{"line":130,"column":15},"end":{"line":130,"column":16}},"loc":{"start":{"line":131,"column":4},"end":{"line":131,"column":42}},"line":131},"13":{"name":"(anonymous_13)","decl":{"start":{"line":136,"column":14},"end":{"line":136,"column":15}},"loc":{"start":{"line":137,"column":4},"end":{"line":137,"column":67}},"line":137},"14":{"name":"(anonymous_14)","decl":{"start":{"line":139,"column":12},"end":{"line":139,"column":13}},"loc":{"start":{"line":140,"column":4},"end":{"line":140,"column":46}},"line":140},"15":{"name":"(anonymous_15)","decl":{"start":{"line":142,"column":15},"end":{"line":142,"column":16}},"loc":{"start":{"line":143,"column":4},"end":{"line":143,"column":47}},"line":143},"16":{"name":"(anonymous_16)","decl":{"start":{"line":145,"column":15},"end":{"line":145,"column":16}},"loc":{"start":{"line":146,"column":4},"end":{"line":146,"column":54}},"line":146},"17":{"name":"(anonymous_17)","decl":{"start":{"line":148,"column":15},"end":{"line":148,"column":16}},"loc":{"start":{"line":149,"column":4},"end":{"line":149,"column":42}},"line":149},"18":{"name":"(anonymous_18)","decl":{"start":{"line":151,"column":14},"end":{"line":151,"column":15}},"loc":{"start":{"line":152,"column":4},"end":{"line":152,"column":52}},"line":152},"19":{"name":"(anonymous_19)","decl":{"start":{"line":154,"column":13},"end":{"line":154,"column":14}},"loc":{"start":{"line":155,"column":4},"end":{"line":155,"column":52}},"line":155},"20":{"name":"(anonymous_20)","decl":{"start":{"line":157,"column":15},"end":{"line":157,"column":16}},"loc":{"start":{"line":158,"column":4},"end":{"line":158,"column":54}},"line":158},"21":{"name":"(anonymous_21)","decl":{"start":{"line":160,"column":16},"end":{"line":160,"column":17}},"loc":{"start":{"line":161,"column":4},"end":{"line":161,"column":55}},"line":161},"22":{"name":"(anonymous_22)","decl":{"start":{"line":163,"column":13},"end":{"line":163,"column":14}},"loc":{"start":{"line":164,"column":4},"end":{"line":164,"column":52}},"line":164},"23":{"name":"(anonymous_23)","decl":{"start":{"line":166,"column":15},"end":{"line":166,"column":16}},"loc":{"start":{"line":167,"column":4},"end":{"line":167,"column":54}},"line":167},"24":{"name":"(anonymous_24)","decl":{"start":{"line":169,"column":17},"end":{"line":169,"column":18}},"loc":{"start":{"line":170,"column":4},"end":{"line":170,"column":72}},"line":170},"25":{"name":"(anonymous_25)","decl":{"start":{"line":172,"column":17},"end":{"line":172,"column":18}},"loc":{"start":{"line":173,"column":4},"end":{"line":175,"column":6}},"line":173},"26":{"name":"(anonymous_26)","decl":{"start":{"line":177,"column":23},"end":{"line":177,"column":24}},"loc":{"start":{"line":178,"column":4},"end":{"line":180,"column":6}},"line":178},"27":{"name":"(anonymous_27)","decl":{"start":{"line":182,"column":19},"end":{"line":182,"column":20}},"loc":{"start":{"line":183,"column":4},"end":{"line":183,"column":57}},"line":183},"28":{"name":"(anonymous_28)","decl":{"start":{"line":188,"column":17},"end":{"line":188,"column":18}},"loc":{"start":{"line":189,"column":4},"end":{"line":189,"column":57}},"line":189},"29":{"name":"(anonymous_29)","decl":{"start":{"line":191,"column":16},"end":{"line":191,"column":17}},"loc":{"start":{"line":192,"column":4},"end":{"line":192,"column":77}},"line":192},"30":{"name":"(anonymous_30)","decl":{"start":{"line":194,"column":22},"end":{"line":194,"column":23}},"loc":{"start":{"line":195,"column":4},"end":{"line":195,"column":60}},"line":195},"31":{"name":"(anonymous_31)","decl":{"start":{"line":197,"column":17},"end":{"line":197,"column":18}},"loc":{"start":{"line":198,"column":4},"end":{"line":198,"column":46}},"line":198},"32":{"name":"(anonymous_32)","decl":{"start":{"line":200,"column":18},"end":{"line":200,"column":19}},"loc":{"start":{"line":201,"column":4},"end":{"line":201,"column":78}},"line":201},"33":{"name":"(anonymous_33)","decl":{"start":{"line":203,"column":15},"end":{"line":203,"column":16}},"loc":{"start":{"line":208,"column":4},"end":{"line":208,"column":60}},"line":208},"34":{"name":"(anonymous_34)","decl":{"start":{"line":210,"column":16},"end":{"line":210,"column":17}},"loc":{"start":{"line":211,"column":4},"end":{"line":213,"column":6}},"line":211},"35":{"name":"(anonymous_35)","decl":{"start":{"line":215,"column":17},"end":{"line":215,"column":18}},"loc":{"start":{"line":216,"column":4},"end":{"line":216,"column":77}},"line":216},"36":{"name":"(anonymous_36)","decl":{"start":{"line":218,"column":21},"end":{"line":218,"column":22}},"loc":{"start":{"line":219,"column":4},"end":{"line":219,"column":54}},"line":219},"37":{"name":"(anonymous_37)","decl":{"start":{"line":221,"column":18},"end":{"line":221,"column":19}},"loc":{"start":{"line":227,"column":4},"end":{"line":227,"column":48}},"line":227},"38":{"name":"(anonymous_38)","decl":{"start":{"line":231,"column":25},"end":{"line":231,"column":26}},"loc":{"start":{"line":232,"column":4},"end":{"line":232,"column":51}},"line":232},"39":{"name":"(anonymous_39)","decl":{"start":{"line":233,"column":25},"end":{"line":233,"column":26}},"loc":{"start":{"line":234,"column":4},"end":{"line":234,"column":58}},"line":234},"40":{"name":"(anonymous_40)","decl":{"start":{"line":239,"column":14},"end":{"line":239,"column":15}},"loc":{"start":{"line":240,"column":4},"end":{"line":240,"column":50}},"line":240},"41":{"name":"(anonymous_41)","decl":{"start":{"line":242,"column":15},"end":{"line":242,"column":16}},"loc":{"start":{"line":243,"column":4},"end":{"line":243,"column":93}},"line":243},"42":{"name":"(anonymous_42)","decl":{"start":{"line":245,"column":25},"end":{"line":245,"column":26}},"loc":{"start":{"line":246,"column":4},"end":{"line":246,"column":72}},"line":246},"43":{"name":"(anonymous_43)","decl":{"start":{"line":248,"column":18},"end":{"line":248,"column":19}},"loc":{"start":{"line":249,"column":4},"end":{"line":249,"column":105}},"line":249},"44":{"name":"(anonymous_44)","decl":{"start":{"line":251,"column":16},"end":{"line":251,"column":17}},"loc":{"start":{"line":252,"column":4},"end":{"line":252,"column":99}},"line":252},"45":{"name":"(anonymous_45)","decl":{"start":{"line":257,"column":9},"end":{"line":257,"column":10}},"loc":{"start":{"line":258,"column":4},"end":{"line":258,"column":52}},"line":258},"46":{"name":"(anonymous_46)","decl":{"start":{"line":260,"column":12},"end":{"line":260,"column":13}},"loc":{"start":{"line":261,"column":4},"end":{"line":261,"column":41}},"line":261},"47":{"name":"(anonymous_47)","decl":{"start":{"line":263,"column":11},"end":{"line":263,"column":12}},"loc":{"start":{"line":264,"column":4},"end":{"line":264,"column":57}},"line":264},"48":{"name":"(anonymous_48)","decl":{"start":{"line":269,"column":19},"end":{"line":269,"column":20}},"loc":{"start":{"line":270,"column":4},"end":{"line":270,"column":53}},"line":270},"49":{"name":"(anonymous_49)","decl":{"start":{"line":275,"column":11},"end":{"line":275,"column":12}},"loc":{"start":{"line":279,"column":4},"end":{"line":282,"column":6}},"line":279},"50":{"name":"(anonymous_50)","decl":{"start":{"line":284,"column":18},"end":{"line":284,"column":19}},"loc":{"start":{"line":288,"column":4},"end":{"line":291,"column":6}},"line":288},"51":{"name":"(anonymous_51)","decl":{"start":{"line":293,"column":18},"end":{"line":293,"column":19}},"loc":{"start":{"line":298,"column":4},"end":{"line":301,"column":6}},"line":298},"52":{"name":"(anonymous_52)","decl":{"start":{"line":303,"column":12},"end":{"line":303,"column":13}},"loc":{"start":{"line":304,"column":4},"end":{"line":304,"column":52}},"line":304},"53":{"name":"(anonymous_53)","decl":{"start":{"line":306,"column":16},"end":{"line":306,"column":17}},"loc":{"start":{"line":307,"column":4},"end":{"line":307,"column":71}},"line":307}},"branchMap":{"0":{"loc":{"start":{"line":18,"column":2},"end":{"line":26,"column":3}},"type":"if","locations":[{"start":{"line":18,"column":2},"end":{"line":26,"column":3}},{"start":{},"end":{}}],"line":18},"1":{"loc":{"start":{"line":18,"column":6},"end":{"line":18,"column":42}},"type":"binary-expr","locations":[{"start":{"line":18,"column":6},"end":{"line":18,"column":13}},{"start":{"line":18,"column":17},"end":{"line":18,"column":42}}],"line":18},"2":{"loc":{"start":{"line":21,"column":4},"end":{"line":23,"column":5}},"type":"if","locations":[{"start":{"line":21,"column":4},"end":{"line":23,"column":5}},{"start":{},"end":{}}],"line":21},"3":{"loc":{"start":{"line":21,"column":8},"end":{"line":21,"column":69}},"type":"binary-expr","locations":[{"start":{"line":21,"column":8},"end":{"line":21,"column":36}},{"start":{"line":21,"column":40},"end":{"line":21,"column":69}}],"line":21},"4":{"loc":{"start":{"line":30,"column":4},"end":{"line":33,"column":42}},"type":"binary-expr","locations":[{"start":{"line":30,"column":4},"end":{"line":30,"column":33}},{"start":{"line":31,"column":5},"end":{"line":31,"column":45}},{"start":{"line":32,"column":5},"end":{"line":32,"column":45}},{"start":{"line":33,"column":5},"end":{"line":33,"column":41}}],"line":30},"5":{"loc":{"start":{"line":36,"column":2},"end":{"line":38,"column":3}},"type":"if","locations":[{"start":{"line":36,"column":2},"end":{"line":38,"column":3}},{"start":{},"end":{}}],"line":36},"6":{"loc":{"start":{"line":56,"column":2},"end":{"line":58,"column":3}},"type":"if","locations":[{"start":{"line":56,"column":2},"end":{"line":58,"column":3}},{"start":{},"end":{}}],"line":56},"7":{"loc":{"start":{"line":67,"column":4},"end":{"line":94,"column":5}},"type":"if","locations":[{"start":{"line":67,"column":4},"end":{"line":94,"column":5}},{"start":{"line":80,"column":11},"end":{"line":94,"column":5}}],"line":67},"8":{"loc":{"start":{"line":80,"column":11},"end":{"line":94,"column":5}},"type":"if","locations":[{"start":{"line":80,"column":11},"end":{"line":94,"column":5}},{"start":{"line":91,"column":11},"end":{"line":94,"column":5}}],"line":80},"9":{"loc":{"start":{"line":243,"column":70},"end":{"line":243,"column":92}},"type":"cond-expr","locations":[{"start":{"line":243,"column":78},"end":{"line":243,"column":87}},{"start":{"line":243,"column":90},"end":{"line":243,"column":92}}],"line":243}},"s":{"0":4,"1":5,"2":5,"3":0,"4":0,"5":0,"6":0,"7":5,"8":5,"9":5,"10":0,"11":4,"12":4,"13":4,"14":20,"15":20,"16":1,"17":20,"18":4,"19":19,"20":3,"21":1,"22":2,"23":1,"24":1,"25":3,"26":4,"27":4,"28":0,"29":1,"30":1,"31":0,"32":1,"33":1,"34":1,"35":0,"36":4,"37":0,"38":0,"39":0,"40":0,"41":0,"42":0,"43":0,"44":0,"45":0,"46":0,"47":0,"48":0,"49":0,"50":0,"51":0,"52":4,"53":1,"54":1,"55":1,"56":1,"57":1,"58":1,"59":1,"60":1,"61":1,"62":0,"63":4,"64":0,"65":0,"66":4,"67":0,"68":0,"69":0,"70":0,"71":0,"72":4,"73":1,"74":0,"75":1,"76":4,"77":0,"78":4,"79":0,"80":0,"81":0,"82":0,"83":0},"f":{"0":5,"1":20,"2":19,"3":3,"4":4,"5":0,"6":1,"7":1,"8":0,"9":1,"10":1,"11":1,"12":0,"13":0,"14":0,"15":0,"16":0,"17":0,"18":0,"19":0,"20":0,"21":0,"22":0,"23":0,"24":0,"25":0,"26":0,"27":0,"28":1,"29":1,"30":1,"31":1,"32":1,"33":1,"34":1,"35":1,"36":1,"37":0,"38":0,"39":0,"40":0,"41":0,"42":0,"43":0,"44":0,"45":1,"46":0,"47":1,"48":0,"49":0,"50":0,"51":0,"52":0,"53":0},"b":{"0":[0,5],"1":[5,0],"2":[0,0],"3":[0,0],"4":[5,5,0,0],"5":[5,0],"6":[1,19],"7":[1,2],"8":[1,1],"9":[0,0]},"_coverageSchema":"1a1c01bbd47fc00a2c39e90264f33305004495a9","hash":"5baf2c1b6fd8083c72450f89241f655f039e2f79"}
}
