{"/workspaces/openmakersuite/frontend/src/App.tsx": {"path":"/workspaces/openmakersuite/frontend/src/App.tsx","statementMap":{"0":{"start":{"line":15,"column":21},"end":{"line":15,"column":53}},"1":{"start":{"line":18,"column":2},"end":{"line":42,"column":4}},"2":{"start":{"line":23,"column":12},"end":{"line":27,"column":18}}},"fnMap":{"0":{"name":"App","decl":{"start":{"line":17,"column":9},"end":{"line":17,"column":12}},"loc":{"start":{"line":17,"column":15},"end":{"line":43,"column":1}},"line":17},"1":{"name":"(anonymous_1)","decl":{"start":{"line":22,"column":20},"end":{"line":22,"column":21}},"loc":{"start":{"line":23,"column":12},"end":{"line":27,"column":18}},"line":23}},"branchMap":{},"s":{"0":1,"1":1,"2":0},"f":{"0":1,"1":0},"b":{},"_coverageSchema":"1a1c01bbd47fc00a2c39e90264f33305004495a9","hash":"8d3e0914e237e8901cf38715ab886cde832e432e"}
,"/workspaces/openmakersuite/frontend/src/components/AuthSection.tsx": {"path":"/workspaces/openmakersuite/frontend/src/components/AuthSection.tsx","statementMap":{"0":{"start":{"line":13,"column":48},"end":{"line":233,"column":1}},"1":{"start":{"line":14,"column":38},"end":{"line":14,"column":62}},"2":{"start":{"line":15,"column":34},"end":{"line":15,"column":54}},"3":{"start":{"line":16,"column":44},"end":{"line":16,"column":68}},"4":{"start":{"line":17,"column":50},"end":{"line":17,"column":74}},"5":{"start":{"line":20,"column":44},"end":{"line":20,"column":64}},"6":{"start":{"line":21,"column":44},"end":{"line":21,"column":64}},"7":{"start":{"line":22,"column":50},"end":{"line":22,"column":70}},"8":{"start":{"line":23,"column":44},"end":{"line":23,"column":64}},"9":{"start":{"line":24,"column":32},"end":{"line":24,"column":56}},"10":{"start":{"line":25,"column":28},"end":{"line":25,"column":48}},"11":{"start":{"line":27,"column":2},"end":{"line":36,"column":21}},"12":{"start":{"line":29,"column":18},"end":{"line":29,"column":47}},"13":{"start":{"line":30,"column":26},"end":{"line":30,"column":58}},"14":{"start":{"line":31,"column":4},"end":{"line":35,"column":5}},"15":{"start":{"line":32,"column":6},"end":{"line":32,"column":26}},"16":{"start":{"line":33,"column":6},"end":{"line":33,"column":33}},"17":{"start":{"line":34,"column":6},"end":{"line":34,"column":40}},"18":{"start":{"line":38,"column":22},"end":{"line":61,"column":3}},"19":{"start":{"line":39,"column":4},"end":{"line":39,"column":23}},"20":{"start":{"line":40,"column":4},"end":{"line":40,"column":21}},"21":{"start":{"line":41,"column":4},"end":{"line":41,"column":17}},"22":{"start":{"line":43,"column":4},"end":{"line":60,"column":5}},"23":{"start":{"line":44,"column":23},"end":{"line":44,"column":72}},"24":{"start":{"line":46,"column":6},"end":{"line":46,"column":58}},"25":{"start":{"line":47,"column":6},"end":{"line":47,"column":67}},"26":{"start":{"line":48,"column":6},"end":{"line":48,"column":54}},"27":{"start":{"line":50,"column":6},"end":{"line":50,"column":26}},"28":{"start":{"line":51,"column":6},"end":{"line":51,"column":33}},"29":{"start":{"line":52,"column":6},"end":{"line":52,"column":30}},"30":{"start":{"line":53,"column":6},"end":{"line":53,"column":27}},"31":{"start":{"line":54,"column":6},"end":{"line":54,"column":27}},"32":{"start":{"line":55,"column":6},"end":{"line":55,"column":40}},"33":{"start":{"line":57,"column":6},"end":{"line":57,"column":93}},"34":{"start":{"line":59,"column":6},"end":{"line":59,"column":24}},"35":{"start":{"line":63,"column":25},"end":{"line":97,"column":3}},"36":{"start":{"line":64,"column":4},"end":{"line":64,"column":23}},"37":{"start":{"line":65,"column":4},"end":{"line":65,"column":21}},"38":{"start":{"line":66,"column":4},"end":{"line":66,"column":17}},"39":{"start":{"line":68,"column":4},"end":{"line":96,"column":5}},"40":{"start":{"line":70,"column":23},"end":{"line":70,"column":38}},"41":{"start":{"line":72,"column":6},"end":{"line":77,"column":9}},"42":{"start":{"line":80,"column":28},"end":{"line":80,"column":75}},"43":{"start":{"line":82,"column":6},"end":{"line":82,"column":63}},"44":{"start":{"line":83,"column":6},"end":{"line":83,"column":72}},"45":{"start":{"line":84,"column":6},"end":{"line":84,"column":57}},"46":{"start":{"line":86,"column":6},"end":{"line":86,"column":26}},"47":{"start":{"line":87,"column":6},"end":{"line":87,"column":36}},"48":{"start":{"line":88,"column":6},"end":{"line":88,"column":33}},"49":{"start":{"line":89,"column":6},"end":{"line":89,"column":30}},"50":{"start":{"line":90,"column":6},"end":{"line":90,"column":27}},"51":{"start":{"line":91,"column":6},"end":{"line":91,"column":43}},"52":{"start":{"line":93,"column":6},"end":{"line":93,"column":97}},"53":{"start":{"line":95,"column":6},"end":{"line":95,"column":24}},"54":{"start":{"line":99,"column":23},"end":{"line":106,"column":3}},"55":{"start":{"line":100,"column":4},"end":{"line":100,"column":37}},"56":{"start":{"line":101,"column":4},"end":{"line":101,"column":45}},"57":{"start":{"line":102,"column":4},"end":{"line":102,"column":40}},"58":{"start":{"line":103,"column":4},"end":{"line":103,"column":25}},"59":{"start":{"line":104,"column":4},"end":{"line":104,"column":20}},"60":{"start":{"line":105,"column":4},"end":{"line":105,"column":24}},"61":{"start":{"line":108,"column":21},"end":{"line":116,"column":3}},"62":{"start":{"line":109,"column":4},"end":{"line":109,"column":28}},"63":{"start":{"line":110,"column":4},"end":{"line":110,"column":31}},"64":{"start":{"line":111,"column":4},"end":{"line":111,"column":17}},"65":{"start":{"line":112,"column":4},"end":{"line":112,"column":25}},"66":{"start":{"line":113,"column":4},"end":{"line":113,"column":25}},"67":{"start":{"line":114,"column":4},"end":{"line":114,"column":28}},"68":{"start":{"line":115,"column":4},"end":{"line":115,"column":25}},"69":{"start":{"line":118,"column":2},"end":{"line":133,"column":3}},"70":{"start":{"line":119,"column":4},"end":{"line":132,"column":6}},"71":{"start":{"line":135,"column":2},"end":{"line":232,"column":4}},"72":{"start":{"line":145,"column":27},"end":{"line":145,"column":49}},"73":{"start":{"line":151,"column":27},"end":{"line":151,"column":52}},"74":{"start":{"line":173,"column":31},"end":{"line":173,"column":63}},"75":{"start":{"line":182,"column":31},"end":{"line":182,"column":63}},"76":{"start":{"line":209,"column":31},"end":{"line":209,"column":66}},"77":{"start":{"line":218,"column":31},"end":{"line":218,"column":63}}},"fnMap":{"0":{"name":"(anonymous_0)","decl":{"start":{"line":13,"column":48},"end":{"line":13,"column":49}},"loc":{"start":{"line":13,"column":70},"end":{"line":233,"column":1}},"line":13},"1":{"name":"(anonymous_1)","decl":{"start":{"line":27,"column":12},"end":{"line":27,"column":13}},"loc":{"start":{"line":27,"column":18},"end":{"line":36,"column":3}},"line":27},"2":{"name":"(anonymous_2)","decl":{"start":{"line":38,"column":22},"end":{"line":38,"column":23}},"loc":{"start":{"line":38,"column":52},"end":{"line":61,"column":3}},"line":38},"3":{"name":"(anonymous_3)","decl":{"start":{"line":63,"column":25},"end":{"line":63,"column":26}},"loc":{"start":{"line":63,"column":55},"end":{"line":97,"column":3}},"line":63},"4":{"name":"(anonymous_4)","decl":{"start":{"line":99,"column":23},"end":{"line":99,"column":24}},"loc":{"start":{"line":99,"column":29},"end":{"line":106,"column":3}},"line":99},"5":{"name":"(anonymous_5)","decl":{"start":{"line":108,"column":21},"end":{"line":108,"column":22}},"loc":{"start":{"line":108,"column":27},"end":{"line":116,"column":3}},"line":108},"6":{"name":"(anonymous_6)","decl":{"start":{"line":145,"column":21},"end":{"line":145,"column":22}},"loc":{"start":{"line":145,"column":27},"end":{"line":145,"column":49}},"line":145},"7":{"name":"(anonymous_7)","decl":{"start":{"line":151,"column":21},"end":{"line":151,"column":22}},"loc":{"start":{"line":151,"column":27},"end":{"line":151,"column":52}},"line":151},"8":{"name":"(anonymous_8)","decl":{"start":{"line":173,"column":24},"end":{"line":173,"column":25}},"loc":{"start":{"line":173,"column":31},"end":{"line":173,"column":63}},"line":173},"9":{"name":"(anonymous_9)","decl":{"start":{"line":182,"column":24},"end":{"line":182,"column":25}},"loc":{"start":{"line":182,"column":31},"end":{"line":182,"column":63}},"line":182},"10":{"name":"(anonymous_10)","decl":{"start":{"line":209,"column":24},"end":{"line":209,"column":25}},"loc":{"start":{"line":209,"column":31},"end":{"line":209,"column":66}},"line":209},"11":{"name":"(anonymous_11)","decl":{"start":{"line":218,"column":24},"end":{"line":218,"column":25}},"loc":{"start":{"line":218,"column":31},"end":{"line":218,"column":63}},"line":218}},"branchMap":{"0":{"loc":{"start":{"line":31,"column":4},"end":{"line":35,"column":5}},"type":"if","locations":[{"start":{"line":31,"column":4},"end":{"line":35,"column":5}},{"start":{},"end":{}}],"line":31},"1":{"loc":{"start":{"line":31,"column":8},"end":{"line":31,"column":30}},"type":"binary-expr","locations":[{"start":{"line":31,"column":8},"end":{"line":31,"column":13}},{"start":{"line":31,"column":17},"end":{"line":31,"column":30}}],"line":31},"2":{"loc":{"start":{"line":57,"column":15},"end":{"line":57,"column":91}},"type":"binary-expr","locations":[{"start":{"line":57,"column":15},"end":{"line":57,"column":41}},{"start":{"line":57,"column":45},"end":{"line":57,"column":91}}],"line":57},"3":{"loc":{"start":{"line":93,"column":15},"end":{"line":93,"column":95}},"type":"binary-expr","locations":[{"start":{"line":93,"column":15},"end":{"line":93,"column":41}},{"start":{"line":93,"column":45},"end":{"line":93,"column":95}}],"line":93},"4":{"loc":{"start":{"line":118,"column":2},"end":{"line":133,"column":3}},"type":"if","locations":[{"start":{"line":118,"column":2},"end":{"line":133,"column":3}},{"start":{},"end":{}}],"line":118},"5":{"loc":{"start":{"line":142,"column":7},"end":{"line":157,"column":7}},"type":"binary-expr","locations":[{"start":{"line":142,"column":7},"end":{"line":142,"column":21}},{"start":{"line":142,"column":25},"end":{"line":142,"column":42}},{"start":{"line":143,"column":8},"end":{"line":156,"column":14}}],"line":142},"6":{"loc":{"start":{"line":159,"column":7},"end":{"line":163,"column":7}},"type":"binary-expr","locations":[{"start":{"line":159,"column":7},"end":{"line":159,"column":12}},{"start":{"line":160,"column":8},"end":{"line":162,"column":14}}],"line":159},"7":{"loc":{"start":{"line":165,"column":7},"end":{"line":195,"column":7}},"type":"binary-expr","locations":[{"start":{"line":165,"column":7},"end":{"line":165,"column":20}},{"start":{"line":166,"column":8},"end":{"line":194,"column":15}}],"line":165},"8":{"loc":{"start":{"line":188,"column":15},"end":{"line":188,"column":50}},"type":"cond-expr","locations":[{"start":{"line":188,"column":25},"end":{"line":188,"column":40}},{"start":{"line":188,"column":43},"end":{"line":188,"column":50}}],"line":188},"9":{"loc":{"start":{"line":197,"column":7},"end":{"line":230,"column":7}},"type":"binary-expr","locations":[{"start":{"line":197,"column":7},"end":{"line":197,"column":23}},{"start":{"line":198,"column":8},"end":{"line":229,"column":15}}],"line":197},"10":{"loc":{"start":{"line":223,"column":15},"end":{"line":223,"column":65}},"type":"cond-expr","locations":[{"start":{"line":223,"column":25},"end":{"line":223,"column":46}},{"start":{"line":223,"column":49},"end":{"line":223,"column":65}}],"line":223}},"s":{"0":0,"1":0,"2":0,"3":0,"4":0,"5":0,"6":0,"7":0,"8":0,"9":0,"10":0,"11":0,"12":0,"13":0,"14":0,"15":0,"16":0,"17":0,"18":0,"19":0,"20":0,"21":0,"22":0,"23":0,"24":0,"25":0,"26":0,"27":0,"28":0,"29":0,"30":0,"31":0,"32":0,"33":0,"34":0,"35":0,"36":0,"37":0,"38":0,"39":0,"40":0,"41":0,"42":0,"43":0,"44":0,"45":0,"46":0,"47":0,"48":0,"49":0,"50":0,"51":0,"52":0,"53":0,"54":0,"55":0,"56":0,"57":0,"58":0,"59":0,"60":0,"61":0,"62":0,"63":0,"64":0,"65":0,"66":0,"67":0,"68":0,"69":0,"70":0,"71":0,"72":0,"73":0,"74":0,"75":0,"76":0,"77":0},"f":{"0":0,"1":0,"2":0,"3":0,"4":0,"5":0,"6":0,"7":0,"8":0,"9":0,"10":0,"11":0},"b":{"0":[0,0],"1":[0,0],"2":[0,0],"3":[0,0],"4":[0,0],"5":[0,0,0],"6":[0,0],"7":[0,0],"8":[0,0],"9":[0,0],"10":[0,0]}}
,"/workspaces/openmakersuite/frontend/src/pages/ScanPage.tsx": {"path":"/workspaces/openmakersuite/frontend/src/pages/ScanPage.tsx","statementMap":{"0":{"start":{"line":13,"column":27},"end":{"line":472,"column":1}},"1":{"start":{"line":14,"column":21},"end":{"line":14,"column":52}},"2":{"start":{"line":15,"column":19},"end":{"line":15,"column":32}},"3":{"start":{"line":18,"column":23},"end":{"line":18,"column":79}},"4":{"start":{"line":18,"column":47},"end":{"line":18,"column":78}},"5":{"start":{"line":21,"column":26},"end":{"line":21,"column":62}},"6":{"start":{"line":22,"column":36},"end":{"line":22,"column":64}},"7":{"start":{"line":23,"column":32},"end":{"line":23,"column":46}},"8":{"start":{"line":24,"column":28},"end":{"line":24,"column":57}},"9":{"start":{"line":27,"column":40},"end":{"line":27,"column":52}},"10":{"start":{"line":28,"column":28},"end":{"line":28,"column":40}},"11":{"start":{"line":29,"column":38},"end":{"line":29,"column":53}},"12":{"start":{"line":30,"column":36},"end":{"line":30,"column":51}},"13":{"start":{"line":33,"column":50},"end":{"line":33,"column":85}},"14":{"start":{"line":34,"column":48},"end":{"line":34,"column":67}},"15":{"start":{"line":35,"column":38},"end":{"line":35,"column":57}},"16":{"start":{"line":36,"column":44},"end":{"line":36,"column":63}},"17":{"start":{"line":37,"column":52},"end":{"line":37,"column":71}},"18":{"start":{"line":39,"column":19},"end":{"line":72,"column":26}},"19":{"start":{"line":40,"column":4},"end":{"line":71,"column":5}},"20":{"start":{"line":41,"column":6},"end":{"line":41,"column":23}},"21":{"start":{"line":42,"column":27},"end":{"line":42,"column":62}},"22":{"start":{"line":43,"column":6},"end":{"line":43,"column":33}},"23":{"start":{"line":46,"column":6},"end":{"line":63,"column":7}},"24":{"start":{"line":47,"column":34},"end":{"line":47,"column":78}},"25":{"start":{"line":48,"column":29},"end":{"line":48,"column":59}},"26":{"start":{"line":49,"column":8},"end":{"line":49,"column":35}},"27":{"start":{"line":52,"column":8},"end":{"line":62,"column":9}},"28":{"start":{"line":53,"column":31},"end":{"line":55,"column":83}},"29":{"start":{"line":54,"column":25},"end":{"line":54,"column":51}},"30":{"start":{"line":55,"column":28},"end":{"line":55,"column":79}},"31":{"start":{"line":57,"column":10},"end":{"line":61,"column":11}},"32":{"start":{"line":58,"column":12},"end":{"line":58,"column":46}},"33":{"start":{"line":59,"column":12},"end":{"line":59,"column":34}},"34":{"start":{"line":60,"column":12},"end":{"line":60,"column":48}},"35":{"start":{"line":65,"column":6},"end":{"line":65,"column":21}},"36":{"start":{"line":67,"column":6},"end":{"line":67,"column":68}},"37":{"start":{"line":68,"column":6},"end":{"line":68,"column":48}},"38":{"start":{"line":70,"column":6},"end":{"line":70,"column":24}},"39":{"start":{"line":74,"column":2},"end":{"line":78,"column":25}},"40":{"start":{"line":75,"column":4},"end":{"line":77,"column":5}},"41":{"start":{"line":76,"column":6},"end":{"line":76,"column":17}},"42":{"start":{"line":81,"column":2},"end":{"line":112,"column":58}},"43":{"start":{"line":82,"column":30},"end":{"line":109,"column":5}},"44":{"start":{"line":83,"column":6},"end":{"line":108,"column":7}},"45":{"start":{"line":85,"column":8},"end":{"line":89,"column":9}},"46":{"start":{"line":87,"column":10},"end":{"line":87,"column":29}},"47":{"start":{"line":88,"column":10},"end":{"line":88,"column":17}},"48":{"start":{"line":91,"column":8},"end":{"line":107,"column":9}},"49":{"start":{"line":92,"column":10},"end":{"line":92,"column":30}},"50":{"start":{"line":93,"column":10},"end":{"line":99,"column":13}},"51":{"start":{"line":102,"column":10},"end":{"line":102,"column":30}},"52":{"start":{"line":104,"column":10},"end":{"line":104,"column":63}},"53":{"start":{"line":106,"column":10},"end":{"line":106,"column":31}},"54":{"start":{"line":111,"column":4},"end":{"line":111,"column":24}},"55":{"start":{"line":115,"column":29},"end":{"line":122,"column":8}},"56":{"start":{"line":116,"column":18},"end":{"line":116,"column":58}},"57":{"start":{"line":117,"column":17},"end":{"line":117,"column":68}},"58":{"start":{"line":119,"column":4},"end":{"line":119,"column":25}},"59":{"start":{"line":120,"column":4},"end":{"line":120,"column":27}},"60":{"start":{"line":121,"column":4},"end":{"line":121,"column":53}},"61":{"start":{"line":125,"column":31},"end":{"line":131,"column":3}},"62":{"start":{"line":126,"column":21},"end":{"line":126,"column":61}},"63":{"start":{"line":126,"column":41},"end":{"line":126,"column":60}},"64":{"start":{"line":127,"column":4},"end":{"line":130,"column":5}},"65":{"start":{"line":128,"column":6},"end":{"line":128,"column":36}},"66":{"start":{"line":129,"column":6},"end":{"line":129,"column":52}},"67":{"start":{"line":134,"column":38},"end":{"line":139,"column":3}},"68":{"start":{"line":135,"column":4},"end":{"line":135,"column":33}},"69":{"start":{"line":136,"column":4},"end":{"line":138,"column":5}},"70":{"start":{"line":137,"column":6},"end":{"line":137,"column":53}},"71":{"start":{"line":141,"column":30},"end":{"line":175,"column":3}},"72":{"start":{"line":142,"column":4},"end":{"line":142,"column":23}},"73":{"start":{"line":144,"column":4},"end":{"line":144,"column":37}},"74":{"start":{"line":144,"column":30},"end":{"line":144,"column":37}},"75":{"start":{"line":147,"column":4},"end":{"line":150,"column":5}},"76":{"start":{"line":148,"column":6},"end":{"line":148,"column":41}},"77":{"start":{"line":149,"column":6},"end":{"line":149,"column":13}},"78":{"start":{"line":152,"column":4},"end":{"line":174,"column":5}},"79":{"start":{"line":153,"column":6},"end":{"line":153,"column":26}},"80":{"start":{"line":155,"column":6},"end":{"line":163,"column":9}},"81":{"start":{"line":165,"column":6},"end":{"line":165,"column":25}},"82":{"start":{"line":166,"column":6},"end":{"line":168,"column":15}},"83":{"start":{"line":167,"column":8},"end":{"line":167,"column":22}},"84":{"start":{"line":170,"column":6},"end":{"line":170,"column":78}},"85":{"start":{"line":171,"column":6},"end":{"line":171,"column":54}},"86":{"start":{"line":173,"column":6},"end":{"line":173,"column":27}},"87":{"start":{"line":177,"column":2},"end":{"line":183,"column":3}},"88":{"start":{"line":178,"column":4},"end":{"line":182,"column":6}},"89":{"start":{"line":186,"column":2},"end":{"line":195,"column":3}},"90":{"start":{"line":187,"column":4},"end":{"line":194,"column":6}},"91":{"start":{"line":197,"column":2},"end":{"line":207,"column":3}},"92":{"start":{"line":198,"column":4},"end":{"line":206,"column":6}},"93":{"start":{"line":203,"column":33},"end":{"line":203,"column":46}},"94":{"start":{"line":209,"column":2},"end":{"line":218,"column":3}},"95":{"start":{"line":210,"column":4},"end":{"line":217,"column":6}},"96":{"start":{"line":214,"column":33},"end":{"line":214,"column":46}},"97":{"start":{"line":220,"column":2},"end":{"line":261,"column":3}},"98":{"start":{"line":222,"column":4},"end":{"line":249,"column":5}},"99":{"start":{"line":223,"column":22},"end":{"line":223,"column":49}},"100":{"start":{"line":224,"column":28},"end":{"line":228,"column":68}},"101":{"start":{"line":230,"column":6},"end":{"line":248,"column":8}},"102":{"start":{"line":251,"column":4},"end":{"line":260,"column":6}},"103":{"start":{"line":263,"column":2},"end":{"line":471,"column":4}},"104":{"start":{"line":361,"column":37},"end":{"line":361,"column":81}},"105":{"start":{"line":366,"column":35},"end":{"line":366,"column":46}},"106":{"start":{"line":367,"column":38},"end":{"line":367,"column":105}},"107":{"start":{"line":369,"column":24},"end":{"line":374,"column":33}},"108":{"start":{"line":411,"column":39},"end":{"line":411,"column":90}},"109":{"start":{"line":444,"column":35},"end":{"line":444,"column":65}},"110":{"start":{"line":454,"column":35},"end":{"line":454,"column":59}}},"fnMap":{"0":{"name":"(anonymous_0)","decl":{"start":{"line":13,"column":27},"end":{"line":13,"column":28}},"loc":{"start":{"line":13,"column":33},"end":{"line":472,"column":1}},"line":13},"1":{"name":"(anonymous_1)","decl":{"start":{"line":18,"column":41},"end":{"line":18,"column":42}},"loc":{"start":{"line":18,"column":47},"end":{"line":18,"column":78}},"line":18},"2":{"name":"(anonymous_2)","decl":{"start":{"line":39,"column":31},"end":{"line":39,"column":32}},"loc":{"start":{"line":39,"column":43},"end":{"line":72,"column":3}},"line":39},"3":{"name":"(anonymous_3)","decl":{"start":{"line":54,"column":20},"end":{"line":54,"column":21}},"loc":{"start":{"line":54,"column":25},"end":{"line":54,"column":51}},"line":54},"4":{"name":"(anonymous_4)","decl":{"start":{"line":55,"column":18},"end":{"line":55,"column":19}},"loc":{"start":{"line":55,"column":28},"end":{"line":55,"column":79}},"line":55},"5":{"name":"(anonymous_5)","decl":{"start":{"line":74,"column":12},"end":{"line":74,"column":13}},"loc":{"start":{"line":74,"column":18},"end":{"line":78,"column":3}},"line":74},"6":{"name":"(anonymous_6)","decl":{"start":{"line":81,"column":12},"end":{"line":81,"column":13}},"loc":{"start":{"line":81,"column":18},"end":{"line":112,"column":3}},"line":81},"7":{"name":"(anonymous_7)","decl":{"start":{"line":82,"column":30},"end":{"line":82,"column":31}},"loc":{"start":{"line":82,"column":42},"end":{"line":109,"column":5}},"line":82},"8":{"name":"(anonymous_8)","decl":{"start":{"line":115,"column":41},"end":{"line":115,"column":42}},"loc":{"start":{"line":115,"column":87},"end":{"line":122,"column":3}},"line":115},"9":{"name":"(anonymous_9)","decl":{"start":{"line":125,"column":31},"end":{"line":125,"column":32}},"loc":{"start":{"line":125,"column":55},"end":{"line":131,"column":3}},"line":125},"10":{"name":"(anonymous_10)","decl":{"start":{"line":126,"column":36},"end":{"line":126,"column":37}},"loc":{"start":{"line":126,"column":41},"end":{"line":126,"column":60}},"line":126},"11":{"name":"(anonymous_11)","decl":{"start":{"line":134,"column":38},"end":{"line":134,"column":39}},"loc":{"start":{"line":134,"column":60},"end":{"line":139,"column":3}},"line":134},"12":{"name":"(anonymous_12)","decl":{"start":{"line":141,"column":30},"end":{"line":141,"column":31}},"loc":{"start":{"line":141,"column":60},"end":{"line":175,"column":3}},"line":141},"13":{"name":"(anonymous_13)","decl":{"start":{"line":166,"column":17},"end":{"line":166,"column":18}},"loc":{"start":{"line":166,"column":23},"end":{"line":168,"column":7}},"line":166},"14":{"name":"(anonymous_14)","decl":{"start":{"line":203,"column":27},"end":{"line":203,"column":28}},"loc":{"start":{"line":203,"column":33},"end":{"line":203,"column":46}},"line":203},"15":{"name":"(anonymous_15)","decl":{"start":{"line":214,"column":27},"end":{"line":214,"column":28}},"loc":{"start":{"line":214,"column":33},"end":{"line":214,"column":46}},"line":214},"16":{"name":"(anonymous_16)","decl":{"start":{"line":361,"column":30},"end":{"line":361,"column":31}},"loc":{"start":{"line":361,"column":37},"end":{"line":361,"column":81}},"line":361},"17":{"name":"(anonymous_17)","decl":{"start":{"line":366,"column":30},"end":{"line":366,"column":31}},"loc":{"start":{"line":366,"column":35},"end":{"line":366,"column":46}},"line":366},"18":{"name":"(anonymous_18)","decl":{"start":{"line":367,"column":28},"end":{"line":367,"column":29}},"loc":{"start":{"line":367,"column":38},"end":{"line":367,"column":105}},"line":367},"19":{"name":"(anonymous_19)","decl":{"start":{"line":368,"column":27},"end":{"line":368,"column":28}},"loc":{"start":{"line":369,"column":24},"end":{"line":374,"column":33}},"line":369},"20":{"name":"(anonymous_20)","decl":{"start":{"line":411,"column":32},"end":{"line":411,"column":33}},"loc":{"start":{"line":411,"column":39},"end":{"line":411,"column":90}},"line":411},"21":{"name":"(anonymous_21)","decl":{"start":{"line":444,"column":28},"end":{"line":444,"column":29}},"loc":{"start":{"line":444,"column":35},"end":{"line":444,"column":65}},"line":444},"22":{"name":"(anonymous_22)","decl":{"start":{"line":454,"column":28},"end":{"line":454,"column":29}},"loc":{"start":{"line":454,"column":35},"end":{"line":454,"column":59}},"line":454}},"branchMap":{"0":{"loc":{"start":{"line":46,"column":6},"end":{"line":63,"column":7}},"type":"if","locations":[{"start":{"line":46,"column":6},"end":{"line":63,"column":7}},{"start":{},"end":{}}],"line":46},"1":{"loc":{"start":{"line":52,"column":8},"end":{"line":62,"column":9}},"type":"if","locations":[{"start":{"line":52,"column":8},"end":{"line":62,"column":9}},{"start":{},"end":{}}],"line":52},"2":{"loc":{"start":{"line":54,"column":25},"end":{"line":54,"column":51}},"type":"binary-expr","locations":[{"start":{"line":54,"column":25},"end":{"line":54,"column":36}},{"start":{"line":54,"column":40},"end":{"line":54,"column":51}}],"line":54},"3":{"loc":{"start":{"line":57,"column":10},"end":{"line":61,"column":11}},"type":"if","locations":[{"start":{"line":57,"column":10},"end":{"line":61,"column":11}},{"start":{},"end":{}}],"line":57},"4":{"loc":{"start":{"line":67,"column":15},"end":{"line":67,"column":66}},"type":"binary-expr","locations":[{"start":{"line":67,"column":15},"end":{"line":67,"column":41}},{"start":{"line":67,"column":45},"end":{"line":67,"column":66}}],"line":67},"5":{"loc":{"start":{"line":75,"column":4},"end":{"line":77,"column":5}},"type":"if","locations":[{"start":{"line":75,"column":4},"end":{"line":77,"column":5}},{"start":{},"end":{}}],"line":75},"6":{"loc":{"start":{"line":83,"column":6},"end":{"line":108,"column":7}},"type":"if","locations":[{"start":{"line":83,"column":6},"end":{"line":108,"column":7}},{"start":{},"end":{}}],"line":83},"7":{"loc":{"start":{"line":83,"column":10},"end":{"line":83,"column":58}},"type":"binary-expr","locations":[{"start":{"line":83,"column":10},"end":{"line":83,"column":21}},{"start":{"line":83,"column":25},"end":{"line":83,"column":29}},{"start":{"line":83,"column":33},"end":{"line":83,"column":44}},{"start":{"line":83,"column":48},"end":{"line":83,"column":58}}],"line":83},"8":{"loc":{"start":{"line":85,"column":8},"end":{"line":89,"column":9}},"type":"if","locations":[{"start":{"line":85,"column":8},"end":{"line":89,"column":9}},{"start":{},"end":{}}],"line":85},"9":{"loc":{"start":{"line":98,"column":22},"end":{"line":98,"column":60}},"type":"cond-expr","locations":[{"start":{"line":98,"column":43},"end":{"line":98,"column":49}},{"start":{"line":98,"column":52},"end":{"line":98,"column":60}}],"line":98},"10":{"loc":{"start":{"line":117,"column":39},"end":{"line":117,"column":67}},"type":"binary-expr","locations":[{"start":{"line":117,"column":39},"end":{"line":117,"column":60}},{"start":{"line":117,"column":64},"end":{"line":117,"column":67}}],"line":117},"11":{"loc":{"start":{"line":127,"column":4},"end":{"line":130,"column":5}},"type":"if","locations":[{"start":{"line":127,"column":4},"end":{"line":130,"column":5}},{"start":{},"end":{}}],"line":127},"12":{"loc":{"start":{"line":136,"column":4},"end":{"line":138,"column":5}},"type":"if","locations":[{"start":{"line":136,"column":4},"end":{"line":138,"column":5}},{"start":{},"end":{}}],"line":136},"13":{"loc":{"start":{"line":144,"column":4},"end":{"line":144,"column":37}},"type":"if","locations":[{"start":{"line":144,"column":4},"end":{"line":144,"column":37}},{"start":{},"end":{}}],"line":144},"14":{"loc":{"start":{"line":144,"column":8},"end":{"line":144,"column":28}},"type":"binary-expr","locations":[{"start":{"line":144,"column":8},"end":{"line":144,"column":13}},{"start":{"line":144,"column":17},"end":{"line":144,"column":28}}],"line":144},"15":{"loc":{"start":{"line":147,"column":4},"end":{"line":150,"column":5}},"type":"if","locations":[{"start":{"line":147,"column":4},"end":{"line":150,"column":5}},{"start":{},"end":{}}],"line":147},"16":{"loc":{"start":{"line":158,"column":22},"end":{"line":158,"column":43}},"type":"binary-expr","locations":[{"start":{"line":158,"column":22},"end":{"line":158,"column":33}},{"start":{"line":158,"column":37},"end":{"line":158,"column":43}}],"line":158},"17":{"loc":{"start":{"line":160,"column":18},"end":{"line":160,"column":56}},"type":"cond-expr","locations":[{"start":{"line":160,"column":39},"end":{"line":160,"column":45}},{"start":{"line":160,"column":48},"end":{"line":160,"column":56}}],"line":160},"18":{"loc":{"start":{"line":170,"column":12},"end":{"line":170,"column":76}},"type":"binary-expr","locations":[{"start":{"line":170,"column":12},"end":{"line":170,"column":38}},{"start":{"line":170,"column":42},"end":{"line":170,"column":76}}],"line":170},"19":{"loc":{"start":{"line":177,"column":2},"end":{"line":183,"column":3}},"type":"if","locations":[{"start":{"line":177,"column":2},"end":{"line":183,"column":3}},{"start":{},"end":{}}],"line":177},"20":{"loc":{"start":{"line":186,"column":2},"end":{"line":195,"column":3}},"type":"if","locations":[{"start":{"line":186,"column":2},"end":{"line":195,"column":3}},{"start":{},"end":{}}],"line":186},"21":{"loc":{"start":{"line":186,"column":6},"end":{"line":186,"column":31}},"type":"binary-expr","locations":[{"start":{"line":186,"column":6},"end":{"line":186,"column":17}},{"start":{"line":186,"column":21},"end":{"line":186,"column":31}}],"line":186},"22":{"loc":{"start":{"line":197,"column":2},"end":{"line":207,"column":3}},"type":"if","locations":[{"start":{"line":197,"column":2},"end":{"line":207,"column":3}},{"start":{},"end":{}}],"line":197},"23":{"loc":{"start":{"line":209,"column":2},"end":{"line":218,"column":3}},"type":"if","locations":[{"start":{"line":209,"column":2},"end":{"line":218,"column":3}},{"start":{},"end":{}}],"line":209},"24":{"loc":{"start":{"line":220,"column":2},"end":{"line":261,"column":3}},"type":"if","locations":[{"start":{"line":220,"column":2},"end":{"line":261,"column":3}},{"start":{},"end":{}}],"line":220},"25":{"loc":{"start":{"line":222,"column":4},"end":{"line":249,"column":5}},"type":"if","locations":[{"start":{"line":222,"column":4},"end":{"line":249,"column":5}},{"start":{},"end":{}}],"line":222},"26":{"loc":{"start":{"line":222,"column":8},"end":{"line":222,"column":65}},"type":"binary-expr","locations":[{"start":{"line":222,"column":8},"end":{"line":222,"column":33}},{"start":{"line":222,"column":37},"end":{"line":222,"column":65}}],"line":222},"27":{"loc":{"start":{"line":224,"column":28},"end":{"line":228,"column":68}},"type":"binary-expr","locations":[{"start":{"line":224,"column":28},"end":{"line":228,"column":23}},{"start":{"line":228,"column":27},"end":{"line":228,"column":68}}],"line":224},"28":{"loc":{"start":{"line":227,"column":58},"end":{"line":227,"column":82}},"type":"binary-expr","locations":[{"start":{"line":227,"column":58},"end":{"line":227,"column":76}},{"start":{"line":227,"column":80},"end":{"line":227,"column":82}}],"line":227},"29":{"loc":{"start":{"line":239,"column":15},"end":{"line":239,"column":99}},"type":"binary-expr","locations":[{"start":{"line":239,"column":15},"end":{"line":239,"column":35}},{"start":{"line":239,"column":39},"end":{"line":239,"column":99}}],"line":239},"30":{"loc":{"start":{"line":240,"column":15},"end":{"line":242,"column":15}},"type":"binary-expr","locations":[{"start":{"line":240,"column":15},"end":{"line":240,"column":42}},{"start":{"line":241,"column":16},"end":{"line":241,"column":119}}],"line":240},"31":{"loc":{"start":{"line":267,"column":11},"end":{"line":269,"column":11}},"type":"binary-expr","locations":[{"start":{"line":267,"column":11},"end":{"line":267,"column":21}},{"start":{"line":268,"column":12},"end":{"line":268,"column":75}}],"line":267},"32":{"loc":{"start":{"line":272,"column":13},"end":{"line":272,"column":63}},"type":"binary-expr","locations":[{"start":{"line":272,"column":13},"end":{"line":272,"column":21}},{"start":{"line":272,"column":25},"end":{"line":272,"column":63}}],"line":272},"33":{"loc":{"start":{"line":287,"column":40},"end":{"line":287,"column":77}},"type":"cond-expr","locations":[{"start":{"line":287,"column":61},"end":{"line":287,"column":72}},{"start":{"line":287,"column":75},"end":{"line":287,"column":77}}],"line":287},"34":{"loc":{"start":{"line":302,"column":13},"end":{"line":307,"column":13}},"type":"binary-expr","locations":[{"start":{"line":302,"column":13},"end":{"line":302,"column":31}},{"start":{"line":303,"column":14},"end":{"line":306,"column":20}}],"line":302},"35":{"loc":{"start":{"line":309,"column":13},"end":{"line":314,"column":13}},"type":"binary-expr","locations":[{"start":{"line":309,"column":13},"end":{"line":309,"column":27}},{"start":{"line":310,"column":14},"end":{"line":313,"column":20}}],"line":309},"36":{"loc":{"start":{"line":317,"column":11},"end":{"line":322,"column":11}},"type":"binary-expr","locations":[{"start":{"line":317,"column":11},"end":{"line":317,"column":29}},{"start":{"line":318,"column":12},"end":{"line":321,"column":18}}],"line":317},"37":{"loc":{"start":{"line":325,"column":9},"end":{"line":331,"column":9}},"type":"binary-expr","locations":[{"start":{"line":325,"column":9},"end":{"line":325,"column":20}},{"start":{"line":325,"column":24},"end":{"line":325,"column":35}},{"start":{"line":326,"column":10},"end":{"line":330,"column":16}}],"line":325},"38":{"loc":{"start":{"line":333,"column":9},"end":{"line":349,"column":9}},"type":"binary-expr","locations":[{"start":{"line":333,"column":9},"end":{"line":333,"column":19}},{"start":{"line":333,"column":23},"end":{"line":333,"column":47}},{"start":{"line":333,"column":51},"end":{"line":333,"column":78}},{"start":{"line":334,"column":10},"end":{"line":348,"column":16}}],"line":333},"39":{"loc":{"start":{"line":341,"column":15},"end":{"line":343,"column":15}},"type":"binary-expr","locations":[{"start":{"line":341,"column":15},"end":{"line":341,"column":55}},{"start":{"line":342,"column":16},"end":{"line":342,"column":96}}],"line":341},"40":{"loc":{"start":{"line":344,"column":15},"end":{"line":346,"column":15}},"type":"binary-expr","locations":[{"start":{"line":344,"column":15},"end":{"line":344,"column":42}},{"start":{"line":345,"column":16},"end":{"line":345,"column":119}}],"line":344},"41":{"loc":{"start":{"line":351,"column":9},"end":{"line":468,"column":9}},"type":"binary-expr","locations":[{"start":{"line":351,"column":9},"end":{"line":351,"column":19}},{"start":{"line":351,"column":23},"end":{"line":351,"column":48}},{"start":{"line":352,"column":10},"end":{"line":467,"column":17}}],"line":351},"42":{"loc":{"start":{"line":355,"column":13},"end":{"line":378,"column":15}},"type":"binary-expr","locations":[{"start":{"line":355,"column":13},"end":{"line":355,"column":33}},{"start":{"line":356,"column":16},"end":{"line":377,"column":22}}],"line":355},"43":{"loc":{"start":{"line":360,"column":27},"end":{"line":360,"column":53}},"type":"binary-expr","locations":[{"start":{"line":360,"column":27},"end":{"line":360,"column":47}},{"start":{"line":360,"column":51},"end":{"line":360,"column":53}}],"line":360},"44":{"loc":{"start":{"line":367,"column":49},"end":{"line":367,"column":69}},"type":"binary-expr","locations":[{"start":{"line":367,"column":49},"end":{"line":367,"column":60}},{"start":{"line":367,"column":64},"end":{"line":367,"column":69}}],"line":367},"45":{"loc":{"start":{"line":367,"column":84},"end":{"line":367,"column":104}},"type":"binary-expr","locations":[{"start":{"line":367,"column":84},"end":{"line":367,"column":95}},{"start":{"line":367,"column":99},"end":{"line":367,"column":104}}],"line":367},"46":{"loc":{"start":{"line":372,"column":27},"end":{"line":373,"column":71}},"type":"binary-expr","locations":[{"start":{"line":372,"column":27},"end":{"line":372,"column":92}},{"start":{"line":373,"column":28},"end":{"line":373,"column":71}}],"line":372},"47":{"loc":{"start":{"line":380,"column":15},"end":{"line":436,"column":15}},"type":"binary-expr","locations":[{"start":{"line":380,"column":15},"end":{"line":380,"column":31}},{"start":{"line":381,"column":16},"end":{"line":435,"column":19}}],"line":380},"48":{"loc":{"start":{"line":397,"column":23},"end":{"line":401,"column":23}},"type":"binary-expr","locations":[{"start":{"line":397,"column":23},"end":{"line":397,"column":96}},{"start":{"line":398,"column":24},"end":{"line":400,"column":30}}],"line":397},"49":{"loc":{"start":{"line":463,"column":26},"end":{"line":463,"column":57}},"type":"binary-expr","locations":[{"start":{"line":463,"column":26},"end":{"line":463,"column":36}},{"start":{"line":463,"column":40},"end":{"line":463,"column":57}}],"line":463},"50":{"loc":{"start":{"line":465,"column":17},"end":{"line":465,"column":77}},"type":"cond-expr","locations":[{"start":{"line":465,"column":30},"end":{"line":465,"column":45}},{"start":{"line":465,"column":48},"end":{"line":465,"column":77}}],"line":465}},"s":{"0":1,"1":16,"2":15,"3":15,"4":6,"5":15,"6":15,"7":15,"8":15,"9":15,"10":15,"11":15,"12":15,"13":15,"14":15,"15":15,"16":15,"17":15,"18":15,"19":6,"20":6,"21":6,"22":4,"23":4,"24":3,"25":3,"26":3,"27":3,"28":1,"29":1,"30":0,"31":1,"32":1,"33":1,"34":1,"35":4,"36":1,"37":1,"38":5,"39":15,"40":6,"41":6,"42":15,"43":12,"44":12,"45":1,"46":0,"47":0,"48":1,"49":1,"50":1,"51":1,"52":0,"53":0,"54":12,"55":15,"56":1,"57":1,"58":1,"59":1,"60":1,"61":15,"62":0,"63":0,"64":0,"65":0,"66":0,"67":15,"68":0,"69":0,"70":0,"71":15,"72":1,"73":1,"74":0,"75":1,"76":0,"77":0,"78":1,"79":1,"80":1,"81":1,"82":1,"83":0,"84":0,"85":0,"86":1,"87":15,"88":6,"89":9,"90":1,"91":8,"92":1,"93":0,"94":7,"95":0,"96":0,"97":7,"98":0,"99":0,"100":0,"101":0,"102":0,"103":7,"104":0,"105":4,"106":0,"107":4,"108":0,"109":1,"110":1},"f":{"0":16,"1":6,"2":6,"3":1,"4":0,"5":6,"6":12,"7":12,"8":1,"9":0,"10":0,"11":0,"12":1,"13":0,"14":0,"15":0,"16":0,"17":4,"18":0,"19":4,"20":0,"21":1,"22":1},"b":{"0":[3,1],"1":[1,2],"2":[1,1],"3":[1,0],"4":[1,0],"5":[6,0],"6":[1,11],"7":[12,5,2,1],"8":[0,1],"9":[0,1],"10":[1,1],"11":[0,0],"12":[0,0],"13":[0,1],"14":[1,1],"15":[0,1],"16":[1,0],"17":[0,1],"18":[0,0],"19":[6,9],"20":[1,8],"21":[9,3],"22":[1,7],"23":[0,7],"24":[0,7],"25":[0,0],"26":[0,0],"27":[0,0],"28":[0,0],"29":[0,0],"30":[0,0],"31":[7,0],"32":[7,7],"33":[1,6],"34":[7,7],"35":[7,7],"36":[7,1],"37":[7,1,1],"38":[7,6,0,0],"39":[0,0],"40":[0,0],"41":[7,6,6],"42":[6,4],"43":[4,0],"44":[0,0],"45":[0,0],"46":[4,4],"47":[6,4],"48":[4,4],"49":[6,5],"50":[1,5]},"_coverageSchema":"1a1c01bbd47fc00a2c39e90264f33305004495a9","hash":"5837fc1b7bf8b85a52509e76e213f6b459f028f5"}
,"/workspaces/openmakersuite/frontend/src/pages/TVDashboard.tsx": {"path":"/workspaces/openmakersuite/frontend/src/pages/TVDashboard.tsx","statementMap":{"0":{"start":{"line":11,"column":14},"end":{"line":16,"column":2}},"1":{"start":{"line":18,"column":30},"end":{"line":527,"column":1}},"2":{"start":{"line":19,"column":46},"end":{"line":19,"column":75}},"3":{"start":{"line":20,"column":32},"end":{"line":20,"column":46}},"4":{"start":{"line":21,"column":28},"end":{"line":21,"column":57}},"5":{"start":{"line":22,"column":40},"end":{"line":22,"column":66}},"6":{"start":{"line":23,"column":56},"end":{"line":23,"column":67}},"7":{"start":{"line":26,"column":19},"end":{"line":32,"column":4}},"8":{"start":{"line":35,"column":25},"end":{"line":52,"column":7}},"9":{"start":{"line":36,"column":24},"end":{"line":36,"column":61}},"10":{"start":{"line":37,"column":4},"end":{"line":43,"column":5}},"11":{"start":{"line":38,"column":6},"end":{"line":42,"column":7}},"12":{"start":{"line":39,"column":8},"end":{"line":39,"column":39}},"13":{"start":{"line":41,"column":8},"end":{"line":41,"column":81}},"14":{"start":{"line":45,"column":4},"end":{"line":51,"column":6}},"15":{"start":{"line":55,"column":27},"end":{"line":55,"column":98}},"16":{"start":{"line":57,"column":30},"end":{"line":86,"column":3}},"17":{"start":{"line":58,"column":4},"end":{"line":85,"column":5}},"18":{"start":{"line":59,"column":6},"end":{"line":59,"column":21}},"19":{"start":{"line":61,"column":23},"end":{"line":61,"column":90}},"20":{"start":{"line":62,"column":6},"end":{"line":62,"column":39}},"21":{"start":{"line":63,"column":6},"end":{"line":63,"column":33}},"22":{"start":{"line":65,"column":6},"end":{"line":65,"column":60}},"23":{"start":{"line":66,"column":6},"end":{"line":72,"column":9}},"24":{"start":{"line":74,"column":6},"end":{"line":82,"column":7}},"25":{"start":{"line":75,"column":8},"end":{"line":75,"column":76}},"26":{"start":{"line":76,"column":13},"end":{"line":82,"column":7}},"27":{"start":{"line":77,"column":8},"end":{"line":77,"column":74}},"28":{"start":{"line":78,"column":13},"end":{"line":82,"column":7}},"29":{"start":{"line":79,"column":8},"end":{"line":79,"column":69}},"30":{"start":{"line":81,"column":8},"end":{"line":81,"column":109}},"31":{"start":{"line":84,"column":6},"end":{"line":84,"column":24}},"32":{"start":{"line":88,"column":2},"end":{"line":96,"column":9}},"33":{"start":{"line":90,"column":4},"end":{"line":90,"column":26}},"34":{"start":{"line":93,"column":21},"end":{"line":93,"column":60}},"35":{"start":{"line":95,"column":4},"end":{"line":95,"column":41}},"36":{"start":{"line":95,"column":17},"end":{"line":95,"column":40}},"37":{"start":{"line":99,"column":2},"end":{"line":109,"column":48}},"38":{"start":{"line":100,"column":4},"end":{"line":100,"column":43}},"39":{"start":{"line":100,"column":36},"end":{"line":100,"column":43}},"40":{"start":{"line":102,"column":21},"end":{"line":106,"column":24}},"41":{"start":{"line":103,"column":6},"end":{"line":105,"column":8}},"42":{"start":{"line":104,"column":8},"end":{"line":104,"column":47}},"43":{"start":{"line":108,"column":4},"end":{"line":108,"column":41}},"44":{"start":{"line":108,"column":17},"end":{"line":108,"column":40}},"45":{"start":{"line":111,"column":23},"end":{"line":118,"column":3}},"46":{"start":{"line":112,"column":20},"end":{"line":112,"column":47}},"47":{"start":{"line":113,"column":4},"end":{"line":117,"column":6}},"48":{"start":{"line":120,"column":33},"end":{"line":135,"column":3}},"49":{"start":{"line":121,"column":17},"end":{"line":121,"column":37}},"50":{"start":{"line":122,"column":18},"end":{"line":122,"column":28}},"51":{"start":{"line":123,"column":21},"end":{"line":123,"column":53}},"52":{"start":{"line":124,"column":21},"end":{"line":124,"column":64}},"53":{"start":{"line":126,"column":4},"end":{"line":134,"column":5}},"54":{"start":{"line":127,"column":6},"end":{"line":127,"column":53}},"55":{"start":{"line":128,"column":11},"end":{"line":134,"column":5}},"56":{"start":{"line":129,"column":6},"end":{"line":129,"column":30}},"57":{"start":{"line":130,"column":11},"end":{"line":134,"column":5}},"58":{"start":{"line":131,"column":6},"end":{"line":131,"column":33}},"59":{"start":{"line":133,"column":6},"end":{"line":133,"column":44}},"60":{"start":{"line":137,"column":28},"end":{"line":167,"column":3}},"61":{"start":{"line":138,"column":20},"end":{"line":138,"column":47}},"62":{"start":{"line":139,"column":4},"end":{"line":139,"column":71}},"63":{"start":{"line":139,"column":18},"end":{"line":139,"column":71}},"64":{"start":{"line":141,"column":4},"end":{"line":166,"column":5}},"65":{"start":{"line":143,"column":8},"end":{"line":147,"column":10}},"66":{"start":{"line":149,"column":8},"end":{"line":153,"column":10}},"67":{"start":{"line":155,"column":8},"end":{"line":159,"column":10}},"68":{"start":{"line":161,"column":8},"end":{"line":165,"column":10}},"69":{"start":{"line":169,"column":27},"end":{"line":177,"column":3}},"70":{"start":{"line":170,"column":4},"end":{"line":170,"column":31}},"71":{"start":{"line":170,"column":21},"end":{"line":170,"column":31}},"72":{"start":{"line":171,"column":17},"end":{"line":171,"column":37}},"73":{"start":{"line":172,"column":4},"end":{"line":176,"column":7}},"74":{"start":{"line":179,"column":22},"end":{"line":188,"column":3}},"75":{"start":{"line":180,"column":4},"end":{"line":180,"column":29}},"76":{"start":{"line":180,"column":19},"end":{"line":180,"column":29}},"77":{"start":{"line":182,"column":4},"end":{"line":184,"column":5}},"78":{"start":{"line":183,"column":6},"end":{"line":183,"column":22}},"79":{"start":{"line":186,"column":20},"end":{"line":186,"column":76}},"80":{"start":{"line":187,"column":4},"end":{"line":187,"column":54}},"81":{"start":{"line":191,"column":30},"end":{"line":199,"column":3}},"82":{"start":{"line":192,"column":4},"end":{"line":198,"column":5}},"83":{"start":{"line":193,"column":22},"end":{"line":193,"column":45}},"84":{"start":{"line":194,"column":23},"end":{"line":194,"column":47}},"85":{"start":{"line":195,"column":22},"end":{"line":195,"column":44}},"86":{"start":{"line":196,"column":24},"end":{"line":196,"column":49}},"87":{"start":{"line":197,"column":15},"end":{"line":197,"column":38}},"88":{"start":{"line":201,"column":28},"end":{"line":255,"column":3}},"89":{"start":{"line":202,"column":20},"end":{"line":202,"column":47}},"90":{"start":{"line":203,"column":4},"end":{"line":203,"column":77}},"91":{"start":{"line":203,"column":18},"end":{"line":203,"column":77}},"92":{"start":{"line":205,"column":19},"end":{"line":211,"column":5}},"93":{"start":{"line":213,"column":23},"end":{"line":213,"column":24}},"94":{"start":{"line":214,"column":24},"end":{"line":214,"column":54}},"95":{"start":{"line":216,"column":4},"end":{"line":218,"column":5}},"96":{"start":{"line":217,"column":6},"end":{"line":217,"column":61}},"97":{"start":{"line":221,"column":4},"end":{"line":252,"column":5}},"98":{"start":{"line":223,"column":8},"end":{"line":223,"column":56}},"99":{"start":{"line":223,"column":32},"end":{"line":223,"column":54}},"100":{"start":{"line":224,"column":8},"end":{"line":224,"column":25}},"101":{"start":{"line":225,"column":8},"end":{"line":225,"column":14}},"102":{"start":{"line":228,"column":32},"end":{"line":228,"column":59}},"103":{"start":{"line":229,"column":8},"end":{"line":240,"column":9}},"104":{"start":{"line":230,"column":10},"end":{"line":230,"column":37}},"105":{"start":{"line":231,"column":10},"end":{"line":231,"column":37}},"106":{"start":{"line":232,"column":10},"end":{"line":232,"column":37}},"107":{"start":{"line":233,"column":10},"end":{"line":233,"column":38}},"108":{"start":{"line":234,"column":10},"end":{"line":234,"column":27}},"109":{"start":{"line":236,"column":10},"end":{"line":236,"column":37}},"110":{"start":{"line":237,"column":10},"end":{"line":237,"column":37}},"111":{"start":{"line":238,"column":10},"end":{"line":238,"column":38}},"112":{"start":{"line":239,"column":10},"end":{"line":239,"column":27}},"113":{"start":{"line":241,"column":8},"end":{"line":241,"column":14}},"114":{"start":{"line":243,"column":8},"end":{"line":243,"column":35}},"115":{"start":{"line":244,"column":8},"end":{"line":244,"column":36}},"116":{"start":{"line":245,"column":8},"end":{"line":245,"column":25}},"117":{"start":{"line":246,"column":8},"end":{"line":246,"column":14}},"118":{"start":{"line":249,"column":8},"end":{"line":249,"column":36}},"119":{"start":{"line":250,"column":8},"end":{"line":250,"column":25}},"120":{"start":{"line":251,"column":8},"end":{"line":251,"column":14}},"121":{"start":{"line":254,"column":4},"end":{"line":254,"column":49}},"122":{"start":{"line":257,"column":28},"end":{"line":263,"column":3}},"123":{"start":{"line":258,"column":4},"end":{"line":262,"column":7}},"124":{"start":{"line":265,"column":2},"end":{"line":274,"column":3}},"125":{"start":{"line":266,"column":4},"end":{"line":273,"column":6}},"126":{"start":{"line":276,"column":2},"end":{"line":287,"column":3}},"127":{"start":{"line":277,"column":4},"end":{"line":286,"column":6}},"128":{"start":{"line":289,"column":2},"end":{"line":526,"column":4}},"129":{"start":{"line":326,"column":32},"end":{"line":326,"column":50}},"130":{"start":{"line":327,"column":14},"end":{"line":489,"column":16}},"131":{"start":{"line":340,"column":43},"end":{"line":340,"column":72}},"132":{"start":{"line":341,"column":28},"end":{"line":346,"column":29}},"133":{"start":{"line":342,"column":46},"end":{"line":342,"column":96}},"134":{"start":{"line":343,"column":30},"end":{"line":345,"column":31}},"135":{"start":{"line":344,"column":32},"end":{"line":344,"column":80}},"136":{"start":{"line":350,"column":49},"end":{"line":350,"column":72}},"137":{"start":{"line":351,"column":49},"end":{"line":351,"column":76}},"138":{"start":{"line":353,"column":28},"end":{"line":375,"column":29}},"139":{"start":{"line":354,"column":30},"end":{"line":354,"column":65}},"140":{"start":{"line":357,"column":45},"end":{"line":357,"column":74}},"141":{"start":{"line":358,"column":30},"end":{"line":374,"column":31}},"142":{"start":{"line":359,"column":32},"end":{"line":359,"column":71}},"143":{"start":{"line":360,"column":48},"end":{"line":360,"column":98}},"144":{"start":{"line":361,"column":32},"end":{"line":363,"column":33}},"145":{"start":{"line":362,"column":34},"end":{"line":362,"column":82}},"146":{"start":{"line":364,"column":52},"end":{"line":364,"column":103}},"147":{"start":{"line":365,"column":32},"end":{"line":373,"column":33}},"148":{"start":{"line":366,"column":34},"end":{"line":366,"column":86}},"149":{"start":{"line":368,"column":51},"end":{"line":368,"column":80}},"150":{"start":{"line":369,"column":34},"end":{"line":369,"column":102}},"151":{"start":{"line":370,"column":34},"end":{"line":370,"column":73}},"152":{"start":{"line":371,"column":34},"end":{"line":371,"column":66}},"153":{"start":{"line":372,"column":34},"end":{"line":372,"column":63}},"154":{"start":{"line":418,"column":68},"end":{"line":418,"column":91}},"155":{"start":{"line":420,"column":22},"end":{"line":427,"column":23}},"156":{"start":{"line":421,"column":24},"end":{"line":426,"column":26}},"157":{"start":{"line":429,"column":49},"end":{"line":429,"column":114}},"158":{"start":{"line":431,"column":22},"end":{"line":458,"column":24}},"159":{"start":{"line":440,"column":30},"end":{"line":454,"column":36}},"160":{"start":{"line":469,"column":45},"end":{"line":469,"column":68}},"161":{"start":{"line":470,"column":26},"end":{"line":482,"column":28}}},"fnMap":{"0":{"name":"(anonymous_0)","decl":{"start":{"line":18,"column":30},"end":{"line":18,"column":31}},"loc":{"start":{"line":18,"column":36},"end":{"line":527,"column":1}},"line":18},"1":{"name":"(anonymous_1)","decl":{"start":{"line":35,"column":34},"end":{"line":35,"column":35}},"loc":{"start":{"line":35,"column":40},"end":{"line":52,"column":3}},"line":35},"2":{"name":"(anonymous_2)","decl":{"start":{"line":57,"column":30},"end":{"line":57,"column":31}},"loc":{"start":{"line":57,"column":42},"end":{"line":86,"column":3}},"line":57},"3":{"name":"(anonymous_3)","decl":{"start":{"line":88,"column":12},"end":{"line":88,"column":13}},"loc":{"start":{"line":88,"column":18},"end":{"line":96,"column":3}},"line":88},"4":{"name":"(anonymous_4)","decl":{"start":{"line":95,"column":11},"end":{"line":95,"column":12}},"loc":{"start":{"line":95,"column":17},"end":{"line":95,"column":40}},"line":95},"5":{"name":"(anonymous_5)","decl":{"start":{"line":99,"column":12},"end":{"line":99,"column":13}},"loc":{"start":{"line":99,"column":18},"end":{"line":109,"column":3}},"line":99},"6":{"name":"(anonymous_6)","decl":{"start":{"line":102,"column":33},"end":{"line":102,"column":34}},"loc":{"start":{"line":102,"column":39},"end":{"line":106,"column":5}},"line":102},"7":{"name":"(anonymous_7)","decl":{"start":{"line":103,"column":29},"end":{"line":103,"column":30}},"loc":{"start":{"line":104,"column":8},"end":{"line":104,"column":47}},"line":104},"8":{"name":"(anonymous_8)","decl":{"start":{"line":108,"column":11},"end":{"line":108,"column":12}},"loc":{"start":{"line":108,"column":17},"end":{"line":108,"column":40}},"line":108},"9":{"name":"(anonymous_9)","decl":{"start":{"line":111,"column":23},"end":{"line":111,"column":24}},"loc":{"start":{"line":111,"column":48},"end":{"line":118,"column":3}},"line":111},"10":{"name":"(anonymous_10)","decl":{"start":{"line":120,"column":33},"end":{"line":120,"column":34}},"loc":{"start":{"line":120,"column":57},"end":{"line":135,"column":3}},"line":120},"11":{"name":"(anonymous_11)","decl":{"start":{"line":137,"column":28},"end":{"line":137,"column":29}},"loc":{"start":{"line":137,"column":53},"end":{"line":167,"column":3}},"line":137},"12":{"name":"(anonymous_12)","decl":{"start":{"line":169,"column":27},"end":{"line":169,"column":28}},"loc":{"start":{"line":169,"column":58},"end":{"line":177,"column":3}},"line":169},"13":{"name":"(anonymous_13)","decl":{"start":{"line":179,"column":22},"end":{"line":179,"column":23}},"loc":{"start":{"line":179,"column":51},"end":{"line":188,"column":3}},"line":179},"14":{"name":"(anonymous_14)","decl":{"start":{"line":191,"column":30},"end":{"line":191,"column":31}},"loc":{"start":{"line":191,"column":50},"end":{"line":199,"column":3}},"line":191},"15":{"name":"(anonymous_15)","decl":{"start":{"line":201,"column":28},"end":{"line":201,"column":29}},"loc":{"start":{"line":201,"column":53},"end":{"line":255,"column":3}},"line":201},"16":{"name":"(anonymous_16)","decl":{"start":{"line":223,"column":23},"end":{"line":223,"column":24}},"loc":{"start":{"line":223,"column":32},"end":{"line":223,"column":54}},"line":223},"17":{"name":"(anonymous_17)","decl":{"start":{"line":257,"column":28},"end":{"line":257,"column":29}},"loc":{"start":{"line":257,"column":44},"end":{"line":263,"column":3}},"line":257},"18":{"name":"(anonymous_18)","decl":{"start":{"line":325,"column":32},"end":{"line":325,"column":33}},"loc":{"start":{"line":325,"column":42},"end":{"line":490,"column":13}},"line":325},"19":{"name":"(anonymous_19)","decl":{"start":{"line":338,"column":34},"end":{"line":338,"column":35}},"loc":{"start":{"line":338,"column":41},"end":{"line":347,"column":27}},"line":338},"20":{"name":"(anonymous_20)","decl":{"start":{"line":348,"column":35},"end":{"line":348,"column":36}},"loc":{"start":{"line":348,"column":42},"end":{"line":376,"column":27}},"line":348},"21":{"name":"(anonymous_21)","decl":{"start":{"line":417,"column":22},"end":{"line":417,"column":23}},"loc":{"start":{"line":417,"column":28},"end":{"line":459,"column":21}},"line":417},"22":{"name":"(anonymous_22)","decl":{"start":{"line":439,"column":40},"end":{"line":439,"column":41}},"loc":{"start":{"line":440,"column":30},"end":{"line":454,"column":36}},"line":440},"23":{"name":"(anonymous_23)","decl":{"start":{"line":468,"column":26},"end":{"line":468,"column":27}},"loc":{"start":{"line":468,"column":32},"end":{"line":483,"column":25}},"line":468}},"branchMap":{"0":{"loc":{"start":{"line":12,"column":11},"end":{"line":12,"column":67}},"type":"binary-expr","locations":[{"start":{"line":12,"column":11},"end":{"line":12,"column":40}},{"start":{"line":12,"column":44},"end":{"line":12,"column":67}}],"line":12},"1":{"loc":{"start":{"line":27,"column":11},"end":{"line":27,"column":81}},"type":"binary-expr","locations":[{"start":{"line":27,"column":11},"end":{"line":27,"column":48}},{"start":{"line":27,"column":52},"end":{"line":27,"column":81}}],"line":27},"2":{"loc":{"start":{"line":28,"column":14},"end":{"line":28,"column":74}},"type":"binary-expr","locations":[{"start":{"line":28,"column":14},"end":{"line":28,"column":54}},{"start":{"line":28,"column":58},"end":{"line":28,"column":74}}],"line":28},"3":{"loc":{"start":{"line":29,"column":10},"end":{"line":29,"column":54}},"type":"binary-expr","locations":[{"start":{"line":29,"column":10},"end":{"line":29,"column":46}},{"start":{"line":29,"column":50},"end":{"line":29,"column":54}}],"line":29},"4":{"loc":{"start":{"line":37,"column":4},"end":{"line":43,"column":5}},"type":"if","locations":[{"start":{"line":37,"column":4},"end":{"line":43,"column":5}},{"start":{},"end":{}}],"line":37},"5":{"loc":{"start":{"line":55,"column":36},"end":{"line":55,"column":90}},"type":"binary-expr","locations":[{"start":{"line":55,"column":36},"end":{"line":55,"column":82}},{"start":{"line":55,"column":86},"end":{"line":55,"column":90}}],"line":55},"6":{"loc":{"start":{"line":74,"column":6},"end":{"line":82,"column":7}},"type":"if","locations":[{"start":{"line":74,"column":6},"end":{"line":82,"column":7}},{"start":{"line":76,"column":13},"end":{"line":82,"column":7}}],"line":74},"7":{"loc":{"start":{"line":76,"column":13},"end":{"line":82,"column":7}},"type":"if","locations":[{"start":{"line":76,"column":13},"end":{"line":82,"column":7}},{"start":{"line":78,"column":13},"end":{"line":82,"column":7}}],"line":76},"8":{"loc":{"start":{"line":78,"column":13},"end":{"line":82,"column":7}},"type":"if","locations":[{"start":{"line":78,"column":13},"end":{"line":82,"column":7}},{"start":{"line":80,"column":13},"end":{"line":82,"column":7}}],"line":78},"9":{"loc":{"start":{"line":81,"column":51},"end":{"line":81,"column":104}},"type":"binary-expr","locations":[{"start":{"line":81,"column":51},"end":{"line":81,"column":72}},{"start":{"line":81,"column":76},"end":{"line":81,"column":85}},{"start":{"line":81,"column":89},"end":{"line":81,"column":104}}],"line":81},"10":{"loc":{"start":{"line":100,"column":4},"end":{"line":100,"column":43}},"type":"if","locations":[{"start":{"line":100,"column":4},"end":{"line":100,"column":43}},{"start":{},"end":{}}],"line":100},"11":{"loc":{"start":{"line":114,"column":16},"end":{"line":114,"column":58}},"type":"binary-expr","locations":[{"start":{"line":114,"column":16},"end":{"line":114,"column":33}},{"start":{"line":114,"column":37},"end":{"line":114,"column":58}}],"line":114},"12":{"loc":{"start":{"line":115,"column":23},"end":{"line":115,"column":45}},"type":"binary-expr","locations":[{"start":{"line":115,"column":23},"end":{"line":115,"column":40}},{"start":{"line":115,"column":44},"end":{"line":115,"column":45}}],"line":115},"13":{"loc":{"start":{"line":126,"column":4},"end":{"line":134,"column":5}},"type":"if","locations":[{"start":{"line":126,"column":4},"end":{"line":134,"column":5}},{"start":{"line":128,"column":11},"end":{"line":134,"column":5}}],"line":126},"14":{"loc":{"start":{"line":128,"column":11},"end":{"line":134,"column":5}},"type":"if","locations":[{"start":{"line":128,"column":11},"end":{"line":134,"column":5}},{"start":{"line":130,"column":11},"end":{"line":134,"column":5}}],"line":128},"15":{"loc":{"start":{"line":130,"column":11},"end":{"line":134,"column":5}},"type":"if","locations":[{"start":{"line":130,"column":11},"end":{"line":134,"column":5}},{"start":{"line":132,"column":11},"end":{"line":134,"column":5}}],"line":130},"16":{"loc":{"start":{"line":139,"column":4},"end":{"line":139,"column":71}},"type":"if","locations":[{"start":{"line":139,"column":4},"end":{"line":139,"column":71}},{"start":{},"end":{}}],"line":139},"17":{"loc":{"start":{"line":141,"column":4},"end":{"line":166,"column":5}},"type":"switch","locations":[{"start":{"line":142,"column":6},"end":{"line":147,"column":10}},{"start":{"line":148,"column":6},"end":{"line":153,"column":10}},{"start":{"line":154,"column":6},"end":{"line":159,"column":10}},{"start":{"line":160,"column":6},"end":{"line":165,"column":10}}],"line":141},"18":{"loc":{"start":{"line":151,"column":16},"end":{"line":151,"column":59}},"type":"binary-expr","locations":[{"start":{"line":151,"column":16},"end":{"line":151,"column":35}},{"start":{"line":151,"column":39},"end":{"line":151,"column":59}}],"line":151},"19":{"loc":{"start":{"line":152,"column":14},"end":{"line":152,"column":57}},"type":"binary-expr","locations":[{"start":{"line":152,"column":14},"end":{"line":152,"column":33}},{"start":{"line":152,"column":37},"end":{"line":152,"column":57}}],"line":152},"20":{"loc":{"start":{"line":157,"column":16},"end":{"line":157,"column":81}},"type":"binary-expr","locations":[{"start":{"line":157,"column":16},"end":{"line":157,"column":34}},{"start":{"line":157,"column":38},"end":{"line":157,"column":57}},{"start":{"line":157,"column":61},"end":{"line":157,"column":81}}],"line":157},"21":{"loc":{"start":{"line":158,"column":14},"end":{"line":158,"column":57}},"type":"binary-expr","locations":[{"start":{"line":158,"column":14},"end":{"line":158,"column":33}},{"start":{"line":158,"column":37},"end":{"line":158,"column":57}}],"line":158},"22":{"loc":{"start":{"line":170,"column":4},"end":{"line":170,"column":31}},"type":"if","locations":[{"start":{"line":170,"column":4},"end":{"line":170,"column":31}},{"start":{},"end":{}}],"line":170},"23":{"loc":{"start":{"line":175,"column":12},"end":{"line":175,"column":83}},"type":"cond-expr","locations":[{"start":{"line":175,"column":62},"end":{"line":175,"column":71}},{"start":{"line":175,"column":74},"end":{"line":175,"column":83}}],"line":175},"24":{"loc":{"start":{"line":180,"column":4},"end":{"line":180,"column":29}},"type":"if","locations":[{"start":{"line":180,"column":4},"end":{"line":180,"column":29}},{"start":{},"end":{}}],"line":180},"25":{"loc":{"start":{"line":182,"column":4},"end":{"line":184,"column":5}},"type":"if","locations":[{"start":{"line":182,"column":4},"end":{"line":184,"column":5}},{"start":{},"end":{}}],"line":182},"26":{"loc":{"start":{"line":182,"column":8},"end":{"line":182,"column":73}},"type":"binary-expr","locations":[{"start":{"line":182,"column":8},"end":{"line":182,"column":38}},{"start":{"line":182,"column":42},"end":{"line":182,"column":73}}],"line":182},"27":{"loc":{"start":{"line":186,"column":20},"end":{"line":186,"column":76}},"type":"binary-expr","locations":[{"start":{"line":186,"column":20},"end":{"line":186,"column":49}},{"start":{"line":186,"column":53},"end":{"line":186,"column":76}}],"line":186},"28":{"loc":{"start":{"line":192,"column":4},"end":{"line":198,"column":5}},"type":"switch","locations":[{"start":{"line":193,"column":6},"end":{"line":193,"column":45}},{"start":{"line":194,"column":6},"end":{"line":194,"column":47}},{"start":{"line":195,"column":6},"end":{"line":195,"column":44}},{"start":{"line":196,"column":6},"end":{"line":196,"column":49}},{"start":{"line":197,"column":6},"end":{"line":197,"column":38}}],"line":192},"29":{"loc":{"start":{"line":203,"column":4},"end":{"line":203,"column":77}},"type":"if","locations":[{"start":{"line":203,"column":4},"end":{"line":203,"column":77}},{"start":{},"end":{}}],"line":203},"30":{"loc":{"start":{"line":216,"column":4},"end":{"line":218,"column":5}},"type":"if","locations":[{"start":{"line":216,"column":4},"end":{"line":218,"column":5}},{"start":{},"end":{}}],"line":216},"31":{"loc":{"start":{"line":221,"column":4},"end":{"line":252,"column":5}},"type":"switch","locations":[{"start":{"line":222,"column":6},"end":{"line":225,"column":14}},{"start":{"line":226,"column":6},"end":{"line":241,"column":14}},{"start":{"line":242,"column":6},"end":{"line":246,"column":14}},{"start":{"line":247,"column":6},"end":{"line":247,"column":21}},{"start":{"line":248,"column":6},"end":{"line":251,"column":14}}],"line":221},"32":{"loc":{"start":{"line":229,"column":8},"end":{"line":240,"column":9}},"type":"if","locations":[{"start":{"line":229,"column":8},"end":{"line":240,"column":9}},{"start":{"line":235,"column":15},"end":{"line":240,"column":9}}],"line":229},"33":{"loc":{"start":{"line":265,"column":2},"end":{"line":274,"column":3}},"type":"if","locations":[{"start":{"line":265,"column":2},"end":{"line":274,"column":3}},{"start":{},"end":{}}],"line":265},"34":{"loc":{"start":{"line":276,"column":2},"end":{"line":287,"column":3}},"type":"if","locations":[{"start":{"line":276,"column":2},"end":{"line":287,"column":3}},{"start":{},"end":{}}],"line":276},"35":{"loc":{"start":{"line":293,"column":11},"end":{"line":297,"column":11}},"type":"binary-expr","locations":[{"start":{"line":293,"column":11},"end":{"line":293,"column":26}},{"start":{"line":293,"column":30},"end":{"line":293,"column":41}},{"start":{"line":294,"column":12},"end":{"line":296,"column":18}}],"line":293},"36":{"loc":{"start":{"line":308,"column":37},"end":{"line":308,"column":83}},"type":"cond-expr","locations":[{"start":{"line":308,"column":67},"end":{"line":308,"column":73}},{"start":{"line":308,"column":76},"end":{"line":308,"column":83}}],"line":308},"37":{"loc":{"start":{"line":317,"column":9},"end":{"line":492,"column":9}},"type":"cond-expr","locations":[{"start":{"line":318,"column":10},"end":{"line":322,"column":16}},{"start":{"line":324,"column":10},"end":{"line":491,"column":16}}],"line":317},"38":{"loc":{"start":{"line":330,"column":21},"end":{"line":386,"column":21}},"type":"cond-expr","locations":[{"start":{"line":331,"column":22},"end":{"line":381,"column":25}},{"start":{"line":383,"column":22},"end":{"line":385,"column":28}}],"line":330},"39":{"loc":{"start":{"line":330,"column":22},"end":{"line":330,"column":50}},"type":"binary-expr","locations":[{"start":{"line":330,"column":22},"end":{"line":330,"column":32}},{"start":{"line":330,"column":36},"end":{"line":330,"column":50}}],"line":330},"40":{"loc":{"start":{"line":336,"column":31},"end":{"line":336,"column":85}},"type":"binary-expr","locations":[{"start":{"line":336,"column":31},"end":{"line":336,"column":54}},{"start":{"line":336,"column":58},"end":{"line":336,"column":85}}],"line":336},"41":{"loc":{"start":{"line":341,"column":28},"end":{"line":346,"column":29}},"type":"if","locations":[{"start":{"line":341,"column":28},"end":{"line":346,"column":29}},{"start":{},"end":{}}],"line":341},"42":{"loc":{"start":{"line":343,"column":30},"end":{"line":345,"column":31}},"type":"if","locations":[{"start":{"line":343,"column":30},"end":{"line":345,"column":31}},{"start":{},"end":{}}],"line":343},"43":{"loc":{"start":{"line":353,"column":28},"end":{"line":375,"column":29}},"type":"if","locations":[{"start":{"line":353,"column":28},"end":{"line":375,"column":29}},{"start":{"line":355,"column":35},"end":{"line":375,"column":29}}],"line":353},"44":{"loc":{"start":{"line":353,"column":32},"end":{"line":353,"column":100}},"type":"binary-expr","locations":[{"start":{"line":353,"column":32},"end":{"line":353,"column":44}},{"start":{"line":353,"column":48},"end":{"line":353,"column":60}},{"start":{"line":353,"column":64},"end":{"line":353,"column":100}}],"line":353},"45":{"loc":{"start":{"line":358,"column":30},"end":{"line":374,"column":31}},"type":"if","locations":[{"start":{"line":358,"column":30},"end":{"line":374,"column":31}},{"start":{},"end":{}}],"line":358},"46":{"loc":{"start":{"line":361,"column":32},"end":{"line":363,"column":33}},"type":"if","locations":[{"start":{"line":361,"column":32},"end":{"line":363,"column":33}},{"start":{},"end":{}}],"line":361},"47":{"loc":{"start":{"line":365,"column":32},"end":{"line":373,"column":33}},"type":"if","locations":[{"start":{"line":365,"column":32},"end":{"line":373,"column":33}},{"start":{"line":367,"column":39},"end":{"line":373,"column":33}}],"line":365},"48":{"loc":{"start":{"line":396,"column":23},"end":{"line":401,"column":23}},"type":"binary-expr","locations":[{"start":{"line":396,"column":23},"end":{"line":396,"column":41}},{"start":{"line":397,"column":24},"end":{"line":400,"column":30}}],"line":396},"49":{"loc":{"start":{"line":407,"column":21},"end":{"line":414,"column":21}},"type":"binary-expr","locations":[{"start":{"line":407,"column":21},"end":{"line":407,"column":48}},{"start":{"line":408,"column":22},"end":{"line":413,"column":28}}],"line":407},"50":{"loc":{"start":{"line":420,"column":22},"end":{"line":427,"column":23}},"type":"if","locations":[{"start":{"line":420,"column":22},"end":{"line":427,"column":23}},{"start":{},"end":{}}],"line":420},"51":{"loc":{"start":{"line":429,"column":49},"end":{"line":429,"column":114}},"type":"cond-expr","locations":[{"start":{"line":429,"column":68},"end":{"line":429,"column":110}},{"start":{"line":429,"column":113},"end":{"line":429,"column":114}}],"line":429},"52":{"loc":{"start":{"line":442,"column":34},"end":{"line":443,"column":80}},"type":"cond-expr","locations":[{"start":{"line":442,"column":57},"end":{"line":442,"column":68}},{"start":{"line":443,"column":34},"end":{"line":443,"column":80}}],"line":442},"53":{"loc":{"start":{"line":443,"column":34},"end":{"line":443,"column":80}},"type":"cond-expr","locations":[{"start":{"line":443,"column":59},"end":{"line":443,"column":68}},{"start":{"line":443,"column":71},"end":{"line":443,"column":80}}],"line":443},"54":{"loc":{"start":{"line":445,"column":35},"end":{"line":446,"column":69}},"type":"cond-expr","locations":[{"start":{"line":445,"column":58},"end":{"line":445,"column":61}},{"start":{"line":446,"column":35},"end":{"line":446,"column":69}}],"line":445},"55":{"loc":{"start":{"line":446,"column":35},"end":{"line":446,"column":69}},"type":"cond-expr","locations":[{"start":{"line":446,"column":60},"end":{"line":446,"column":63}},{"start":{"line":446,"column":66},"end":{"line":446,"column":69}}],"line":446},"56":{"loc":{"start":{"line":449,"column":34},"end":{"line":450,"column":80}},"type":"cond-expr","locations":[{"start":{"line":449,"column":57},"end":{"line":449,"column":68}},{"start":{"line":450,"column":34},"end":{"line":450,"column":80}}],"line":449},"57":{"loc":{"start":{"line":450,"column":34},"end":{"line":450,"column":80}},"type":"cond-expr","locations":[{"start":{"line":450,"column":59},"end":{"line":450,"column":68}},{"start":{"line":450,"column":71},"end":{"line":450,"column":80}}],"line":450},"58":{"loc":{"start":{"line":464,"column":25},"end":{"line":464,"column":72}},"type":"binary-expr","locations":[{"start":{"line":464,"column":25},"end":{"line":464,"column":50}},{"start":{"line":464,"column":54},"end":{"line":464,"column":72}}],"line":464},"59":{"loc":{"start":{"line":474,"column":33},"end":{"line":474,"column":136}},"type":"binary-expr","locations":[{"start":{"line":474,"column":33},"end":{"line":474,"column":46}},{"start":{"line":474,"column":50},"end":{"line":474,"column":77}},{"start":{"line":474,"column":81},"end":{"line":474,"column":110}},{"start":{"line":474,"column":114},"end":{"line":474,"column":136}}],"line":474},"60":{"loc":{"start":{"line":476,"column":31},"end":{"line":480,"column":31}},"type":"binary-expr","locations":[{"start":{"line":476,"column":31},"end":{"line":476,"column":46}},{"start":{"line":477,"column":32},"end":{"line":479,"column":38}}],"line":476},"61":{"loc":{"start":{"line":507,"column":11},"end":{"line":519,"column":11}},"type":"binary-expr","locations":[{"start":{"line":507,"column":11},"end":{"line":507,"column":34}},{"start":{"line":508,"column":12},"end":{"line":518,"column":18}}],"line":507},"62":{"loc":{"start":{"line":521,"column":18},"end":{"line":521,"column":74}},"type":"binary-expr","locations":[{"start":{"line":521,"column":18},"end":{"line":521,"column":47}},{"start":{"line":521,"column":51},"end":{"line":521,"column":74}}],"line":521}},"s":{"0":1,"1":1,"2":0,"3":0,"4":0,"5":0,"6":0,"7":0,"8":0,"9":0,"10":0,"11":0,"12":0,"13":0,"14":0,"15":0,"16":0,"17":0,"18":0,"19":0,"20":0,"21":0,"22":0,"23":0,"24":0,"25":0,"26":0,"27":0,"28":0,"29":0,"30":0,"31":0,"32":0,"33":0,"34":0,"35":0,"36":0,"37":0,"38":0,"39":0,"40":0,"41":0,"42":0,"43":0,"44":0,"45":0,"46":0,"47":0,"48":0,"49":0,"50":0,"51":0,"52":0,"53":0,"54":0,"55":0,"56":0,"57":0,"58":0,"59":0,"60":0,"61":0,"62":0,"63":0,"64":0,"65":0,"66":0,"67":0,"68":0,"69":0,"70":0,"71":0,"72":0,"73":0,"74":0,"75":0,"76":0,"77":0,"78":0,"79":0,"80":0,"81":0,"82":0,"83":0,"84":0,"85":0,"86":0,"87":0,"88":0,"89":0,"90":0,"91":0,"92":0,"93":0,"94":0,"95":0,"96":0,"97":0,"98":0,"99":0,"100":0,"101":0,"102":0,"103":0,"104":0,"105":0,"106":0,"107":0,"108":0,"109":0,"110":0,"111":0,"112":0,"113":0,"114":0,"115":0,"116":0,"117":0,"118":0,"119":0,"120":0,"121":0,"122":0,"123":0,"124":0,"125":0,"126":0,"127":0,"128":0,"129":0,"130":0,"131":0,"132":0,"133":0,"134":0,"135":0,"136":0,"137":0,"138":0,"139":0,"140":0,"141":0,"142":0,"143":0,"144":0,"145":0,"146":0,"147":0,"148":0,"149":0,"150":0,"151":0,"152":0,"153":0,"154":0,"155":0,"156":0,"157":0,"158":0,"159":0,"160":0,"161":0},"f":{"0":0,"1":0,"2":0,"3":0,"4":0,"5":0,"6":0,"7":0,"8":0,"9":0,"10":0,"11":0,"12":0,"13":0,"14":0,"15":0,"16":0,"17":0,"18":0,"19":0,"20":0,"21":0,"22":0,"23":0},"b":{"0":[1,1],"1":[0,0],"2":[0,0],"3":[0,0],"4":[0,0],"5":[0,0],"6":[0,0],"7":[0,0],"8":[0,0],"9":[0,0,0],"10":[0,0],"11":[0,0],"12":[0,0],"13":[0,0],"14":[0,0],"15":[0,0],"16":[0,0],"17":[0,0,0,0],"18":[0,0],"19":[0,0],"20":[0,0,0],"21":[0,0],"22":[0,0],"23":[0,0],"24":[0,0],"25":[0,0],"26":[0,0],"27":[0,0],"28":[0,0,0,0,0],"29":[0,0],"30":[0,0],"31":[0,0,0,0,0],"32":[0,0],"33":[0,0],"34":[0,0],"35":[0,0,0],"36":[0,0],"37":[0,0],"38":[0,0],"39":[0,0],"40":[0,0],"41":[0,0],"42":[0,0],"43":[0,0],"44":[0,0,0],"45":[0,0],"46":[0,0],"47":[0,0],"48":[0,0],"49":[0,0],"50":[0,0],"51":[0,0],"52":[0,0],"53":[0,0],"54":[0,0],"55":[0,0],"56":[0,0],"57":[0,0],"58":[0,0],"59":[0,0,0,0],"60":[0,0],"61":[0,0],"62":[0,0]},"_coverageSchema":"1a1c01bbd47fc00a2c39e90264f33305004495a9","hash":"00093642d6b5f31f284b141b528f51235dc7844e"}
,"/workspaces/openmakersuite/frontend/src/pages/ThanksPage.tsx": {"path":"/workspaces/openmakersuite/frontend/src/pages/ThanksPage.tsx","statementMap":{"0":{"start":{"line":9,"column":29},"end":{"line":46,"column":1}},"1":{"start":{"line":10,"column":19},"end":{"line":10,"column":32}},"2":{"start":{"line":12,"column":2},"end":{"line":19,"column":17}},"3":{"start":{"line":14,"column":18},"end":{"line":16,"column":12}},"4":{"start":{"line":15,"column":6},"end":{"line":15,"column":20}},"5":{"start":{"line":18,"column":4},"end":{"line":18,"column":37}},"6":{"start":{"line":18,"column":17},"end":{"line":18,"column":36}},"7":{"start":{"line":21,"column":2},"end":{"line":45,"column":4}},"8":{"start":{"line":34,"column":27},"end":{"line":34,"column":40}}},"fnMap":{"0":{"name":"(anonymous_0)","decl":{"start":{"line":9,"column":29},"end":{"line":9,"column":30}},"loc":{"start":{"line":9,"column":35},"end":{"line":46,"column":1}},"line":9},"1":{"name":"(anonymous_1)","decl":{"start":{"line":12,"column":12},"end":{"line":12,"column":13}},"loc":{"start":{"line":12,"column":18},"end":{"line":19,"column":3}},"line":12},"2":{"name":"(anonymous_2)","decl":{"start":{"line":14,"column":29},"end":{"line":14,"column":30}},"loc":{"start":{"line":14,"column":35},"end":{"line":16,"column":5}},"line":14},"3":{"name":"(anonymous_3)","decl":{"start":{"line":18,"column":11},"end":{"line":18,"column":12}},"loc":{"start":{"line":18,"column":17},"end":{"line":18,"column":36}},"line":18},"4":{"name":"(anonymous_4)","decl":{"start":{"line":34,"column":21},"end":{"line":34,"column":22}},"loc":{"start":{"line":34,"column":27},"end":{"line":34,"column":40}},"line":34}},"branchMap":{},"s":{"0":1,"1":0,"2":0,"3":0,"4":0,"5":0,"6":0,"7":0,"8":0},"f":{"0":0,"1":0,"2":0,"3":0,"4":0},"b":{},"_coverageSchema":"1a1c01bbd47fc00a2c39e90264f33305004495a9","hash":"42ab9aaefaf8a9a40c017109ccca2ba2d99e0cf3"}
,"/workspaces/openmakersuite/frontend/src/pages/TransparencyPage.tsx": {"path":"/workspaces/openmakersuite/frontend/src/pages/TransparencyPage.tsx","statementMap":{"0":{"start":{"line":44,"column":35},"end":{"line":269,"column":1}},"1":{"start":{"line":45,"column":26},"end":{"line":45,"column":65}},"2":{"start":{"line":46,"column":32},"end":{"line":46,"column":46}},"3":{"start":{"line":47,"column":28},"end":{"line":47,"column":57}},"4":{"start":{"line":49,"column":2},"end":{"line":63,"column":9}},"5":{"start":{"line":50,"column":34},"end":{"line":60,"column":5}},"6":{"start":{"line":51,"column":6},"end":{"line":59,"column":7}},"7":{"start":{"line":52,"column":25},"end":{"line":52,"column":89}},"8":{"start":{"line":53,"column":8},"end":{"line":53,"column":31}},"9":{"start":{"line":55,"column":8},"end":{"line":55,"column":53}},"10":{"start":{"line":56,"column":8},"end":{"line":56,"column":55}},"11":{"start":{"line":58,"column":8},"end":{"line":58,"column":26}},"12":{"start":{"line":62,"column":4},"end":{"line":62,"column":28}},"13":{"start":{"line":65,"column":25},"end":{"line":71,"column":3}},"14":{"start":{"line":66,"column":4},"end":{"line":66,"column":38}},"15":{"start":{"line":66,"column":25},"end":{"line":66,"column":38}},"16":{"start":{"line":67,"column":4},"end":{"line":70,"column":22}},"17":{"start":{"line":73,"column":21},"end":{"line":80,"column":3}},"18":{"start":{"line":74,"column":4},"end":{"line":74,"column":34}},"19":{"start":{"line":74,"column":21},"end":{"line":74,"column":34}},"20":{"start":{"line":75,"column":4},"end":{"line":79,"column":7}},"21":{"start":{"line":82,"column":2},"end":{"line":91,"column":3}},"22":{"start":{"line":83,"column":4},"end":{"line":90,"column":6}},"23":{"start":{"line":93,"column":2},"end":{"line":105,"column":3}},"24":{"start":{"line":94,"column":4},"end":{"line":104,"column":6}},"25":{"start":{"line":99,"column":33},"end":{"line":99,"column":57}},"26":{"start":{"line":107,"column":2},"end":{"line":268,"column":4}},"27":{"start":{"line":143,"column":12},"end":{"line":252,"column":18}}},"fnMap":{"0":{"name":"(anonymous_0)","decl":{"start":{"line":44,"column":35},"end":{"line":44,"column":36}},"loc":{"start":{"line":44,"column":41},"end":{"line":269,"column":1}},"line":44},"1":{"name":"(anonymous_1)","decl":{"start":{"line":49,"column":12},"end":{"line":49,"column":13}},"loc":{"start":{"line":49,"column":18},"end":{"line":63,"column":3}},"line":49},"2":{"name":"(anonymous_2)","decl":{"start":{"line":50,"column":34},"end":{"line":50,"column":35}},"loc":{"start":{"line":50,"column":46},"end":{"line":60,"column":5}},"line":50},"3":{"name":"(anonymous_3)","decl":{"start":{"line":65,"column":25},"end":{"line":65,"column":26}},"loc":{"start":{"line":65,"column":52},"end":{"line":71,"column":3}},"line":65},"4":{"name":"(anonymous_4)","decl":{"start":{"line":73,"column":21},"end":{"line":73,"column":22}},"loc":{"start":{"line":73,"column":52},"end":{"line":80,"column":3}},"line":73},"5":{"name":"(anonymous_5)","decl":{"start":{"line":99,"column":27},"end":{"line":99,"column":28}},"loc":{"start":{"line":99,"column":33},"end":{"line":99,"column":57}},"line":99},"6":{"name":"(anonymous_6)","decl":{"start":{"line":142,"column":27},"end":{"line":142,"column":28}},"loc":{"start":{"line":143,"column":12},"end":{"line":252,"column":18}},"line":143}},"branchMap":{"0":{"loc":{"start":{"line":66,"column":4},"end":{"line":66,"column":38}},"type":"if","locations":[{"start":{"line":66,"column":4},"end":{"line":66,"column":38}},{"start":{},"end":{}}],"line":66},"1":{"loc":{"start":{"line":74,"column":4},"end":{"line":74,"column":34}},"type":"if","locations":[{"start":{"line":74,"column":4},"end":{"line":74,"column":34}},{"start":{},"end":{}}],"line":74},"2":{"loc":{"start":{"line":82,"column":2},"end":{"line":91,"column":3}},"type":"if","locations":[{"start":{"line":82,"column":2},"end":{"line":91,"column":3}},{"start":{},"end":{}}],"line":82},"3":{"loc":{"start":{"line":93,"column":2},"end":{"line":105,"column":3}},"type":"if","locations":[{"start":{"line":93,"column":2},"end":{"line":105,"column":3}},{"start":{},"end":{}}],"line":93},"4":{"loc":{"start":{"line":93,"column":6},"end":{"line":93,"column":20}},"type":"binary-expr","locations":[{"start":{"line":93,"column":6},"end":{"line":93,"column":11}},{"start":{"line":93,"column":15},"end":{"line":93,"column":20}}],"line":93},"5":{"loc":{"start":{"line":156,"column":17},"end":{"line":161,"column":17}},"type":"binary-expr","locations":[{"start":{"line":156,"column":17},"end":{"line":156,"column":36}},{"start":{"line":157,"column":18},"end":{"line":160,"column":24}}],"line":156},"6":{"loc":{"start":{"line":162,"column":17},"end":{"line":167,"column":17}},"type":"binary-expr","locations":[{"start":{"line":162,"column":17},"end":{"line":162,"column":36}},{"start":{"line":163,"column":18},"end":{"line":166,"column":24}}],"line":162},"7":{"loc":{"start":{"line":171,"column":17},"end":{"line":176,"column":17}},"type":"binary-expr","locations":[{"start":{"line":171,"column":17},"end":{"line":171,"column":37}},{"start":{"line":172,"column":18},"end":{"line":175,"column":24}}],"line":171},"8":{"loc":{"start":{"line":177,"column":17},"end":{"line":182,"column":17}},"type":"binary-expr","locations":[{"start":{"line":177,"column":17},"end":{"line":177,"column":34}},{"start":{"line":178,"column":18},"end":{"line":181,"column":24}}],"line":177},"9":{"loc":{"start":{"line":183,"column":17},"end":{"line":188,"column":17}},"type":"binary-expr","locations":[{"start":{"line":183,"column":17},"end":{"line":183,"column":36}},{"start":{"line":184,"column":18},"end":{"line":187,"column":24}}],"line":183},"10":{"loc":{"start":{"line":189,"column":17},"end":{"line":196,"column":17}},"type":"binary-expr","locations":[{"start":{"line":189,"column":17},"end":{"line":189,"column":36}},{"start":{"line":190,"column":18},"end":{"line":195,"column":24}}],"line":189},"11":{"loc":{"start":{"line":192,"column":46},"end":{"line":192,"column":102}},"type":"cond-expr","locations":[{"start":{"line":192,"column":72},"end":{"line":192,"column":85}},{"start":{"line":192,"column":88},"end":{"line":192,"column":102}}],"line":192},"12":{"loc":{"start":{"line":193,"column":23},"end":{"line":193,"column":57}},"type":"cond-expr","locations":[{"start":{"line":193,"column":49},"end":{"line":193,"column":52}},{"start":{"line":193,"column":55},"end":{"line":193,"column":57}}],"line":193},"13":{"loc":{"start":{"line":204,"column":17},"end":{"line":209,"column":17}},"type":"binary-expr","locations":[{"start":{"line":204,"column":17},"end":{"line":204,"column":33}},{"start":{"line":205,"column":18},"end":{"line":208,"column":24}}],"line":204},"14":{"loc":{"start":{"line":210,"column":17},"end":{"line":215,"column":17}},"type":"binary-expr","locations":[{"start":{"line":210,"column":17},"end":{"line":210,"column":35}},{"start":{"line":211,"column":18},"end":{"line":214,"column":24}}],"line":210},"15":{"loc":{"start":{"line":219,"column":17},"end":{"line":223,"column":17}},"type":"binary-expr","locations":[{"start":{"line":219,"column":17},"end":{"line":219,"column":34}},{"start":{"line":220,"column":18},"end":{"line":222,"column":22}}],"line":219},"16":{"loc":{"start":{"line":224,"column":17},"end":{"line":228,"column":17}},"type":"binary-expr","locations":[{"start":{"line":224,"column":17},"end":{"line":224,"column":41}},{"start":{"line":225,"column":18},"end":{"line":227,"column":22}}],"line":224},"17":{"loc":{"start":{"line":229,"column":17},"end":{"line":233,"column":17}},"type":"binary-expr","locations":[{"start":{"line":229,"column":17},"end":{"line":229,"column":44}},{"start":{"line":230,"column":18},"end":{"line":232,"column":22}}],"line":229},"18":{"loc":{"start":{"line":234,"column":17},"end":{"line":238,"column":17}},"type":"binary-expr","locations":[{"start":{"line":234,"column":17},"end":{"line":234,"column":35}},{"start":{"line":235,"column":18},"end":{"line":237,"column":22}}],"line":234},"19":{"loc":{"start":{"line":241,"column":15},"end":{"line":245,"column":15}},"type":"binary-expr","locations":[{"start":{"line":241,"column":15},"end":{"line":241,"column":33}},{"start":{"line":242,"column":16},"end":{"line":244,"column":22}}],"line":241},"20":{"loc":{"start":{"line":247,"column":15},"end":{"line":251,"column":15}},"type":"binary-expr","locations":[{"start":{"line":247,"column":15},"end":{"line":247,"column":33}},{"start":{"line":248,"column":16},"end":{"line":250,"column":22}}],"line":247}},"s":{"0":1,"1":0,"2":0,"3":0,"4":0,"5":0,"6":0,"7":0,"8":0,"9":0,"10":0,"11":0,"12":0,"13":0,"14":0,"15":0,"16":0,"17":0,"18":0,"19":0,"20":0,"21":0,"22":0,"23":0,"24":0,"25":0,"26":0,"27":0},"f":{"0":0,"1":0,"2":0,"3":0,"4":0,"5":0,"6":0},"b":{"0":[0,0],"1":[0,0],"2":[0,0],"3":[0,0],"4":[0,0],"5":[0,0],"6":[0,0],"7":[0,0],"8":[0,0],"9":[0,0],"10":[0,0],"11":[0,0],"12":[0,0],"13":[0,0],"14":[0,0],"15":[0,0],"16":[0,0],"17":[0,0],"18":[0,0],"19":[0,0],"20":[0,0]},"_coverageSchema":"1a1c01bbd47fc00a2c39e90264f33305004495a9","hash":"e9dc550e9e98ebb73d6214c6f7c4d5cac88260ed"}
,"/workspaces/openmakersuite/frontend/src/services/api.ts": {"path":"/workspaces/openmakersuite/frontend/src/services/api.ts","statementMap":{"0":{"start":{"line":8,"column":21},"end":{"line":8,"column":77}},"1":{"start":{"line":10,"column":12},"end":{"line":15,"column":2}},"2":{"start":{"line":18,"column":0},"end":{"line":24,"column":3}},"3":{"start":{"line":19,"column":16},"end":{"line":19,"column":45}},"4":{"start":{"line":20,"column":2},"end":{"line":22,"column":3}},"5":{"start":{"line":21,"column":4},"end":{"line":21,"column":53}},"6":{"start":{"line":23,"column":2},"end":{"line":23,"column":16}},"7":{"start":{"line":27,"column":0},"end":{"line":61,"column":2}},"8":{"start":{"line":28,"column":16},"end":{"line":28,"column":24}},"9":{"start":{"line":31,"column":4},"end":{"line":58,"column":5}},"10":{"start":{"line":34,"column":6},"end":{"line":43,"column":9}},"11":{"start":{"line":44,"column":11},"end":{"line":58,"column":5}},"12":{"start":{"line":46,"column":6},"end":{"line":54,"column":9}},"13":{"start":{"line":57,"column":6},"end":{"line":57,"column":37}},"14":{"start":{"line":59,"column":4},"end":{"line":59,"column":33}},"15":{"start":{"line":64,"column":28},"end":{"line":93,"column":1}},"16":{"start":{"line":66,"column":4},"end":{"line":66,"column":57}},"17":{"start":{"line":69,"column":4},"end":{"line":69,"column":92}},"18":{"start":{"line":72,"column":4},"end":{"line":72,"column":78}},"19":{"start":{"line":75,"column":4},"end":{"line":75,"column":63}},"20":{"start":{"line":78,"column":4},"end":{"line":78,"column":63}},"21":{"start":{"line":81,"column":4},"end":{"line":83,"column":6}},"22":{"start":{"line":86,"column":4},"end":{"line":86,"column":55}},"23":{"start":{"line":89,"column":4},"end":{"line":92,"column":6}},"24":{"start":{"line":96,"column":26},"end":{"line":129,"column":1}},"25":{"start":{"line":98,"column":4},"end":{"line":98,"column":61}},"26":{"start":{"line":101,"column":4},"end":{"line":101,"column":81}},"27":{"start":{"line":104,"column":4},"end":{"line":104,"column":64}},"28":{"start":{"line":107,"column":4},"end":{"line":107,"column":50}},"29":{"start":{"line":110,"column":4},"end":{"line":110,"column":82}},"30":{"start":{"line":117,"column":4},"end":{"line":117,"column":64}},"31":{"start":{"line":120,"column":4},"end":{"line":122,"column":6}},"32":{"start":{"line":125,"column":4},"end":{"line":125,"column":81}},"33":{"start":{"line":128,"column":4},"end":{"line":128,"column":58}},"34":{"start":{"line":132,"column":23},"end":{"line":141,"column":1}},"35":{"start":{"line":134,"column":4},"end":{"line":134,"column":56}},"36":{"start":{"line":137,"column":4},"end":{"line":137,"column":45}},"37":{"start":{"line":140,"column":4},"end":{"line":140,"column":61}}},"fnMap":{"0":{"name":"(anonymous_0)","decl":{"start":{"line":18,"column":29},"end":{"line":18,"column":30}},"loc":{"start":{"line":18,"column":41},"end":{"line":24,"column":1}},"line":18},"1":{"name":"(anonymous_1)","decl":{"start":{"line":28,"column":2},"end":{"line":28,"column":3}},"loc":{"start":{"line":28,"column":16},"end":{"line":28,"column":24}},"line":28},"2":{"name":"(anonymous_2)","decl":{"start":{"line":29,"column":2},"end":{"line":29,"column":3}},"loc":{"start":{"line":29,"column":13},"end":{"line":60,"column":3}},"line":29},"3":{"name":"(anonymous_3)","decl":{"start":{"line":65,"column":11},"end":{"line":65,"column":12}},"loc":{"start":{"line":66,"column":4},"end":{"line":66,"column":57}},"line":66},"4":{"name":"(anonymous_4)","decl":{"start":{"line":68,"column":20},"end":{"line":68,"column":21}},"loc":{"start":{"line":69,"column":4},"end":{"line":69,"column":92}},"line":69},"5":{"name":"(anonymous_5)","decl":{"start":{"line":71,"column":13},"end":{"line":71,"column":14}},"loc":{"start":{"line":72,"column":4},"end":{"line":72,"column":78}},"line":72},"6":{"name":"(anonymous_6)","decl":{"start":{"line":74,"column":20},"end":{"line":74,"column":21}},"loc":{"start":{"line":75,"column":4},"end":{"line":75,"column":63}},"line":75},"7":{"name":"(anonymous_7)","decl":{"start":{"line":77,"column":21},"end":{"line":77,"column":22}},"loc":{"start":{"line":78,"column":4},"end":{"line":78,"column":63}},"line":78},"8":{"name":"(anonymous_8)","decl":{"start":{"line":80,"column":16},"end":{"line":80,"column":17}},"loc":{"start":{"line":81,"column":4},"end":{"line":83,"column":6}},"line":81},"9":{"name":"(anonymous_9)","decl":{"start":{"line":85,"column":14},"end":{"line":85,"column":15}},"loc":{"start":{"line":86,"column":4},"end":{"line":86,"column":55}},"line":86},"10":{"name":"(anonymous_10)","decl":{"start":{"line":88,"column":12},"end":{"line":88,"column":13}},"loc":{"start":{"line":89,"column":4},"end":{"line":92,"column":6}},"line":89},"11":{"name":"(anonymous_11)","decl":{"start":{"line":97,"column":17},"end":{"line":97,"column":18}},"loc":{"start":{"line":98,"column":4},"end":{"line":98,"column":61}},"line":98},"12":{"name":"(anonymous_12)","decl":{"start":{"line":100,"column":16},"end":{"line":100,"column":17}},"loc":{"start":{"line":101,"column":4},"end":{"line":101,"column":81}},"line":101},"13":{"name":"(anonymous_13)","decl":{"start":{"line":103,"column":22},"end":{"line":103,"column":23}},"loc":{"start":{"line":104,"column":4},"end":{"line":104,"column":64}},"line":104},"14":{"name":"(anonymous_14)","decl":{"start":{"line":106,"column":17},"end":{"line":106,"column":18}},"loc":{"start":{"line":107,"column":4},"end":{"line":107,"column":50}},"line":107},"15":{"name":"(anonymous_15)","decl":{"start":{"line":109,"column":18},"end":{"line":109,"column":19}},"loc":{"start":{"line":110,"column":4},"end":{"line":110,"column":82}},"line":110},"16":{"name":"(anonymous_16)","decl":{"start":{"line":112,"column":15},"end":{"line":112,"column":16}},"loc":{"start":{"line":117,"column":4},"end":{"line":117,"column":64}},"line":117},"17":{"name":"(anonymous_17)","decl":{"start":{"line":119,"column":16},"end":{"line":119,"column":17}},"loc":{"start":{"line":120,"column":4},"end":{"line":122,"column":6}},"line":120},"18":{"name":"(anonymous_18)","decl":{"start":{"line":124,"column":17},"end":{"line":124,"column":18}},"loc":{"start":{"line":125,"column":4},"end":{"line":125,"column":81}},"line":125},"19":{"name":"(anonymous_19)","decl":{"start":{"line":127,"column":21},"end":{"line":127,"column":22}},"loc":{"start":{"line":128,"column":4},"end":{"line":128,"column":58}},"line":128},"20":{"name":"(anonymous_20)","decl":{"start":{"line":133,"column":9},"end":{"line":133,"column":10}},"loc":{"start":{"line":134,"column":4},"end":{"line":134,"column":56}},"line":134},"21":{"name":"(anonymous_21)","decl":{"start":{"line":136,"column":12},"end":{"line":136,"column":13}},"loc":{"start":{"line":137,"column":4},"end":{"line":137,"column":45}},"line":137},"22":{"name":"(anonymous_22)","decl":{"start":{"line":139,"column":11},"end":{"line":139,"column":12}},"loc":{"start":{"line":140,"column":4},"end":{"line":140,"column":61}},"line":140}},"branchMap":{"0":{"loc":{"start":{"line":8,"column":21},"end":{"line":8,"column":77}},"type":"binary-expr","locations":[{"start":{"line":8,"column":21},"end":{"line":8,"column":50}},{"start":{"line":8,"column":54},"end":{"line":8,"column":77}}],"line":8},"1":{"loc":{"start":{"line":20,"column":2},"end":{"line":22,"column":3}},"type":"if","locations":[{"start":{"line":20,"column":2},"end":{"line":22,"column":3}},{"start":{},"end":{}}],"line":20},"2":{"loc":{"start":{"line":31,"column":4},"end":{"line":58,"column":5}},"type":"if","locations":[{"start":{"line":31,"column":4},"end":{"line":58,"column":5}},{"start":{"line":44,"column":11},"end":{"line":58,"column":5}}],"line":31},"3":{"loc":{"start":{"line":44,"column":11},"end":{"line":58,"column":5}},"type":"if","locations":[{"start":{"line":44,"column":11},"end":{"line":58,"column":5}},{"start":{"line":55,"column":11},"end":{"line":58,"column":5}}],"line":44}},"s":{"0":2,"1":2,"2":2,"3":20,"4":20,"5":1,"6":20,"7":2,"8":19,"9":3,"10":1,"11":2,"12":1,"13":1,"14":3,"15":2,"16":4,"17":0,"18":1,"19":1,"20":0,"21":1,"22":1,"23":1,"24":2,"25":1,"26":1,"27":1,"28":1,"29":1,"30":1,"31":1,"32":1,"33":1,"34":2,"35":1,"36":0,"37":1},"f":{"0":20,"1":19,"2":3,"3":4,"4":0,"5":1,"6":1,"7":0,"8":1,"9":1,"10":1,"11":1,"12":1,"13":1,"14":1,"15":1,"16":1,"17":1,"18":1,"19":1,"20":1,"21":0,"22":1},"b":{"0":[2,2],"1":[1,19],"2":[1,2],"3":[1,1]},"_coverageSchema":"1a1c01bbd47fc00a2c39e90264f33305004495a9","hash":"8d96d2d50e73e80ab276f24059b1d60fd1569bf8"}
}
