TN:
SF:src/App.tsx
FN:49,(anonymous_0)
FN:54,(anonymous_1)
FN:59,(anonymous_2)
FN:64,(anonymous_3)
FN:69,(anonymous_4)
FN:74,(anonymous_5)
FN:79,(anonymous_6)
FN:84,(anonymous_7)
FN:89,(anonymous_8)
FN:94,AppContent
FN:98,(anonymous_10)
FN:198,App
FNF:12
FNH:2
FNDA:0,(anonymous_0)
FNDA:0,(anonymous_1)
FNDA:0,(anonymous_2)
FNDA:0,(anonymous_3)
FNDA:0,(anonymous_4)
FNDA:0,(anonymous_5)
FNDA:0,(anonymous_6)
FNDA:0,(anonymous_7)
FNDA:0,(anonymous_8)
FNDA:1,AppContent
FNDA:0,(anonymous_10)
FNDA:1,App
DA:46,1
DA:49,1
DA:50,0
DA:51,0
DA:54,1
DA:55,0
DA:56,0
DA:59,1
DA:60,0
DA:61,0
DA:64,1
DA:65,0
DA:66,0
DA:69,1
DA:70,0
DA:71,0
DA:74,1
DA:75,0
DA:76,0
DA:79,1
DA:80,0
DA:81,0
DA:84,1
DA:85,0
DA:86,0
DA:89,1
DA:90,0
DA:91,0
DA:95,1
DA:99,0
DA:199,1
LF:31
LH:12
BRF:0
BRH:0
end_of_record
TN:
SF:src/serviceWorkerRegistration.ts
FN:12,register
FN:22,(anonymous_1)
FN:37,registerValidSW
FN:40,(anonymous_3)
FN:41,(anonymous_4)
FN:46,(anonymous_5)
FN:68,(anonymous_6)
FN:76,checkValidServiceWorker
FN:81,(anonymous_8)
FN:89,(anonymous_9)
FN:97,(anonymous_10)
FN:102,unregister
FN:105,(anonymous_12)
FN:108,(anonymous_13)
FNF:14
FNH:0
FNDA:0,register
FNDA:0,(anonymous_1)
FNDA:0,registerValidSW
FNDA:0,(anonymous_3)
FNDA:0,(anonymous_4)
FNDA:0,(anonymous_5)
FNDA:0,(anonymous_6)
FNDA:0,checkValidServiceWorker
FNDA:0,(anonymous_8)
FNDA:0,(anonymous_9)
FNDA:0,(anonymous_10)
FNDA:0,unregister
FNDA:0,(anonymous_12)
FNDA:0,(anonymous_13)
DA:13,0
DA:15,0
DA:18,0
DA:19,0
DA:22,0
DA:24,0
DA:26,0
DA:28,0
DA:31,0
DA:38,0
DA:41,0
DA:42,0
DA:43,0
DA:44,0
DA:46,0
DA:47,0
DA:48,0
DA:50,0
DA:54,0
DA:55,0
DA:59,0
DA:60,0
DA:61,0
DA:69,0
DA:70,0
DA:71,0
DA:78,0
DA:83,0
DA:84,0
DA:89,0
DA:90,0
DA:94,0
DA:98,0
DA:103,0
DA:104,0
DA:106,0
DA:109,0
DA:116,0
LF:38
LH:0
BRDA:13,0,0,0
BRDA:13,0,1,0
BRDA:15,1,0,0
BRDA:15,1,1,0
BRDA:18,2,0,0
BRDA:18,2,1,0
BRDA:24,3,0,0
BRDA:24,3,1,0
BRDA:26,4,0,0
BRDA:26,4,1,0
BRDA:43,5,0,0
BRDA:43,5,1,0
BRDA:47,6,0,0
BRDA:47,6,1,0
BRDA:48,7,0,0
BRDA:48,7,1,0
BRDA:54,8,0,0
BRDA:54,8,1,0
BRDA:54,9,0,0
BRDA:54,9,1,0
BRDA:60,10,0,0
BRDA:60,10,1,0
BRDA:60,11,0,0
BRDA:60,11,1,0
BRDA:70,12,0,0
BRDA:70,12,1,0
BRDA:70,13,0,0
BRDA:70,13,1,0
BRDA:84,14,0,0
BRDA:84,14,1,0
BRDA:85,15,0,0
BRDA:85,15,1,0
BRDA:85,15,2,0
BRDA:103,16,0,0
BRDA:103,16,1,0
BRDA:116,17,0,0
BRDA:116,17,1,0
BRDA:116,17,2,0
BRF:38
BRH:0
end_of_record
TN:
SF:src/components/AssetDetailModal.tsx
FN:17,(anonymous_0)
FN:25,(anonymous_1)
FN:41,(anonymous_2)
FN:50,(anonymous_3)
FN:63,(anonymous_4)
FN:73,(anonymous_5)
FN:84,(anonymous_6)
FN:99,(anonymous_7)
FN:191,(anonymous_8)
FNF:9
FNH:0
FNDA:0,(anonymous_0)
FNDA:0,(anonymous_1)
FNDA:0,(anonymous_2)
FNDA:0,(anonymous_3)
FNDA:0,(anonymous_4)
FNDA:0,(anonymous_5)
FNDA:0,(anonymous_6)
FNDA:0,(anonymous_7)
FNDA:0,(anonymous_8)
DA:17,0
DA:18,0
DA:19,0
DA:20,0
DA:23,0
DA:25,0
DA:26,0
DA:28,0
DA:29,0
DA:30,0
DA:31,0
DA:32,0
DA:34,0
DA:35,0
DA:37,0
DA:41,0
DA:42,0
DA:43,0
DA:45,0
DA:46,0
DA:50,0
DA:51,0
DA:52,0
DA:53,0
DA:59,0
DA:63,0
DA:64,0
DA:65,0
DA:66,0
DA:67,0
DA:73,0
DA:74,0
DA:75,0
DA:76,0
DA:77,0
DA:78,0
DA:79,0
DA:80,0
DA:84,0
DA:85,0
DA:86,0
DA:87,0
DA:88,0
DA:89,0
DA:90,0
DA:91,0
DA:95,0
DA:97,0
DA:99,0
DA:192,0
LF:50
LH:0
BRDA:26,0,0,0
BRDA:26,0,1,0
BRDA:35,1,0,0
BRDA:35,1,1,0
BRDA:42,2,0,0
BRDA:42,2,1,0
BRDA:42,3,0,0
BRDA:42,3,1,0
BRDA:51,4,0,0
BRDA:51,4,1,0
BRDA:64,5,0,0
BRDA:64,5,1,0
BRDA:66,6,0,0
BRDA:66,6,1,0
BRDA:74,7,0,0
BRDA:74,7,1,0
BRDA:74,7,2,0
BRDA:74,7,3,0
BRDA:74,7,4,0
BRDA:74,7,5,0
BRDA:85,8,0,0
BRDA:85,8,1,0
BRDA:85,8,2,0
BRDA:85,8,3,0
BRDA:85,8,4,0
BRDA:85,8,5,0
BRDA:95,9,0,0
BRDA:95,9,1,0
BRDA:108,10,0,0
BRDA:108,10,1,0
BRDA:112,11,0,0
BRDA:112,11,1,0
BRDA:119,12,0,0
BRDA:119,12,1,0
BRDA:119,12,2,0
BRDA:119,12,3,0
BRDA:122,13,0,0
BRDA:122,13,1,0
BRDA:131,14,0,0
BRDA:131,14,1,0
BRDA:137,15,0,0
BRDA:137,15,1,0
BRDA:151,16,0,0
BRDA:151,16,1,0
BRDA:154,17,0,0
BRDA:154,17,1,0
BRDA:157,18,0,0
BRDA:157,18,1,0
BRDA:163,19,0,0
BRDA:163,19,1,0
BRDA:177,20,0,0
BRDA:177,20,1,0
BRDA:187,21,0,0
BRDA:187,21,1,0
BRDA:187,21,2,0
BRDA:195,22,0,0
BRDA:195,22,1,0
BRDA:199,23,0,0
BRDA:199,23,1,0
BRDA:202,24,0,0
BRDA:202,24,1,0
BRDA:209,25,0,0
BRDA:209,25,1,0
BRDA:214,26,0,0
BRDA:214,26,1,0
BRDA:223,27,0,0
BRDA:223,27,1,0
BRDA:235,28,0,0
BRDA:235,28,1,0
BRDA:241,29,0,0
BRDA:241,29,1,0
BRDA:247,30,0,0
BRDA:247,30,1,0
BRDA:253,31,0,0
BRDA:253,31,1,0
BRDA:259,32,0,0
BRDA:259,32,1,0
BRDA:265,33,0,0
BRDA:265,33,1,0
BRDA:275,34,0,0
BRDA:275,34,1,0
BRDA:275,34,2,0
BRDA:275,34,3,0
BRDA:275,34,4,0
BRDA:279,35,0,0
BRDA:279,35,1,0
BRDA:285,36,0,0
BRDA:285,36,1,0
BRDA:291,37,0,0
BRDA:291,37,1,0
BRDA:297,38,0,0
BRDA:297,38,1,0
BRDA:308,39,0,0
BRDA:308,39,1,0
BRDA:308,39,2,0
BRDA:308,39,3,0
BRDA:312,40,0,0
BRDA:312,40,1,0
BRDA:317,41,0,0
BRDA:317,41,1,0
BRDA:322,42,0,0
BRDA:322,42,1,0
BRDA:332,43,0,0
BRDA:332,43,1,0
BRF:104
BRH:0
end_of_record
TN:
SF:src/components/AssetList.tsx
FN:21,(anonymous_0)
FN:30,(anonymous_1)
FN:31,(anonymous_2)
FN:40,(anonymous_3)
FN:118,(anonymous_4)
FN:131,(anonymous_5)
FN:139,(anonymous_6)
FN:144,(anonymous_7)
FN:157,(anonymous_8)
FN:187,(anonymous_9)
FN:188,(anonymous_10)
FN:189,(anonymous_11)
FN:192,(anonymous_12)
FN:203,(anonymous_13)
FN:214,(anonymous_14)
FN:218,(anonymous_15)
FN:222,(anonymous_16)
FN:227,(anonymous_17)
FN:261,(anonymous_18)
FN:272,(anonymous_19)
FN:278,(anonymous_20)
FN:284,(anonymous_21)
FN:290,(anonymous_22)
FN:301,(anonymous_23)
FN:305,(anonymous_24)
FN:317,(anonymous_25)
FN:321,(anonymous_26)
FN:333,(anonymous_27)
FN:364,(anonymous_28)
FNF:29
FNH:18
FNDA:41,(anonymous_0)
FNDA:0,(anonymous_1)
FNDA:0,(anonymous_2)
FNDA:0,(anonymous_3)
FNDA:33,(anonymous_4)
FNDA:7,(anonymous_5)
FNDA:22,(anonymous_6)
FNDA:22,(anonymous_7)
FNDA:22,(anonymous_8)
FNDA:47,(anonymous_9)
FNDA:47,(anonymous_10)
FNDA:47,(anonymous_11)
FNDA:82,(anonymous_12)
FNDA:41,(anonymous_13)
FNDA:0,(anonymous_14)
FNDA:0,(anonymous_15)
FNDA:0,(anonymous_16)
FNDA:0,(anonymous_17)
FNDA:12,(anonymous_18)
FNDA:0,(anonymous_19)
FNDA:1,(anonymous_20)
FNDA:0,(anonymous_21)
FNDA:0,(anonymous_22)
FNDA:1,(anonymous_23)
FNDA:50,(anonymous_24)
FNDA:1,(anonymous_25)
FNDA:50,(anonymous_26)
FNDA:0,(anonymous_27)
FNDA:47,(anonymous_28)
DA:21,2
DA:29,41
DA:30,0
DA:31,0
DA:36,41
DA:40,0
DA:118,2
DA:119,33
DA:120,33
DA:121,32
DA:122,32
DA:123,32
DA:124,32
DA:125,32
DA:126,32
DA:127,32
DA:128,32
DA:129,32
DA:131,32
DA:133,7
DA:134,7
DA:135,0
DA:139,32
DA:140,22
DA:141,22
DA:144,32
DA:145,22
DA:146,22
DA:150,22
DA:151,22
DA:153,0
DA:157,32
DA:158,22
DA:159,22
DA:160,22
DA:161,22
DA:162,1
DA:164,22
DA:165,1
DA:167,22
DA:168,1
DA:170,22
DA:171,0
DA:173,22
DA:174,12
DA:176,22
DA:177,21
DA:179,0
DA:181,21
DA:185,32
DA:187,47
DA:188,47
DA:189,47
DA:192,32
DA:193,82
DA:194,42
DA:195,40
DA:196,0
DA:197,0
DA:198,0
DA:199,0
DA:203,32
DA:204,41
DA:205,21
DA:206,20
DA:207,0
DA:208,0
DA:209,0
DA:210,0
DA:214,32
DA:215,0
DA:218,32
DA:219,0
DA:222,32
DA:224,0
DA:227,32
DA:230,0
DA:233,32
DA:234,7
DA:237,25
DA:261,12
DA:272,0
DA:278,1
DA:284,0
DA:290,0
DA:301,1
DA:306,50
DA:317,1
DA:322,50
DA:334,0
DA:335,0
DA:336,0
DA:337,0
DA:340,0
DA:365,47
LF:95
LH:68
BRDA:42,0,0,41
BRDA:42,0,1,0
BRDA:44,1,0,0
BRDA:44,1,1,0
BRDA:51,2,0,41
BRDA:51,2,1,0
BRDA:56,3,0,41
BRDA:56,3,1,41
BRDA:59,4,0,41
BRDA:59,4,1,41
BRDA:68,5,0,41
BRDA:68,5,1,41
BRDA:73,6,0,41
BRDA:73,6,1,41
BRDA:80,7,0,41
BRDA:80,7,1,41
BRDA:87,8,0,41
BRDA:87,8,1,41
BRDA:94,9,0,41
BRDA:94,9,1,41
BRDA:102,10,0,41
BRDA:102,10,1,0
BRDA:108,11,0,41
BRDA:108,11,1,0
BRDA:134,12,0,0
BRDA:134,12,1,7
BRDA:150,13,0,22
BRDA:150,13,1,0
BRDA:151,14,0,22
BRDA:151,14,1,0
BRDA:161,15,0,1
BRDA:161,15,1,21
BRDA:164,16,0,1
BRDA:164,16,1,21
BRDA:167,17,0,1
BRDA:167,17,1,21
BRDA:170,18,0,0
BRDA:170,18,1,22
BRDA:173,19,0,12
BRDA:173,19,1,10
BRDA:193,20,0,42
BRDA:193,20,1,40
BRDA:193,20,2,0
BRDA:193,20,3,0
BRDA:193,20,4,0
BRDA:193,20,5,0
BRDA:204,21,0,21
BRDA:204,21,1,20
BRDA:204,21,2,0
BRDA:204,21,3,0
BRDA:204,21,4,0
BRDA:204,21,5,0
BRDA:233,22,0,7
BRDA:233,22,1,25
BRDA:246,23,0,25
BRDA:246,23,1,23
BRDA:271,24,0,23
BRDA:271,24,1,2
BRDA:277,25,0,2
BRDA:277,25,1,23
BRDA:283,26,0,0
BRDA:283,26,1,25
BRDA:289,27,0,0
BRDA:289,27,1,25
BRDA:300,28,0,25
BRDA:300,28,1,23
BRDA:301,29,0,1
BRDA:301,29,1,0
BRDA:316,30,0,25
BRDA:316,30,1,23
BRDA:317,31,0,1
BRDA:317,31,1,0
BRDA:329,32,0,25
BRDA:329,32,1,0
BRDA:337,33,0,0
BRDA:337,33,1,0
BRDA:356,34,0,1
BRDA:356,34,1,24
BRDA:358,35,0,0
BRDA:358,35,1,1
BRDA:358,36,0,1
BRDA:358,36,1,1
BRDA:358,36,2,1
BRDA:358,36,3,1
BRF:84
BRH:58
end_of_record
TN:
SF:src/components/AuthSection.tsx
FN:13,(anonymous_0)
FN:27,(anonymous_1)
FN:38,(anonymous_2)
FN:67,(anonymous_3)
FN:107,(anonymous_4)
FN:120,(anonymous_5)
FN:157,(anonymous_6)
FN:163,(anonymous_7)
FN:185,(anonymous_8)
FN:194,(anonymous_9)
FN:221,(anonymous_10)
FN:230,(anonymous_11)
FNF:12
FNH:0
FNDA:0,(anonymous_0)
FNDA:0,(anonymous_1)
FNDA:0,(anonymous_2)
FNDA:0,(anonymous_3)
FNDA:0,(anonymous_4)
FNDA:0,(anonymous_5)
FNDA:0,(anonymous_6)
FNDA:0,(anonymous_7)
FNDA:0,(anonymous_8)
FNDA:0,(anonymous_9)
FNDA:0,(anonymous_10)
FNDA:0,(anonymous_11)
DA:13,0
DA:14,0
DA:15,0
DA:16,0
DA:17,0
DA:20,0
DA:21,0
DA:22,0
DA:23,0
DA:24,0
DA:25,0
DA:27,0
DA:29,0
DA:30,0
DA:31,0
DA:32,0
DA:33,0
DA:34,0
DA:38,0
DA:39,0
DA:40,0
DA:41,0
DA:43,0
DA:44,0
DA:46,0
DA:47,0
DA:48,0
DA:49,0
DA:51,0
DA:52,0
DA:53,0
DA:54,0
DA:55,0
DA:56,0
DA:59,0
DA:61,0
DA:63,0
DA:67,0
DA:68,0
DA:69,0
DA:70,0
DA:72,0
DA:74,0
DA:76,0
DA:84,0
DA:86,0
DA:87,0
DA:88,0
DA:89,0
DA:91,0
DA:92,0
DA:93,0
DA:94,0
DA:95,0
DA:96,0
DA:99,0
DA:101,0
DA:103,0
DA:107,0
DA:108,0
DA:109,0
DA:110,0
DA:111,0
DA:112,0
DA:113,0
DA:114,0
DA:117,0
DA:120,0
DA:121,0
DA:122,0
DA:123,0
DA:124,0
DA:125,0
DA:126,0
DA:127,0
DA:130,0
DA:131,0
DA:147,0
DA:157,0
DA:163,0
DA:185,0
DA:194,0
DA:221,0
DA:230,0
LF:84
LH:0
BRDA:31,0,0,0
BRDA:31,0,1,0
BRDA:31,1,0,0
BRDA:31,1,1,0
BRDA:49,2,0,0
BRDA:49,2,1,0
BRDA:61,3,0,0
BRDA:61,3,1,0
BRDA:89,4,0,0
BRDA:89,4,1,0
BRDA:101,5,0,0
BRDA:101,5,1,0
BRDA:130,6,0,0
BRDA:130,6,1,0
BRDA:154,7,0,0
BRDA:154,7,1,0
BRDA:154,7,2,0
BRDA:171,8,0,0
BRDA:171,8,1,0
BRDA:177,9,0,0
BRDA:177,9,1,0
BRDA:200,10,0,0
BRDA:200,10,1,0
BRDA:209,11,0,0
BRDA:209,11,1,0
BRDA:235,12,0,0
BRDA:235,12,1,0
BRF:27
BRH:0
end_of_record
TN:
SF:src/components/Breadcrumbs.tsx
FN:14,(anonymous_0)
FN:17,(anonymous_1)
FN:44,(anonymous_2)
FN:50,(anonymous_3)
FN:70,(anonymous_4)
FNF:5
FNH:4
FNDA:7,(anonymous_0)
FNDA:7,(anonymous_1)
FNDA:11,(anonymous_2)
FNDA:0,(anonymous_3)
FNDA:17,(anonymous_4)
DA:14,2
DA:15,7
DA:17,7
DA:18,7
DA:19,7
DA:22,7
DA:43,7
DA:44,7
DA:45,11
DA:46,11
DA:49,11
DA:51,0
DA:54,11
DA:57,7
DA:60,7
DA:63,7
DA:64,1
DA:67,6
DA:71,17
DA:73,17
LF:20
LH:19
BRDA:49,0,0,11
BRDA:49,0,1,0
BRDA:63,1,0,1
BRDA:63,1,1,6
BRDA:75,2,0,6
BRDA:75,2,1,11
BRDA:84,3,0,17
BRDA:84,3,1,11
BRF:8
BRH:7
end_of_record
TN:
SF:src/components/ColorPicker.tsx
FN:15,(anonymous_0)
FN:23,(anonymous_1)
FN:46,(anonymous_2)
FNF:3
FNH:0
FNDA:0,(anonymous_0)
FNDA:0,(anonymous_1)
FNDA:0,(anonymous_2)
DA:15,1
DA:23,0
DA:24,0
DA:27,0
DA:46,0
LF:5
LH:1
BRDA:19,0,0,0
BRDA:29,1,0,0
BRDA:29,1,1,0
BRDA:31,2,0,0
BRDA:31,2,1,0
BRDA:34,3,0,0
BRDA:34,3,1,0
BRDA:39,4,0,0
BRDA:39,4,1,0
BRDA:45,5,0,0
BRDA:45,5,1,0
BRF:11
BRH:0
end_of_record
TN:
SF:src/components/CommandPalette.tsx
FN:44,(anonymous_0)
FN:57,(anonymous_1)
FN:59,(anonymous_2)
FN:65,(anonymous_3)
FN:66,(anonymous_4)
FN:88,(anonymous_5)
FN:92,(anonymous_6)
FN:102,(anonymous_7)
FN:111,(anonymous_8)
FN:121,(anonymous_9)
FN:165,(anonymous_10)
FN:166,(anonymous_11)
FN:170,(anonymous_12)
FN:175,(anonymous_13)
FN:178,(anonymous_14)
FN:181,(anonymous_15)
FN:191,(anonymous_16)
FN:208,(anonymous_17)
FN:221,(anonymous_18)
FN:240,(anonymous_19)
FN:267,(anonymous_20)
FN:268,(anonymous_21)
FN:308,(anonymous_22)
FN:316,(anonymous_23)
FN:354,(anonymous_24)
FN:366,(anonymous_25)
FNF:26
FNH:9
FNDA:15,(anonymous_0)
FNDA:5,(anonymous_1)
FNDA:5,(anonymous_2)
FNDA:5,(anonymous_3)
FNDA:0,(anonymous_4)
FNDA:5,(anonymous_5)
FNDA:0,(anonymous_6)
FNDA:5,(anonymous_7)
FNDA:0,(anonymous_8)
FNDA:10,(anonymous_9)
FNDA:10,(anonymous_10)
FNDA:0,(anonymous_11)
FNDA:10,(anonymous_12)
FNDA:0,(anonymous_13)
FNDA:0,(anonymous_14)
FNDA:0,(anonymous_15)
FNDA:0,(anonymous_16)
FNDA:0,(anonymous_17)
FNDA:0,(anonymous_18)
FNDA:0,(anonymous_19)
FNDA:0,(anonymous_20)
FNDA:0,(anonymous_21)
FNDA:0,(anonymous_22)
FNDA:0,(anonymous_23)
FNDA:0,(anonymous_24)
FNDA:0,(anonymous_25)
DA:28,2
DA:36,2
DA:44,2
DA:45,15
DA:46,15
DA:47,15
DA:48,15
DA:49,15
DA:50,15
DA:51,15
DA:54,15
DA:57,15
DA:58,15
DA:59,5
DA:64,15
DA:66,5
DA:67,0
DA:68,0
DA:69,0
DA:70,0
DA:73,0
DA:74,0
DA:75,0
DA:76,0
DA:78,0
DA:79,0
DA:81,0
DA:88,15
DA:89,5
DA:90,0
DA:92,0
DA:95,5
DA:96,5
DA:97,5
DA:102,15
DA:103,5
DA:104,0
DA:106,5
DA:107,5
DA:111,15
DA:112,0
DA:113,0
DA:114,0
DA:116,0
DA:121,15
DA:122,10
DA:125,10
DA:126,0
DA:134,10
DA:135,0
DA:136,0
DA:137,0
DA:138,0
DA:140,0
DA:143,0
DA:144,0
DA:153,10
DA:154,0
DA:161,10
DA:165,15
DA:166,10
DA:170,15
DA:171,10
DA:175,15
DA:176,0
DA:177,0
DA:178,0
DA:179,0
DA:180,0
DA:181,0
DA:182,0
DA:183,0
DA:184,0
DA:185,0
DA:186,0
DA:187,0
DA:191,15
DA:192,0
DA:194,0
DA:196,0
DA:198,0
DA:200,0
DA:202,0
DA:204,0
DA:208,15
DA:209,0
DA:210,0
DA:211,0
DA:212,0
DA:213,0
DA:214,0
DA:216,0
DA:221,15
DA:222,0
DA:224,0
DA:225,0
DA:226,0
DA:228,0
DA:229,0
DA:230,0
DA:231,0
DA:232,0
DA:234,0
DA:235,0
DA:236,0
DA:240,15
DA:241,0
DA:242,0
DA:243,0
DA:244,0
DA:246,0
DA:247,0
DA:248,0
DA:249,0
DA:250,0
DA:251,0
DA:252,0
DA:253,0
DA:254,0
DA:255,0
DA:256,0
DA:257,0
DA:258,0
DA:259,0
DA:260,0
DA:263,0
DA:267,0
DA:268,0
DA:287,15
DA:308,0
DA:316,0
DA:355,0
DA:357,0
DA:358,0
DA:361,0
DA:367,0
DA:368,0
LF:137
LH:42
BRDA:67,0,0,0
BRDA:67,0,1,0
BRDA:89,1,0,0
BRDA:89,1,1,5
BRDA:103,2,0,0
BRDA:103,2,1,5
BRDA:125,3,0,0
BRDA:125,3,1,10
BRDA:125,4,0,10
BRDA:125,4,1,0
BRDA:134,5,0,0
BRDA:134,5,1,10
BRDA:137,6,0,0
BRDA:137,6,1,0
BRDA:146,7,0,0
BRDA:146,7,1,0
BRDA:153,8,0,0
BRDA:153,8,1,10
BRDA:153,9,0,10
BRDA:153,9,1,10
BRDA:176,10,0,0
BRDA:176,10,1,0
BRDA:179,11,0,0
BRDA:179,11,1,0
BRDA:182,12,0,0
BRDA:182,12,1,0
BRDA:185,13,0,0
BRDA:185,13,1,0
BRDA:192,14,0,0
BRDA:192,14,1,0
BRDA:192,14,2,0
BRDA:192,14,3,0
BRDA:192,14,4,0
BRDA:192,14,5,0
BRDA:212,15,0,0
BRDA:212,15,1,0
BRDA:222,16,0,0
BRDA:222,16,1,0
BRDA:222,17,0,0
BRDA:222,17,1,0
BRDA:226,18,0,0
BRDA:226,18,1,0
BRDA:226,19,0,0
BRDA:226,19,1,0
BRDA:232,20,0,0
BRDA:232,20,1,0
BRDA:232,21,0,0
BRDA:232,21,1,0
BRDA:246,22,0,0
BRDA:246,22,1,0
BRDA:246,23,0,0
BRDA:246,23,1,0
BRDA:249,24,0,0
BRDA:249,24,1,0
BRDA:250,25,0,0
BRDA:250,25,1,0
BRDA:251,26,0,0
BRDA:251,26,1,0
BRDA:251,27,0,0
BRDA:251,27,1,0
BRDA:254,28,0,0
BRDA:254,28,1,0
BRDA:255,29,0,0
BRDA:255,29,1,0
BRDA:256,30,0,0
BRDA:256,30,1,0
BRDA:256,31,0,0
BRDA:256,31,1,0
BRDA:260,32,0,0
BRDA:260,32,1,0
BRDA:266,33,0,0
BRDA:266,33,1,0
BRDA:276,34,0,0
BRDA:276,34,1,0
BRDA:312,35,0,0
BRDA:312,35,1,15
BRDA:330,36,0,15
BRDA:330,36,1,0
BRDA:338,37,0,15
BRDA:338,37,1,15
BRDA:338,37,2,15
BRDA:338,37,3,0
BRDA:346,38,0,15
BRDA:346,38,1,15
BRDA:346,38,2,15
BRDA:346,38,3,15
BRF:86
BRH:17
end_of_record
TN:
SF:src/components/Footer.tsx
FN:12,(anonymous_0)
FNF:1
FNH:1
FNDA:3,(anonymous_0)
DA:12,1
DA:14,3
DA:15,3
DA:17,3
LF:4
LH:4
BRDA:12,0,0,2
BRDA:14,1,0,3
BRDA:14,1,1,1
BRDA:15,2,0,3
BRDA:15,2,1,2
BRF:5
BRH:5
end_of_record
TN:
SF:src/components/InstallPrompt.tsx
FN:11,(anonymous_0)
FN:19,(anonymous_1)
FN:26,(anonymous_2)
FNF:3
FNH:0
FNDA:0,(anonymous_0)
FNDA:0,(anonymous_1)
FNDA:0,(anonymous_2)
DA:11,0
DA:12,0
DA:13,0
DA:15,0
DA:16,0
DA:19,0
DA:20,0
DA:21,0
DA:22,0
DA:26,0
DA:27,0
DA:28,0
DA:31,0
LF:13
LH:0
BRDA:15,0,0,0
BRDA:15,0,1,0
BRDA:15,1,0,0
BRDA:15,1,1,0
BRDA:21,2,0,0
BRDA:21,2,1,0
BRF:6
BRH:0
end_of_record
TN:
SF:src/components/InventoryList.tsx
FN:12,(anonymous_0)
FN:20,(anonymous_1)
FN:25,(anonymous_2)
FN:39,(anonymous_3)
FN:53,(anonymous_4)
FN:55,(anonymous_5)
FN:59,(anonymous_6)
FN:63,(anonymous_7)
FN:68,(anonymous_8)
FN:76,(anonymous_9)
FN:119,(anonymous_10)
FN:126,(anonymous_11)
FN:132,(anonymous_12)
FN:153,(anonymous_13)
FN:155,(anonymous_14)
FN:156,(anonymous_15)
FN:166,(anonymous_16)
FNF:17
FNH:0
FNDA:0,(anonymous_0)
FNDA:0,(anonymous_1)
FNDA:0,(anonymous_2)
FNDA:0,(anonymous_3)
FNDA:0,(anonymous_4)
FNDA:0,(anonymous_5)
FNDA:0,(anonymous_6)
FNDA:0,(anonymous_7)
FNDA:0,(anonymous_8)
FNDA:0,(anonymous_9)
FNDA:0,(anonymous_10)
FNDA:0,(anonymous_11)
FNDA:0,(anonymous_12)
FNDA:0,(anonymous_13)
FNDA:0,(anonymous_14)
FNDA:0,(anonymous_15)
FNDA:0,(anonymous_16)
DA:12,0
DA:13,0
DA:14,0
DA:15,0
DA:16,0
DA:17,0
DA:18,0
DA:20,0
DA:21,0
DA:22,0
DA:25,0
DA:26,0
DA:27,0
DA:28,0
DA:29,0
DA:30,0
DA:31,0
DA:33,0
DA:35,0
DA:39,0
DA:42,0
DA:48,0
DA:50,0
DA:53,0
DA:55,0
DA:56,0
DA:59,0
DA:60,0
DA:63,0
DA:65,0
DA:68,0
DA:69,0
DA:70,0
DA:71,0
DA:74,0
DA:75,0
DA:76,0
DA:77,0
DA:80,0
DA:81,0
DA:82,0
DA:83,0
DA:84,0
DA:85,0
DA:86,0
DA:87,0
DA:88,0
DA:90,0
DA:91,0
DA:93,0
DA:97,0
DA:98,0
DA:101,0
DA:119,0
DA:126,0
DA:132,0
DA:154,0
DA:155,0
DA:156,0
DA:161,0
DA:166,0
LF:61
LH:0
BRDA:42,0,0,0
BRDA:42,0,1,0
BRDA:42,0,2,0
BRDA:42,0,3,0
BRDA:48,1,0,0
BRDA:48,1,1,0
BRDA:48,1,2,0
BRDA:50,2,0,0
BRDA:50,2,1,0
BRDA:69,3,0,0
BRDA:69,3,1,0
BRDA:97,4,0,0
BRDA:97,4,1,0
BRDA:106,5,0,0
BRDA:106,5,1,0
BRDA:125,6,0,0
BRDA:125,6,1,0
BRDA:131,7,0,0
BRDA:131,7,1,0
BRDA:139,8,0,0
BRDA:139,8,1,0
BRDA:142,9,0,0
BRDA:142,9,1,0
BRDA:147,10,0,0
BRDA:147,10,1,0
BRDA:149,11,0,0
BRDA:149,11,1,0
BRDA:165,12,0,0
BRDA:165,12,1,0
BRDA:168,13,0,0
BRDA:168,13,1,0
BRDA:178,14,0,0
BRDA:178,14,1,0
BRDA:183,15,0,0
BRDA:183,15,1,0
BRDA:189,16,0,0
BRDA:189,16,1,0
BRDA:209,17,0,0
BRDA:209,17,1,0
BRDA:222,18,0,0
BRDA:222,18,1,0
BRDA:225,19,0,0
BRDA:225,19,1,0
BRDA:232,20,0,0
BRDA:232,20,1,0
BRDA:238,21,0,0
BRDA:238,21,1,0
BRDA:244,22,0,0
BRDA:244,22,1,0
BRF:49
BRH:0
end_of_record
TN:
SF:src/components/LeadTimeChart.tsx
FN:31,(anonymous_0)
FN:32,(anonymous_1)
FN:37,(anonymous_2)
FN:123,(anonymous_3)
FN:130,(anonymous_4)
FNF:5
FNH:3
FNDA:4,(anonymous_0)
FNDA:4,(anonymous_1)
FNDA:6,(anonymous_2)
FNDA:0,(anonymous_3)
FNDA:0,(anonymous_4)
DA:31,2
DA:32,4
DA:33,4
DA:34,1
DA:37,6
DA:46,4
DA:47,1
DA:56,3
DA:124,0
DA:125,0
DA:126,0
DA:127,0
DA:128,0
DA:130,0
LF:14
LH:8
BRDA:33,0,0,1
BRDA:33,0,1,3
BRDA:33,1,0,4
BRDA:33,1,1,4
BRDA:38,2,0,0
BRDA:38,2,1,6
BRDA:46,3,0,1
BRDA:46,3,1,3
BRDA:46,4,0,4
BRDA:46,4,1,4
BRDA:65,5,0,3
BRDA:65,5,1,0
BRDA:75,6,0,3
BRDA:75,6,1,0
BRDA:85,7,0,3
BRDA:85,7,1,0
BRDA:85,8,0,3
BRDA:85,8,1,3
BRDA:97,9,0,3
BRDA:97,9,1,0
BRDA:97,10,0,3
BRDA:97,10,1,3
BRDA:99,11,0,3
BRDA:99,11,1,0
BRDA:100,12,0,3
BRDA:100,12,1,0
BRDA:124,13,0,0
BRDA:124,13,1,0
BRDA:125,14,0,0
BRDA:125,14,1,0
BRDA:126,15,0,0
BRDA:126,15,1,0
BRDA:127,16,0,0
BRDA:127,16,1,0
BRF:34
BRH:19
end_of_record
TN:
SF:src/components/LocationFixturesList.tsx
FN:15,(anonymous_0)
FN:20,(anonymous_1)
FN:24,(anonymous_2)
FN:62,(anonymous_3)
FNF:4
FNH:0
FNDA:0,(anonymous_0)
FNDA:0,(anonymous_1)
FNDA:0,(anonymous_2)
FNDA:0,(anonymous_3)
DA:15,1
DA:16,0
DA:17,0
DA:18,0
DA:20,0
DA:21,0
DA:24,0
DA:25,0
DA:26,0
DA:28,0
DA:29,0
DA:30,0
DA:33,0
DA:34,0
DA:35,0
DA:37,0
DA:43,0
DA:44,0
DA:47,0
DA:48,0
DA:51,0
DA:52,0
DA:59,0
DA:63,0
LF:24
LH:1
BRDA:43,0,0,0
BRDA:43,0,1,0
BRDA:47,1,0,0
BRDA:47,1,1,0
BRDA:51,2,0,0
BRDA:51,2,1,0
BRDA:65,3,0,0
BRDA:65,3,1,0
BRDA:70,4,0,0
BRDA:70,4,1,0
BRF:10
BRH:0
end_of_record
TN:
SF:src/components/NFPADiamond.tsx
FN:17,(anonymous_0)
FN:35,(anonymous_1)
FN:41,(anonymous_2)
FNF:3
FNH:3
FNDA:15,(anonymous_0)
FNDA:15,(anonymous_1)
FNDA:5,(anonymous_2)
DA:17,3
DA:18,15
DA:19,11
DA:21,0
DA:23,6
DA:25,3
DA:27,2
DA:29,0
DA:31,0
DA:35,3
DA:36,15
DA:37,11
DA:38,5
DA:41,3
DA:48,5
DA:49,5
DA:50,5
DA:52,5
LF:18
LH:15
BRDA:18,0,0,4
BRDA:18,0,1,11
BRDA:18,1,0,15
BRDA:18,1,1,11
BRDA:19,2,0,0
BRDA:19,2,1,6
BRDA:19,2,2,3
BRDA:19,2,3,2
BRDA:19,2,4,0
BRDA:19,2,5,0
BRDA:36,3,0,4
BRDA:36,3,1,11
BRDA:36,4,0,15
BRDA:36,4,1,11
BRDA:37,5,0,6
BRDA:37,5,1,5
BRDA:37,6,0,11
BRDA:37,6,1,11
BRDA:45,7,0,0
BRDA:46,8,0,4
BRDA:87,9,0,4
BRDA:87,9,1,1
BRDA:87,10,0,5
BRDA:87,10,1,4
BRDA:114,11,0,3
BRDA:114,11,1,2
BRDA:114,12,0,5
BRDA:114,12,1,3
BRDA:141,13,0,4
BRDA:141,13,1,1
BRDA:141,14,0,5
BRDA:141,14,1,4
BRDA:171,15,0,5
BRDA:171,15,1,3
BRDA:179,16,0,4
BRDA:179,16,1,1
BRDA:179,17,0,5
BRDA:179,17,1,4
BRDA:180,18,0,3
BRDA:180,18,1,2
BRDA:180,19,0,5
BRDA:180,19,1,3
BRDA:181,20,0,4
BRDA:181,20,1,1
BRDA:181,21,0,5
BRDA:181,21,1,4
BRDA:183,22,0,5
BRDA:183,22,1,2
BRF:48
BRH:44
end_of_record
TN:
SF:src/components/NotificationBadge.tsx
FN:13,(anonymous_0)
FNF:1
FNH:1
FNDA:5,(anonymous_0)
DA:13,3
DA:14,5
DA:15,2
DA:18,3
LF:4
LH:4
BRDA:14,0,0,2
BRDA:14,0,1,3
BRDA:24,1,0,1
BRDA:24,1,1,2
BRF:4
BRH:4
end_of_record
TN:
SF:src/components/NotificationBanner.tsx
FN:14,(anonymous_0)
FN:15,(anonymous_1)
FN:30,(anonymous_2)
FN:46,(anonymous_3)
FNF:4
FNH:4
FNDA:6,(anonymous_0)
FNDA:6,(anonymous_1)
FNDA:6,(anonymous_2)
FNDA:1,(anonymous_3)
DA:14,3
DA:15,6
DA:16,6
DA:18,1
DA:20,1
DA:22,1
DA:24,3
DA:26,0
DA:30,6
DA:31,6
DA:34,6
DA:46,1
LF:12
LH:11
BRDA:16,0,0,1
BRDA:16,0,1,1
BRDA:16,0,2,1
BRDA:16,0,3,3
BRDA:16,0,4,0
BRDA:43,1,0,6
BRDA:43,1,1,5
BRF:7
BRH:6
end_of_record
TN:
SF:src/components/NotificationCenter.tsx
FN:19,(anonymous_0)
FN:37,(anonymous_1)
FN:43,(anonymous_2)
FN:53,(anonymous_3)
FN:57,(anonymous_4)
FN:61,(anonymous_5)
FN:76,(anonymous_6)
FN:92,(anonymous_7)
FN:116,(anonymous_8)
FN:145,(anonymous_9)
FN:168,(anonymous_10)
FN:172,(anonymous_11)
FN:193,(anonymous_12)
FNF:13
FNH:2
FNDA:5,(anonymous_0)
FNDA:5,(anonymous_1)
FNDA:0,(anonymous_2)
FNDA:0,(anonymous_3)
FNDA:0,(anonymous_4)
FNDA:0,(anonymous_5)
FNDA:0,(anonymous_6)
FNDA:0,(anonymous_7)
FNDA:0,(anonymous_8)
FNDA:0,(anonymous_9)
FNDA:0,(anonymous_10)
FNDA:0,(anonymous_11)
FNDA:0,(anonymous_12)
DA:19,2
DA:20,5
DA:31,5
DA:32,5
DA:35,5
DA:37,5
DA:38,5
DA:39,0
DA:43,5
DA:44,0
DA:45,0
DA:47,0
DA:48,0
DA:49,0
DA:53,5
DA:54,0
DA:57,5
DA:58,0
DA:61,5
DA:62,0
DA:64,0
DA:66,0
DA:68,0
DA:70,0
DA:72,0
DA:76,5
DA:77,0
DA:79,0
DA:81,0
DA:83,0
DA:85,0
DA:87,0
DA:91,5
DA:92,0
DA:95,5
DA:97,5
DA:116,0
DA:146,0
DA:169,0
DA:172,0
DA:194,0
DA:195,0
LF:42
LH:15
BRDA:38,0,0,0
BRDA:38,0,1,5
BRDA:44,1,0,0
BRDA:44,1,1,0
BRDA:47,2,0,0
BRDA:47,2,1,0
BRDA:62,3,0,0
BRDA:62,3,1,0
BRDA:62,3,2,0
BRDA:62,3,3,0
BRDA:62,3,4,0
BRDA:77,4,0,0
BRDA:77,4,1,0
BRDA:77,4,2,0
BRDA:77,4,3,0
BRDA:77,4,4,0
BRDA:91,5,0,5
BRDA:91,5,1,0
BRDA:106,6,0,5
BRDA:106,6,1,0
BRDA:116,7,0,0
BRDA:116,7,1,0
BRDA:118,8,0,0
BRDA:118,8,1,5
BRDA:120,9,0,5
BRDA:120,9,1,0
BRDA:134,10,0,5
BRDA:134,10,1,0
BRDA:159,11,0,5
BRDA:159,11,1,0
BRDA:162,12,0,5
BRDA:162,12,1,0
BRDA:171,13,0,0
BRDA:171,13,1,0
BRDA:186,14,0,0
BRDA:186,14,1,0
BRDA:208,15,0,0
BRDA:208,15,1,0
BRF:38
BRH:8
end_of_record
TN:
SF:src/components/OfflineIndicator.tsx
FN:11,(anonymous_0)
FNF:1
FNH:0
FNDA:0,(anonymous_0)
DA:11,0
DA:12,0
DA:14,0
DA:15,0
DA:18,0
LF:5
LH:0
BRDA:14,0,0,0
BRDA:14,0,1,0
BRF:2
BRH:0
end_of_record
TN:
SF:src/components/PriceTrendChart.tsx
FN:41,(anonymous_0)
FN:42,(anonymous_1)
FN:53,(anonymous_2)
FN:54,(anonymous_3)
FN:56,(anonymous_4)
FN:76,(anonymous_5)
FN:80,(anonymous_6)
FN:81,(anonymous_7)
FN:150,(anonymous_8)
FN:153,(anonymous_9)
FN:156,(anonymous_10)
FN:162,(anonymous_11)
FN:165,(anonymous_12)
FNF:13
FNH:9
FNDA:4,(anonymous_0)
FNDA:4,(anonymous_1)
FNDA:3,(anonymous_2)
FNDA:6,(anonymous_3)
FNDA:3,(anonymous_4)
FNDA:3,(anonymous_5)
FNDA:4,(anonymous_6)
FNDA:3,(anonymous_7)
FNDA:0,(anonymous_8)
FNDA:0,(anonymous_9)
FNDA:0,(anonymous_10)
FNDA:0,(anonymous_11)
FNDA:3,(anonymous_12)
DA:41,2
DA:42,4
DA:43,4
DA:44,1
DA:51,3
DA:53,3
DA:54,3
DA:55,6
DA:56,6
DA:58,6
DA:60,0
DA:61,0
DA:64,6
DA:67,6
DA:68,6
DA:69,6
DA:75,3
DA:76,3
DA:80,4
DA:81,4
DA:88,4
DA:89,1
DA:99,3
DA:110,3
DA:150,0
DA:153,0
DA:157,0
DA:158,0
DA:159,0
DA:160,0
DA:162,0
DA:166,3
LF:32
LH:23
BRDA:43,0,0,1
BRDA:43,0,1,3
BRDA:43,1,0,4
BRDA:43,1,1,4
BRDA:58,2,0,0
BRDA:58,2,1,6
BRDA:61,3,0,0
BRDA:61,3,1,0
BRDA:61,3,2,0
BRDA:68,4,0,6
BRDA:68,4,1,0
BRDA:68,4,2,0
BRDA:88,5,0,1
BRDA:88,5,1,3
BRDA:88,6,0,4
BRDA:88,6,1,4
BRDA:120,7,0,3
BRDA:120,7,1,0
BRDA:126,8,0,3
BRDA:126,8,1,0
BRDA:126,9,0,3
BRDA:126,9,1,3
BRDA:157,10,0,0
BRDA:157,10,1,0
BRDA:157,11,0,0
BRDA:157,11,1,0
BRDA:158,12,0,0
BRDA:158,12,1,0
BRDA:159,13,0,0
BRDA:159,13,1,0
BRDA:171,14,0,0
BRDA:171,14,1,3
BRF:32
BRH:15
end_of_record
TN:
SF:src/components/QRScanner.tsx
FN:18,(anonymous_0)
FN:37,(anonymous_1)
FN:38,(anonymous_2)
FN:41,(anonymous_3)
FN:55,(anonymous_4)
FN:58,(anonymous_5)
FN:71,(anonymous_6)
FN:82,(anonymous_7)
FN:88,(anonymous_8)
FN:112,(anonymous_9)
FN:118,(anonymous_10)
FN:131,(anonymous_11)
FN:149,(anonymous_12)
FN:153,(anonymous_13)
FN:162,(anonymous_14)
FN:185,(anonymous_15)
FNF:16
FNH:0
FNDA:0,(anonymous_0)
FNDA:0,(anonymous_1)
FNDA:0,(anonymous_2)
FNDA:0,(anonymous_3)
FNDA:0,(anonymous_4)
FNDA:0,(anonymous_5)
FNDA:0,(anonymous_6)
FNDA:0,(anonymous_7)
FNDA:0,(anonymous_8)
FNDA:0,(anonymous_9)
FNDA:0,(anonymous_10)
FNDA:0,(anonymous_11)
FNDA:0,(anonymous_12)
FNDA:0,(anonymous_13)
FNDA:0,(anonymous_14)
FNDA:0,(anonymous_15)
DA:18,2
DA:26,0
DA:27,0
DA:28,0
DA:29,0
DA:30,0
DA:31,0
DA:32,0
DA:33,0
DA:34,0
DA:37,0
DA:38,0
DA:39,0
DA:40,0
DA:41,0
DA:42,0
DA:43,0
DA:44,0
DA:45,0
DA:48,0
DA:51,0
DA:55,0
DA:56,0
DA:58,0
DA:59,0
DA:60,0
DA:61,0
DA:62,0
DA:64,0
DA:65,0
DA:67,0
DA:73,0
DA:74,0
DA:75,0
DA:76,0
DA:78,0
DA:84,0
DA:86,0
DA:90,0
DA:91,0
DA:92,0
DA:98,0
DA:99,0
DA:101,0
DA:102,0
DA:103,0
DA:104,0
DA:105,0
DA:110,0
DA:112,0
DA:113,0
DA:118,0
DA:119,0
DA:120,0
DA:121,0
DA:122,0
DA:123,0
DA:124,0
DA:126,0
DA:131,0
DA:132,0
DA:134,0
DA:135,0
DA:137,0
DA:138,0
DA:139,0
DA:142,0
DA:145,0
DA:149,0
DA:150,0
DA:152,0
DA:153,0
DA:155,0
DA:156,0
DA:158,0
DA:159,0
DA:162,0
DA:163,0
DA:164,0
DA:165,0
DA:169,0
DA:185,0
LF:82
LH:1
BRDA:22,0,0,0
BRDA:23,1,0,0
BRDA:24,2,0,0
BRDA:44,3,0,0
BRDA:44,3,1,0
BRDA:56,4,0,0
BRDA:56,4,1,0
BRDA:56,5,0,0
BRDA:56,5,1,0
BRDA:61,6,0,0
BRDA:61,6,1,0
BRDA:74,7,0,0
BRDA:74,7,1,0
BRDA:90,8,0,0
BRDA:90,8,1,0
BRDA:90,9,0,0
BRDA:90,9,1,0
BRDA:91,10,0,0
BRDA:91,10,1,0
BRDA:101,11,0,0
BRDA:101,11,1,0
BRDA:104,12,0,0
BRDA:104,12,1,0
BRDA:119,13,0,0
BRDA:119,13,1,0
BRDA:119,14,0,0
BRDA:119,14,1,0
BRDA:132,15,0,0
BRDA:132,15,1,0
BRDA:132,16,0,0
BRDA:132,16,1,0
BRDA:137,17,0,0
BRDA:137,17,1,0
BRDA:138,18,0,0
BRDA:138,18,1,0
BRDA:150,19,0,0
BRDA:150,19,1,0
BRDA:164,20,0,0
BRDA:164,20,1,0
BRDA:182,21,0,0
BRDA:182,21,1,0
BRDA:191,22,0,0
BRDA:191,22,1,0
BRDA:191,22,2,0
BRDA:199,23,0,0
BRDA:199,23,1,0
BRDA:215,24,0,0
BRDA:215,24,1,0
BRF:48
BRH:0
end_of_record
TN:
SF:src/components/RecentPages.tsx
FN:18,(anonymous_0)
FN:23,(anonymous_1)
FN:55,(anonymous_2)
FN:58,(anonymous_3)
FN:64,(anonymous_4)
FN:77,(anonymous_5)
FN:80,(anonymous_6)
FN:108,(anonymous_7)
FN:123,(anonymous_8)
FNF:9
FNH:7
FNDA:8,(anonymous_0)
FNDA:3,(anonymous_1)
FNDA:0,(anonymous_2)
FNDA:0,(anonymous_3)
FNDA:5,(anonymous_4)
FNDA:5,(anonymous_5)
FNDA:18,(anonymous_6)
FNDA:18,(anonymous_7)
FNDA:13,(anonymous_8)
DA:15,2
DA:16,2
DA:18,2
DA:19,8
DA:20,8
DA:23,8
DA:24,3
DA:40,3
DA:41,3
DA:45,0
DA:46,0
DA:47,0
DA:48,0
DA:49,0
DA:54,0
DA:56,0
DA:58,0
DA:64,8
DA:66,5
DA:67,5
DA:68,3
DA:69,3
DA:70,3
DA:72,0
DA:77,8
DA:79,5
DA:80,18
DA:81,2
DA:85,3
DA:86,3
DA:87,3
DA:88,3
DA:89,3
DA:90,3
DA:91,0
DA:99,3
DA:106,3
DA:108,18
DA:111,3
DA:112,3
DA:115,8
DA:116,5
DA:119,3
DA:124,13
LF:44
LH:34
BRDA:18,0,0,8
BRDA:40,1,0,3
BRDA:40,1,1,0
BRDA:46,2,0,0
BRDA:46,2,1,0
BRDA:48,3,0,0
BRDA:48,3,1,0
BRDA:54,4,0,0
BRDA:54,4,1,0
BRDA:67,5,0,3
BRDA:67,5,1,2
BRDA:80,6,0,2
BRDA:80,6,1,3
BRDA:87,7,0,3
BRDA:87,7,1,0
BRDA:90,8,0,0
BRDA:90,8,1,3
BRDA:90,9,0,3
BRDA:90,9,1,3
BRDA:115,10,0,5
BRDA:115,10,1,3
BRDA:121,11,0,3
BRDA:121,11,1,3
BRDA:126,12,0,13
BRDA:126,12,1,13
BRDA:127,13,0,13
BRDA:127,13,1,13
BRDA:128,14,0,13
BRDA:128,14,1,0
BRF:29
BRH:19
end_of_record
TN:
SF:src/components/Sidebar.tsx
FN:34,(anonymous_0)
FN:42,(anonymous_1)
FN:44,(anonymous_2)
FN:54,(anonymous_3)
FN:61,(anonymous_4)
FN:67,(anonymous_5)
FN:73,(anonymous_6)
FN:145,(anonymous_7)
FN:147,(anonymous_8)
FN:148,(anonymous_9)
FN:153,(anonymous_10)
FN:158,(anonymous_11)
FN:159,(anonymous_12)
FN:170,(anonymous_13)
FN:174,(anonymous_14)
FN:180,(anonymous_15)
FN:189,(anonymous_16)
FN:194,(anonymous_17)
FN:198,(anonymous_18)
FN:208,(anonymous_19)
FN:232,(anonymous_20)
FN:236,(anonymous_21)
FN:241,(anonymous_22)
FN:248,(anonymous_23)
FN:261,(anonymous_24)
FNF:25
FNH:18
FNDA:15,(anonymous_0)
FNDA:6,(anonymous_1)
FNDA:6,(anonymous_2)
FNDA:0,(anonymous_3)
FNDA:0,(anonymous_4)
FNDA:6,(anonymous_5)
FNDA:6,(anonymous_6)
FNDA:6,(anonymous_7)
FNDA:42,(anonymous_8)
FNDA:114,(anonymous_9)
FNDA:0,(anonymous_10)
FNDA:6,(anonymous_11)
FNDA:6,(anonymous_12)
FNDA:338,(anonymous_13)
FNDA:105,(anonymous_14)
FNDA:620,(anonymous_15)
FNDA:0,(anonymous_16)
FNDA:0,(anonymous_17)
FNDA:0,(anonymous_18)
FNDA:0,(anonymous_19)
FNDA:105,(anonymous_20)
FNDA:138,(anonymous_21)
FNDA:241,(anonymous_22)
FNDA:6,(anonymous_23)
FNDA:241,(anonymous_24)
DA:34,2
DA:35,15
DA:36,15
DA:37,15
DA:38,15
DA:39,15
DA:40,15
DA:42,15
DA:44,6
DA:45,6
DA:46,6
DA:48,6
DA:49,6
DA:52,6
DA:54,6
DA:55,0
DA:56,0
DA:60,6
DA:61,6
DA:62,0
DA:65,6
DA:67,6
DA:68,6
DA:69,6
DA:73,15
DA:145,15
DA:146,6
DA:147,6
DA:148,42
DA:149,114
DA:150,108
DA:152,42
DA:153,0
DA:158,15
DA:159,6
DA:160,6
DA:161,6
DA:162,1
DA:164,5
DA:166,6
DA:170,15
DA:171,338
DA:174,15
DA:175,105
DA:176,105
DA:177,105
DA:180,15
DA:181,620
DA:182,542
DA:183,421
DA:187,15
DA:189,15
DA:190,0
DA:191,0
DA:194,15
DA:195,0
DA:198,15
DA:199,0
DA:200,0
DA:201,0
DA:202,0
DA:203,0
DA:208,15
DA:209,0
DA:210,0
DA:214,15
DA:233,105
DA:236,138
DA:237,105
DA:239,83
DA:240,83
DA:241,241
DA:244,83
DA:248,6
DA:262,241
DA:264,169
DA:266,169
DA:267,2
DA:282,167
LF:79
LH:65
BRDA:34,0,0,15
BRDA:34,1,0,15
BRDA:55,2,0,0
BRDA:55,2,1,0
BRDA:55,3,0,0
BRDA:55,3,1,0
BRDA:149,4,0,6
BRDA:149,4,1,108
BRDA:150,5,0,108
BRDA:150,5,1,108
BRDA:152,6,0,0
BRDA:152,6,1,42
BRDA:161,7,0,1
BRDA:161,7,1,5
BRDA:171,8,0,338
BRDA:171,8,1,338
BRDA:175,9,0,0
BRDA:175,9,1,105
BRDA:175,10,0,105
BRDA:175,10,1,0
BRDA:176,11,0,0
BRDA:176,11,1,105
BRDA:176,12,0,105
BRDA:176,12,1,0
BRDA:181,13,0,78
BRDA:181,13,1,542
BRDA:181,14,0,620
BRDA:181,14,1,90
BRDA:182,15,0,121
BRDA:182,15,1,421
BRDA:182,16,0,542
BRDA:182,16,1,189
BRDA:199,17,0,0
BRDA:199,17,1,0
BRDA:199,18,0,0
BRDA:199,18,1,0
BRDA:202,19,0,0
BRDA:202,19,1,0
BRDA:202,20,0,0
BRDA:202,20,1,0
BRDA:202,20,2,0
BRDA:209,21,0,0
BRDA:209,21,1,0
BRDA:209,22,0,0
BRDA:209,22,1,0
BRDA:216,23,0,0
BRDA:216,23,1,15
BRDA:216,24,0,0
BRDA:216,24,1,15
BRDA:222,25,0,15
BRDA:222,25,1,0
BRDA:233,26,0,0
BRDA:233,26,1,105
BRDA:237,27,0,22
BRDA:237,27,1,83
BRDA:241,28,0,241
BRDA:241,28,1,169
BRDA:247,29,0,0
BRDA:247,29,1,83
BRDA:252,30,0,83
BRDA:252,30,1,83
BRDA:255,31,0,6
BRDA:255,31,1,77
BRDA:259,32,0,83
BRDA:259,32,1,0
BRDA:259,32,2,83
BRDA:260,33,0,6
BRDA:260,33,1,77
BRDA:262,34,0,72
BRDA:262,34,1,169
BRDA:266,35,0,2
BRDA:266,35,1,167
BRDA:273,36,0,0
BRDA:273,36,1,2
BRDA:276,37,0,2
BRDA:276,37,1,2
BRDA:277,38,0,2
BRDA:277,38,1,2
BRDA:286,39,0,0
BRDA:286,39,1,167
BRDA:289,40,0,167
BRDA:289,40,1,167
BRDA:290,41,0,167
BRDA:290,41,1,167
BRF:84
BRH:54
end_of_record
TN:
SF:src/components/StockHistoryChart.tsx
FN:22,(anonymous_0)
FN:28,(anonymous_1)
FN:31,(anonymous_2)
FN:90,(anonymous_3)
FN:102,(anonymous_4)
FN:106,(anonymous_5)
FN:124,(anonymous_6)
FNF:7
FNH:3
FNDA:10,(anonymous_0)
FNDA:10,(anonymous_1)
FNDA:3,(anonymous_2)
FNDA:0,(anonymous_3)
FNDA:0,(anonymous_4)
FNDA:0,(anonymous_5)
FNDA:0,(anonymous_6)
DA:22,3
DA:28,10
DA:30,10
DA:31,3
DA:36,10
DA:37,10
DA:40,10
DA:46,10
DA:47,7
DA:48,7
DA:49,7
DA:57,10
DA:58,1
DA:59,1
DA:60,1
DA:61,1
DA:68,10
DA:71,10
DA:72,0
DA:81,10
DA:91,0
DA:92,0
DA:103,0
DA:104,0
DA:107,0
DA:108,0
DA:110,0
DA:124,0
LF:28
LH:19
BRDA:36,0,0,1
BRDA:36,0,1,9
BRDA:57,1,0,1
BRDA:57,1,1,9
BRDA:57,2,0,10
BRDA:57,2,1,1
BRDA:71,3,0,0
BRDA:71,3,1,10
BRDA:97,4,0,9
BRDA:97,4,1,1
BRDA:107,5,0,0
BRDA:107,5,1,0
BRDA:121,6,0,10
BRDA:121,6,1,9
BRDA:134,7,0,10
BRDA:134,7,1,9
BRF:16
BRH:13
end_of_record
TN:
SF:src/components/SupplierRelationshipForm.tsx
FN:29,(anonymous_0)
FN:35,(anonymous_1)
FN:40,(anonymous_2)
FN:56,(anonymous_3)
FN:57,(anonymous_4)
FN:65,(anonymous_5)
FN:71,(anonymous_6)
FN:103,(anonymous_7)
FN:117,(anonymous_8)
FN:130,(anonymous_9)
FN:141,(anonymous_10)
FN:149,(anonymous_11)
FN:161,(anonymous_12)
FN:172,(anonymous_13)
FN:186,(anonymous_14)
FN:197,(anonymous_15)
FN:210,(anonymous_16)
FNF:17
FNH:9
FNDA:6,(anonymous_0)
FNDA:12,(anonymous_1)
FNDA:1,(anonymous_2)
FNDA:1,(anonymous_3)
FNDA:1,(anonymous_4)
FNDA:1,(anonymous_5)
FNDA:0,(anonymous_6)
FNDA:4,(anonymous_7)
FNDA:1,(anonymous_8)
FNDA:0,(anonymous_9)
FNDA:1,(anonymous_10)
FNDA:0,(anonymous_11)
FNDA:0,(anonymous_12)
FNDA:0,(anonymous_13)
FNDA:0,(anonymous_14)
FNDA:0,(anonymous_15)
FNDA:0,(anonymous_16)
DA:29,2
DA:35,12
DA:40,6
DA:41,1
DA:56,6
DA:57,1
DA:59,1
DA:60,0
DA:62,1
DA:65,6
DA:66,1
DA:67,1
DA:70,1
DA:71,0
DA:72,0
DA:73,0
DA:78,1
DA:81,6
DA:104,4
DA:117,1
DA:131,0
DA:142,1
DA:150,0
DA:162,0
DA:173,0
DA:187,0
DA:198,0
DA:210,0
LF:28
LH:17
BRDA:33,0,0,5
BRDA:59,1,0,0
BRDA:59,1,1,1
BRDA:59,2,0,1
BRDA:59,2,1,1
BRDA:70,3,0,0
BRDA:70,3,1,1
BRDA:72,4,0,0
BRDA:72,4,1,0
BRDA:97,5,0,2
BRDA:97,5,1,4
BRDA:108,6,0,4
BRDA:108,6,1,4
BRDA:129,7,0,4
BRDA:129,7,1,0
BRDA:131,8,0,0
BRDA:131,8,1,0
BRDA:160,9,0,4
BRDA:160,9,1,0
BRDA:163,10,0,0
BRDA:163,10,1,0
BRDA:171,11,0,4
BRDA:171,11,1,0
BRDA:174,12,0,0
BRDA:174,12,1,0
BRDA:188,13,0,0
BRDA:188,13,1,0
BRDA:199,14,0,0
BRDA:199,14,1,0
BRDA:209,15,0,4
BRDA:209,15,1,0
BRDA:213,16,0,4
BRDA:213,16,1,0
BRF:33
BRH:14
end_of_record
TN:
SF:src/components/TreeView.tsx
FN:22,(anonymous_0)
FN:29,(anonymous_1)
FN:32,(anonymous_2)
FN:33,(anonymous_3)
FN:44,(anonymous_4)
FN:45,(anonymous_5)
FN:55,(anonymous_6)
FN:64,(anonymous_7)
FNF:8
FNH:0
FNDA:0,(anonymous_0)
FNDA:0,(anonymous_1)
FNDA:0,(anonymous_2)
FNDA:0,(anonymous_3)
FNDA:0,(anonymous_4)
FNDA:0,(anonymous_5)
FNDA:0,(anonymous_6)
FNDA:0,(anonymous_7)
DA:22,1
DA:28,0
DA:29,0
DA:32,0
DA:33,0
DA:34,0
DA:35,0
DA:36,0
DA:38,0
DA:40,0
DA:44,0
DA:45,0
DA:46,0
DA:47,0
DA:49,0
DA:55,0
DA:64,0
DA:79,0
LF:18
LH:1
BRDA:25,0,0,0
BRDA:29,1,0,0
BRDA:29,1,1,0
BRDA:35,2,0,0
BRDA:35,2,1,0
BRDA:44,3,0,0
BRDA:46,4,0,0
BRDA:46,4,1,0
BRDA:52,5,0,0
BRDA:52,5,1,0
BRDA:58,6,0,0
BRDA:58,6,1,0
BRDA:61,7,0,0
BRDA:61,7,1,0
BRDA:64,8,0,0
BRDA:64,8,1,0
BRDA:69,9,0,0
BRDA:69,9,1,0
BRDA:69,9,2,0
BRF:19
BRH:0
end_of_record
TN:
SF:src/components/WorkspaceLayout.tsx
FN:24,(anonymous_0)
FN:29,(anonymous_1)
FN:33,(anonymous_2)
FN:40,(anonymous_3)
FN:41,(anonymous_4)
FN:46,(anonymous_5)
FN:49,(anonymous_6)
FN:54,(anonymous_7)
FN:61,(anonymous_8)
FN:67,(anonymous_9)
FN:79,(anonymous_10)
FN:91,(anonymous_11)
FN:96,(anonymous_12)
FN:109,(anonymous_13)
FN:122,(anonymous_14)
FN:161,(anonymous_15)
FN:173,(anonymous_16)
FN:187,(anonymous_17)
FNF:18
FNH:11
FNDA:5,(anonymous_0)
FNDA:5,(anonymous_1)
FNDA:5,(anonymous_2)
FNDA:5,(anonymous_3)
FNDA:5,(anonymous_4)
FNDA:5,(anonymous_5)
FNDA:5,(anonymous_6)
FNDA:5,(anonymous_7)
FNDA:5,(anonymous_8)
FNDA:5,(anonymous_9)
FNDA:0,(anonymous_10)
FNDA:0,(anonymous_11)
FNDA:5,(anonymous_12)
FNDA:0,(anonymous_13)
FNDA:0,(anonymous_14)
FNDA:0,(anonymous_15)
FNDA:0,(anonymous_16)
FNDA:0,(anonymous_17)
DA:24,2
DA:25,5
DA:26,5
DA:27,5
DA:28,5
DA:29,5
DA:30,5
DA:31,5
DA:33,5
DA:34,5
DA:36,5
DA:37,5
DA:40,5
DA:41,5
DA:42,5
DA:44,5
DA:45,5
DA:46,5
DA:49,5
DA:50,5
DA:54,5
DA:55,5
DA:56,0
DA:61,5
DA:62,5
DA:63,0
DA:65,5
DA:67,5
DA:68,5
DA:74,5
DA:79,5
DA:80,0
DA:81,0
DA:83,0
DA:84,0
DA:85,0
DA:86,0
DA:91,5
DA:92,0
DA:96,5
DA:97,5
DA:101,5
DA:103,5
DA:104,4
DA:110,0
DA:122,0
DA:128,1
DA:161,0
DA:174,0
DA:187,0
LF:50
LH:36
BRDA:31,0,0,0
BRDA:31,0,1,5
BRDA:55,1,0,0
BRDA:55,1,1,5
BRDA:62,2,0,0
BRDA:62,2,1,5
BRDA:62,3,0,5
BRDA:62,3,1,0
BRDA:74,4,0,5
BRDA:74,4,1,4
BRDA:74,4,2,3
BRDA:74,4,3,2
BRDA:80,5,0,0
BRDA:80,5,1,0
BRDA:84,6,0,0
BRDA:84,6,1,0
BRDA:103,7,0,4
BRDA:103,7,1,1
BRDA:107,8,0,4
BRDA:107,8,1,0
BRDA:131,9,0,1
BRDA:131,9,1,0
BRDA:131,9,2,0
BRDA:146,10,0,1
BRDA:146,10,1,0
BRDA:148,11,0,0
BRDA:148,11,1,1
BRDA:148,12,0,0
BRDA:148,12,1,0
BRDA:148,13,0,0
BRDA:148,13,1,1
BRDA:171,14,0,1
BRDA:171,14,1,0
BRF:33
BRH:16
end_of_record
TN:
SF:src/components/dashboard/AssetProblemsWidget.tsx
FN:12,(anonymous_0)
FN:18,(anonymous_1)
FN:21,(anonymous_2)
FN:24,(anonymous_3)
FN:38,(anonymous_4)
FN:42,(anonymous_5)
FN:73,(anonymous_6)
FN:77,(anonymous_7)
FNF:8
FNH:0
FNDA:0,(anonymous_0)
FNDA:0,(anonymous_1)
FNDA:0,(anonymous_2)
FNDA:0,(anonymous_3)
FNDA:0,(anonymous_4)
FNDA:0,(anonymous_5)
FNDA:0,(anonymous_6)
FNDA:0,(anonymous_7)
DA:12,1
DA:13,0
DA:14,0
DA:15,0
DA:16,0
DA:18,0
DA:19,0
DA:20,0
DA:21,0
DA:24,0
DA:25,0
DA:26,0
DA:27,0
DA:28,0
DA:29,0
DA:31,0
DA:32,0
DA:34,0
DA:38,0
DA:39,0
DA:42,0
DA:43,0
DA:45,0
DA:47,0
DA:49,0
DA:53,0
DA:74,0
DA:77,0
LF:28
LH:1
BRDA:31,0,0,0
BRDA:31,0,1,0
BRDA:43,1,0,0
BRDA:43,1,1,0
BRDA:43,1,2,0
BRDA:54,2,0,0
BRDA:54,2,1,0
BRDA:55,3,0,0
BRDA:55,3,1,0
BRDA:59,4,0,0
BRDA:59,4,1,0
BRDA:62,5,0,0
BRDA:62,5,1,0
BRDA:94,6,0,0
BRDA:94,6,1,0
BRF:15
BRH:0
end_of_record
TN:
SF:src/components/dashboard/DashboardWidget.tsx
FN:18,(anonymous_0)
FNF:1
FNH:0
FNDA:0,(anonymous_0)
DA:18,1
DA:25,0
LF:2
LH:1
BRDA:20,0,0,0
BRDA:23,1,0,0
BRDA:36,2,0,0
BRDA:36,2,1,0
BRDA:41,3,0,0
BRDA:41,3,1,0
BRDA:48,4,0,0
BRDA:48,4,1,0
BRDA:48,4,2,0
BRF:9
BRH:0
end_of_record
TN:
SF:src/components/dashboard/DeliveriesWidget.tsx
FN:12,(anonymous_0)
FN:18,(anonymous_1)
FN:21,(anonymous_2)
FN:24,(anonymous_3)
FN:38,(anonymous_4)
FN:42,(anonymous_5)
FN:77,(anonymous_6)
FN:81,(anonymous_7)
FNF:8
FNH:0
FNDA:0,(anonymous_0)
FNDA:0,(anonymous_1)
FNDA:0,(anonymous_2)
FNDA:0,(anonymous_3)
FNDA:0,(anonymous_4)
FNDA:0,(anonymous_5)
FNDA:0,(anonymous_6)
FNDA:0,(anonymous_7)
DA:12,1
DA:13,0
DA:14,0
DA:15,0
DA:16,0
DA:18,0
DA:19,0
DA:20,0
DA:21,0
DA:24,0
DA:25,0
DA:26,0
DA:27,0
DA:28,0
DA:29,0
DA:31,0
DA:32,0
DA:34,0
DA:38,0
DA:39,0
DA:42,0
DA:43,0
DA:44,0
DA:45,0
DA:46,0
DA:48,0
DA:49,0
DA:50,0
DA:51,0
DA:53,0
DA:57,0
DA:78,0
DA:81,0
LF:33
LH:1
BRDA:31,0,0,0
BRDA:31,0,1,0
BRDA:48,1,0,0
BRDA:48,1,1,0
BRDA:50,2,0,0
BRDA:50,2,1,0
BRDA:58,3,0,0
BRDA:58,3,1,0
BRDA:59,4,0,0
BRDA:59,4,1,0
BRDA:63,5,0,0
BRDA:63,5,1,0
BRDA:66,6,0,0
BRDA:66,6,1,0
BRDA:88,7,0,0
BRDA:88,7,1,0
BRDA:90,8,0,0
BRDA:90,8,1,0
BRDA:98,9,0,0
BRDA:98,9,1,0
BRF:20
BRH:0
end_of_record
TN:
SF:src/components/dashboard/LowStockWidget.tsx
FN:12,(anonymous_0)
FN:18,(anonymous_1)
FN:22,(anonymous_2)
FN:25,(anonymous_3)
FN:39,(anonymous_4)
FN:63,(anonymous_5)
FN:67,(anonymous_6)
FNF:7
FNH:0
FNDA:0,(anonymous_0)
FNDA:0,(anonymous_1)
FNDA:0,(anonymous_2)
FNDA:0,(anonymous_3)
FNDA:0,(anonymous_4)
FNDA:0,(anonymous_5)
FNDA:0,(anonymous_6)
DA:12,1
DA:13,0
DA:14,0
DA:15,0
DA:16,0
DA:18,0
DA:19,0
DA:21,0
DA:22,0
DA:25,0
DA:26,0
DA:27,0
DA:28,0
DA:29,0
DA:30,0
DA:32,0
DA:33,0
DA:35,0
DA:39,0
DA:40,0
DA:43,0
DA:64,0
DA:67,0
LF:23
LH:1
BRDA:32,0,0,0
BRDA:32,0,1,0
BRDA:44,1,0,0
BRDA:44,1,1,0
BRDA:45,2,0,0
BRDA:45,2,1,0
BRDA:49,3,0,0
BRDA:49,3,1,0
BRDA:52,4,0,0
BRDA:52,4,1,0
BRDA:73,5,0,0
BRDA:73,5,1,0
BRF:12
BRH:0
end_of_record
TN:
SF:src/components/dashboard/PendingReordersWidget.tsx
FN:12,(anonymous_0)
FN:18,(anonymous_1)
FN:21,(anonymous_2)
FN:24,(anonymous_3)
FN:38,(anonymous_4)
FN:42,(anonymous_5)
FN:77,(anonymous_6)
FN:81,(anonymous_7)
FNF:8
FNH:0
FNDA:0,(anonymous_0)
FNDA:0,(anonymous_1)
FNDA:0,(anonymous_2)
FNDA:0,(anonymous_3)
FNDA:0,(anonymous_4)
FNDA:0,(anonymous_5)
FNDA:0,(anonymous_6)
FNDA:0,(anonymous_7)
DA:12,1
DA:13,0
DA:14,0
DA:15,0
DA:16,0
DA:18,0
DA:19,0
DA:20,0
DA:21,0
DA:24,0
DA:25,0
DA:26,0
DA:27,0
DA:28,0
DA:29,0
DA:31,0
DA:32,0
DA:34,0
DA:38,0
DA:39,0
DA:42,0
DA:43,0
DA:45,0
DA:47,0
DA:49,0
DA:51,0
DA:53,0
DA:57,0
DA:78,0
DA:81,0
LF:30
LH:1
BRDA:31,0,0,0
BRDA:31,0,1,0
BRDA:43,1,0,0
BRDA:43,1,1,0
BRDA:43,1,2,0
BRDA:43,1,3,0
BRDA:43,1,4,0
BRDA:58,2,0,0
BRDA:58,2,1,0
BRDA:59,3,0,0
BRDA:59,3,1,0
BRDA:63,4,0,0
BRDA:63,4,1,0
BRDA:66,5,0,0
BRDA:66,5,1,0
BRF:15
BRH:0
end_of_record
TN:
SF:src/components/dashboard/QRScansWidget.tsx
FN:11,(anonymous_0)
FN:16,(anonymous_1)
FN:19,(anonymous_2)
FN:22,(anonymous_3)
FN:36,(anonymous_4)
FN:69,(anonymous_5)
FNF:6
FNH:0
FNDA:0,(anonymous_0)
FNDA:0,(anonymous_1)
FNDA:0,(anonymous_2)
FNDA:0,(anonymous_3)
FNDA:0,(anonymous_4)
FNDA:0,(anonymous_5)
DA:11,1
DA:12,0
DA:13,0
DA:14,0
DA:16,0
DA:17,0
DA:18,0
DA:19,0
DA:22,0
DA:23,0
DA:24,0
DA:25,0
DA:26,0
DA:27,0
DA:29,0
DA:30,0
DA:32,0
DA:36,0
DA:37,0
DA:38,0
DA:39,0
DA:40,0
DA:42,0
DA:43,0
DA:44,0
DA:45,0
DA:47,0
DA:51,0
DA:70,0
LF:29
LH:1
BRDA:29,0,0,0
BRDA:29,0,1,0
BRDA:42,1,0,0
BRDA:42,1,1,0
BRDA:44,2,0,0
BRDA:44,2,1,0
BRDA:52,3,0,0
BRDA:52,3,1,0
BRDA:53,4,0,0
BRDA:53,4,1,0
BRDA:66,5,0,0
BRDA:66,5,1,0
BRDA:77,6,0,0
BRDA:77,6,1,0
BRDA:85,7,0,0
BRDA:85,7,1,0
BRDA:90,8,0,0
BRDA:90,8,1,0
BRF:18
BRH:0
end_of_record
TN:
SF:src/components/forms/FormAutocomplete.tsx
FN:25,FormAutocomplete
FN:43,(anonymous_1)
FN:46,(anonymous_2)
FN:54,(anonymous_3)
FN:63,(anonymous_4)
FN:72,(anonymous_5)
FN:92,(anonymous_6)
FN:94,(anonymous_7)
FN:98,(anonymous_8)
FN:107,(anonymous_9)
FN:109,(anonymous_10)
FN:116,(anonymous_11)
FN:118,(anonymous_12)
FNF:13
FNH:0
FNDA:0,FormAutocomplete
FNDA:0,(anonymous_1)
FNDA:0,(anonymous_2)
FNDA:0,(anonymous_3)
FNDA:0,(anonymous_4)
FNDA:0,(anonymous_5)
FNDA:0,(anonymous_6)
FNDA:0,(anonymous_7)
FNDA:0,(anonymous_8)
FNDA:0,(anonymous_9)
FNDA:0,(anonymous_10)
FNDA:0,(anonymous_11)
FNDA:0,(anonymous_12)
DA:37,0
DA:38,0
DA:39,0
DA:40,0
DA:43,0
DA:44,0
DA:46,0
DA:47,0
DA:48,0
DA:50,0
DA:52,0
DA:53,0
DA:54,0
DA:59,0
DA:61,0
DA:62,0
DA:63,0
DA:68,0
DA:70,0
DA:71,0
DA:72,0
DA:77,0
DA:80,0
DA:82,0
DA:86,0
DA:87,0
DA:92,0
DA:93,0
DA:94,0
DA:95,0
DA:98,0
DA:99,0
DA:103,0
DA:108,0
DA:109,0
DA:112,0
DA:117,0
DA:118,0
DA:119,0
DA:120,0
DA:122,0
LF:41
LH:0
BRDA:33,0,0,0
BRDA:34,1,0,0
BRDA:44,2,0,0
BRDA:44,2,1,0
BRDA:44,3,0,0
BRDA:44,3,1,0
BRDA:50,4,0,0
BRDA:50,4,1,0
BRDA:50,4,2,0
BRDA:86,5,0,0
BRDA:86,5,1,0
BRDA:93,6,0,0
BRDA:93,6,1,0
BRDA:108,7,0,0
BRDA:108,7,1,0
BRDA:115,8,0,0
BRDA:115,8,1,0
BRDA:115,8,2,0
BRDA:119,9,0,0
BRDA:119,9,1,0
BRDA:130,10,0,0
BRDA:130,10,1,0
BRF:22
BRH:0
end_of_record
TN:
SF:src/components/forms/FormDatePicker.tsx
FN:16,FormDatePicker
FN:28,(anonymous_1)
FN:37,(anonymous_2)
FNF:3
FNH:0
FNDA:0,FormDatePicker
FNDA:0,(anonymous_1)
FNDA:0,(anonymous_2)
DA:24,0
DA:29,0
DA:30,0
DA:32,0
DA:38,0
LF:5
LH:0
BRDA:30,0,0,0
BRDA:30,0,1,0
BRDA:30,1,0,0
BRDA:30,1,1,0
BRF:4
BRH:0
end_of_record
TN:
SF:src/components/forms/FormFileUpload.tsx
FN:21,FormFileUpload
FN:38,(anonymous_1)
FN:39,(anonymous_2)
FN:51,(anonymous_3)
FN:53,(anonymous_4)
FN:106,(anonymous_5)
FN:114,(anonymous_6)
FNF:7
FNH:2
FNDA:12,FormFileUpload
FNDA:14,(anonymous_1)
FNDA:0,(anonymous_2)
FNDA:0,(anonymous_3)
FNDA:0,(anonymous_4)
FNDA:0,(anonymous_5)
FNDA:0,(anonymous_6)
DA:32,12
DA:34,12
DA:39,14
DA:40,0
DA:41,0
DA:42,0
DA:43,0
DA:45,0
DA:46,0
DA:47,0
DA:51,14
DA:52,0
DA:53,0
DA:54,0
DA:55,0
DA:57,0
DA:58,0
DA:62,14
DA:107,0
DA:114,0
LF:20
LH:5
BRDA:27,0,0,12
BRDA:29,1,0,12
BRDA:40,2,0,0
BRDA:40,2,1,0
BRDA:52,3,0,0
BRDA:52,3,1,0
BRDA:64,4,0,14
BRDA:64,4,1,14
BRDA:67,5,0,14
BRDA:67,5,1,0
BRDA:70,6,0,14
BRDA:70,6,1,0
BRDA:96,7,0,0
BRDA:96,7,1,14
BRDA:99,8,0,0
BRDA:99,8,1,14
BRDA:104,9,0,14
BRDA:104,9,1,0
BRDA:123,10,0,14
BRDA:123,10,1,0
BRF:20
BRH:10
end_of_record
TN:
SF:src/components/forms/FormImageUpload.tsx
FN:20,FormImageUpload
FN:36,(anonymous_1)
FN:37,(anonymous_2)
FN:48,(anonymous_3)
FNF:4
FNH:2
FNDA:38,FormImageUpload
FNDA:45,(anonymous_1)
FNDA:0,(anonymous_2)
FNDA:0,(anonymous_3)
DA:30,38
DA:32,38
DA:37,45
DA:38,0
DA:39,0
DA:40,0
DA:41,0
DA:42,0
DA:43,0
DA:48,45
DA:49,0
DA:50,0
DA:51,0
DA:52,0
DA:56,45
LF:15
LH:5
BRDA:26,0,0,38
BRDA:27,1,0,38
BRDA:38,2,0,0
BRDA:38,2,1,0
BRDA:41,3,0,0
BRDA:41,3,1,0
BRDA:50,4,0,0
BRDA:50,4,1,0
BRDA:58,5,0,45
BRDA:58,5,1,45
BRDA:61,6,0,45
BRDA:61,6,1,0
BRDA:64,7,0,45
BRDA:64,7,1,45
BRDA:98,8,0,45
BRDA:98,8,1,45
BRDA:98,8,2,0
BRDA:106,9,0,45
BRDA:106,9,1,0
BRF:19
BRH:10
end_of_record
TN:
SF:src/components/forms/FormInput.tsx
FN:15,FormInput
FN:27,(anonymous_1)
FNF:2
FNH:2
FNDA:212,FormInput
FNDA:251,(anonymous_1)
DA:23,212
DA:28,251
LF:2
LH:2
BRF:0
BRH:0
end_of_record
TN:
SF:src/components/forms/FormLayout.tsx
FN:20,FormLayout
FN:30,(anonymous_1)
FN:45,(anonymous_2)
FN:61,(anonymous_3)
FNF:4
FNH:3
FNDA:82,FormLayout
FNDA:252,(anonymous_1)
FNDA:252,(anonymous_2)
FNDA:0,(anonymous_3)
DA:27,82
DA:28,82
DA:31,252
DA:46,252
DA:59,0
DA:62,0
LF:6
LH:4
BRDA:23,0,0,82
BRDA:24,1,0,82
BRDA:27,2,0,82
BRDA:27,2,1,0
BRDA:27,3,0,82
BRDA:27,3,1,82
BRDA:32,4,0,252
BRDA:32,4,1,252
BRDA:37,5,0,252
BRDA:37,5,1,0
BRDA:51,6,0,252
BRDA:51,6,1,170
BRF:12
BRH:10
end_of_record
TN:
SF:src/components/forms/FormNumberInput.tsx
FN:18,FormNumberInput
FN:33,(anonymous_1)
FN:38,(anonymous_2)
FNF:3
FNH:3
FNDA:104,FormNumberInput
FNDA:127,(anonymous_1)
FNDA:6,(anonymous_2)
DA:29,104
DA:34,127
DA:39,6
LF:3
LH:3
BRDA:37,0,0,127
BRDA:37,0,1,10
BRDA:39,1,0,0
BRDA:39,1,1,6
BRF:4
BRH:3
end_of_record
TN:
SF:src/components/forms/FormSelect.tsx
FN:17,FormSelect
FN:31,(anonymous_1)
FNF:2
FNH:2
FNDA:158,FormSelect
FNDA:177,(anonymous_1)
DA:27,158
DA:32,177
LF:2
LH:2
BRDA:24,0,0,65
BRF:1
BRH:1
end_of_record
TN:
SF:src/components/forms/FormTextarea.tsx
FN:15,FormTextarea
FN:27,(anonymous_1)
FNF:2
FNH:2
FNDA:112,FormTextarea
FNDA:132,(anonymous_1)
DA:23,112
DA:28,132
LF:2
LH:2
BRF:0
BRH:0
end_of_record
TN:
SF:src/components/forms/index.ts
FNF:0
FNH:0
LF:0
LH:0
BRF:0
BRH:0
end_of_record
TN:
SF:src/contexts/NotificationContext.tsx
FN:55,(anonymous_0)
FN:67,(anonymous_1)
FN:72,(anonymous_2)
FN:93,(anonymous_3)
FN:97,(anonymous_4)
FN:101,(anonymous_5)
FN:105,(anonymous_6)
FN:110,(anonymous_7)
FN:124,(anonymous_8)
FN:128,(anonymous_9)
FN:129,(anonymous_10)
FN:129,(anonymous_11)
FN:132,(anonymous_12)
FN:137,(anonymous_13)
FN:141,(anonymous_14)
FN:157,(anonymous_15)
FN:161,(anonymous_16)
FN:162,(anonymous_17)
FN:169,(anonymous_18)
FN:173,(anonymous_19)
FN:173,(anonymous_20)
FN:179,(anonymous_21)
FN:183,(anonymous_22)
FN:183,(anonymous_23)
FN:189,(anonymous_24)
FNF:25
FNH:10
FNDA:52,(anonymous_0)
FNDA:24,(anonymous_1)
FNDA:1,(anonymous_2)
FNDA:1,(anonymous_3)
FNDA:0,(anonymous_4)
FNDA:0,(anonymous_5)
FNDA:0,(anonymous_6)
FNDA:1,(anonymous_7)
FNDA:1,(anonymous_8)
FNDA:1,(anonymous_9)
FNDA:1,(anonymous_10)
FNDA:1,(anonymous_11)
FNDA:0,(anonymous_12)
FNDA:5,(anonymous_13)
FNDA:0,(anonymous_14)
FNDA:0,(anonymous_15)
FNDA:0,(anonymous_16)
FNDA:0,(anonymous_17)
FNDA:0,(anonymous_18)
FNDA:0,(anonymous_19)
FNDA:0,(anonymous_20)
FNDA:0,(anonymous_21)
FNDA:0,(anonymous_22)
FNDA:0,(anonymous_23)
FNDA:0,(anonymous_24)
DA:53,6
DA:55,6
DA:56,52
DA:57,52
DA:58,0
DA:60,52
DA:67,6
DA:68,24
DA:69,24
DA:72,24
DA:78,1
DA:85,1
DA:93,24
DA:94,1
DA:97,24
DA:98,0
DA:101,24
DA:102,0
DA:105,24
DA:106,0
DA:110,24
DA:116,1
DA:117,1
DA:124,1
DA:125,1
DA:128,24
DA:129,1
DA:132,24
DA:133,0
DA:137,24
DA:138,5
DA:139,5
DA:140,5
DA:141,0
DA:151,0
DA:153,0
DA:157,24
DA:158,0
DA:159,0
DA:160,0
DA:161,0
DA:162,0
DA:165,0
DA:169,24
DA:170,0
DA:171,0
DA:172,0
DA:173,0
DA:175,0
DA:179,24
DA:180,0
DA:181,0
DA:182,0
DA:183,0
DA:185,0
DA:189,24
DA:191,24
DA:209,24
LF:58
LH:34
BRDA:57,0,0,0
BRDA:57,0,1,52
BRDA:87,1,0,1
BRDA:87,1,1,0
BRDA:89,2,0,1
BRDA:89,2,1,1
BRDA:89,3,0,0
BRDA:89,3,1,1
BRDA:114,4,0,1
BRDA:162,5,0,0
BRDA:162,5,1,0
BRF:11
BRH:6
end_of_record
TN:
SF:src/hooks/useCommandPalette.ts
FN:7,useCommandPalette
FN:12,(anonymous_1)
FN:13,(anonymous_2)
FN:14,(anonymous_3)
FN:14,(anonymous_4)
FNF:5
FNH:0
FNDA:0,useCommandPalette
FNDA:0,(anonymous_1)
FNDA:0,(anonymous_2)
FNDA:0,(anonymous_3)
FNDA:0,(anonymous_4)
DA:8,0
DA:10,0
DA:12,0
DA:13,0
DA:14,0
LF:5
LH:0
BRF:0
BRH:0
end_of_record
TN:
SF:src/hooks/useFormValidation.ts
FN:14,useFormValidation
FNF:1
FNH:0
FNDA:0,useFormValidation
DA:19,0
LF:1
LH:0
BRDA:17,0,0,0
BRF:1
BRH:0
end_of_record
TN:
SF:src/hooks/useKeyboardShortcuts.ts
FN:12,(anonymous_0)
FN:25,useKeyboardShortcuts
FN:30,(anonymous_2)
FN:31,(anonymous_3)
FN:72,(anonymous_4)
FNF:5
FNH:3
FNDA:0,(anonymous_0)
FNDA:5,useKeyboardShortcuts
FNDA:5,(anonymous_2)
FNDA:0,(anonymous_3)
FNDA:5,(anonymous_4)
DA:12,2
DA:13,0
DA:14,0
DA:15,0
DA:16,0
DA:17,0
DA:18,0
DA:26,5
DA:27,5
DA:28,5
DA:30,5
DA:31,5
DA:33,0
DA:34,0
DA:37,0
DA:40,0
DA:41,0
DA:45,0
DA:46,0
DA:47,0
DA:49,0
DA:53,0
DA:54,0
DA:58,0
DA:59,0
DA:60,0
DA:61,0
DA:65,0
DA:66,0
DA:67,0
DA:71,5
DA:72,5
DA:73,5
LF:33
LH:9
BRDA:13,0,0,0
BRDA:13,0,1,0
BRDA:14,1,0,0
BRDA:14,1,1,0
BRDA:15,2,0,0
BRDA:15,2,1,0
BRDA:16,3,0,0
BRDA:16,3,1,0
BRDA:17,4,0,0
BRDA:17,4,1,0
BRDA:34,5,0,0
BRDA:34,5,1,0
BRDA:34,5,2,0
BRDA:37,6,0,0
BRDA:37,6,1,0
BRDA:40,7,0,0
BRDA:40,7,1,0
BRDA:46,8,0,0
BRDA:46,8,1,0
BRDA:53,9,0,0
BRDA:53,9,1,0
BRDA:58,10,0,0
BRDA:58,10,1,0
BRDA:58,11,0,0
BRDA:58,11,1,0
BRDA:58,11,2,0
BRDA:65,12,0,0
BRDA:65,12,1,0
BRDA:65,13,0,0
BRDA:65,13,1,0
BRDA:65,13,2,0
BRF:31
BRH:0
end_of_record
TN:
SF:src/hooks/useModalManager.ts
FN:20,(anonymous_0)
FN:25,(anonymous_1)
FN:30,(anonymous_2)
FN:51,(anonymous_3)
FN:55,(anonymous_4)
FN:57,(anonymous_5)
FN:62,(anonymous_6)
FN:63,(anonymous_7)
FN:73,useModalManager
FN:74,(anonymous_9)
FN:77,(anonymous_10)
FN:87,useCloseTopModal
FN:88,(anonymous_12)
FN:96,hasOpenModals
FNF:14
FNH:3
FNDA:0,(anonymous_0)
FNDA:0,(anonymous_1)
FNDA:0,(anonymous_2)
FNDA:0,(anonymous_3)
FNDA:0,(anonymous_4)
FNDA:0,(anonymous_5)
FNDA:0,(anonymous_6)
FNDA:0,(anonymous_7)
FNDA:20,useModalManager
FNDA:10,(anonymous_9)
FNDA:0,(anonymous_10)
FNDA:5,useCloseTopModal
FNDA:0,(anonymous_12)
FNDA:0,hasOpenModals
DA:17,2
DA:18,2
DA:21,0
DA:22,0
DA:26,0
DA:27,0
DA:31,0
DA:34,0
DA:35,0
DA:36,0
DA:37,0
DA:38,0
DA:39,0
DA:43,0
DA:44,0
DA:45,0
DA:48,0
DA:52,0
DA:56,0
DA:57,0
DA:58,0
DA:63,0
DA:68,2
DA:74,20
DA:75,10
DA:76,0
DA:77,0
DA:78,0
DA:88,5
DA:89,0
DA:97,0
LF:31
LH:6
BRDA:20,0,0,0
BRDA:31,1,0,0
BRDA:31,1,1,0
BRDA:38,2,0,0
BRDA:38,2,1,0
BRDA:38,3,0,0
BRDA:38,3,1,0
BRDA:43,4,0,0
BRDA:43,4,1,0
BRDA:73,5,0,0
BRDA:75,6,0,0
BRDA:75,6,1,10
BRF:12
BRH:1
end_of_record
TN:
SF:src/hooks/useNotifications.ts
FN:7,(anonymous_0)
FNF:1
FNH:1
FNDA:47,(anonymous_0)
DA:7,5
DA:8,47
LF:2
LH:2
BRF:0
BRH:0
end_of_record
TN:
SF:src/hooks/useOnlineStatus.ts
FN:13,useOnlineStatus
FN:17,(anonymous_1)
FN:18,(anonymous_2)
FN:27,(anonymous_3)
FN:37,(anonymous_4)
FN:45,(anonymous_5)
FNF:6
FNH:0
FNDA:0,useOnlineStatus
FNDA:0,(anonymous_1)
FNDA:0,(anonymous_2)
FNDA:0,(anonymous_3)
FNDA:0,(anonymous_4)
FNDA:0,(anonymous_5)
DA:14,0
DA:15,0
DA:17,0
DA:18,0
DA:19,0
DA:21,0
DA:27,0
DA:28,0
DA:29,0
DA:33,0
DA:34,0
DA:37,0
DA:38,0
DA:39,0
DA:43,0
DA:45,0
DA:46,0
DA:47,0
DA:48,0
DA:52,0
LF:20
LH:0
BRDA:21,0,0,0
BRDA:21,0,1,0
BRDA:38,1,0,0
BRDA:38,1,1,0
BRF:4
BRH:0
end_of_record
TN:
SF:src/hooks/usePWAInstall.ts
FN:25,usePWAInstall
FN:30,(anonymous_1)
FN:51,(anonymous_2)
FN:61,(anonymous_3)
FN:69,(anonymous_4)
FN:75,(anonymous_5)
FN:104,(anonymous_6)
FNF:7
FNH:0
FNDA:0,usePWAInstall
FNDA:0,(anonymous_1)
FNDA:0,(anonymous_2)
FNDA:0,(anonymous_3)
FNDA:0,(anonymous_4)
FNDA:0,(anonymous_5)
FNDA:0,(anonymous_6)
DA:22,0
DA:23,0
DA:26,0
DA:27,0
DA:28,0
DA:30,0
DA:32,0
DA:33,0
DA:34,0
DA:38,0
DA:39,0
DA:40,0
DA:41,0
DA:42,0
DA:43,0
DA:46,0
DA:51,0
DA:53,0
DA:55,0
DA:58,0
DA:61,0
DA:62,0
DA:63,0
DA:64,0
DA:67,0
DA:69,0
DA:70,0
DA:71,0
DA:75,0
DA:76,0
DA:77,0
DA:80,0
DA:82,0
DA:85,0
DA:87,0
DA:88,0
DA:89,0
DA:90,0
DA:91,0
DA:94,0
DA:95,0
DA:96,0
DA:99,0
DA:100,0
DA:104,0
DA:106,0
DA:107,0
DA:110,0
LF:48
LH:0
BRDA:32,0,0,0
BRDA:32,0,1,0
BRDA:39,1,0,0
BRDA:39,1,1,0
BRDA:42,2,0,0
BRDA:42,2,1,0
BRDA:76,3,0,0
BRDA:76,3,1,0
BRDA:87,4,0,0
BRDA:87,4,1,0
BRDA:111,5,0,0
BRDA:111,5,1,0
BRDA:111,5,2,0
BRF:13
BRH:0
end_of_record
TN:
SF:src/hooks/useSiteSettings.ts
FN:31,(anonymous_0)
FN:36,(anonymous_1)
FN:37,(anonymous_2)
FNF:3
FNH:0
FNDA:0,(anonymous_0)
FNDA:0,(anonymous_1)
FNDA:0,(anonymous_2)
DA:14,1
DA:31,1
DA:32,0
DA:33,0
DA:34,0
DA:36,0
DA:37,0
DA:38,0
DA:39,0
DA:40,0
DA:41,0
DA:42,0
DA:44,0
DA:46,0
DA:47,0
DA:49,0
DA:53,0
DA:56,0
LF:18
LH:2
BRDA:47,0,0,0
BRDA:47,0,1,0
BRF:2
BRH:0
end_of_record
TN:
SF:src/hooks/useSwipeable.ts
FN:15,(anonymous_0)
FNF:1
FNH:0
FNDA:0,(anonymous_0)
DA:15,0
DA:22,0
DA:24,0
DA:32,0
LF:4
LH:0
BRDA:19,0,0,0
BRDA:20,1,0,0
BRDA:21,2,0,0
BRF:3
BRH:0
end_of_record
TN:
SF:src/hooks/useTableNavigation.ts
FN:21,useTableNavigation
FN:31,(anonymous_1)
FN:44,(anonymous_2)
FN:106,(anonymous_3)
FN:109,(anonymous_4)
FN:116,(anonymous_5)
FN:121,(anonymous_6)
FN:131,(anonymous_7)
FNF:8
FNH:5
FNDA:20,useTableNavigation
FNDA:0,(anonymous_1)
FNDA:0,(anonymous_2)
FNDA:20,(anonymous_3)
FNDA:20,(anonymous_4)
FNDA:54,(anonymous_5)
FNDA:19,(anonymous_6)
FNDA:0,(anonymous_7)
DA:27,20
DA:28,20
DA:31,20
DA:32,0
DA:34,0
DA:38,0
DA:39,0
DA:44,20
DA:45,0
DA:48,0
DA:49,0
DA:50,0
DA:52,0
DA:54,0
DA:56,0
DA:57,0
DA:58,0
DA:60,0
DA:62,0
DA:65,0
DA:66,0
DA:67,0
DA:69,0
DA:71,0
DA:74,0
DA:75,0
DA:76,0
DA:79,0
DA:80,0
DA:81,0
DA:84,0
DA:85,0
DA:86,0
DA:87,0
DA:89,0
DA:93,0
DA:94,0
DA:97,0
DA:100,0
DA:101,0
DA:102,0
DA:106,20
DA:107,20
DA:108,20
DA:109,20
DA:110,20
DA:116,20
DA:117,54
DA:121,20
DA:122,19
DA:131,20
DA:132,0
DA:135,20
LF:53
LH:15
BRDA:24,0,0,0
BRDA:25,1,0,20
BRDA:32,2,0,0
BRDA:32,2,1,0
BRDA:38,3,0,0
BRDA:38,3,1,0
BRDA:45,4,0,0
BRDA:45,4,1,0
BRDA:45,5,0,0
BRDA:45,5,1,0
BRDA:49,6,0,0
BRDA:49,6,1,0
BRDA:49,6,2,0
BRDA:50,7,0,0
BRDA:50,7,1,0
BRDA:54,8,0,0
BRDA:54,8,1,0
BRDA:54,8,2,0
BRDA:54,8,3,0
BRDA:54,8,4,0
BRDA:54,8,5,0
BRDA:54,8,6,0
BRDA:57,9,0,0
BRDA:57,9,1,0
BRDA:66,10,0,0
BRDA:66,10,1,0
BRDA:84,11,0,0
BRDA:84,11,1,0
BRDA:84,12,0,0
BRDA:84,12,1,0
BRDA:84,12,2,0
BRDA:100,13,0,0
BRDA:100,13,1,0
BRDA:107,14,0,20
BRDA:107,14,1,0
BRDA:124,15,0,0
BRDA:124,15,1,19
BRDA:125,16,0,0
BRDA:125,16,1,19
BRDA:126,17,0,0
BRDA:126,17,1,19
BRF:41
BRH:5
end_of_record
TN:
SF:src/pages/AssetDetailPage.tsx
FN:11,(anonymous_0)
FN:21,(anonymous_1)
FN:41,(anonymous_2)
FN:47,(anonymous_3)
FN:60,(anonymous_4)
FN:75,(anonymous_5)
FN:85,(anonymous_6)
FN:98,(anonymous_7)
FN:111,(anonymous_8)
FN:121,(anonymous_9)
FN:131,(anonymous_10)
FN:144,(anonymous_11)
FN:157,(anonymous_12)
FN:169,(anonymous_13)
FN:175,(anonymous_14)
FN:188,(anonymous_15)
FN:198,(anonymous_16)
FN:271,(anonymous_17)
FN:391,(anonymous_18)
FN:416,(anonymous_19)
FN:438,(anonymous_20)
FN:452,(anonymous_21)
FN:503,(anonymous_22)
FN:504,(anonymous_23)
FN:508,(anonymous_24)
FN:553,(anonymous_25)
FNF:26
FNH:19
FNDA:20,(anonymous_0)
FNDA:11,(anonymous_1)
FNDA:9,(anonymous_2)
FNDA:27,(anonymous_3)
FNDA:9,(anonymous_4)
FNDA:9,(anonymous_5)
FNDA:9,(anonymous_6)
FNDA:9,(anonymous_7)
FNDA:9,(anonymous_8)
FNDA:9,(anonymous_9)
FNDA:0,(anonymous_10)
FNDA:0,(anonymous_11)
FNDA:1,(anonymous_12)
FNDA:0,(anonymous_13)
FNDA:9,(anonymous_14)
FNDA:0,(anonymous_15)
FNDA:0,(anonymous_16)
FNDA:0,(anonymous_17)
FNDA:9,(anonymous_18)
FNDA:1,(anonymous_19)
FNDA:1,(anonymous_20)
FNDA:9,(anonymous_21)
FNDA:9,(anonymous_22)
FNDA:0,(anonymous_23)
FNDA:9,(anonymous_24)
FNDA:1,(anonymous_25)
DA:11,2
DA:12,20
DA:13,20
DA:14,20
DA:15,19
DA:16,19
DA:17,19
DA:18,19
DA:19,19
DA:21,19
DA:22,11
DA:24,11
DA:25,11
DA:26,11
DA:27,11
DA:31,9
DA:32,9
DA:34,1
DA:35,1
DA:37,10
DA:41,19
DA:42,9
DA:43,9
DA:47,19
DA:48,27
DA:49,27
DA:50,27
DA:56,0
DA:60,19
DA:61,9
DA:62,9
DA:63,9
DA:71,0
DA:75,19
DA:76,9
DA:77,9
DA:78,9
DA:79,9
DA:85,19
DA:86,9
DA:87,9
DA:88,0
DA:89,0
DA:90,0
DA:91,0
DA:92,0
DA:93,0
DA:94,0
DA:98,19
DA:99,9
DA:100,9
DA:101,0
DA:102,0
DA:103,0
DA:104,0
DA:105,0
DA:106,0
DA:107,0
DA:111,19
DA:112,9
DA:113,9
DA:114,0
DA:115,0
DA:116,0
DA:117,0
DA:121,19
DA:122,9
DA:123,9
DA:124,0
DA:125,0
DA:126,0
DA:127,0
DA:131,19
DA:132,0
DA:133,0
DA:134,0
DA:135,0
DA:136,0
DA:138,0
DA:140,0
DA:144,19
DA:145,0
DA:146,0
DA:147,0
DA:148,0
DA:149,0
DA:151,0
DA:153,0
DA:157,19
DA:158,1
DA:159,1
DA:160,1
DA:161,1
DA:163,0
DA:165,1
DA:169,19
DA:170,0
DA:171,0
DA:175,19
DA:176,9
DA:177,1
DA:180,19
DA:181,9
DA:184,10
DA:185,1
DA:188,0
DA:193,9
DA:198,0
DA:271,0
DA:392,9
DA:416,1
DA:438,1
DA:453,9
DA:503,9
DA:505,0
DA:506,0
DA:509,9
DA:554,1
DA:555,1
DA:556,1
DA:557,1
DA:559,0
LF:122
LH:75
BRDA:22,0,0,0
BRDA:22,0,1,11
BRDA:35,1,0,1
BRDA:35,1,1,1
BRDA:42,2,0,9
BRDA:42,2,1,0
BRDA:48,3,0,0
BRDA:48,3,1,27
BRDA:61,4,0,0
BRDA:61,4,1,9
BRDA:76,5,0,0
BRDA:76,5,1,9
BRDA:78,6,0,0
BRDA:78,6,1,9
BRDA:86,7,0,9
BRDA:86,7,1,0
BRDA:86,7,2,0
BRDA:86,7,3,0
BRDA:86,7,4,0
BRDA:86,7,5,0
BRDA:86,7,6,0
BRDA:86,7,7,0
BRDA:99,8,0,9
BRDA:99,8,1,0
BRDA:99,8,2,0
BRDA:99,8,3,0
BRDA:99,8,4,0
BRDA:99,8,5,0
BRDA:99,8,6,0
BRDA:99,8,7,0
BRDA:112,9,0,9
BRDA:112,9,1,0
BRDA:112,9,2,0
BRDA:112,9,3,0
BRDA:112,9,4,0
BRDA:122,10,0,9
BRDA:122,10,1,0
BRDA:122,10,2,0
BRDA:122,10,3,0
BRDA:122,10,4,0
BRDA:132,11,0,0
BRDA:132,11,1,0
BRDA:138,12,0,0
BRDA:138,12,1,0
BRDA:145,13,0,0
BRDA:145,13,1,0
BRDA:151,14,0,0
BRDA:151,14,1,0
BRDA:163,15,0,0
BRDA:163,15,1,0
BRDA:170,16,0,0
BRDA:170,16,1,0
BRDA:176,17,0,8
BRDA:176,17,1,1
BRDA:180,18,0,9
BRDA:180,18,1,10
BRDA:184,19,0,1
BRDA:184,19,1,9
BRDA:184,20,0,10
BRDA:184,20,1,9
BRDA:187,21,0,1
BRDA:187,21,1,0
BRDA:207,22,0,9
BRDA:207,22,1,9
BRDA:209,23,0,0
BRDA:209,23,1,9
BRDA:215,24,0,0
BRDA:215,24,1,0
BRDA:223,25,0,0
BRDA:223,25,1,9
BRDA:235,26,0,9
BRDA:235,26,1,9
BRDA:246,27,0,9
BRDA:246,27,1,9
BRDA:252,28,0,9
BRDA:252,28,1,9
BRDA:258,29,0,9
BRDA:258,29,1,9
BRDA:264,30,0,9
BRDA:264,30,1,9
BRDA:268,31,0,0
BRDA:268,31,1,9
BRDA:282,32,0,9
BRDA:282,32,1,9
BRDA:288,33,0,9
BRDA:288,33,1,9
BRDA:294,34,0,9
BRDA:294,34,1,9
BRDA:300,35,0,9
BRDA:300,35,1,9
BRDA:317,36,0,9
BRDA:317,36,1,0
BRDA:320,37,0,0
BRDA:320,37,1,0
BRDA:323,38,0,9
BRDA:323,38,1,9
BRDA:329,39,0,9
BRDA:329,39,1,9
BRDA:341,40,0,9
BRDA:341,40,1,0
BRDA:341,40,2,0
BRDA:341,40,3,0
BRDA:341,40,4,9
BRDA:345,41,0,9
BRDA:345,41,1,9
BRDA:351,42,0,9
BRDA:351,42,1,9
BRDA:357,43,0,9
BRDA:357,43,1,0
BRDA:363,44,0,9
BRDA:363,44,1,9
BRDA:374,45,0,9
BRDA:374,45,1,9
BRDA:374,45,2,9
BRDA:392,46,0,0
BRDA:392,46,1,9
BRDA:397,47,0,9
BRDA:397,47,1,0
BRDA:402,48,0,9
BRDA:402,48,1,0
BRDA:407,49,0,0
BRDA:407,49,1,9
BRDA:419,50,0,1
BRDA:419,50,1,8
BRDA:448,51,0,0
BRDA:448,51,1,9
BRDA:462,52,0,9
BRDA:462,52,1,9
BRDA:465,53,0,9
BRDA:465,53,1,0
BRDA:471,54,0,9
BRDA:471,54,1,0
BRDA:484,55,0,9
BRDA:484,55,1,0
BRDA:492,56,0,9
BRDA:492,56,1,9
BRDA:498,57,0,9
BRDA:498,57,1,9
BRDA:498,57,2,9
BRDA:505,58,0,0
BRDA:505,58,1,0
BRDA:505,59,0,0
BRDA:505,59,1,0
BRDA:514,60,0,9
BRDA:514,60,1,9
BRDA:525,61,0,8
BRDA:525,61,1,1
BRDA:536,62,0,8
BRDA:536,62,1,8
BRDA:554,63,0,1
BRDA:554,63,1,0
BRDA:559,64,0,0
BRDA:559,64,1,0
BRDA:571,65,0,9
BRDA:571,65,1,0
BRDA:571,65,2,0
BRDA:571,65,3,9
BRDA:575,66,0,9
BRDA:575,66,1,9
BRDA:580,67,0,9
BRDA:580,67,1,9
BRDA:585,68,0,9
BRDA:585,68,1,9
BRDA:595,69,0,9
BRDA:595,69,1,9
BRF:165
BRH:95
end_of_record
TN:
SF:src/pages/AssetFormPage.tsx
FN:22,(anonymous_0)
FN:84,(anonymous_1)
FN:91,(anonymous_2)
FN:109,(anonymous_3)
FN:158,(anonymous_4)
FN:173,(anonymous_5)
FN:182,(anonymous_6)
FN:194,(anonymous_7)
FN:239,(anonymous_8)
FN:243,(anonymous_9)
FN:245,(anonymous_10)
FN:266,(anonymous_11)
FN:272,(anonymous_12)
FN:322,(anonymous_13)
FN:330,(anonymous_14)
FN:345,(anonymous_15)
FN:352,(anonymous_16)
FN:368,(anonymous_17)
FN:389,(anonymous_18)
FN:397,(anonymous_19)
FN:411,(anonymous_20)
FN:419,(anonymous_21)
FN:443,(anonymous_22)
FN:450,(anonymous_23)
FN:457,(anonymous_24)
FN:533,(anonymous_25)
FN:540,(anonymous_26)
FN:554,(anonymous_27)
FN:562,(anonymous_28)
FN:572,(anonymous_29)
FN:579,(anonymous_30)
FN:603,(anonymous_31)
FN:616,(anonymous_32)
FN:623,(anonymous_33)
FN:627,(anonymous_34)
FNF:35
FNH:15
FNDA:14,(anonymous_0)
FNDA:4,(anonymous_1)
FNDA:4,(anonymous_2)
FNDA:2,(anonymous_3)
FNDA:0,(anonymous_4)
FNDA:1,(anonymous_5)
FNDA:32,(anonymous_6)
FNDA:0,(anonymous_7)
FNDA:6,(anonymous_8)
FNDA:6,(anonymous_9)
FNDA:3,(anonymous_10)
FNDA:3,(anonymous_11)
FNDA:0,(anonymous_12)
FNDA:12,(anonymous_13)
FNDA:0,(anonymous_14)
FNDA:12,(anonymous_15)
FNDA:0,(anonymous_16)
FNDA:0,(anonymous_17)
FNDA:12,(anonymous_18)
FNDA:0,(anonymous_19)
FNDA:12,(anonymous_20)
FNDA:0,(anonymous_21)
FNDA:0,(anonymous_22)
FNDA:0,(anonymous_23)
FNDA:0,(anonymous_24)
FNDA:12,(anonymous_25)
FNDA:0,(anonymous_26)
FNDA:0,(anonymous_27)
FNDA:0,(anonymous_28)
FNDA:0,(anonymous_29)
FNDA:0,(anonymous_30)
FNDA:0,(anonymous_31)
FNDA:0,(anonymous_32)
FNDA:0,(anonymous_33)
FNDA:0,(anonymous_34)
DA:22,2
DA:23,14
DA:24,14
DA:25,14
DA:27,14
DA:28,13
DA:29,13
DA:30,13
DA:31,13
DA:32,13
DA:33,13
DA:34,13
DA:35,13
DA:43,13
DA:81,13
DA:82,13
DA:84,13
DA:85,4
DA:86,4
DA:87,2
DA:91,13
DA:92,4
DA:93,4
DA:99,4
DA:100,4
DA:101,4
DA:102,4
DA:104,0
DA:105,0
DA:109,13
DA:110,2
DA:112,2
DA:113,2
DA:114,2
DA:115,1
DA:118,1
DA:151,0
DA:152,0
DA:154,1
DA:158,13
DA:159,0
DA:161,0
DA:162,0
DA:163,0
DA:164,0
DA:165,0
DA:166,0
DA:168,0
DA:169,0
DA:173,13
DA:174,1
DA:175,1
DA:176,1
DA:179,1
DA:182,1
DA:183,32
DA:184,21
DA:187,11
DA:188,0
DA:189,11
DA:190,0
DA:191,11
DA:192,0
DA:193,11
DA:194,1
DA:195,10
DA:196,6
DA:197,4
DA:198,1
DA:199,3
DA:200,3
DA:205,1
DA:206,0
DA:207,0
DA:209,0
DA:215,1
DA:216,0
DA:218,1
DA:221,1
DA:223,0
DA:224,0
DA:226,1
DA:230,13
DA:231,2
DA:238,11
DA:239,6
DA:243,11
DA:245,11
DA:250,11
DA:260,11
DA:266,11
DA:268,11
DA:272,0
DA:323,12
DA:330,0
DA:346,12
DA:352,0
DA:368,0
DA:390,12
DA:398,0
DA:399,0
DA:401,0
DA:412,12
DA:420,0
DA:443,0
DA:450,0
DA:457,0
DA:534,12
DA:541,0
DA:543,0
DA:544,0
DA:555,0
DA:562,0
DA:572,0
DA:579,0
DA:603,0
DA:616,0
DA:623,0
DA:627,0
LF:119
LH:75
BRDA:86,0,0,2
BRDA:86,0,1,2
BRDA:110,1,0,0
BRDA:110,1,1,2
BRDA:120,2,0,1
BRDA:120,2,1,0
BRDA:121,3,0,1
BRDA:121,3,1,0
BRDA:122,4,0,1
BRDA:122,4,1,0
BRDA:123,5,0,0
BRDA:123,5,1,1
BRDA:124,6,0,1
BRDA:124,6,1,0
BRDA:125,7,0,1
BRDA:125,7,1,0
BRDA:127,8,0,1
BRDA:127,8,1,1
BRDA:128,9,0,1
BRDA:128,9,1,0
BRDA:128,10,0,0
BRDA:128,10,1,1
BRDA:129,11,0,1
BRDA:129,11,1,0
BRDA:130,12,0,0
BRDA:130,12,1,1
BRDA:131,13,0,1
BRDA:131,13,1,1
BRDA:132,14,0,1
BRDA:132,14,1,1
BRDA:136,15,0,1
BRDA:136,15,1,1
BRDA:137,16,0,1
BRDA:137,16,1,1
BRDA:138,17,0,1
BRDA:138,17,1,1
BRDA:139,18,0,1
BRDA:139,18,1,1
BRDA:142,19,0,0
BRDA:142,19,1,1
BRDA:143,20,0,0
BRDA:143,20,1,1
BRDA:144,21,0,1
BRDA:144,21,1,0
BRDA:147,22,0,1
BRDA:147,22,1,1
BRDA:148,23,0,1
BRDA:148,23,1,1
BRDA:159,24,0,0
BRDA:159,24,1,0
BRDA:183,25,0,21
BRDA:183,25,1,11
BRDA:183,26,0,32
BRDA:183,26,1,23
BRDA:183,26,2,23
BRDA:187,27,0,0
BRDA:187,27,1,11
BRDA:187,28,0,11
BRDA:187,28,1,0
BRDA:189,29,0,0
BRDA:189,29,1,11
BRDA:189,30,0,11
BRDA:189,30,1,0
BRDA:191,31,0,0
BRDA:191,31,1,11
BRDA:191,32,0,11
BRDA:191,32,1,0
BRDA:193,33,0,1
BRDA:193,33,1,10
BRDA:193,34,0,11
BRDA:193,34,1,1
BRDA:195,35,0,6
BRDA:195,35,1,4
BRDA:197,36,0,1
BRDA:197,36,1,3
BRDA:199,37,0,3
BRDA:199,37,1,0
BRDA:205,38,0,0
BRDA:205,38,1,1
BRDA:206,39,0,0
BRDA:206,39,1,0
BRDA:215,40,0,0
BRDA:215,40,1,1
BRDA:215,41,0,1
BRDA:215,41,1,0
BRDA:224,42,0,0
BRDA:224,42,1,0
BRDA:230,43,0,2
BRDA:230,43,1,11
BRDA:271,44,0,5
BRDA:271,44,1,6
BRDA:277,45,0,11
BRDA:277,45,1,0
BRDA:310,46,0,11
BRDA:310,46,1,5
BRDA:329,47,0,0
BRDA:329,47,1,12
BRDA:330,48,0,0
BRDA:330,48,1,0
BRDA:351,49,0,12
BRDA:351,49,1,11
BRDA:352,50,0,0
BRDA:352,50,1,0
BRDA:371,51,0,11
BRDA:371,51,1,0
BRDA:396,52,0,1
BRDA:396,52,1,11
BRDA:398,53,0,0
BRDA:398,53,1,0
BRDA:401,54,0,0
BRDA:401,54,1,0
BRDA:418,55,0,1
BRDA:418,55,1,11
BRDA:420,56,0,0
BRDA:420,56,1,0
BRDA:420,57,0,0
BRDA:420,57,1,0
BRDA:543,58,0,0
BRDA:543,58,1,0
BRDA:544,59,0,0
BRDA:544,59,1,0
BRDA:550,60,0,11
BRDA:550,60,1,0
BRDA:561,61,0,0
BRDA:561,61,1,0
BRDA:562,62,0,0
BRDA:562,62,1,0
BRDA:607,63,0,5
BRDA:607,63,1,6
BRF:129
BRH:75
end_of_record
TN:
SF:src/pages/AssetReportPage.tsx
FN:29,(anonymous_0)
FN:39,(anonymous_1)
FN:43,(anonymous_2)
FN:51,(anonymous_3)
FN:63,(anonymous_4)
FN:75,(anonymous_5)
FN:87,(anonymous_6)
FN:96,(anonymous_7)
FN:99,(anonymous_8)
FN:113,(anonymous_9)
FN:114,(anonymous_10)
FN:115,(anonymous_11)
FN:117,(anonymous_12)
FN:140,(anonymous_13)
FN:153,(anonymous_14)
FN:156,(anonymous_15)
FN:175,(anonymous_16)
FN:194,(anonymous_17)
FN:197,(anonymous_18)
FN:200,(anonymous_19)
FN:203,(anonymous_20)
FN:206,(anonymous_21)
FN:209,(anonymous_22)
FN:212,(anonymous_23)
FN:215,(anonymous_24)
FN:234,(anonymous_25)
FN:263,(anonymous_26)
FN:274,(anonymous_27)
FN:277,(anonymous_28)
FN:280,(anonymous_29)
FN:283,(anonymous_30)
FN:286,(anonymous_31)
FN:305,(anonymous_32)
FNF:33
FNH:0
FNDA:0,(anonymous_0)
FNDA:0,(anonymous_1)
FNDA:0,(anonymous_2)
FNDA:0,(anonymous_3)
FNDA:0,(anonymous_4)
FNDA:0,(anonymous_5)
FNDA:0,(anonymous_6)
FNDA:0,(anonymous_7)
FNDA:0,(anonymous_8)
FNDA:0,(anonymous_9)
FNDA:0,(anonymous_10)
FNDA:0,(anonymous_11)
FNDA:0,(anonymous_12)
FNDA:0,(anonymous_13)
FNDA:0,(anonymous_14)
FNDA:0,(anonymous_15)
FNDA:0,(anonymous_16)
FNDA:0,(anonymous_17)
FNDA:0,(anonymous_18)
FNDA:0,(anonymous_19)
FNDA:0,(anonymous_20)
FNDA:0,(anonymous_21)
FNDA:0,(anonymous_22)
FNDA:0,(anonymous_23)
FNDA:0,(anonymous_24)
FNDA:0,(anonymous_25)
FNDA:0,(anonymous_26)
FNDA:0,(anonymous_27)
FNDA:0,(anonymous_28)
FNDA:0,(anonymous_29)
FNDA:0,(anonymous_30)
FNDA:0,(anonymous_31)
FNDA:0,(anonymous_32)
DA:29,1
DA:30,0
DA:31,0
DA:32,0
DA:33,0
DA:34,0
DA:35,0
DA:36,0
DA:37,0
DA:39,0
DA:40,0
DA:43,0
DA:44,0
DA:45,0
DA:46,0
DA:47,0
DA:51,0
DA:52,0
DA:53,0
DA:54,0
DA:55,0
DA:57,0
DA:59,0
DA:63,0
DA:64,0
DA:65,0
DA:66,0
DA:67,0
DA:69,0
DA:71,0
DA:75,0
DA:76,0
DA:77,0
DA:78,0
DA:79,0
DA:81,0
DA:83,0
DA:87,0
DA:88,0
DA:89,0
DA:91,0
DA:92,0
DA:96,0
DA:97,0
DA:98,0
DA:99,0
DA:100,0
DA:101,0
DA:102,0
DA:103,0
DA:104,0
DA:106,0
DA:107,0
DA:108,0
DA:110,0
DA:113,0
DA:114,0
DA:115,0
DA:117,0
DA:118,0
DA:119,0
DA:120,0
DA:121,0
DA:122,0
DA:123,0
DA:127,0
DA:140,0
DA:153,0
DA:156,0
DA:176,0
DA:194,0
DA:197,0
DA:200,0
DA:203,0
DA:206,0
DA:209,0
DA:212,0
DA:215,0
DA:235,0
DA:263,0
DA:274,0
DA:277,0
DA:280,0
DA:283,0
DA:286,0
DA:306,0
LF:86
LH:1
BRDA:44,0,0,0
BRDA:44,0,1,0
BRDA:46,1,0,0
BRDA:46,1,1,0
BRDA:88,2,0,0
BRDA:88,2,1,0
BRDA:89,3,0,0
BRDA:89,3,1,0
BRDA:98,4,0,0
BRDA:98,4,1,0
BRDA:102,5,0,0
BRDA:102,5,1,0
BRDA:106,6,0,0
BRDA:106,6,1,0
BRDA:106,7,0,0
BRDA:106,7,1,0
BRDA:107,8,0,0
BRDA:107,8,1,0
BRDA:107,9,0,0
BRDA:107,9,1,0
BRDA:118,10,0,0
BRDA:118,10,1,0
BRDA:120,11,0,0
BRDA:120,11,1,0
BRDA:122,12,0,0
BRDA:122,12,1,0
BRDA:140,13,0,0
BRDA:140,13,1,0
BRDA:162,14,0,0
BRDA:162,14,1,0
BRDA:168,15,0,0
BRDA:168,15,1,0
BRDA:221,16,0,0
BRDA:221,16,1,0
BRDA:227,17,0,0
BRDA:227,17,1,0
BRDA:237,18,0,0
BRDA:237,18,1,0
BRDA:238,19,0,0
BRDA:238,19,1,0
BRDA:239,20,0,0
BRDA:239,20,1,0
BRDA:240,21,0,0
BRDA:240,21,1,0
BRDA:241,22,0,0
BRDA:241,22,1,0
BRDA:242,23,0,0
BRDA:242,23,1,0
BRDA:244,24,0,0
BRDA:244,24,1,0
BRDA:263,25,0,0
BRDA:263,25,1,0
BRDA:292,26,0,0
BRDA:292,26,1,0
BRDA:298,27,0,0
BRDA:298,27,1,0
BRDA:308,28,0,0
BRDA:308,28,1,0
BRF:58
BRH:0
end_of_record
TN:
SF:src/pages/AssetScanPage.tsx
FN:12,(anonymous_0)
FN:17,(anonymous_1)
FN:30,(anonymous_2)
FN:45,(anonymous_3)
FN:56,(anonymous_4)
FN:63,(anonymous_5)
FN:73,(anonymous_6)
FN:81,(anonymous_7)
FN:90,(anonymous_8)
FN:102,(anonymous_9)
FN:111,(anonymous_10)
FN:123,(anonymous_11)
FN:132,(anonymous_12)
FN:144,(anonymous_13)
FN:153,(anonymous_14)
FN:166,(anonymous_15)
FN:189,(anonymous_16)
FN:200,(anonymous_17)
FN:235,(anonymous_18)
FN:238,(anonymous_19)
FN:446,(anonymous_20)
FNF:21
FNH:0
FNDA:0,(anonymous_0)
FNDA:0,(anonymous_1)
FNDA:0,(anonymous_2)
FNDA:0,(anonymous_3)
FNDA:0,(anonymous_4)
FNDA:0,(anonymous_5)
FNDA:0,(anonymous_6)
FNDA:0,(anonymous_7)
FNDA:0,(anonymous_8)
FNDA:0,(anonymous_9)
FNDA:0,(anonymous_10)
FNDA:0,(anonymous_11)
FNDA:0,(anonymous_12)
FNDA:0,(anonymous_13)
FNDA:0,(anonymous_14)
FNDA:0,(anonymous_15)
FNDA:0,(anonymous_16)
FNDA:0,(anonymous_17)
FNDA:0,(anonymous_18)
FNDA:0,(anonymous_19)
FNDA:0,(anonymous_20)
DA:12,1
DA:13,0
DA:14,0
DA:17,0
DA:20,0
DA:21,0
DA:22,0
DA:23,0
DA:26,0
DA:27,0
DA:28,0
DA:30,0
DA:31,0
DA:32,0
DA:34,0
DA:35,0
DA:36,0
DA:38,0
DA:39,0
DA:41,0
DA:45,0
DA:46,0
DA:47,0
DA:48,0
DA:49,0
DA:52,0
DA:56,0
DA:57,0
DA:58,0
DA:59,0
DA:63,0
DA:64,0
DA:65,0
DA:66,0
DA:67,0
DA:69,0
DA:73,0
DA:74,0
DA:76,0
DA:77,0
DA:78,0
DA:79,0
DA:80,0
DA:81,0
DA:83,0
DA:84,0
DA:86,0
DA:90,0
DA:91,0
DA:93,0
DA:94,0
DA:97,0
DA:98,0
DA:99,0
DA:100,0
DA:101,0
DA:102,0
DA:104,0
DA:105,0
DA:107,0
DA:111,0
DA:112,0
DA:114,0
DA:115,0
DA:118,0
DA:119,0
DA:120,0
DA:121,0
DA:122,0
DA:123,0
DA:125,0
DA:126,0
DA:128,0
DA:132,0
DA:133,0
DA:135,0
DA:136,0
DA:139,0
DA:140,0
DA:141,0
DA:142,0
DA:143,0
DA:144,0
DA:146,0
DA:147,0
DA:149,0
DA:153,0
DA:154,0
DA:156,0
DA:157,0
DA:158,0
DA:161,0
DA:162,0
DA:163,0
DA:164,0
DA:165,0
DA:166,0
DA:168,0
DA:169,0
DA:171,0
DA:175,0
DA:176,0
DA:183,0
DA:184,0
DA:189,0
DA:195,0
DA:196,0
DA:200,0
DA:206,0
DA:236,0
DA:238,0
DA:446,0
LF:112
LH:1
BRDA:38,0,0,0
BRDA:38,0,1,0
BRDA:38,0,2,0
BRDA:46,1,0,0
BRDA:46,1,1,0
BRDA:57,2,0,0
BRDA:57,2,1,0
BRDA:65,3,0,0
BRDA:65,3,1,0
BRDA:66,4,0,0
BRDA:66,4,1,0
BRDA:69,5,0,0
BRDA:69,5,1,0
BRDA:74,6,0,0
BRDA:74,6,1,0
BRDA:74,7,0,0
BRDA:74,7,1,0
BRDA:83,8,0,0
BRDA:83,8,1,0
BRDA:91,9,0,0
BRDA:91,9,1,0
BRDA:91,10,0,0
BRDA:91,10,1,0
BRDA:93,11,0,0
BRDA:93,11,1,0
BRDA:104,12,0,0
BRDA:104,12,1,0
BRDA:112,13,0,0
BRDA:112,13,1,0
BRDA:112,14,0,0
BRDA:112,14,1,0
BRDA:114,15,0,0
BRDA:114,15,1,0
BRDA:125,16,0,0
BRDA:125,16,1,0
BRDA:125,16,2,0
BRDA:133,17,0,0
BRDA:133,17,1,0
BRDA:133,18,0,0
BRDA:133,18,1,0
BRDA:135,19,0,0
BRDA:135,19,1,0
BRDA:146,20,0,0
BRDA:146,20,1,0
BRDA:146,20,2,0
BRDA:156,21,0,0
BRDA:156,21,1,0
BRDA:156,22,0,0
BRDA:156,22,1,0
BRDA:156,22,2,0
BRDA:168,23,0,0
BRDA:168,23,1,0
BRDA:175,24,0,0
BRDA:175,24,1,0
BRDA:183,25,0,0
BRDA:183,25,1,0
BRDA:195,26,0,0
BRDA:195,26,1,0
BRDA:210,27,0,0
BRDA:210,27,1,0
BRDA:215,28,0,0
BRDA:215,28,1,0
BRDA:216,29,0,0
BRDA:216,29,1,0
BRDA:221,30,0,0
BRDA:221,30,1,0
BRDA:225,31,0,0
BRDA:225,31,1,0
BRDA:230,32,0,0
BRDA:230,32,1,0
BRDA:250,33,0,0
BRDA:250,33,1,0
BRDA:252,34,0,0
BRDA:252,34,1,0
BRDA:262,35,0,0
BRDA:262,35,1,0
BRDA:265,36,0,0
BRDA:265,36,1,0
BRDA:272,37,0,0
BRDA:272,37,1,0
BRDA:279,38,0,0
BRDA:279,38,1,0
BRDA:286,39,0,0
BRDA:286,39,1,0
BRDA:296,40,0,0
BRDA:296,40,1,0
BRDA:297,41,0,0
BRDA:297,41,1,0
BRDA:298,42,0,0
BRDA:298,42,1,0
BRDA:299,43,0,0
BRDA:299,43,1,0
BRDA:303,44,0,0
BRDA:303,44,1,0
BRDA:303,44,2,0
BRDA:307,45,0,0
BRDA:307,45,1,0
BRDA:308,46,0,0
BRDA:308,46,1,0
BRDA:315,47,0,0
BRDA:315,47,1,0
BRDA:322,48,0,0
BRDA:322,48,1,0
BRDA:329,49,0,0
BRDA:329,49,1,0
BRDA:336,50,0,0
BRDA:336,50,1,0
BRDA:336,50,2,0
BRDA:336,50,3,0
BRDA:340,51,0,0
BRDA:340,51,1,0
BRDA:341,52,0,0
BRDA:341,52,1,0
BRDA:342,53,0,0
BRDA:342,53,1,0
BRDA:348,54,0,0
BRDA:348,54,1,0
BRDA:357,55,0,0
BRDA:357,55,1,0
BRDA:359,56,0,0
BRDA:359,56,1,0
BRDA:361,57,0,0
BRDA:361,57,1,0
BRDA:368,58,0,0
BRDA:368,58,1,0
BRDA:375,59,0,0
BRDA:375,59,1,0
BRDA:385,60,0,0
BRDA:385,60,1,0
BRDA:396,61,0,0
BRDA:396,61,1,0
BRDA:396,61,2,0
BRDA:398,62,0,0
BRDA:398,62,1,0
BRDA:419,63,0,0
BRDA:419,63,1,0
BRDA:419,63,2,0
BRDA:421,64,0,0
BRDA:421,64,1,0
BRDA:455,65,0,0
BRDA:455,65,1,0
BRDA:457,66,0,0
BRDA:457,66,1,0
BRF:143
BRH:0
end_of_record
TN:
SF:src/pages/AssetsPage.tsx
FN:9,(anonymous_0)
FNF:1
FNH:0
FNDA:0,(anonymous_0)
DA:9,1
DA:10,0
LF:2
LH:1
BRF:0
BRH:0
end_of_record
TN:
SF:src/pages/CategoryFormPage.tsx
FN:19,(anonymous_0)
FN:35,(anonymous_1)
FN:42,(anonymous_2)
FN:51,(anonymous_3)
FN:57,(anonymous_4)
FN:77,(anonymous_5)
FN:81,(anonymous_6)
FN:82,(anonymous_7)
FN:98,(anonymous_8)
FN:99,(anonymous_9)
FN:103,(anonymous_10)
FN:169,(anonymous_11)
FN:181,(anonymous_12)
FN:193,(anonymous_13)
FN:209,(anonymous_14)
FN:217,(anonymous_15)
FNF:16
FNH:0
FNDA:0,(anonymous_0)
FNDA:0,(anonymous_1)
FNDA:0,(anonymous_2)
FNDA:0,(anonymous_3)
FNDA:0,(anonymous_4)
FNDA:0,(anonymous_5)
FNDA:0,(anonymous_6)
FNDA:0,(anonymous_7)
FNDA:0,(anonymous_8)
FNDA:0,(anonymous_9)
FNDA:0,(anonymous_10)
FNDA:0,(anonymous_11)
FNDA:0,(anonymous_12)
FNDA:0,(anonymous_13)
FNDA:0,(anonymous_14)
FNDA:0,(anonymous_15)
DA:19,1
DA:20,0
DA:21,0
DA:22,0
DA:24,0
DA:25,0
DA:26,0
DA:27,0
DA:28,0
DA:35,0
DA:36,0
DA:37,0
DA:38,0
DA:42,0
DA:43,0
DA:44,0
DA:45,0
DA:47,0
DA:51,0
DA:52,0
DA:54,0
DA:55,0
DA:56,0
DA:57,0
DA:59,0
DA:60,0
DA:67,0
DA:70,0
DA:71,0
DA:73,0
DA:77,0
DA:78,0
DA:80,0
DA:81,0
DA:83,0
DA:84,0
DA:90,0
DA:91,0
DA:95,0
DA:98,0
DA:99,0
DA:100,0
DA:103,0
DA:104,0
DA:106,0
DA:107,0
DA:108,0
DA:111,0
DA:112,0
DA:113,0
DA:115,0
DA:121,0
DA:122,0
DA:125,0
DA:126,0
DA:128,0
DA:131,0
DA:133,0
DA:134,0
DA:136,0
DA:140,0
DA:141,0
DA:148,0
DA:169,0
DA:181,0
DA:194,0
DA:209,0
DA:217,0
LF:68
LH:1
BRDA:37,0,0,0
BRDA:37,0,1,0
BRDA:52,1,0,0
BRDA:52,1,1,0
BRDA:59,2,0,0
BRDA:59,2,1,0
BRDA:62,3,0,0
BRDA:62,3,1,0
BRDA:64,4,0,0
BRDA:64,4,1,0
BRDA:70,5,0,0
BRDA:70,5,1,0
BRDA:77,6,0,0
BRDA:90,7,0,0
BRDA:90,7,1,0
BRDA:90,8,0,0
BRDA:90,8,1,0
BRDA:100,9,0,0
BRDA:100,9,1,0
BRDA:106,10,0,0
BRDA:106,10,1,0
BRDA:118,11,0,0
BRDA:118,11,1,0
BRDA:121,12,0,0
BRDA:121,12,1,0
BRDA:125,13,0,0
BRDA:125,13,1,0
BRDA:133,14,0,0
BRDA:133,14,1,0
BRDA:133,14,2,0
BRDA:140,15,0,0
BRDA:140,15,1,0
BRDA:151,16,0,0
BRDA:151,16,1,0
BRDA:154,17,0,0
BRDA:154,17,1,0
BRDA:192,18,0,0
BRDA:192,18,1,0
BRDA:196,19,0,0
BRDA:196,19,1,0
BRDA:224,20,0,0
BRDA:224,20,1,0
BRDA:224,21,0,0
BRDA:224,21,1,0
BRF:44
BRH:0
end_of_record
TN:
SF:src/pages/CategoryListPage.tsx
FN:12,(anonymous_0)
FN:18,(anonymous_1)
FN:22,(anonymous_2)
FN:36,(anonymous_3)
FN:41,(anonymous_4)
FN:48,(anonymous_5)
FN:69,(anonymous_6)
FN:73,(anonymous_7)
FN:79,(anonymous_8)
FN:81,(anonymous_9)
FN:94,(anonymous_10)
FN:126,(anonymous_11)
FN:166,(anonymous_12)
FNF:13
FNH:0
FNDA:0,(anonymous_0)
FNDA:0,(anonymous_1)
FNDA:0,(anonymous_2)
FNDA:0,(anonymous_3)
FNDA:0,(anonymous_4)
FNDA:0,(anonymous_5)
FNDA:0,(anonymous_6)
FNDA:0,(anonymous_7)
FNDA:0,(anonymous_8)
FNDA:0,(anonymous_9)
FNDA:0,(anonymous_10)
FNDA:0,(anonymous_11)
FNDA:0,(anonymous_12)
DA:12,1
DA:13,0
DA:14,0
DA:15,0
DA:16,0
DA:18,0
DA:19,0
DA:22,0
DA:23,0
DA:24,0
DA:25,0
DA:26,0
DA:27,0
DA:29,0
DA:30,0
DA:32,0
DA:36,0
DA:37,0
DA:38,0
DA:41,0
DA:42,0
DA:48,0
DA:49,0
DA:50,0
DA:51,0
DA:53,0
DA:54,0
DA:55,0
DA:56,0
DA:58,0
DA:61,0
DA:66,0
DA:69,0
DA:70,0
DA:71,0
DA:72,0
DA:74,0
DA:79,0
DA:81,0
DA:82,0
DA:83,0
DA:86,0
DA:87,0
DA:88,0
DA:90,0
DA:94,0
DA:95,0
DA:96,0
DA:126,0
DA:136,0
DA:137,0
DA:144,0
DA:145,0
DA:152,0
DA:166,0
LF:55
LH:1
BRDA:29,0,0,0
BRDA:29,0,1,0
BRDA:50,1,0,0
BRDA:50,1,1,0
BRDA:54,2,0,0
BRDA:54,2,1,0
BRDA:55,3,0,0
BRDA:55,3,1,0
BRDA:70,4,0,0
BRDA:70,4,1,0
BRDA:74,5,0,0
BRDA:74,5,1,0
BRDA:82,6,0,0
BRDA:82,6,1,0
BRDA:90,7,0,0
BRDA:90,7,1,0
BRDA:102,8,0,0
BRDA:102,8,1,0
BRDA:104,9,0,0
BRDA:104,9,1,0
BRDA:108,10,0,0
BRDA:108,10,1,0
BRDA:115,11,0,0
BRDA:115,11,1,0
BRDA:136,12,0,0
BRDA:136,12,1,0
BRDA:144,13,0,0
BRDA:144,13,1,0
BRDA:171,14,0,0
BRDA:171,14,1,0
BRF:30
BRH:0
end_of_record
TN:
SF:src/pages/ChecklistCompletionPage.tsx
FN:13,(anonymous_0)
FN:25,(anonymous_1)
FN:45,(anonymous_2)
FN:49,(anonymous_3)
FN:67,(anonymous_4)
FN:69,(anonymous_5)
FN:70,(anonymous_6)
FN:123,(anonymous_7)
FN:129,(anonymous_8)
FN:135,(anonymous_9)
FN:139,(anonymous_10)
FN:144,(anonymous_11)
FN:175,(anonymous_12)
FN:181,(anonymous_13)
FN:227,(anonymous_14)
FN:229,(anonymous_15)
FNF:16
FNH:7
FNDA:11,(anonymous_0)
FNDA:7,(anonymous_1)
FNDA:6,(anonymous_2)
FNDA:0,(anonymous_3)
FNDA:0,(anonymous_4)
FNDA:0,(anonymous_5)
FNDA:0,(anonymous_6)
FNDA:0,(anonymous_7)
FNDA:0,(anonymous_8)
FNDA:0,(anonymous_9)
FNDA:0,(anonymous_10)
FNDA:1,(anonymous_11)
FNDA:0,(anonymous_12)
FNDA:3,(anonymous_13)
FNDA:8,(anonymous_14)
FNDA:5,(anonymous_15)
DA:13,2
DA:14,11
DA:15,11
DA:16,11
DA:18,11
DA:19,11
DA:20,11
DA:21,11
DA:22,11
DA:23,11
DA:25,11
DA:26,7
DA:28,7
DA:29,7
DA:30,7
DA:34,5
DA:35,5
DA:36,5
DA:38,1
DA:39,1
DA:41,6
DA:45,11
DA:46,6
DA:49,11
DA:50,0
DA:52,0
DA:53,0
DA:55,0
DA:56,0
DA:58,0
DA:59,0
DA:63,0
DA:64,0
DA:67,0
DA:68,0
DA:69,0
DA:70,0
DA:72,0
DA:73,0
DA:74,0
DA:78,0
DA:79,0
DA:81,0
DA:82,0
DA:83,0
DA:84,0
DA:85,0
DA:86,0
DA:87,0
DA:88,0
DA:89,0
DA:92,0
DA:93,0
DA:94,0
DA:98,0
DA:101,0
DA:104,0
DA:106,0
DA:108,0
DA:109,0
DA:110,0
DA:111,0
DA:112,0
DA:116,0
DA:117,0
DA:119,0
DA:123,11
DA:124,0
DA:126,0
DA:129,11
DA:130,0
DA:131,0
DA:132,0
DA:135,11
DA:136,0
DA:139,11
DA:140,0
DA:141,0
DA:144,11
DA:145,1
DA:147,1
DA:148,0
DA:151,1
DA:152,1
DA:153,1
DA:154,1
DA:156,0
DA:157,0
DA:161,11
DA:162,6
DA:169,5
DA:170,1
DA:175,0
DA:181,4
DA:182,4
DA:184,4
DA:228,8
DA:229,8
DA:231,8
LF:99
LH:45
BRDA:26,0,0,0
BRDA:26,0,1,7
BRDA:26,1,0,7
BRDA:26,1,1,7
BRDA:38,2,0,1
BRDA:38,2,1,0
BRDA:38,2,2,0
BRDA:50,3,0,0
BRDA:50,3,1,0
BRDA:56,4,0,0
BRDA:56,4,1,0
BRDA:72,5,0,0
BRDA:72,5,1,0
BRDA:81,6,0,0
BRDA:81,6,1,0
BRDA:81,7,0,0
BRDA:81,7,1,0
BRDA:84,8,0,0
BRDA:84,8,1,0
BRDA:84,9,0,0
BRDA:84,9,1,0
BRDA:87,10,0,0
BRDA:87,10,1,0
BRDA:87,11,0,0
BRDA:87,11,1,0
BRDA:92,12,0,0
BRDA:92,12,1,0
BRDA:108,13,0,0
BRDA:108,13,1,0
BRDA:109,14,0,0
BRDA:109,14,1,0
BRDA:145,15,0,0
BRDA:145,15,1,1
BRDA:147,16,0,0
BRDA:147,16,1,1
BRDA:161,17,0,6
BRDA:161,17,1,5
BRDA:169,18,0,1
BRDA:169,18,1,4
BRDA:169,19,0,5
BRDA:169,19,1,4
BRDA:169,19,2,4
BRDA:174,20,0,1
BRDA:174,20,1,0
BRDA:186,21,0,4
BRDA:186,21,1,0
BRDA:207,22,0,4
BRDA:207,22,1,4
BRDA:237,23,0,3
BRDA:237,23,1,5
BRDA:246,24,0,8
BRDA:246,24,1,8
BRDA:248,25,0,8
BRDA:248,25,1,0
BRDA:249,26,0,8
BRDA:249,26,1,8
BRDA:250,27,0,8
BRDA:250,27,1,0
BRDA:251,28,0,8
BRDA:251,28,1,0
BRDA:252,29,0,8
BRDA:252,29,1,3
BRDA:259,30,0,3
BRDA:259,30,1,5
BRDA:275,31,0,4
BRDA:275,31,1,4
BRDA:279,32,0,0
BRDA:279,32,1,4
BRDA:283,33,0,0
BRDA:283,33,1,4
BRDA:287,34,0,0
BRDA:287,34,1,4
BRDA:290,35,0,4
BRDA:290,35,1,1
BRDA:297,36,0,0
BRDA:297,36,1,1
BRDA:301,37,0,0
BRDA:301,37,1,1
BRDA:304,38,0,0
BRDA:304,38,1,1
BRDA:309,39,0,4
BRDA:309,39,1,1
BRDA:312,40,0,1
BRDA:312,40,1,0
BRF:84
BRH:43
end_of_record
TN:
SF:src/pages/CodeEntryPage.tsx
FN:12,(anonymous_0)
FN:19,(anonymous_1)
FN:50,(anonymous_2)
FN:59,(anonymous_3)
FN:88,(anonymous_4)
FN:94,(anonymous_5)
FN:98,(anonymous_6)
FN:103,(anonymous_7)
FNF:8
FNH:0
FNDA:0,(anonymous_0)
FNDA:0,(anonymous_1)
FNDA:0,(anonymous_2)
FNDA:0,(anonymous_3)
FNDA:0,(anonymous_4)
FNDA:0,(anonymous_5)
FNDA:0,(anonymous_6)
FNDA:0,(anonymous_7)
DA:12,1
DA:13,0
DA:14,0
DA:15,0
DA:16,0
DA:17,0
DA:19,0
DA:20,0
DA:22,0
DA:23,0
DA:24,0
DA:27,0
DA:28,0
DA:30,0
DA:31,0
DA:32,0
DA:35,0
DA:37,0
DA:38,0
DA:40,0
DA:43,0
DA:44,0
DA:46,0
DA:50,0
DA:52,0
DA:54,0
DA:55,0
DA:56,0
DA:59,0
DA:60,0
DA:61,0
DA:63,0
DA:65,0
DA:66,0
DA:67,0
DA:68,0
DA:71,0
DA:72,0
DA:74,0
DA:75,0
DA:76,0
DA:78,0
DA:81,0
DA:82,0
DA:84,0
DA:88,0
DA:89,0
DA:90,0
DA:91,0
DA:94,0
DA:98,0
DA:99,0
DA:100,0
DA:103,0
DA:104,0
DA:105,0
DA:108,0
LF:57
LH:1
BRDA:22,0,0,0
BRDA:22,0,1,0
BRDA:22,1,0,0
BRDA:22,1,1,0
BRDA:35,2,0,0
BRDA:35,2,1,0
BRDA:43,3,0,0
BRDA:43,3,1,0
BRDA:66,4,0,0
BRDA:66,4,1,0
BRDA:74,5,0,0
BRDA:74,5,1,0
BRDA:81,6,0,0
BRDA:81,6,1,0
BRDA:110,7,0,0
BRDA:110,7,1,0
BRDA:170,8,0,0
BRDA:170,8,1,0
BRDA:178,9,0,0
BRDA:178,9,1,0
BRDA:186,10,0,0
BRDA:186,10,1,0
BRF:22
BRH:0
end_of_record
TN:
SF:src/pages/DashboardPage.tsx
FN:20,(anonymous_0)
FN:27,(anonymous_1)
FN:31,(anonymous_2)
FN:41,(anonymous_3)
FN:44,(anonymous_4)
FN:58,(anonymous_5)
FN:61,(anonymous_6)
FN:82,(anonymous_7)
FN:83,(anonymous_8)
FN:84,(anonymous_9)
FN:100,(anonymous_10)
FN:125,(anonymous_11)
FN:127,(anonymous_12)
FN:128,(anonymous_13)
FN:164,(anonymous_14)
FN:202,(anonymous_15)
FNF:16
FNH:11
FNDA:12,(anonymous_0)
FNDA:4,(anonymous_1)
FNDA:4,(anonymous_2)
FNDA:4,(anonymous_3)
FNDA:4,(anonymous_4)
FNDA:0,(anonymous_5)
FNDA:0,(anonymous_6)
FNDA:0,(anonymous_7)
FNDA:0,(anonymous_8)
FNDA:0,(anonymous_9)
FNDA:2,(anonymous_10)
FNDA:1,(anonymous_11)
FNDA:2,(anonymous_12)
FNDA:2,(anonymous_13)
FNDA:2,(anonymous_14)
FNDA:2,(anonymous_15)
DA:20,2
DA:21,12
DA:22,11
DA:23,11
DA:24,11
DA:25,11
DA:27,11
DA:28,4
DA:31,4
DA:32,4
DA:33,4
DA:34,4
DA:35,4
DA:39,4
DA:40,4
DA:41,4
DA:44,11
DA:45,4
DA:46,4
DA:47,4
DA:48,4
DA:49,2
DA:51,1
DA:52,1
DA:54,3
DA:58,11
DA:59,0
DA:60,0
DA:61,0
DA:72,0
DA:74,0
DA:76,0
DA:80,11
DA:82,11
DA:83,0
DA:84,0
DA:85,0
DA:86,0
DA:94,0
DA:96,0
DA:97,0
DA:100,11
DA:101,2
DA:102,0
DA:105,2
DA:109,2
DA:111,1
DA:113,1
DA:115,0
DA:117,0
DA:119,0
DA:121,0
DA:125,11
DA:126,1
DA:127,2
DA:128,2
DA:141,11
DA:142,8
DA:151,3
DA:152,1
DA:164,2
DA:166,2
DA:167,1
DA:179,1
DA:203,2
LF:65
LH:47
BRDA:33,0,0,4
BRDA:33,0,1,0
BRDA:51,1,0,1
BRDA:51,1,1,0
BRDA:85,2,0,0
BRDA:85,2,1,0
BRDA:101,3,0,0
BRDA:101,3,1,2
BRDA:109,4,0,1
BRDA:109,4,1,1
BRDA:109,4,2,0
BRDA:109,4,3,0
BRDA:109,4,4,0
BRDA:109,4,5,0
BRDA:141,5,0,8
BRDA:141,5,1,3
BRDA:151,6,0,1
BRDA:151,6,1,2
BRDA:166,7,0,1
BRDA:166,7,1,1
BRDA:185,8,0,1
BRDA:185,8,1,0
BRF:22
BRH:12
end_of_record
TN:
SF:src/pages/DonationItemScanPage.tsx
FN:11,(anonymous_0)
FN:16,(anonymous_1)
FN:38,(anonymous_2)
FN:61,(anonymous_3)
FN:67,(anonymous_4)
FN:79,(anonymous_5)
FN:88,(anonymous_6)
FN:156,(anonymous_7)
FN:181,(anonymous_8)
FN:209,(anonymous_9)
FN:234,(anonymous_10)
FN:244,(anonymous_11)
FN:254,(anonymous_12)
FN:281,(anonymous_13)
FN:312,(anonymous_14)
FN:326,(anonymous_15)
FN:342,(anonymous_16)
FN:352,(anonymous_17)
FN:366,(anonymous_18)
FN:384,(anonymous_19)
FN:395,(anonymous_20)
[...]
BRDA:98,7,0,0
BRDA:98,7,1,0
BRF:15
BRH:0
end_of_record
TN:
SF:src/pages/ThanksPage.tsx
FN:9,(anonymous_0)
FN:12,(anonymous_1)
FN:14,(anonymous_2)
FN:18,(anonymous_3)
FN:34,(anonymous_4)
FNF:5
FNH:0
FNDA:0,(anonymous_0)
FNDA:0,(anonymous_1)
FNDA:0,(anonymous_2)
FNDA:0,(anonymous_3)
FNDA:0,(anonymous_4)
DA:9,1
DA:10,0
DA:12,0
DA:14,0
DA:15,0
DA:18,0
DA:21,0
DA:34,0
LF:8
LH:1
BRF:0
BRH:0
end_of_record
TN:
SF:src/pages/TransparencyPage.tsx
FN:63,(anonymous_0)
FN:68,(anonymous_1)
FN:69,(anonymous_2)
FN:84,(anonymous_3)
FN:92,(anonymous_4)
FN:101,(anonymous_5)
FN:123,(anonymous_6)
FN:190,(anonymous_7)
FN:200,(anonymous_8)
FN:201,(anonymous_9)
FN:220,(anonymous_10)
FN:221,(anonymous_11)
FN:246,(anonymous_12)
FN:253,(anonymous_13)
FN:254,(anonymous_14)
FN:289,(anonymous_15)
FN:290,(anonymous_16)
FNF:17
FNH:8
FNDA:2,(anonymous_0)
FNDA:1,(anonymous_1)
FNDA:1,(anonymous_2)
FNDA:6,(anonymous_3)
FNDA:7,(anonymous_4)
FNDA:1,(anonymous_5)
FNDA:0,(anonymous_6)
FNDA:1,(anonymous_7)
FNDA:0,(anonymous_8)
FNDA:0,(anonymous_9)
FNDA:0,(anonymous_10)
FNDA:0,(anonymous_11)
FNDA:1,(anonymous_12)
FNDA:0,(anonymous_13)
FNDA:0,(anonymous_14)
FNDA:0,(anonymous_15)
FNDA:0,(anonymous_16)
DA:63,2
DA:64,2
DA:65,2
DA:66,2
DA:68,2
DA:69,1
DA:70,1
DA:71,1
DA:72,1
DA:74,0
DA:75,0
DA:77,1
DA:81,1
DA:84,2
DA:85,6
DA:86,6
DA:92,2
DA:93,7
DA:94,7
DA:101,2
DA:102,1
DA:103,1
DA:106,2
DA:107,1
DA:117,1
DA:118,0
DA:123,0
DA:131,1
DA:191,1
DA:200,0
DA:201,0
DA:220,0
DA:221,0
DA:247,1
DA:253,0
DA:254,0
DA:289,0
DA:290,0
LF:38
LH:26
BRDA:85,0,0,0
BRDA:85,0,1,6
BRDA:93,1,0,0
BRDA:93,1,1,7
BRDA:102,2,0,0
BRDA:102,2,1,1
BRDA:106,3,0,1
BRDA:106,3,1,1
BRDA:117,4,0,0
BRDA:117,4,1,1
BRDA:117,5,0,1
BRDA:117,5,1,1
BRDA:170,6,0,0
BRDA:170,6,1,1
BRDA:206,7,0,1
BRDA:206,7,1,0
BRDA:206,7,2,1
BRDA:208,8,0,1
BRDA:208,8,1,1
BRDA:209,9,0,1
BRDA:209,9,1,1
BRDA:228,10,0,1
BRDA:228,10,1,0
BRDA:229,11,0,1
BRDA:229,11,1,0
BRDA:269,12,0,1
BRDA:269,12,1,1
BRDA:275,13,0,1
BRDA:275,13,1,1
BRDA:298,14,0,1
BRDA:298,14,1,1
BRDA:304,15,0,1
BRDA:304,15,1,1
BRDA:310,16,0,1
BRDA:310,16,1,1
BRDA:316,17,0,1
BRDA:316,17,1,1
BRDA:319,18,0,1
BRDA:319,18,1,0
BRDA:320,19,0,1
BRDA:320,19,1,0
BRDA:331,20,0,1
BRDA:331,20,1,1
BRDA:337,21,0,1
BRDA:337,21,1,1
BRDA:346,22,0,1
BRDA:346,22,1,1
BRDA:351,23,0,1
BRDA:351,23,1,1
BRDA:356,24,0,1
BRDA:356,24,1,1
BRDA:361,25,0,1
BRDA:361,25,1,1
BRDA:368,26,0,1
BRDA:368,26,1,1
BRDA:374,27,0,1
BRDA:374,27,1,1
BRF:57
BRH:47
end_of_record
TN:
SF:src/services/api.ts
FN:14,(anonymous_0)
FN:54,(anonymous_1)
FN:69,(anonymous_2)
FN:70,(anonymous_3)
FN:82,(anonymous_4)
FN:83,(anonymous_5)
FN:106,(anonymous_6)
FN:109,(anonymous_7)
FN:115,(anonymous_8)
FN:204,(anonymous_9)
FN:207,(anonymous_10)
FN:209,(anonymous_11)
FN:212,(anonymous_12)
FN:215,(anonymous_13)
FN:218,(anonymous_14)
FN:221,(anonymous_15)
FN:224,(anonymous_16)
FN:229,(anonymous_17)
FN:231,(anonymous_18)
FN:234,(anonymous_19)
FN:240,(anonymous_20)
FN:243,(anonymous_21)
FN:246,(anonymous_22)
FN:249,(anonymous_23)
FN:252,(anonymous_24)
FN:255,(anonymous_25)
FN:258,(anonymous_26)
FN:261,(anonymous_27)
FN:264,(anonymous_28)
FN:267,(anonymous_29)
FN:270,(anonymous_30)
FN:273,(anonymous_31)
FN:284,(anonymous_32)
FN:295,(anonymous_33)
FN:298,(anonymous_34)
FN:301,(anonymous_35)
FN:304,(anonymous_36)
FN:307,(anonymous_37)
FN:310,(anonymous_38)
FN:313,(anonymous_39)
FN:316,(anonymous_40)
FN:319,(anonymous_41)
FN:322,(anonymous_42)
FN:328,(anonymous_43)
FN:331,(anonymous_44)
FN:334,(anonymous_45)
FN:337,(anonymous_46)
FN:348,(anonymous_47)
FN:359,(anonymous_48)
FN:362,(anonymous_49)
FN:365,(anonymous_50)
FN:368,(anonymous_51)
FN:371,(anonymous_52)
FN:374,(anonymous_53)
FN:377,(anonymous_54)
FN:380,(anonymous_55)
FN:383,(anonymous_56)
FN:386,(anonymous_57)
FN:389,(anonymous_58)
FN:394,(anonymous_59)
FN:399,(anonymous_60)
FN:405,(anonymous_61)
FN:408,(anonymous_62)
FN:414,(anonymous_63)
FN:417,(anonymous_64)
FN:420,(anonymous_65)
FN:423,(anonymous_66)
FN:426,(anonymous_67)
FN:429,(anonymous_68)
FN:432,(anonymous_69)
FN:439,(anonymous_70)
FN:444,(anonymous_71)
FN:447,(anonymous_72)
FN:450,(anonymous_73)
FN:460,(anonymous_74)
FN:462,(anonymous_75)
FN:529,(anonymous_76)
FN:531,(anonymous_77)
FN:533,(anonymous_78)
FN:535,(anonymous_79)
FN:537,(anonymous_80)
FN:539,(anonymous_81)
FN:545,(anonymous_82)
FN:548,(anonymous_83)
FN:551,(anonymous_84)
FN:554,(anonymous_85)
FN:557,(anonymous_86)
FN:563,(anonymous_87)
FN:566,(anonymous_88)
FN:569,(anonymous_89)
FN:572,(anonymous_90)
FN:575,(anonymous_91)
FN:578,(anonymous_92)
FN:584,(anonymous_93)
FN:587,(anonymous_94)
FN:590,(anonymous_95)
FN:596,(anonymous_96)
FN:602,(anonymous_97)
FN:611,(anonymous_98)
FN:620,(anonymous_99)
FN:630,(anonymous_100)
FN:633,(anonymous_101)
FN:639,(anonymous_102)
FN:642,(anonymous_103)
FN:645,(anonymous_104)
FN:650,(anonymous_105)
FN:653,(anonymous_106)
FN:665,(anonymous_107)
FN:671,(anonymous_108)
FN:679,(anonymous_109)
FN:682,(anonymous_110)
FN:685,(anonymous_111)
FN:699,(anonymous_112)
FN:703,(anonymous_113)
FN:706,(anonymous_114)
FN:709,(anonymous_115)
FN:714,(anonymous_116)
FN:717,(anonymous_117)
FN:722,(anonymous_118)
FN:740,(anonymous_119)
FN:745,(anonymous_120)
FN:750,(anonymous_121)
FN:772,(anonymous_122)
FN:775,(anonymous_123)
FN:778,(anonymous_124)
FN:781,(anonymous_125)
FN:788,(anonymous_126)
FN:791,(anonymous_127)
FN:794,(anonymous_128)
FN:797,(anonymous_129)
FN:804,(anonymous_130)
FN:807,(anonymous_131)
FN:810,(anonymous_132)
FN:813,(anonymous_133)
FN:816,(anonymous_134)
FN:823,(anonymous_135)
FN:826,(anonymous_136)
FN:829,(anonymous_137)
FN:832,(anonymous_138)
FN:841,(anonymous_139)
FN:844,(anonymous_140)
FN:847,(anonymous_141)
FN:850,(anonymous_142)
FN:853,(anonymous_143)
FN:856,(anonymous_144)
FN:859,(anonymous_145)
FNF:146
FNH:44
FNDA:16,(anonymous_0)
FNDA:49,(anonymous_1)
FNDA:0,(anonymous_2)
FNDA:0,(anonymous_3)
FNDA:43,(anonymous_4)
FNDA:3,(anonymous_5)
FNDA:0,(anonymous_6)
FNDA:0,(anonymous_7)
FNDA:0,(anonymous_8)
FNDA:4,(anonymous_9)
FNDA:0,(anonymous_10)
FNDA:0,(anonymous_11)
FNDA:1,(anonymous_12)
FNDA:0,(anonymous_13)
FNDA:1,(anonymous_14)
FNDA:0,(anonymous_15)
FNDA:1,(anonymous_16)
FNDA:1,(anonymous_17)
FNDA:0,(anonymous_18)
FNDA:1,(anonymous_19)
FNDA:0,(anonymous_20)
FNDA:0,(anonymous_21)
FNDA:0,(anonymous_22)
FNDA:0,(anonymous_23)
FNDA:0,(anonymous_24)
FNDA:0,(anonymous_25)
FNDA:0,(anonymous_26)
FNDA:0,(anonymous_27)
FNDA:0,(anonymous_28)
FNDA:0,(anonymous_29)
FNDA:0,(anonymous_30)
FNDA:2,(anonymous_31)
FNDA:1,(anonymous_32)
FNDA:1,(anonymous_33)
FNDA:1,(anonymous_34)
FNDA:1,(anonymous_35)
FNDA:0,(anonymous_36)
FNDA:0,(anonymous_37)
FNDA:0,(anonymous_38)
FNDA:0,(anonymous_39)
FNDA:0,(anonymous_40)
FNDA:0,(anonymous_41)
FNDA:0,(anonymous_42)
FNDA:1,(anonymous_43)
FNDA:0,(anonymous_44)
FNDA:1,(anonymous_45)
FNDA:1,(anonymous_46)
FNDA:1,(anonymous_47)
FNDA:0,(anonymous_48)
FNDA:1,(anonymous_49)
FNDA:0,(anonymous_50)
FNDA:0,(anonymous_51)
FNDA:1,(anonymous_52)
FNDA:0,(anonymous_53)
FNDA:0,(anonymous_54)
FNDA:1,(anonymous_55)
FNDA:1,(anonymous_56)
FNDA:1,(anonymous_57)
FNDA:0,(anonymous_58)
FNDA:0,(anonymous_59)
FNDA:0,(anonymous_60)
FNDA:1,(anonymous_61)
FNDA:1,(anonymous_62)
FNDA:1,(anonymous_63)
FNDA:1,(anonymous_64)
FNDA:1,(anonymous_65)
FNDA:0,(anonymous_66)
FNDA:1,(anonymous_67)
FNDA:1,(anonymous_68)
FNDA:1,(anonymous_69)
FNDA:1,(anonymous_70)
FNDA:1,(anonymous_71)
FNDA:1,(anonymous_72)
FNDA:0,(anonymous_73)
FNDA:0,(anonymous_74)
FNDA:0,(anonymous_75)
FNDA:0,(anonymous_76)
FNDA:0,(anonymous_77)
FNDA:0,(anonymous_78)
FNDA:0,(anonymous_79)
FNDA:0,(anonymous_80)
FNDA:0,(anonymous_81)
FNDA:0,(anonymous_82)
FNDA:0,(anonymous_83)
FNDA:0,(anonymous_84)
FNDA:0,(anonymous_85)
FNDA:0,(anonymous_86)
FNDA:0,(anonymous_87)
FNDA:0,(anonymous_88)
FNDA:0,(anonymous_89)
FNDA:0,(anonymous_90)
FNDA:0,(anonymous_91)
FNDA:0,(anonymous_92)
FNDA:1,(anonymous_93)
FNDA:0,(anonymous_94)
FNDA:1,(anonymous_95)
FNDA:0,(anonymous_96)
FNDA:0,(anonymous_97)
FNDA:0,(anonymous_98)
FNDA:0,(anonymous_99)
FNDA:0,(anonymous_100)
FNDA:0,(anonymous_101)
FNDA:2,(anonymous_102)
FNDA:1,(anonymous_103)
FNDA:1,(anonymous_104)
FNDA:1,(anonymous_105)
FNDA:1,(anonymous_106)
FNDA:1,(anonymous_107)
FNDA:0,(anonymous_108)
FNDA:0,(anonymous_109)
FNDA:0,(anonymous_110)
FNDA:0,(anonymous_111)
FNDA:0,(anonymous_112)
FNDA:0,(anonymous_113)
FNDA:0,(anonymous_114)
FNDA:0,(anonymous_115)
FNDA:0,(anonymous_116)
FNDA:0,(anonymous_117)
FNDA:0,(anonymous_118)
FNDA:0,(anonymous_119)
FNDA:0,(anonymous_120)
FNDA:0,(anonymous_121)
FNDA:5,(anonymous_122)
FNDA:0,(anonymous_123)
FNDA:0,(anonymous_124)
FNDA:0,(anonymous_125)
FNDA:0,(anonymous_126)
FNDA:0,(anonymous_127)
FNDA:0,(anonymous_128)
FNDA:0,(anonymous_129)
FNDA:0,(anonymous_130)
FNDA:0,(anonymous_131)
FNDA:0,(anonymous_132)
FNDA:0,(anonymous_133)
FNDA:0,(anonymous_134)
FNDA:0,(anonymous_135)
FNDA:0,(anonymous_136)
FNDA:0,(anonymous_137)
FNDA:0,(anonymous_138)
FNDA:0,(anonymous_139)
FNDA:0,(anonymous_140)
FNDA:0,(anonymous_141)
FNDA:0,(anonymous_142)
FNDA:0,(anonymous_143)
FNDA:0,(anonymous_144)
FNDA:0,(anonymous_145)
DA:14,15
DA:15,16
DA:18,16
DA:19,0
DA:21,0
DA:22,0
DA:25,0
DA:30,16
DA:36,16
DA:37,16
DA:41,0
DA:44,15
DA:46,15
DA:54,15
DA:55,49
DA:56,49
DA:57,1
DA:59,49
DA:63,15
DA:67,15
DA:69,15
DA:70,0
DA:71,0
DA:72,0
DA:74,0
DA:77,0
DA:81,15
DA:82,43
DA:84,3
DA:90,3
DA:91,3
DA:97,3
DA:104,0
DA:106,0
DA:107,0
DA:110,0
DA:111,0
DA:113,0
DA:116,0
DA:120,0
DA:121,0
DA:123,0
DA:124,0
DA:126,0
DA:127,0
DA:128,0
DA:129,0
DA:130,0
DA:131,0
DA:132,0
DA:135,0
DA:137,0
DA:142,0
DA:143,0
DA:146,0
DA:147,0
DA:149,0
DA:151,0
DA:152,0
DA:155,0
DA:158,0
DA:159,0
DA:160,0
DA:161,0
DA:162,0
DA:163,0
DA:165,0
DA:170,3
DA:173,1
DA:183,2
DA:185,1
DA:196,1
DA:198,3
DA:203,15
DA:205,4
DA:208,0
DA:210,0
DA:213,1
DA:216,0
DA:219,1
DA:222,0
DA:225,1
DA:230,1
DA:232,0
DA:235,1
DA:241,0
DA:244,0
DA:247,0
DA:250,0
DA:253,0
DA:256,0
DA:259,0
DA:262,0
DA:265,0
DA:268,0
DA:271,0
DA:274,2
DA:275,1
DA:281,1
DA:285,1
DA:286,1
DA:292,0
DA:296,1
DA:299,1
DA:302,1
DA:305,0
DA:308,0
DA:311,0
DA:314,0
DA:317,0
DA:320,0
DA:323,0
DA:327,15
DA:329,1
DA:332,0
DA:335,1
DA:338,1
DA:339,0
DA:345,1
DA:349,1
DA:350,0
DA:356,1
DA:360,0
DA:363,1
DA:366,0
DA:369,0
DA:372,1
DA:375,0
DA:378,0
DA:381,1
DA:384,1
DA:387,1
DA:390,0
DA:395,0
DA:400,0
DA:404,15
DA:406,1
DA:409,1
DA:413,15
DA:415,1
DA:418,1
DA:421,1
DA:424,0
DA:427,1
DA:430,1
DA:437,1
DA:440,1
DA:445,1
DA:448,1
DA:456,0
DA:459,15
DA:461,0
DA:463,0
DA:528,15
DA:530,0
DA:532,0
DA:534,0
DA:536,0
DA:538,0
DA:540,0
DA:544,15
DA:546,0
DA:549,0
DA:552,0
DA:555,0
DA:558,0
DA:562,15
DA:564,0
DA:567,0
DA:570,0
DA:573,0
DA:576,0
DA:579,0
DA:583,15
DA:585,1
DA:588,0
DA:591,1
DA:595,15
DA:597,0
DA:601,15
DA:606,0
DA:615,0
DA:625,0
DA:631,0
DA:634,0
DA:638,15
DA:640,2
DA:643,1
DA:646,1
DA:651,1
DA:659,1
DA:666,1
DA:670,15
DA:672,0
DA:678,15
DA:680,0
DA:683,0
DA:697,0
DA:700,0
DA:704,0
DA:707,0
DA:710,0
DA:715,0
DA:718,0
DA:723,0
DA:724,0
DA:725,0
DA:726,0
DA:739,15
DA:741,0
DA:746,0
DA:756,0
DA:771,15
DA:773,5
DA:776,0
DA:779,0
DA:782,0
DA:786,15
DA:789,0
DA:792,0
DA:795,0
DA:798,0
DA:805,0
DA:808,0
DA:811,0
DA:814,0
DA:817,0
DA:824,0
DA:827,0
DA:830,0
DA:833,0
DA:840,15
DA:842,0
DA:845,0
DA:848,0
DA:851,0
DA:854,0
DA:857,0
DA:860,0
LF:239
LH:91
BRDA:18,0,0,0
BRDA:18,0,1,16
BRDA:18,1,0,16
BRDA:18,1,1,0
BRDA:21,2,0,0
BRDA:21,2,1,0
BRDA:21,3,0,0
BRDA:21,3,1,0
BRDA:30,4,0,16
BRDA:30,4,1,16
BRDA:30,4,2,0
BRDA:30,4,3,0
BRDA:36,5,0,16
BRDA:36,5,1,0
BRDA:56,6,0,1
BRDA:56,6,1,48
BRDA:69,7,0,0
BRDA:71,8,0,0
BRDA:71,8,1,0
BRDA:91,9,0,3
BRDA:91,9,1,3
BRDA:91,9,2,3
BRDA:97,10,0,0
BRDA:97,10,1,3
BRDA:98,11,0,3
BRDA:98,11,1,0
BRDA:98,11,2,0
BRDA:98,11,3,0
BRDA:98,11,4,0
BRDA:104,12,0,0
BRDA:104,12,1,0
BRDA:110,13,0,0
BRDA:110,13,1,0
BRDA:110,14,0,0
BRDA:110,14,1,0
BRDA:124,15,0,0
BRDA:124,15,1,0
BRDA:146,16,0,0
BRDA:146,16,1,0
BRDA:170,17,0,1
BRDA:170,17,1,2
BRDA:183,18,0,1
BRDA:183,18,1,1
BRDA:274,19,0,1
BRDA:274,19,1,1
BRDA:285,20,0,1
BRDA:285,20,1,0
BRDA:338,21,0,0
BRDA:338,21,1,1
BRDA:349,22,0,0
BRDA:349,22,1,1
BRDA:549,23,0,0
BRDA:549,23,1,0
BRDA:647,24,0,1
BRDA:647,24,1,0
BRDA:662,25,0,1
BRDA:662,25,1,0
BRDA:709,26,0,0
BRDA:717,27,0,0
BRF:59
BRH:23
end_of_record
TN:
SF:src/services/searchService.ts
FN:13,debounce
FN:18,executedFunction
FN:19,(anonymous_2)
FN:33,getLocalRecentSearches
FN:48,saveLocalRecentSearch
FN:53,(anonymous_5)
FN:66,searchGlobal
FN:83,getRecentSearches
FN:96,(anonymous_8)
FN:105,(anonymous_9)
FN:117,saveRecentSearch
FNF:11
FNH:1
FNDA:5,debounce
FNDA:0,executedFunction
FNDA:0,(anonymous_2)
FNDA:0,getLocalRecentSearches
FNDA:0,saveLocalRecentSearch
FNDA:0,(anonymous_5)
FNDA:0,searchGlobal
FNDA:0,getRecentSearches
FNDA:0,(anonymous_8)
FNDA:0,(anonymous_9)
FNDA:0,saveRecentSearch
DA:7,2
DA:8,2
DA:17,5
DA:18,5
DA:19,0
DA:20,0
DA:21,0
DA:23,0
DA:24,0
DA:26,0
DA:34,0
DA:35,0
DA:36,0
DA:37,0
DA:40,0
DA:42,0
DA:49,0
DA:50,0
DA:52,0
DA:53,0
DA:56,0
DA:57,0
DA:59,0
DA:67,0
DA:68,0
DA:71,0
DA:72,0
DA:73,0
DA:75,0
DA:76,0
DA:85,0
DA:88,0
DA:89,0
DA:90,0
DA:93,0
DA:94,0
DA:95,0
DA:96,0
DA:98,0
DA:99,0
DA:104,0
DA:105,0
DA:109,0
DA:110,0
DA:121,0
DA:131,0
DA:134,0
DA:135,0
DA:143,0
LF:49
LH:4
BRDA:23,0,0,0
BRDA:23,0,1,0
BRDA:36,1,0,0
BRDA:36,1,1,0
BRDA:53,2,0,0
BRDA:53,2,1,0
BRDA:53,2,2,0
BRDA:66,3,0,0
BRDA:67,4,0,0
BRDA:67,4,1,0
BRDA:83,5,0,0
BRDA:96,6,0,0
BRDA:96,6,1,0
BRDA:96,6,2,0
BRDA:98,7,0,0
BRDA:98,7,1,0
BRF:16
BRH:0
end_of_record
TN:
SF:src/utils/commandPaletteActions.ts
FN:18,getQuickActions
FN:27,(anonymous_1)
FN:35,(anonymous_2)
FN:43,(anonymous_3)
FN:51,(anonymous_4)
FN:59,(anonymous_5)
FN:68,(anonymous_6)
FN:76,(anonymous_7)
FN:84,(anonymous_8)
FN:92,(anonymous_9)
FN:100,(anonymous_10)
FN:108,(anonymous_11)
FN:116,(anonymous_12)
FN:124,filterQuickActions
FN:130,(anonymous_14)
FN:134,(anonymous_15)
FNF:16
FNH:2
FNDA:5,getQuickActions
FNDA:0,(anonymous_1)
FNDA:0,(anonymous_2)
FNDA:0,(anonymous_3)
FNDA:0,(anonymous_4)
FNDA:0,(anonymous_5)
FNDA:0,(anonymous_6)
FNDA:0,(anonymous_7)
FNDA:0,(anonymous_8)
FNDA:0,(anonymous_9)
FNDA:0,(anonymous_10)
FNDA:0,(anonymous_11)
FNDA:0,(anonymous_12)
FNDA:5,filterQuickActions
FNDA:0,(anonymous_14)
FNDA:0,(anonymous_15)
DA:19,5
DA:27,0
DA:35,0
DA:43,0
DA:51,0
DA:59,0
DA:68,0
DA:76,0
DA:84,0
DA:92,0
DA:100,0
DA:108,0
DA:116,0
DA:125,5
DA:126,5
DA:129,0
DA:130,0
DA:132,0
DA:133,0
DA:134,0
DA:136,0
LF:21
LH:3
BRDA:125,0,0,5
BRDA:125,0,1,0
BRDA:136,1,0,0
BRDA:136,1,1,0
BRDA:136,1,2,0
BRF:5
BRH:1
end_of_record
TN:
SF:src/utils/csvExport.ts
FN:14,arrayToCSV
FN:26,(anonymous_1)
FN:29,(anonymous_2)
FN:31,(anonymous_3)
FN:44,escapeCSVValue
FN:55,downloadCSV
FN:72,exportToCSV
FN:84,exportInventoryItemsToCSV
FN:99,(anonymous_8)
FN:119,exportInventoryReportToCSV
FN:128,(anonymous_10)
FN:137,(anonymous_11)
FN:145,(anonymous_12)
FN:159,exportPurchasingReportToCSV
FN:168,(anonymous_14)
FN:176,(anonymous_15)
FN:192,(anonymous_16)
FN:211,(anonymous_17)
FN:230,exportAssetReportToCSV
FN:239,(anonymous_19)
FN:254,(anonymous_20)
FN:266,(anonymous_21)
FNF:22
FNH:9
FNDA:8,arrayToCSV
FNDA:23,(anonymous_1)
FNDA:8,(anonymous_2)
FNDA:25,(anonymous_3)
FNDA:48,escapeCSVValue
FNDA:3,downloadCSV
FNDA:3,exportToCSV
FNDA:1,exportInventoryItemsToCSV
FNDA:1,(anonymous_8)
FNDA:0,exportInventoryReportToCSV
FNDA:0,(anonymous_10)
FNDA:0,(anonymous_11)
FNDA:0,(anonymous_12)
FNDA:0,exportPurchasingReportToCSV
FNDA:0,(anonymous_14)
FNDA:0,(anonymous_15)
FNDA:0,(anonymous_16)
FNDA:0,(anonymous_17)
FNDA:0,exportAssetReportToCSV
FNDA:0,(anonymous_19)
FNDA:0,(anonymous_20)
FNDA:0,(anonymous_21)
DA:18,8
DA:19,1
DA:23,7
DA:26,23
DA:29,7
DA:30,8
DA:32,25
DA:33,25
DA:38,7
DA:45,48
DA:47,2
DA:49,46
DA:57,3
DA:58,3
DA:59,3
DA:60,3
DA:61,3
DA:62,3
DA:63,3
DA:64,3
DA:65,3
DA:66,3
DA:76,3
DA:77,3
DA:78,3
DA:85,1
DA:99,1
DA:113,1
DA:123,0
DA:124,0
DA:126,0
DA:127,0
DA:128,0
DA:135,0
DA:136,0
DA:137,0
DA:143,0
DA:144,0
DA:145,0
DA:153,0
DA:163,0
DA:164,0
DA:166,0
DA:167,0
DA:168,0
DA:174,0
DA:175,0
DA:176,0
DA:182,0
DA:183,0
DA:192,0
DA:201,0
DA:202,0
DA:211,0
DA:224,0
DA:234,0
DA:235,0
DA:237,0
DA:238,0
DA:239,0
DA:243,0
DA:244,0
DA:254,0
DA:264,0
DA:265,0
DA:266,0
DA:275,0
LF:67
LH:28
BRDA:18,0,0,1
BRDA:18,0,1,7
BRDA:23,1,0,7
BRDA:23,1,1,3
BRDA:33,2,0,25
BRDA:33,2,1,0
BRDA:33,3,0,25
BRDA:33,3,1,25
BRDA:45,4,0,2
BRDA:45,4,1,46
BRDA:45,5,0,48
BRDA:45,5,1,47
BRDA:45,5,2,46
BRDA:55,6,0,0
BRDA:62,7,0,0
BRDA:62,7,1,3
BRDA:74,8,0,1
BRDA:76,9,0,1
BRDA:100,10,0,1
BRDA:100,10,1,0
BRDA:101,11,0,1
BRDA:101,11,1,0
BRDA:102,12,0,1
BRDA:102,12,1,0
BRDA:103,13,0,1
BRDA:103,13,1,0
BRDA:104,14,0,1
BRDA:104,14,1,0
BRDA:105,15,0,1
BRDA:105,15,1,0
BRDA:106,16,0,1
BRDA:106,16,1,0
BRDA:107,17,0,1
BRDA:107,17,1,0
BRDA:108,18,0,1
BRDA:108,18,1,0
BRDA:109,19,0,0
BRDA:109,19,1,1
BRDA:110,20,0,1
BRDA:110,20,1,0
BRDA:126,21,0,0
BRDA:126,21,1,0
BRDA:129,22,0,0
BRDA:129,22,1,0
BRDA:130,23,0,0
BRDA:130,23,1,0
BRDA:131,24,0,0
BRDA:131,24,1,0
BRDA:132,25,0,0
BRDA:132,25,1,0
BRDA:133,26,0,0
BRDA:133,26,1,0
BRDA:135,27,0,0
BRDA:135,27,1,0
BRDA:138,28,0,0
BRDA:138,28,1,0
BRDA:139,29,0,0
BRDA:139,29,1,0
BRDA:140,30,0,0
BRDA:140,30,1,0
BRDA:141,31,0,0
BRDA:141,31,1,0
BRDA:143,32,0,0
BRDA:143,32,1,0
BRDA:146,33,0,0
BRDA:146,33,1,0
BRDA:147,34,0,0
BRDA:147,34,1,0
BRDA:148,35,0,0
BRDA:148,35,1,0
BRDA:149,36,0,0
BRDA:149,36,1,0
BRDA:166,37,0,0
BRDA:166,37,1,0
BRDA:169,38,0,0
BRDA:169,38,1,0
BRDA:170,39,0,0
BRDA:170,39,1,0
BRDA:171,40,0,0
BRDA:171,40,1,0
BRDA:172,41,0,0
BRDA:172,41,1,0
BRDA:174,42,0,0
BRDA:174,42,1,0
BRDA:177,43,0,0
BRDA:177,43,1,0
BRDA:178,44,0,0
BRDA:178,44,1,0
BRDA:179,45,0,0
BRDA:179,45,1,0
BRDA:180,46,0,0
BRDA:180,46,1,0
BRDA:182,47,0,0
BRDA:182,47,1,0
BRDA:193,48,0,0
BRDA:193,48,1,0
BRDA:194,49,0,0
BRDA:194,49,1,0
BRDA:195,50,0,0
BRDA:195,50,1,0
BRDA:196,51,0,0
BRDA:196,51,1,0
BRDA:197,52,0,0
BRDA:197,52,1,0
BRDA:198,53,0,0
BRDA:198,53,1,0
BRDA:199,54,0,0
BRDA:199,54,1,0
BRDA:201,55,0,0
BRDA:201,55,1,0
BRDA:212,56,0,0
BRDA:212,56,1,0
BRDA:213,57,0,0
BRDA:213,57,1,0
BRDA:214,58,0,0
BRDA:214,58,1,0
BRDA:215,59,0,0
BRDA:215,59,1,0
BRDA:216,60,0,0
BRDA:216,60,1,0
BRDA:217,61,0,0
BRDA:217,61,1,0
BRDA:218,62,0,0
BRDA:218,62,1,0
BRDA:219,63,0,0
BRDA:219,63,1,0
BRDA:237,64,0,0
BRDA:237,64,1,0
BRDA:240,65,0,0
BRDA:240,65,1,0
BRDA:240,65,2,0
BRDA:241,66,0,0
BRDA:241,66,1,0
BRDA:243,67,0,0
BRDA:243,67,1,0
BRDA:255,68,0,0
BRDA:255,68,1,0
BRDA:256,69,0,0
BRDA:256,69,1,0
BRDA:257,70,0,0
BRDA:257,70,1,0
BRDA:258,71,0,0
BRDA:258,71,1,0
BRDA:259,72,0,0
BRDA:259,72,1,0
BRDA:260,73,0,0
BRDA:260,73,1,0
BRDA:261,74,0,0
BRDA:261,74,1,0
BRDA:262,75,0,0
BRDA:262,75,1,0
BRDA:264,76,0,0
BRDA:264,76,1,0
BRDA:267,77,0,0
BRDA:267,77,1,0
BRDA:268,78,0,0
BRDA:268,78,1,0
BRDA:269,79,0,0
BRDA:269,79,1,0
BRDA:270,80,0,0
BRDA:270,80,1,0
BRDA:271,81,0,0
BRDA:271,81,1,0
BRF:163
BRH:26
end_of_record
TN:
SF:src/utils/formSchemas.ts
FN:26,(anonymous_0)
FN:27,(anonymous_1)
FN:31,(anonymous_2)
FN:34,(anonymous_3)
FN:38,(anonymous_4)
FN:44,(anonymous_5)
FN:47,(anonymous_6)
FN:50,(anonymous_7)
FN:53,(anonymous_8)
FN:128,(anonymous_9)
FN:145,(anonymous_10)
FN:227,(anonymous_11)
FN:239,(anonymous_12)
FNF:13
FNH:4
FNDA:0,(anonymous_0)
FNDA:0,(anonymous_1)
FNDA:0,(anonymous_2)
FNDA:0,(anonymous_3)
FNDA:0,(anonymous_4)
FNDA:0,(anonymous_5)
FNDA:0,(anonymous_6)
FNDA:0,(anonymous_7)
FNDA:0,(anonymous_8)
FNDA:3,(anonymous_9)
FNDA:3,(anonymous_10)
FNDA:1,(anonymous_11)
FNDA:1,(anonymous_12)
DA:7,4
DA:8,4
DA:9,4
DA:10,4
DA:11,4
DA:14,4
DA:15,4
DA:16,4
DA:17,4
DA:20,4
DA:21,4
DA:24,4
DA:26,0
DA:27,0
DA:29,4
DA:31,0
DA:34,4
DA:38,0
DA:44,4
DA:45,0
DA:47,4
DA:48,0
DA:50,4
DA:51,0
DA:53,4
DA:54,0
DA:57,4
DA:129,3
DA:130,0
DA:137,3
DA:146,3
DA:147,0
DA:149,3
DA:160,4
DA:174,4
DA:228,1
DA:229,0
DA:231,1
DA:240,1
DA:241,0
DA:243,1
LF:41
LH:29
BRDA:38,0,0,0
BRDA:38,0,1,0
BRDA:39,1,0,0
BRDA:39,1,1,0
BRDA:45,2,0,0
BRDA:45,2,1,0
BRDA:48,3,0,0
BRDA:48,3,1,0
BRDA:51,4,0,0
BRDA:51,4,1,0
BRDA:54,5,0,0
BRDA:54,5,1,0
BRDA:129,6,0,0
BRDA:129,6,1,3
BRDA:131,7,0,0
BRDA:131,7,1,0
BRDA:131,7,2,0
BRDA:131,7,3,0
BRDA:146,8,0,0
BRDA:146,8,1,3
BRDA:146,9,0,3
BRDA:146,9,1,0
BRDA:146,9,2,0
BRDA:228,10,0,0
BRDA:228,10,1,1
BRDA:228,11,0,1
BRDA:228,11,1,0
BRDA:240,12,0,0
BRDA:240,12,1,1
BRDA:240,13,0,1
BRDA:240,13,1,0
BRF:31
BRH:7
end_of_record
