TN:
SF:src/App.tsx
FN:50,(anonymous_0)
FN:55,(anonymous_1)
FN:60,(anonymous_2)
FN:65,(anonymous_3)
FN:70,(anonymous_4)
FN:75,(anonymous_5)
FN:80,(anonymous_6)
FN:85,(anonymous_7)
FN:90,(anonymous_8)
FN:95,AppContent
FN:99,(anonymous_10)
FN:200,App
FNF:12
FNH:2
FNDA:0,(anonymous_0)
FNDA:0,(anonymous_1)
FNDA:0,(anonymous_2)
FNDA:0,(anonymous_3)
FNDA:0,(anonymous_4)
FNDA:0,(anonymous_5)
FNDA:0,(anonymous_6)
FNDA:0,(anonymous_7)
FNDA:0,(anonymous_8)
FNDA:1,AppContent
FNDA:0,(anonymous_10)
FNDA:1,App
DA:47,1
DA:50,1
DA:51,0
DA:52,0
DA:55,1
DA:56,0
DA:57,0
DA:60,1
DA:61,0
DA:62,0
DA:65,1
DA:66,0
DA:67,0
DA:70,1
DA:71,0
DA:72,0
DA:75,1
DA:76,0
DA:77,0
DA:80,1
DA:81,0
DA:82,0
DA:85,1
DA:86,0
DA:87,0
DA:90,1
DA:91,0
DA:92,0
DA:96,1
DA:100,0
DA:201,1
LF:31
LH:12
BRF:0
BRH:0
end_of_record
TN:
SF:src/components/AssetDetailModal.tsx
FN:16,(anonymous_0)
FN:21,(anonymous_1)
FN:37,(anonymous_2)
FN:46,(anonymous_3)
FN:59,(anonymous_4)
FN:69,(anonymous_5)
FN:80,(anonymous_6)
FN:95,(anonymous_7)
FN:187,(anonymous_8)
FNF:9
FNH:0
FNDA:0,(anonymous_0)
FNDA:0,(anonymous_1)
FNDA:0,(anonymous_2)
FNDA:0,(anonymous_3)
FNDA:0,(anonymous_4)
FNDA:0,(anonymous_5)
FNDA:0,(anonymous_6)
FNDA:0,(anonymous_7)
FNDA:0,(anonymous_8)
DA:16,0
DA:17,0
DA:18,0
DA:19,0
DA:21,0
DA:22,0
DA:24,0
DA:25,0
DA:26,0
DA:27,0
DA:28,0
DA:30,0
DA:31,0
DA:33,0
DA:37,0
DA:38,0
DA:39,0
DA:41,0
DA:42,0
DA:46,0
DA:47,0
DA:48,0
DA:49,0
DA:55,0
DA:59,0
DA:60,0
DA:61,0
DA:62,0
DA:63,0
DA:69,0
DA:70,0
DA:71,0
DA:72,0
DA:73,0
DA:74,0
DA:75,0
DA:76,0
DA:80,0
DA:81,0
DA:82,0
DA:83,0
DA:84,0
DA:85,0
DA:86,0
DA:87,0
DA:91,0
DA:93,0
DA:95,0
DA:188,0
LF:49
LH:0
BRDA:22,0,0,0
BRDA:22,0,1,0
BRDA:31,1,0,0
BRDA:31,1,1,0
BRDA:38,2,0,0
BRDA:38,2,1,0
BRDA:38,3,0,0
BRDA:38,3,1,0
BRDA:47,4,0,0
BRDA:47,4,1,0
BRDA:60,5,0,0
BRDA:60,5,1,0
BRDA:62,6,0,0
BRDA:62,6,1,0
BRDA:70,7,0,0
BRDA:70,7,1,0
BRDA:70,7,2,0
BRDA:70,7,3,0
BRDA:70,7,4,0
BRDA:70,7,5,0
BRDA:81,8,0,0
BRDA:81,8,1,0
BRDA:81,8,2,0
BRDA:81,8,3,0
BRDA:81,8,4,0
BRDA:81,8,5,0
BRDA:91,9,0,0
BRDA:91,9,1,0
BRDA:104,10,0,0
BRDA:104,10,1,0
BRDA:108,11,0,0
BRDA:108,11,1,0
BRDA:115,12,0,0
BRDA:115,12,1,0
BRDA:115,12,2,0
BRDA:115,12,3,0
BRDA:118,13,0,0
BRDA:118,13,1,0
BRDA:127,14,0,0
BRDA:127,14,1,0
BRDA:133,15,0,0
BRDA:133,15,1,0
BRDA:147,16,0,0
BRDA:147,16,1,0
BRDA:150,17,0,0
BRDA:150,17,1,0
BRDA:153,18,0,0
BRDA:153,18,1,0
BRDA:159,19,0,0
BRDA:159,19,1,0
BRDA:173,20,0,0
BRDA:173,20,1,0
BRDA:183,21,0,0
BRDA:183,21,1,0
BRDA:183,21,2,0
BRDA:191,22,0,0
BRDA:191,22,1,0
BRDA:195,23,0,0
BRDA:195,23,1,0
BRDA:198,24,0,0
BRDA:198,24,1,0
BRDA:205,25,0,0
BRDA:205,25,1,0
BRDA:210,26,0,0
BRDA:210,26,1,0
BRDA:219,27,0,0
BRDA:219,27,1,0
BRDA:231,28,0,0
BRDA:231,28,1,0
BRDA:237,29,0,0
BRDA:237,29,1,0
BRDA:243,30,0,0
BRDA:243,30,1,0
BRDA:249,31,0,0
BRDA:249,31,1,0
BRDA:255,32,0,0
BRDA:255,32,1,0
BRDA:261,33,0,0
BRDA:261,33,1,0
BRDA:271,34,0,0
BRDA:271,34,1,0
BRDA:271,34,2,0
BRDA:271,34,3,0
BRDA:271,34,4,0
BRDA:275,35,0,0
BRDA:275,35,1,0
BRDA:281,36,0,0
BRDA:281,36,1,0
BRDA:287,37,0,0
BRDA:287,37,1,0
BRDA:293,38,0,0
BRDA:293,38,1,0
BRDA:304,39,0,0
BRDA:304,39,1,0
BRDA:304,39,2,0
BRDA:304,39,3,0
BRDA:308,40,0,0
BRDA:308,40,1,0
BRDA:313,41,0,0
BRDA:313,41,1,0
BRDA:318,42,0,0
BRDA:318,42,1,0
BRDA:328,43,0,0
BRDA:328,43,1,0
BRF:104
BRH:0
end_of_record
TN:
SF:src/components/AssetList.tsx
FN:11,(anonymous_0)
FN:22,(anonymous_1)
FN:27,(anonymous_2)
FN:40,(anonymous_3)
FN:67,(anonymous_4)
FN:68,(anonymous_5)
FN:69,(anonymous_6)
FN:72,(anonymous_7)
FN:83,(anonymous_8)
FN:94,(anonymous_9)
FN:98,(anonymous_10)
FN:130,(anonymous_11)
FN:141,(anonymous_12)
FN:147,(anonymous_13)
FN:153,(anonymous_14)
FN:159,(anonymous_15)
FN:170,(anonymous_16)
FN:174,(anonymous_17)
FN:186,(anonymous_18)
FN:190,(anonymous_19)
FN:208,(anonymous_20)
FN:212,(anonymous_21)
FNF:22
FNH:16
FNDA:29,(anonymous_0)
FNDA:22,(anonymous_1)
FNDA:22,(anonymous_2)
FNDA:22,(anonymous_3)
FNDA:40,(anonymous_4)
FNDA:40,(anonymous_5)
FNDA:40,(anonymous_6)
FNDA:80,(anonymous_7)
FNDA:40,(anonymous_8)
FNDA:0,(anonymous_9)
FNDA:0,(anonymous_10)
FNDA:12,(anonymous_11)
FNDA:0,(anonymous_12)
FNDA:1,(anonymous_13)
FNDA:0,(anonymous_14)
FNDA:0,(anonymous_15)
FNDA:1,(anonymous_16)
FNDA:42,(anonymous_17)
FNDA:1,(anonymous_18)
FNDA:42,(anonymous_19)
FNDA:40,(anonymous_20)
FNDA:0,(anonymous_21)
DA:11,2
DA:12,29
DA:13,29
DA:14,28
DA:15,28
DA:16,28
DA:17,28
DA:18,28
DA:19,28
DA:20,28
DA:22,28
DA:23,22
DA:24,22
DA:27,28
DA:28,22
DA:29,22
DA:33,22
DA:34,22
DA:36,0
DA:40,28
DA:41,22
DA:42,22
DA:43,22
DA:44,22
DA:45,1
DA:47,22
DA:48,1
DA:50,22
DA:51,1
DA:53,22
DA:54,12
DA:56,22
DA:57,21
DA:59,0
DA:61,21
DA:65,28
DA:67,40
DA:68,40
DA:69,40
DA:72,28
DA:73,80
DA:74,40
DA:75,40
DA:76,0
DA:77,0
DA:78,0
DA:79,0
DA:83,28
DA:84,40
DA:85,20
DA:86,20
DA:87,0
DA:88,0
DA:89,0
DA:90,0
DA:94,28
DA:95,0
DA:98,28
DA:99,0
DA:102,28
DA:103,7
DA:106,21
DA:130,12
DA:141,0
DA:147,1
DA:153,0
DA:159,0
DA:170,1
DA:175,42
DA:186,1
DA:191,42
DA:209,40
DA:212,0
LF:73
LH:57
BRDA:33,0,0,22
BRDA:33,0,1,0
BRDA:34,1,0,22
BRDA:34,1,1,0
BRDA:44,2,0,1
BRDA:44,2,1,21
BRDA:47,3,0,1
BRDA:47,3,1,21
BRDA:50,4,0,1
BRDA:50,4,1,21
BRDA:53,5,0,12
BRDA:53,5,1,10
BRDA:73,6,0,40
BRDA:73,6,1,40
BRDA:73,6,2,0
BRDA:73,6,3,0
BRDA:73,6,4,0
BRDA:73,6,5,0
BRDA:84,7,0,20
BRDA:84,7,1,20
BRDA:84,7,2,0
BRDA:84,7,3,0
BRDA:84,7,4,0
BRDA:84,7,5,0
BRDA:102,8,0,7
BRDA:102,8,1,21
BRDA:115,9,0,21
BRDA:115,9,1,20
BRDA:140,10,0,20
BRDA:140,10,1,1
BRDA:146,11,0,1
BRDA:146,11,1,20
BRDA:152,12,0,0
BRDA:152,12,1,21
BRDA:158,13,0,0
BRDA:158,13,1,21
BRDA:169,14,0,21
BRDA:169,14,1,20
BRDA:170,15,0,1
BRDA:170,15,1,0
BRDA:185,16,0,21
BRDA:185,16,1,20
BRDA:186,17,0,1
BRDA:186,17,1,0
BRDA:200,18,0,1
BRDA:200,18,1,20
BRDA:202,19,0,0
BRDA:202,19,1,1
BRDA:202,20,0,1
BRDA:202,20,1,1
BRDA:202,20,2,1
BRDA:202,20,3,1
BRDA:214,21,0,40
BRDA:214,21,1,0
BRDA:216,22,0,0
BRDA:216,22,1,0
BRDA:223,23,0,40
BRDA:223,23,1,0
BRDA:228,24,0,40
BRDA:228,24,1,40
BRDA:231,25,0,40
BRDA:231,25,1,40
BRDA:240,26,0,40
BRDA:240,26,1,40
BRDA:245,27,0,40
BRDA:245,27,1,40
BRDA:252,28,0,40
BRDA:252,28,1,40
BRDA:259,29,0,40
BRDA:259,29,1,40
BRDA:266,30,0,40
BRDA:266,30,1,40
BRDA:274,31,0,40
BRDA:274,31,1,0
BRDA:280,32,0,40
BRDA:280,32,1,0
BRF:76
BRH:55
end_of_record
TN:
SF:src/components/AuthSection.tsx
FN:13,(anonymous_0)
FN:27,(anonymous_1)
FN:38,(anonymous_2)
FN:68,(anonymous_3)
FN:109,(anonymous_4)
FN:123,(anonymous_5)
FN:160,(anonymous_6)
FN:166,(anonymous_7)
FN:188,(anonymous_8)
FN:197,(anonymous_9)
FN:224,(anonymous_10)
FN:233,(anonymous_11)
FNF:12
FNH:0
FNDA:0,(anonymous_0)
FNDA:0,(anonymous_1)
FNDA:0,(anonymous_2)
FNDA:0,(anonymous_3)
FNDA:0,(anonymous_4)
FNDA:0,(anonymous_5)
FNDA:0,(anonymous_6)
FNDA:0,(anonymous_7)
FNDA:0,(anonymous_8)
FNDA:0,(anonymous_9)
FNDA:0,(anonymous_10)
FNDA:0,(anonymous_11)
DA:13,0
DA:14,0
DA:15,0
DA:16,0
DA:17,0
DA:20,0
DA:21,0
DA:22,0
DA:23,0
DA:24,0
DA:25,0
DA:27,0
DA:29,0
DA:30,0
DA:31,0
DA:32,0
DA:33,0
DA:34,0
DA:38,0
DA:39,0
DA:40,0
DA:41,0
DA:43,0
DA:44,0
DA:46,0
DA:47,0
DA:48,0
DA:49,0
DA:50,0
DA:52,0
DA:53,0
DA:54,0
DA:55,0
DA:56,0
DA:57,0
DA:60,0
DA:62,0
DA:64,0
DA:68,0
DA:69,0
DA:70,0
DA:71,0
DA:73,0
DA:75,0
DA:77,0
DA:85,0
DA:87,0
DA:88,0
DA:89,0
DA:90,0
DA:91,0
DA:93,0
DA:94,0
DA:95,0
DA:96,0
DA:97,0
DA:98,0
DA:101,0
DA:103,0
DA:105,0
DA:109,0
DA:110,0
DA:111,0
DA:112,0
DA:113,0
DA:114,0
DA:115,0
DA:116,0
DA:117,0
DA:120,0
DA:123,0
DA:124,0
DA:125,0
DA:126,0
DA:127,0
DA:128,0
DA:129,0
DA:130,0
DA:133,0
DA:134,0
DA:150,0
DA:160,0
DA:166,0
DA:188,0
DA:197,0
DA:224,0
DA:233,0
LF:87
LH:0
BRDA:31,0,0,0
BRDA:31,0,1,0
BRDA:31,1,0,0
BRDA:31,1,1,0
BRDA:49,2,0,0
BRDA:49,2,1,0
BRDA:50,3,0,0
BRDA:50,3,1,0
BRDA:62,4,0,0
BRDA:62,4,1,0
BRDA:90,5,0,0
BRDA:90,5,1,0
BRDA:91,6,0,0
BRDA:91,6,1,0
BRDA:103,7,0,0
BRDA:103,7,1,0
BRDA:133,8,0,0
BRDA:133,8,1,0
BRDA:157,9,0,0
BRDA:157,9,1,0
BRDA:157,9,2,0
BRDA:174,10,0,0
BRDA:174,10,1,0
BRDA:180,11,0,0
BRDA:180,11,1,0
BRDA:203,12,0,0
BRDA:203,12,1,0
BRDA:212,13,0,0
BRDA:212,13,1,0
BRDA:238,14,0,0
BRDA:238,14,1,0
BRF:31
BRH:0
end_of_record
TN:
SF:src/components/Breadcrumbs.tsx
FN:14,(anonymous_0)
FN:17,(anonymous_1)
FN:44,(anonymous_2)
FN:50,(anonymous_3)
FN:70,(anonymous_4)
FNF:5
FNH:4
FNDA:7,(anonymous_0)
FNDA:7,(anonymous_1)
FNDA:11,(anonymous_2)
FNDA:0,(anonymous_3)
FNDA:17,(anonymous_4)
DA:14,2
DA:15,7
DA:17,7
DA:18,7
DA:19,7
DA:22,7
DA:43,7
DA:44,7
DA:45,11
DA:46,11
DA:49,11
DA:51,0
DA:54,11
DA:57,7
DA:60,7
DA:63,7
DA:64,1
DA:67,6
DA:71,17
DA:73,17
LF:20
LH:19
BRDA:49,0,0,11
BRDA:49,0,1,0
BRDA:63,1,0,1
BRDA:63,1,1,6
BRDA:75,2,0,6
BRDA:75,2,1,11
BRDA:84,3,0,17
BRDA:84,3,1,11
BRF:8
BRH:7
end_of_record
TN:
SF:src/components/ColorPicker.tsx
FN:15,(anonymous_0)
FN:23,(anonymous_1)
FN:46,(anonymous_2)
FNF:3
FNH:0
FNDA:0,(anonymous_0)
FNDA:0,(anonymous_1)
FNDA:0,(anonymous_2)
DA:15,1
DA:21,0
DA:23,0
DA:24,0
DA:27,0
DA:46,0
LF:6
LH:1
BRDA:19,0,0,0
BRDA:29,1,0,0
BRDA:29,1,1,0
BRDA:31,2,0,0
BRDA:31,2,1,0
BRDA:34,3,0,0
BRDA:34,3,1,0
BRDA:39,4,0,0
BRDA:39,4,1,0
BRDA:45,5,0,0
BRDA:45,5,1,0
BRF:11
BRH:0
end_of_record
TN:
SF:src/components/CommandPalette.tsx
FN:43,(anonymous_0)
FN:53,(anonymous_1)
FN:55,(anonymous_2)
FN:61,(anonymous_3)
FN:62,(anonymous_4)
FN:84,(anonymous_5)
FN:88,(anonymous_6)
FN:98,(anonymous_7)
FN:107,(anonymous_8)
FN:117,(anonymous_9)
FN:161,(anonymous_10)
FN:162,(anonymous_11)
FN:166,(anonymous_12)
FN:171,(anonymous_13)
FN:174,(anonymous_14)
FN:177,(anonymous_15)
FN:187,(anonymous_16)
FN:204,(anonymous_17)
FN:217,(anonymous_18)
FN:236,(anonymous_19)
FN:263,(anonymous_20)
FN:264,(anonymous_21)
FN:304,(anonymous_22)
FN:312,(anonymous_23)
FN:350,(anonymous_24)
FN:362,(anonymous_25)
FNF:26
FNH:9
FNDA:15,(anonymous_0)
FNDA:5,(anonymous_1)
FNDA:5,(anonymous_2)
FNDA:5,(anonymous_3)
FNDA:0,(anonymous_4)
FNDA:5,(anonymous_5)
FNDA:0,(anonymous_6)
FNDA:5,(anonymous_7)
FNDA:0,(anonymous_8)
FNDA:10,(anonymous_9)
FNDA:10,(anonymous_10)
FNDA:0,(anonymous_11)
FNDA:10,(anonymous_12)
FNDA:0,(anonymous_13)
FNDA:0,(anonymous_14)
FNDA:0,(anonymous_15)
FNDA:0,(anonymous_16)
FNDA:0,(anonymous_17)
FNDA:0,(anonymous_18)
FNDA:0,(anonymous_19)
FNDA:0,(anonymous_20)
FNDA:0,(anonymous_21)
FNDA:0,(anonymous_22)
FNDA:0,(anonymous_23)
FNDA:0,(anonymous_24)
FNDA:0,(anonymous_25)
DA:27,2
DA:35,2
DA:43,2
DA:44,15
DA:45,15
DA:46,15
DA:47,15
DA:48,15
DA:49,15
DA:50,15
DA:53,15
DA:54,15
DA:55,5
DA:60,15
DA:62,5
DA:63,0
DA:64,0
DA:65,0
DA:66,0
DA:69,0
DA:70,0
DA:71,0
DA:72,0
DA:74,0
DA:75,0
DA:77,0
DA:84,15
DA:85,5
DA:86,0
DA:88,0
DA:91,5
DA:92,5
DA:93,5
DA:98,15
DA:99,5
DA:100,0
DA:102,5
DA:103,5
DA:107,15
DA:108,0
DA:109,0
DA:110,0
DA:112,0
DA:117,15
DA:118,10
DA:121,10
DA:122,0
DA:130,10
DA:131,0
DA:132,0
DA:133,0
DA:134,0
DA:136,0
DA:139,0
DA:140,0
DA:149,10
DA:150,0
DA:157,10
DA:161,15
DA:162,10
DA:166,15
DA:167,10
DA:171,15
DA:172,0
DA:173,0
DA:174,0
DA:175,0
DA:176,0
DA:177,0
DA:178,0
DA:179,0
DA:180,0
DA:181,0
DA:182,0
DA:183,0
DA:187,15
DA:188,0
DA:190,0
DA:192,0
DA:194,0
DA:196,0
DA:198,0
DA:200,0
DA:204,15
DA:205,0
DA:206,0
DA:207,0
DA:208,0
DA:209,0
DA:210,0
DA:212,0
DA:217,15
DA:218,0
DA:220,0
DA:221,0
DA:222,0
DA:224,0
DA:225,0
DA:226,0
DA:227,0
DA:228,0
DA:230,0
DA:231,0
DA:232,0
DA:236,15
DA:237,0
DA:238,0
DA:239,0
DA:240,0
DA:242,0
DA:243,0
DA:244,0
DA:245,0
DA:246,0
DA:247,0
DA:248,0
DA:249,0
DA:250,0
DA:251,0
DA:252,0
DA:253,0
DA:254,0
DA:255,0
DA:256,0
DA:259,0
DA:263,0
DA:264,0
DA:283,15
DA:304,0
DA:312,0
DA:351,0
DA:353,0
DA:354,0
DA:357,0
DA:363,0
DA:364,0
LF:136
LH:41
BRDA:63,0,0,0
BRDA:63,0,1,0
BRDA:85,1,0,0
BRDA:85,1,1,5
BRDA:99,2,0,0
BRDA:99,2,1,5
BRDA:121,3,0,0
BRDA:121,3,1,10
BRDA:121,4,0,10
BRDA:121,4,1,0
BRDA:130,5,0,0
BRDA:130,5,1,10
BRDA:133,6,0,0
BRDA:133,6,1,0
BRDA:142,7,0,0
BRDA:142,7,1,0
BRDA:149,8,0,0
BRDA:149,8,1,10
BRDA:149,9,0,10
BRDA:149,9,1,10
BRDA:172,10,0,0
BRDA:172,10,1,0
BRDA:175,11,0,0
BRDA:175,11,1,0
BRDA:178,12,0,0
BRDA:178,12,1,0
BRDA:181,13,0,0
BRDA:181,13,1,0
BRDA:188,14,0,0
BRDA:188,14,1,0
BRDA:188,14,2,0
BRDA:188,14,3,0
BRDA:188,14,4,0
BRDA:188,14,5,0
BRDA:208,15,0,0
BRDA:208,15,1,0
BRDA:218,16,0,0
BRDA:218,16,1,0
BRDA:218,17,0,0
BRDA:218,17,1,0
BRDA:222,18,0,0
BRDA:222,18,1,0
BRDA:222,19,0,0
BRDA:222,19,1,0
BRDA:228,20,0,0
BRDA:228,20,1,0
BRDA:228,21,0,0
BRDA:228,21,1,0
BRDA:242,22,0,0
BRDA:242,22,1,0
BRDA:242,23,0,0
BRDA:242,23,1,0
BRDA:245,24,0,0
BRDA:245,24,1,0
BRDA:246,25,0,0
BRDA:246,25,1,0
BRDA:247,26,0,0
BRDA:247,26,1,0
BRDA:247,27,0,0
BRDA:247,27,1,0
BRDA:250,28,0,0
BRDA:250,28,1,0
BRDA:251,29,0,0
BRDA:251,29,1,0
BRDA:252,30,0,0
BRDA:252,30,1,0
BRDA:252,31,0,0
BRDA:252,31,1,0
BRDA:256,32,0,0
BRDA:256,32,1,0
BRDA:262,33,0,0
BRDA:262,33,1,0
BRDA:272,34,0,0
BRDA:272,34,1,0
BRDA:308,35,0,0
BRDA:308,35,1,15
BRDA:326,36,0,15
BRDA:326,36,1,0
BRDA:334,37,0,15
BRDA:334,37,1,15
BRDA:334,37,2,15
BRDA:334,37,3,0
BRDA:342,38,0,15
BRDA:342,38,1,15
BRDA:342,38,2,15
BRDA:342,38,3,15
BRF:86
BRH:17
end_of_record
TN:
SF:src/components/Footer.tsx
FN:12,(anonymous_0)
FNF:1
FNH:1
FNDA:3,(anonymous_0)
DA:12,1
DA:14,3
DA:15,3
DA:17,3
LF:4
LH:4
BRDA:12,0,0,2
BRDA:14,1,0,3
BRDA:14,1,1,1
BRDA:15,2,0,3
BRDA:15,2,1,2
BRF:5
BRH:5
end_of_record
TN:
SF:src/components/InventoryList.tsx
FN:10,(anonymous_0)
FN:17,(anonymous_1)
FN:22,(anonymous_2)
FN:36,(anonymous_3)
FN:50,(anonymous_4)
FN:52,(anonymous_5)
FN:60,(anonymous_6)
FN:103,(anonymous_7)
FN:110,(anonymous_8)
FN:116,(anonymous_9)
FN:137,(anonymous_10)
FNF:11
FNH:0
FNDA:0,(anonymous_0)
FNDA:0,(anonymous_1)
FNDA:0,(anonymous_2)
FNDA:0,(anonymous_3)
FNDA:0,(anonymous_4)
FNDA:0,(anonymous_5)
FNDA:0,(anonymous_6)
FNDA:0,(anonymous_7)
FNDA:0,(anonymous_8)
FNDA:0,(anonymous_9)
FNDA:0,(anonymous_10)
DA:10,0
DA:11,0
DA:12,0
DA:13,0
DA:14,0
DA:15,0
DA:17,0
DA:18,0
DA:19,0
DA:22,0
DA:23,0
DA:24,0
DA:25,0
DA:26,0
DA:27,0
DA:28,0
DA:30,0
DA:32,0
DA:36,0
DA:39,0
DA:45,0
DA:47,0
DA:50,0
DA:52,0
DA:53,0
DA:54,0
DA:55,0
DA:58,0
DA:59,0
DA:60,0
DA:61,0
DA:64,0
DA:65,0
DA:66,0
DA:67,0
DA:68,0
DA:69,0
DA:70,0
DA:71,0
DA:72,0
DA:74,0
DA:75,0
DA:77,0
DA:81,0
DA:82,0
DA:85,0
DA:103,0
DA:110,0
DA:116,0
DA:138,0
LF:50
LH:0
BRDA:39,0,0,0
BRDA:39,0,1,0
BRDA:39,0,2,0
BRDA:39,0,3,0
BRDA:45,1,0,0
BRDA:45,1,1,0
BRDA:45,1,2,0
BRDA:47,2,0,0
BRDA:47,2,1,0
BRDA:53,3,0,0
BRDA:53,3,1,0
BRDA:81,4,0,0
BRDA:81,4,1,0
BRDA:90,5,0,0
BRDA:90,5,1,0
BRDA:109,6,0,0
BRDA:109,6,1,0
BRDA:115,7,0,0
BRDA:115,7,1,0
BRDA:123,8,0,0
BRDA:123,8,1,0
BRDA:126,9,0,0
BRDA:126,9,1,0
BRDA:131,10,0,0
BRDA:131,10,1,0
BRDA:133,11,0,0
BRDA:133,11,1,0
BRDA:138,12,0,0
BRDA:138,12,1,0
BRDA:139,13,0,0
BRDA:139,13,1,0
BRDA:149,14,0,0
BRDA:149,14,1,0
BRDA:154,15,0,0
BRDA:154,15,1,0
BRDA:160,16,0,0
BRDA:160,16,1,0
BRDA:180,17,0,0
BRDA:180,17,1,0
BRDA:193,18,0,0
BRDA:193,18,1,0
BRDA:196,19,0,0
BRDA:196,19,1,0
BRDA:203,20,0,0
BRDA:203,20,1,0
BRDA:209,21,0,0
BRDA:209,21,1,0
BRDA:215,22,0,0
BRDA:215,22,1,0
BRF:49
BRH:0
end_of_record
TN:
SF:src/components/LeadTimeChart.tsx
FN:31,(anonymous_0)
FN:32,(anonymous_1)
FN:37,(anonymous_2)
FN:123,(anonymous_3)
FN:130,(anonymous_4)
FNF:5
FNH:3
FNDA:4,(anonymous_0)
FNDA:4,(anonymous_1)
FNDA:6,(anonymous_2)
FNDA:0,(anonymous_3)
FNDA:0,(anonymous_4)
DA:31,2
DA:32,4
DA:33,4
DA:34,1
DA:37,6
DA:46,4
DA:47,1
DA:56,3
DA:124,0
DA:125,0
DA:126,0
DA:127,0
DA:128,0
DA:130,0
LF:14
LH:8
BRDA:33,0,0,1
BRDA:33,0,1,3
BRDA:33,1,0,4
BRDA:33,1,1,4
BRDA:38,2,0,0
BRDA:38,2,1,6
BRDA:46,3,0,1
BRDA:46,3,1,3
BRDA:46,4,0,4
BRDA:46,4,1,4
BRDA:65,5,0,3
BRDA:65,5,1,0
BRDA:75,6,0,3
BRDA:75,6,1,0
BRDA:85,7,0,3
BRDA:85,7,1,0
BRDA:85,8,0,3
BRDA:85,8,1,3
BRDA:97,9,0,3
BRDA:97,9,1,0
BRDA:97,10,0,3
BRDA:97,10,1,3
BRDA:99,11,0,3
BRDA:99,11,1,0
BRDA:100,12,0,3
BRDA:100,12,1,0
BRDA:124,13,0,0
BRDA:124,13,1,0
BRDA:125,14,0,0
BRDA:125,14,1,0
BRDA:126,15,0,0
BRDA:126,15,1,0
BRDA:127,16,0,0
BRDA:127,16,1,0
BRF:34
BRH:19
end_of_record
TN:
SF:src/components/LocationFixturesList.tsx
FN:15,(anonymous_0)
FN:20,(anonymous_1)
FN:24,(anonymous_2)
FN:62,(anonymous_3)
FNF:4
FNH:0
FNDA:0,(anonymous_0)
FNDA:0,(anonymous_1)
FNDA:0,(anonymous_2)
FNDA:0,(anonymous_3)
DA:15,1
DA:16,0
DA:17,0
DA:18,0
DA:20,0
DA:21,0
DA:24,0
DA:25,0
DA:26,0
DA:28,0
DA:29,0
DA:30,0
DA:33,0
DA:34,0
DA:35,0
DA:37,0
DA:43,0
DA:44,0
DA:47,0
DA:48,0
DA:51,0
DA:52,0
DA:59,0
DA:63,0
LF:24
LH:1
BRDA:43,0,0,0
BRDA:43,0,1,0
BRDA:47,1,0,0
BRDA:47,1,1,0
BRDA:51,2,0,0
BRDA:51,2,1,0
BRDA:65,3,0,0
BRDA:65,3,1,0
BRDA:70,4,0,0
BRDA:70,4,1,0
BRF:10
BRH:0
end_of_record
TN:
SF:src/components/NFPADiamond.tsx
FN:17,(anonymous_0)
FN:35,(anonymous_1)
FN:41,(anonymous_2)
FNF:3
FNH:3
FNDA:15,(anonymous_0)
FNDA:15,(anonymous_1)
FNDA:5,(anonymous_2)
DA:17,3
DA:18,15
DA:19,11
DA:21,0
DA:23,6
DA:25,3
DA:27,2
DA:29,0
DA:31,0
DA:35,3
DA:36,15
DA:37,11
DA:38,5
DA:41,3
DA:48,5
DA:49,5
DA:50,5
DA:52,5
LF:18
LH:15
BRDA:18,0,0,4
BRDA:18,0,1,11
BRDA:18,1,0,15
BRDA:18,1,1,11
BRDA:19,2,0,0
BRDA:19,2,1,6
BRDA:19,2,2,3
BRDA:19,2,3,2
BRDA:19,2,4,0
BRDA:19,2,5,0
BRDA:36,3,0,4
BRDA:36,3,1,11
BRDA:36,4,0,15
BRDA:36,4,1,11
BRDA:37,5,0,6
BRDA:37,5,1,5
BRDA:37,6,0,11
BRDA:37,6,1,11
BRDA:45,7,0,0
BRDA:46,8,0,4
BRDA:87,9,0,4
BRDA:87,9,1,1
BRDA:87,10,0,5
BRDA:87,10,1,4
BRDA:114,11,0,3
BRDA:114,11,1,2
BRDA:114,12,0,5
BRDA:114,12,1,3
BRDA:141,13,0,4
BRDA:141,13,1,1
BRDA:141,14,0,5
BRDA:141,14,1,4
BRDA:171,15,0,5
BRDA:171,15,1,3
BRDA:179,16,0,4
BRDA:179,16,1,1
BRDA:179,17,0,5
BRDA:179,17,1,4
BRDA:180,18,0,3
BRDA:180,18,1,2
BRDA:180,19,0,5
BRDA:180,19,1,3
BRDA:181,20,0,4
BRDA:181,20,1,1
BRDA:181,21,0,5
BRDA:181,21,1,4
BRDA:183,22,0,5
BRDA:183,22,1,2
BRF:48
BRH:44
end_of_record
TN:
SF:src/components/NotificationBadge.tsx
FN:13,(anonymous_0)
FNF:1
FNH:1
FNDA:5,(anonymous_0)
DA:13,3
DA:14,5
DA:15,2
DA:18,3
LF:4
LH:4
BRDA:14,0,0,2
BRDA:14,0,1,3
BRDA:24,1,0,1
BRDA:24,1,1,2
BRF:4
BRH:4
end_of_record
TN:
SF:src/components/NotificationBanner.tsx
FN:14,(anonymous_0)
FN:15,(anonymous_1)
FN:30,(anonymous_2)
FN:46,(anonymous_3)
FNF:4
FNH:4
FNDA:6,(anonymous_0)
FNDA:6,(anonymous_1)
FNDA:6,(anonymous_2)
FNDA:1,(anonymous_3)
DA:14,3
DA:15,6
DA:16,6
DA:18,1
DA:20,1
DA:22,1
DA:24,3
DA:26,0
DA:30,6
DA:31,6
DA:34,6
DA:46,1
LF:12
LH:11
BRDA:16,0,0,1
BRDA:16,0,1,1
BRDA:16,0,2,1
BRDA:16,0,3,3
BRDA:16,0,4,0
BRDA:43,1,0,6
BRDA:43,1,1,5
BRF:7
BRH:6
end_of_record
TN:
SF:src/components/NotificationCenter.tsx
FN:18,(anonymous_0)
FN:33,(anonymous_1)
FN:39,(anonymous_2)
FN:49,(anonymous_3)
FN:53,(anonymous_4)
FN:57,(anonymous_5)
FN:72,(anonymous_6)
FN:88,(anonymous_7)
FN:112,(anonymous_8)
FN:141,(anonymous_9)
FN:164,(anonymous_10)
FN:168,(anonymous_11)
FN:189,(anonymous_12)
FNF:13
FNH:2
FNDA:5,(anonymous_0)
FNDA:5,(anonymous_1)
FNDA:0,(anonymous_2)
FNDA:0,(anonymous_3)
FNDA:0,(anonymous_4)
FNDA:0,(anonymous_5)
FNDA:0,(anonymous_6)
FNDA:0,(anonymous_7)
FNDA:0,(anonymous_8)
FNDA:0,(anonymous_9)
FNDA:0,(anonymous_10)
FNDA:0,(anonymous_11)
FNDA:0,(anonymous_12)
DA:18,2
DA:19,5
DA:30,5
DA:31,5
DA:33,5
DA:34,5
DA:35,0
DA:39,5
DA:40,0
DA:41,0
DA:43,0
DA:44,0
DA:45,0
DA:49,5
DA:50,0
DA:53,5
DA:54,0
DA:57,5
DA:58,0
DA:60,0
DA:62,0
DA:64,0
DA:66,0
DA:68,0
DA:72,5
DA:73,0
DA:75,0
DA:77,0
DA:79,0
DA:81,0
DA:83,0
DA:87,5
DA:88,0
DA:91,5
DA:93,5
DA:112,0
DA:142,0
DA:165,0
DA:168,0
DA:190,0
DA:191,0
LF:41
LH:14
BRDA:34,0,0,0
BRDA:34,0,1,5
BRDA:40,1,0,0
BRDA:40,1,1,0
BRDA:43,2,0,0
BRDA:43,2,1,0
BRDA:58,3,0,0
BRDA:58,3,1,0
BRDA:58,3,2,0
BRDA:58,3,3,0
BRDA:58,3,4,0
BRDA:73,4,0,0
BRDA:73,4,1,0
BRDA:73,4,2,0
BRDA:73,4,3,0
BRDA:73,4,4,0
BRDA:87,5,0,5
BRDA:87,5,1,0
BRDA:102,6,0,5
BRDA:102,6,1,0
BRDA:112,7,0,0
BRDA:112,7,1,0
BRDA:114,8,0,0
BRDA:114,8,1,5
BRDA:116,9,0,5
BRDA:116,9,1,0
BRDA:130,10,0,5
BRDA:130,10,1,0
BRDA:155,11,0,5
BRDA:155,11,1,0
BRDA:158,12,0,5
BRDA:158,12,1,0
BRDA:167,13,0,0
BRDA:167,13,1,0
BRDA:182,14,0,0
BRDA:182,14,1,0
BRDA:204,15,0,0
BRDA:204,15,1,0
BRF:38
BRH:8
end_of_record
TN:
SF:src/components/PriceTrendChart.tsx
FN:41,(anonymous_0)
FN:42,(anonymous_1)
FN:53,(anonymous_2)
FN:54,(anonymous_3)
FN:56,(anonymous_4)
FN:76,(anonymous_5)
FN:80,(anonymous_6)
FN:81,(anonymous_7)
FN:150,(anonymous_8)
FN:153,(anonymous_9)
FN:156,(anonymous_10)
FN:162,(anonymous_11)
FN:165,(anonymous_12)
FNF:13
FNH:9
FNDA:4,(anonymous_0)
FNDA:4,(anonymous_1)
FNDA:3,(anonymous_2)
FNDA:6,(anonymous_3)
FNDA:3,(anonymous_4)
FNDA:3,(anonymous_5)
FNDA:4,(anonymous_6)
FNDA:3,(anonymous_7)
FNDA:0,(anonymous_8)
FNDA:0,(anonymous_9)
FNDA:0,(anonymous_10)
FNDA:0,(anonymous_11)
FNDA:3,(anonymous_12)
DA:41,2
DA:42,4
DA:43,4
DA:44,1
DA:51,3
DA:53,3
DA:54,3
DA:55,6
DA:56,6
DA:58,6
DA:60,0
DA:61,0
DA:64,6
DA:67,6
DA:68,6
DA:69,6
DA:75,3
DA:76,3
DA:80,4
DA:81,4
DA:88,4
DA:89,1
DA:99,3
DA:110,3
DA:150,0
DA:153,0
DA:157,0
DA:158,0
DA:159,0
DA:160,0
DA:162,0
DA:166,3
LF:32
LH:23
BRDA:43,0,0,1
BRDA:43,0,1,3
BRDA:43,1,0,4
BRDA:43,1,1,4
BRDA:58,2,0,0
BRDA:58,2,1,6
BRDA:61,3,0,0
BRDA:61,3,1,0
BRDA:61,3,2,0
BRDA:68,4,0,6
BRDA:68,4,1,0
BRDA:68,4,2,0
BRDA:88,5,0,1
BRDA:88,5,1,3
BRDA:88,6,0,4
BRDA:88,6,1,4
BRDA:120,7,0,3
BRDA:120,7,1,0
BRDA:126,8,0,3
BRDA:126,8,1,0
BRDA:126,9,0,3
BRDA:126,9,1,3
BRDA:157,10,0,0
BRDA:157,10,1,0
BRDA:157,11,0,0
BRDA:157,11,1,0
BRDA:158,12,0,0
BRDA:158,12,1,0
BRDA:159,13,0,0
BRDA:159,13,1,0
BRDA:171,14,0,0
BRDA:171,14,1,3
BRF:32
BRH:15
end_of_record
TN:
SF:src/components/RecentPages.tsx
FN:18,(anonymous_0)
FN:23,(anonymous_1)
FN:55,(anonymous_2)
FN:58,(anonymous_3)
FN:64,(anonymous_4)
FN:77,(anonymous_5)
FN:80,(anonymous_6)
FN:108,(anonymous_7)
FN:123,(anonymous_8)
FNF:9
FNH:7
FNDA:8,(anonymous_0)
FNDA:3,(anonymous_1)
FNDA:0,(anonymous_2)
FNDA:0,(anonymous_3)
FNDA:5,(anonymous_4)
FNDA:5,(anonymous_5)
FNDA:18,(anonymous_6)
FNDA:18,(anonymous_7)
FNDA:13,(anonymous_8)
DA:15,2
DA:16,2
DA:18,2
DA:19,8
DA:20,8
DA:23,8
DA:24,3
DA:40,3
DA:41,3
DA:45,0
DA:46,0
DA:47,0
DA:48,0
DA:49,0
DA:54,0
DA:56,0
DA:58,0
DA:64,8
DA:66,5
DA:67,5
DA:68,3
DA:69,3
DA:70,3
DA:72,0
DA:77,8
DA:79,5
DA:80,18
DA:81,2
DA:85,3
DA:86,3
DA:87,3
DA:88,3
DA:89,3
DA:90,3
DA:91,0
DA:99,3
DA:106,3
DA:108,18
DA:111,3
DA:112,3
DA:115,8
DA:116,5
DA:119,3
DA:124,13
LF:44
LH:34
BRDA:18,0,0,8
BRDA:40,1,0,3
BRDA:40,1,1,0
BRDA:46,2,0,0
BRDA:46,2,1,0
BRDA:48,3,0,0
BRDA:48,3,1,0
BRDA:54,4,0,0
BRDA:54,4,1,0
BRDA:67,5,0,3
BRDA:67,5,1,2
BRDA:80,6,0,2
BRDA:80,6,1,3
BRDA:87,7,0,3
BRDA:87,7,1,0
BRDA:90,8,0,0
BRDA:90,8,1,3
BRDA:90,9,0,3
BRDA:90,9,1,3
BRDA:115,10,0,5
BRDA:115,10,1,3
BRDA:121,11,0,3
BRDA:121,11,1,3
BRDA:126,12,0,13
BRDA:126,12,1,13
BRDA:127,13,0,13
BRDA:127,13,1,13
BRDA:128,14,0,13
BRDA:128,14,1,0
BRF:29
BRH:19
end_of_record
TN:
SF:src/components/Sidebar.tsx
FN:34,(anonymous_0)
FN:41,(anonymous_1)
FN:43,(anonymous_2)
FN:55,(anonymous_3)
FN:62,(anonymous_4)
FN:68,(anonymous_5)
FN:74,(anonymous_6)
FN:146,(anonymous_7)
FN:148,(anonymous_8)
FN:149,(anonymous_9)
FN:154,(anonymous_10)
FN:159,(anonymous_11)
FN:165,(anonymous_12)
FN:166,(anonymous_13)
FN:177,(anonymous_14)
FN:181,(anonymous_15)
FN:187,(anonymous_16)
FN:197,(anonymous_17)
FN:201,(anonymous_18)
FN:206,(anonymous_19)
FN:213,(anonymous_20)
FN:226,(anonymous_21)
FNF:22
FNH:18
FNDA:13,(anonymous_0)
FNDA:6,(anonymous_1)
FNDA:6,(anonymous_2)
FNDA:0,(anonymous_3)
FNDA:0,(anonymous_4)
FNDA:6,(anonymous_5)
FNDA:6,(anonymous_6)
FNDA:6,(anonymous_7)
FNDA:42,(anonymous_8)
FNDA:114,(anonymous_9)
FNDA:0,(anonymous_10)
FNDA:0,(anonymous_11)
FNDA:6,(anonymous_12)
FNDA:6,(anonymous_13)
FNDA:294,(anonymous_14)
FNDA:91,(anonymous_15)
FNDA:531,(anonymous_16)
FNDA:91,(anonymous_17)
FNDA:109,(anonymous_18)
FNDA:211,(anonymous_19)
FNDA:6,(anonymous_20)
FNDA:211,(anonymous_21)
DA:34,2
DA:35,13
DA:36,13
DA:37,13
DA:38,13
DA:39,13
DA:41,13
DA:43,6
DA:44,6
DA:45,6
DA:46,6
DA:48,6
DA:49,6
DA:50,6
DA:53,6
DA:55,6
DA:56,0
DA:57,0
DA:61,6
DA:62,6
DA:63,0
DA:66,6
DA:68,6
DA:69,6
DA:70,6
DA:74,13
DA:146,13
DA:147,6
DA:148,6
DA:149,42
DA:150,114
DA:151,108
DA:153,42
DA:154,0
DA:159,13
DA:160,0
DA:161,0
DA:165,13
DA:166,6
DA:167,6
DA:168,6
DA:169,1
DA:171,5
DA:173,6
DA:177,13
DA:178,294
DA:181,13
DA:182,91
DA:183,91
DA:184,91
DA:187,13
DA:188,531
DA:189,465
DA:190,375
DA:191,367
DA:194,13
DA:198,91
DA:201,109
DA:202,91
DA:204,73
DA:205,73
DA:206,211
DA:209,73
DA:213,6
DA:227,211
DA:229,147
DA:231,147
DA:232,2
DA:246,145
LF:69
LH:63
BRDA:34,0,0,13
BRDA:56,1,0,0
BRDA:56,1,1,0
BRDA:56,2,0,0
BRDA:56,2,1,0
BRDA:56,2,2,0
BRDA:150,3,0,6
BRDA:150,3,1,108
BRDA:151,4,0,108
BRDA:151,4,1,108
BRDA:153,5,0,0
BRDA:153,5,1,42
BRDA:160,6,0,0
BRDA:160,6,1,0
BRDA:168,7,0,1
BRDA:168,7,1,5
BRDA:178,8,0,294
BRDA:178,8,1,294
BRDA:182,9,0,0
BRDA:182,9,1,91
BRDA:182,10,0,91
BRDA:182,10,1,0
BRDA:183,11,0,0
BRDA:183,11,1,91
BRDA:183,12,0,91
BRDA:183,12,1,0
BRDA:188,13,0,66
BRDA:188,13,1,465
BRDA:188,14,0,531
BRDA:188,14,1,78
BRDA:189,15,0,90
BRDA:189,15,1,375
BRDA:189,16,0,465
BRDA:189,16,1,154
BRDA:190,17,0,8
BRDA:190,17,1,367
BRDA:190,18,0,375
BRDA:190,18,1,8
BRDA:195,19,0,0
BRDA:195,19,1,13
BRDA:198,20,0,0
BRDA:198,20,1,91
BRDA:202,21,0,18
BRDA:202,21,1,73
BRDA:206,22,0,211
BRDA:206,22,1,147
BRDA:212,23,0,0
BRDA:212,23,1,73
BRDA:217,24,0,73
BRDA:217,24,1,73
BRDA:220,25,0,4
BRDA:220,25,1,69
BRDA:224,26,0,73
BRDA:224,26,1,0
BRDA:224,26,2,73
BRDA:225,27,0,4
BRDA:225,27,1,69
BRDA:227,28,0,64
BRDA:227,28,1,147
BRDA:231,29,0,2
BRDA:231,29,1,145
BRDA:238,30,0,0
BRDA:238,30,1,2
BRDA:240,31,0,2
BRDA:240,31,1,2
BRDA:241,32,0,2
BRDA:241,32,1,2
BRDA:250,33,0,0
BRDA:250,33,1,145
BRDA:252,34,0,145
BRDA:252,34,1,145
BRDA:253,35,0,145
BRDA:253,35,1,145
BRF:73
BRH:55
end_of_record
TN:
SF:src/components/StockHistoryChart.tsx
FN:22,(anonymous_0)
FN:28,(anonymous_1)
FN:31,(anonymous_2)
FN:90,(anonymous_3)
FN:102,(anonymous_4)
FN:106,(anonymous_5)
FN:124,(anonymous_6)
FNF:7
FNH:3
FNDA:10,(anonymous_0)
FNDA:10,(anonymous_1)
FNDA:3,(anonymous_2)
FNDA:0,(anonymous_3)
FNDA:0,(anonymous_4)
FNDA:0,(anonymous_5)
FNDA:0,(anonymous_6)
DA:22,3
DA:28,10
DA:30,10
DA:31,3
DA:36,10
DA:37,10
DA:40,10
DA:46,10
DA:47,7
DA:48,7
DA:49,7
DA:57,10
DA:58,1
DA:59,1
DA:60,1
DA:61,1
DA:68,10
DA:71,10
DA:72,0
DA:81,10
DA:91,0
DA:92,0
DA:103,0
DA:104,0
DA:107,0
DA:108,0
DA:110,0
DA:124,0
LF:28
LH:19
BRDA:36,0,0,1
BRDA:36,0,1,9
BRDA:57,1,0,1
BRDA:57,1,1,9
BRDA:57,2,0,10
BRDA:57,2,1,1
BRDA:71,3,0,0
BRDA:71,3,1,10
BRDA:97,4,0,9
BRDA:97,4,1,1
BRDA:107,5,0,0
BRDA:107,5,1,0
BRDA:121,6,0,10
BRDA:121,6,1,9
BRDA:134,7,0,10
BRDA:134,7,1,9
BRF:16
BRH:13
end_of_record
TN:
SF:src/components/SupplierRelationshipForm.tsx
FN:29,(anonymous_0)
FN:35,(anonymous_1)
FN:40,(anonymous_2)
FN:56,(anonymous_3)
FN:57,(anonymous_4)
FN:65,(anonymous_5)
FN:71,(anonymous_6)
FN:103,(anonymous_7)
FN:117,(anonymous_8)
FN:130,(anonymous_9)
FN:141,(anonymous_10)
FN:149,(anonymous_11)
FN:161,(anonymous_12)
FN:172,(anonymous_13)
FN:186,(anonymous_14)
FN:197,(anonymous_15)
FN:210,(anonymous_16)
FNF:17
FNH:9
FNDA:6,(anonymous_0)
FNDA:12,(anonymous_1)
FNDA:1,(anonymous_2)
FNDA:1,(anonymous_3)
FNDA:1,(anonymous_4)
FNDA:1,(anonymous_5)
FNDA:0,(anonymous_6)
FNDA:4,(anonymous_7)
FNDA:1,(anonymous_8)
FNDA:0,(anonymous_9)
FNDA:1,(anonymous_10)
FNDA:0,(anonymous_11)
FNDA:0,(anonymous_12)
FNDA:0,(anonymous_13)
FNDA:0,(anonymous_14)
FNDA:0,(anonymous_15)
FNDA:0,(anonymous_16)
DA:29,2
DA:35,12
DA:40,6
DA:41,1
DA:56,6
DA:57,1
DA:59,1
DA:60,0
DA:62,1
DA:65,6
DA:66,1
DA:67,1
DA:70,1
DA:71,0
DA:72,0
DA:73,0
DA:78,1
DA:81,6
DA:104,4
DA:117,1
DA:131,0
DA:142,1
DA:150,0
DA:162,0
DA:173,0
DA:187,0
DA:198,0
DA:210,0
LF:28
LH:17
BRDA:33,0,0,5
BRDA:59,1,0,0
BRDA:59,1,1,1
BRDA:59,2,0,1
BRDA:59,2,1,1
BRDA:70,3,0,0
BRDA:70,3,1,1
BRDA:72,4,0,0
BRDA:72,4,1,0
BRDA:97,5,0,2
BRDA:97,5,1,4
BRDA:108,6,0,4
BRDA:108,6,1,4
BRDA:129,7,0,4
BRDA:129,7,1,0
BRDA:131,8,0,0
BRDA:131,8,1,0
BRDA:160,9,0,4
BRDA:160,9,1,0
BRDA:163,10,0,0
BRDA:163,10,1,0
BRDA:171,11,0,4
BRDA:171,11,1,0
BRDA:174,12,0,0
BRDA:174,12,1,0
BRDA:188,13,0,0
BRDA:188,13,1,0
BRDA:199,14,0,0
BRDA:199,14,1,0
BRDA:209,15,0,4
BRDA:209,15,1,0
BRDA:213,16,0,4
BRDA:213,16,1,0
BRF:33
BRH:14
end_of_record
TN:
SF:src/components/TreeView.tsx
FN:22,(anonymous_0)
FN:29,(anonymous_1)
FN:32,(anonymous_2)
FN:33,(anonymous_3)
FN:44,(anonymous_4)
FN:45,(anonymous_5)
FN:55,(anonymous_6)
FN:64,(anonymous_7)
FNF:8
FNH:0
FNDA:0,(anonymous_0)
FNDA:0,(anonymous_1)
FNDA:0,(anonymous_2)
FNDA:0,(anonymous_3)
FNDA:0,(anonymous_4)
FNDA:0,(anonymous_5)
FNDA:0,(anonymous_6)
FNDA:0,(anonymous_7)
DA:22,1
DA:28,0
DA:29,0
DA:32,0
DA:33,0
DA:34,0
DA:35,0
DA:36,0
DA:38,0
DA:40,0
DA:44,0
DA:45,0
DA:46,0
DA:47,0
DA:49,0
DA:55,0
DA:64,0
DA:79,0
LF:18
LH:1
BRDA:25,0,0,0
BRDA:29,1,0,0
BRDA:29,1,1,0
BRDA:35,2,0,0
BRDA:35,2,1,0
BRDA:44,3,0,0
BRDA:46,4,0,0
BRDA:46,4,1,0
BRDA:52,5,0,0
BRDA:52,5,1,0
BRDA:58,6,0,0
BRDA:58,6,1,0
BRDA:61,7,0,0
BRDA:61,7,1,0
BRDA:64,8,0,0
BRDA:64,8,1,0
BRDA:69,9,0,0
BRDA:69,9,1,0
BRDA:69,9,2,0
BRF:19
BRH:0
end_of_record
TN:
SF:src/components/WorkspaceLayout.tsx
FN:23,(anonymous_0)
FN:28,(anonymous_1)
FN:32,(anonymous_2)
FN:36,(anonymous_3)
FN:47,(anonymous_4)
FN:56,(anonymous_5)
FN:66,(anonymous_6)
FN:79,(anonymous_7)
FN:106,(anonymous_8)
FN:118,(anonymous_9)
FN:132,(anonymous_10)
FNF:11
FNH:5
FNDA:5,(anonymous_0)
FNDA:5,(anonymous_1)
FNDA:5,(anonymous_2)
FNDA:5,(anonymous_3)
FNDA:0,(anonymous_4)
FNDA:5,(anonymous_5)
FNDA:0,(anonymous_6)
FNDA:0,(anonymous_7)
FNDA:0,(anonymous_8)
FNDA:0,(anonymous_9)
FNDA:0,(anonymous_10)
DA:23,2
DA:24,5
DA:25,5
DA:26,5
DA:27,5
DA:28,5
DA:29,5
DA:30,5
DA:32,5
DA:33,5
DA:36,5
DA:37,5
DA:42,5
DA:47,5
DA:48,0
DA:49,0
DA:50,0
DA:51,0
DA:56,5
DA:57,5
DA:60,5
DA:61,4
DA:67,0
DA:79,0
DA:85,1
DA:106,0
DA:119,0
DA:132,0
LF:28
LH:19
BRDA:30,0,0,0
BRDA:30,0,1,5
BRDA:42,1,0,5
BRDA:42,1,1,4
BRDA:42,1,2,3
BRDA:42,1,3,2
BRDA:49,2,0,0
BRDA:49,2,1,0
BRDA:60,3,0,4
BRDA:60,3,1,1
BRDA:64,4,0,4
BRDA:64,4,1,0
BRDA:91,5,0,1
BRDA:91,5,1,0
BRDA:93,6,0,0
BRDA:93,6,1,1
BRDA:116,7,0,1
BRDA:116,7,1,0
BRF:18
BRH:11
end_of_record
TN:
SF:src/components/forms/FormAutocomplete.tsx
FN:25,FormAutocomplete
FN:43,(anonymous_1)
FN:46,(anonymous_2)
FN:54,(anonymous_3)
FN:63,(anonymous_4)
FN:72,(anonymous_5)
FN:92,(anonymous_6)
FN:94,(anonymous_7)
FN:98,(anonymous_8)
FN:107,(anonymous_9)
FN:109,(anonymous_10)
FN:116,(anonymous_11)
FN:118,(anonymous_12)
FNF:13
FNH:0
FNDA:0,FormAutocomplete
FNDA:0,(anonymous_1)
FNDA:0,(anonymous_2)
FNDA:0,(anonymous_3)
FNDA:0,(anonymous_4)
FNDA:0,(anonymous_5)
FNDA:0,(anonymous_6)
FNDA:0,(anonymous_7)
FNDA:0,(anonymous_8)
FNDA:0,(anonymous_9)
FNDA:0,(anonymous_10)
FNDA:0,(anonymous_11)
FNDA:0,(anonymous_12)
DA:37,0
DA:38,0
DA:39,0
DA:40,0
DA:43,0
DA:44,0
DA:46,0
DA:47,0
DA:48,0
DA:50,0
DA:52,0
DA:53,0
DA:54,0
DA:59,0
DA:61,0
DA:62,0
DA:63,0
DA:68,0
DA:70,0
DA:71,0
DA:72,0
DA:77,0
DA:80,0
DA:82,0
DA:86,0
DA:87,0
DA:92,0
DA:93,0
DA:94,0
DA:95,0
DA:98,0
DA:99,0
DA:103,0
DA:108,0
DA:109,0
DA:112,0
DA:117,0
DA:118,0
DA:119,0
DA:120,0
LF:40
LH:0
BRDA:33,0,0,0
BRDA:34,1,0,0
BRDA:44,2,0,0
BRDA:44,2,1,0
BRDA:44,3,0,0
BRDA:44,3,1,0
BRDA:50,4,0,0
BRDA:50,4,1,0
BRDA:50,4,2,0
BRDA:86,5,0,0
BRDA:86,5,1,0
BRDA:93,6,0,0
BRDA:93,6,1,0
BRDA:108,7,0,0
BRDA:108,7,1,0
BRDA:115,8,0,0
BRDA:115,8,1,0
BRDA:115,8,2,0
BRDA:119,9,0,0
BRDA:119,9,1,0
BRDA:131,10,0,0
BRDA:131,10,1,0
BRF:22
BRH:0
end_of_record
TN:
SF:src/components/forms/FormDatePicker.tsx
FN:16,FormDatePicker
FN:28,(anonymous_1)
FN:41,(anonymous_2)
FNF:3
FNH:0
FNDA:0,FormDatePicker
FNDA:0,(anonymous_1)
FNDA:0,(anonymous_2)
DA:24,0
DA:29,0
DA:30,0
DA:36,0
DA:42,0
LF:5
LH:0
BRDA:30,0,0,0
BRDA:30,0,1,0
BRDA:31,1,0,0
BRDA:31,1,1,0
BRF:4
BRH:0
end_of_record
TN:
SF:src/components/forms/FormFileUpload.tsx
FN:21,FormFileUpload
FN:38,(anonymous_1)
FN:39,(anonymous_2)
FN:51,(anonymous_3)
FN:53,(anonymous_4)
FN:106,(anonymous_5)
FN:114,(anonymous_6)
FNF:7
FNH:2
FNDA:12,FormFileUpload
FNDA:13,(anonymous_1)
FNDA:0,(anonymous_2)
FNDA:0,(anonymous_3)
FNDA:0,(anonymous_4)
FNDA:0,(anonymous_5)
FNDA:0,(anonymous_6)
DA:32,12
DA:34,12
DA:39,13
DA:40,0
DA:41,0
DA:42,0
DA:43,0
DA:45,0
DA:46,0
DA:47,0
DA:51,13
DA:52,0
DA:53,0
DA:54,0
DA:55,0
DA:57,0
DA:58,0
DA:62,13
DA:107,0
DA:114,0
LF:20
LH:5
BRDA:27,0,0,12
BRDA:29,1,0,12
BRDA:40,2,0,0
BRDA:40,2,1,0
BRDA:52,3,0,0
BRDA:52,3,1,0
BRDA:64,4,0,13
BRDA:64,4,1,13
BRDA:67,5,0,13
BRDA:67,5,1,0
BRDA:70,6,0,13
BRDA:70,6,1,0
BRDA:96,7,0,0
BRDA:96,7,1,13
BRDA:99,8,0,0
BRDA:99,8,1,13
BRDA:104,9,0,13
BRDA:104,9,1,0
BRDA:123,10,0,13
BRDA:123,10,1,0
BRF:20
BRH:10
end_of_record
TN:
SF:src/components/forms/FormImageUpload.tsx
FN:20,FormImageUpload
FN:36,(anonymous_1)
FN:37,(anonymous_2)
FN:48,(anonymous_3)
FNF:4
FNH:2
FNDA:33,FormImageUpload
FNDA:35,(anonymous_1)
FNDA:0,(anonymous_2)
FNDA:0,(anonymous_3)
DA:30,33
DA:32,33
DA:37,35
DA:38,0
DA:39,0
DA:40,0
DA:41,0
DA:42,0
DA:43,0
DA:48,35
DA:49,0
DA:50,0
DA:51,0
DA:52,0
DA:56,35
LF:15
LH:5
BRDA:26,0,0,33
BRDA:27,1,0,33
BRDA:38,2,0,0
BRDA:38,2,1,0
BRDA:41,3,0,0
BRDA:41,3,1,0
BRDA:50,4,0,0
BRDA:50,4,1,0
BRDA:58,5,0,35
BRDA:58,5,1,35
BRDA:61,6,0,35
BRDA:61,6,1,0
BRDA:64,7,0,35
BRDA:64,7,1,35
BRDA:98,8,0,35
BRDA:98,8,1,35
BRDA:98,8,2,0
BRDA:106,9,0,35
BRDA:106,9,1,0
BRF:19
BRH:10
end_of_record
TN:
SF:src/components/forms/FormInput.tsx
FN:15,FormInput
FN:27,(anonymous_1)
FNF:2
FNH:2
FNDA:192,FormInput
FNDA:210,(anonymous_1)
DA:23,192
DA:28,210
LF:2
LH:2
BRF:0
BRH:0
end_of_record
TN:
SF:src/components/forms/FormLayout.tsx
FN:20,FormLayout
FN:30,(anonymous_1)
FN:45,(anonymous_2)
FN:61,(anonymous_3)
FNF:4
FNH:3
FNDA:69,FormLayout
FNDA:226,(anonymous_1)
FNDA:226,(anonymous_2)
FNDA:0,(anonymous_3)
DA:27,69
DA:28,69
DA:31,226
DA:46,226
DA:59,0
DA:62,0
LF:6
LH:4
BRDA:23,0,0,69
BRDA:24,1,0,69
BRDA:27,2,0,69
BRDA:27,2,1,0
BRDA:27,3,0,69
BRDA:27,3,1,69
BRDA:32,4,0,226
BRDA:32,4,1,226
BRDA:37,5,0,226
BRDA:37,5,1,0
BRDA:51,6,0,226
BRDA:51,6,1,157
BRF:12
BRH:10
end_of_record
TN:
SF:src/components/forms/FormNumberInput.tsx
FN:19,FormNumberInput
FN:35,(anonymous_1)
FN:40,(anonymous_2)
FNF:3
FNH:3
FNDA:82,FormNumberInput
FNDA:95,(anonymous_1)
FNDA:6,(anonymous_2)
DA:31,82
DA:36,95
DA:41,6
LF:3
LH:3
BRDA:39,0,0,95
BRDA:39,0,1,5
BRDA:41,1,0,0
BRDA:41,1,1,6
BRDA:48,2,0,95
BRDA:48,2,1,95
BRF:6
BRH:5
end_of_record
TN:
SF:src/components/forms/FormSelect.tsx
FN:17,FormSelect
FN:31,(anonymous_1)
FNF:2
FNH:2
FNDA:135,FormSelect
FNDA:143,(anonymous_1)
DA:27,135
DA:32,143
LF:2
LH:2
BRDA:24,0,0,58
BRF:1
BRH:1
end_of_record
TN:
SF:src/components/forms/FormTextarea.tsx
FN:15,FormTextarea
FN:27,(anonymous_1)
FNF:2
FNH:2
FNDA:102,FormTextarea
FNDA:108,(anonymous_1)
DA:23,102
DA:28,108
LF:2
LH:2
BRF:0
BRH:0
end_of_record
TN:
SF:src/components/forms/index.ts
FNF:0
FNH:0
LF:0
LH:0
BRF:0
BRH:0
end_of_record
TN:
SF:src/contexts/NotificationContext.tsx
FN:55,(anonymous_0)
FN:67,(anonymous_1)
FN:72,(anonymous_2)
FN:93,(anonymous_3)
FN:97,(anonymous_4)
FN:101,(anonymous_5)
FN:105,(anonymous_6)
FN:110,(anonymous_7)
FN:124,(anonymous_8)
FN:128,(anonymous_9)
FN:129,(anonymous_10)
FN:129,(anonymous_11)
FN:132,(anonymous_12)
FN:137,(anonymous_13)
FN:141,(anonymous_14)
FN:157,(anonymous_15)
FN:161,(anonymous_16)
FN:162,(anonymous_17)
FN:169,(anonymous_18)
FN:173,(anonymous_19)
FN:173,(anonymous_20)
FN:179,(anonymous_21)
FN:183,(anonymous_22)
FN:183,(anonymous_23)
FN:189,(anonymous_24)
FNF:25
FNH:10
FNDA:52,(anonymous_0)
FNDA:24,(anonymous_1)
FNDA:1,(anonymous_2)
FNDA:1,(anonymous_3)
FNDA:0,(anonymous_4)
FNDA:0,(anonymous_5)
FNDA:0,(anonymous_6)
FNDA:1,(anonymous_7)
FNDA:1,(anonymous_8)
FNDA:1,(anonymous_9)
FNDA:1,(anonymous_10)
FNDA:1,(anonymous_11)
FNDA:0,(anonymous_12)
FNDA:5,(anonymous_13)
FNDA:0,(anonymous_14)
FNDA:0,(anonymous_15)
FNDA:0,(anonymous_16)
FNDA:0,(anonymous_17)
FNDA:0,(anonymous_18)
FNDA:0,(anonymous_19)
FNDA:0,(anonymous_20)
FNDA:0,(anonymous_21)
FNDA:0,(anonymous_22)
FNDA:0,(anonymous_23)
FNDA:0,(anonymous_24)
DA:53,6
DA:55,6
DA:56,52
DA:57,52
DA:58,0
DA:60,52
DA:67,6
DA:68,24
DA:69,24
DA:72,24
DA:78,1
DA:85,1
DA:93,24
DA:94,1
DA:97,24
DA:98,0
DA:101,24
DA:102,0
DA:105,24
DA:106,0
DA:110,24
DA:116,1
DA:117,1
DA:124,1
DA:125,1
DA:128,24
DA:129,1
DA:132,24
DA:133,0
DA:137,24
DA:138,5
DA:139,5
DA:140,5
DA:141,0
DA:151,0
DA:153,0
DA:157,24
DA:158,0
DA:159,0
DA:160,0
DA:161,0
DA:162,0
DA:165,0
DA:169,24
DA:170,0
DA:171,0
DA:172,0
DA:173,0
DA:175,0
DA:179,24
DA:180,0
DA:181,0
DA:182,0
DA:183,0
DA:185,0
DA:189,24
DA:191,24
DA:209,24
LF:58
LH:34
BRDA:57,0,0,0
BRDA:57,0,1,52
BRDA:87,1,0,1
BRDA:87,1,1,0
BRDA:89,2,0,1
BRDA:89,2,1,1
BRDA:89,3,0,0
BRDA:89,3,1,1
BRDA:114,4,0,1
BRDA:162,5,0,0
BRDA:162,5,1,0
BRF:11
BRH:6
end_of_record
TN:
SF:src/hooks/useCommandPalette.ts
FN:6,useCommandPalette
FN:9,(anonymous_1)
FN:10,(anonymous_2)
FN:14,(anonymous_3)
FN:24,(anonymous_4)
FN:31,(anonymous_5)
FN:32,(anonymous_6)
FN:33,(anonymous_7)
FN:33,(anonymous_8)
FNF:9
FNH:0
FNDA:0,useCommandPalette
FNDA:0,(anonymous_1)
FNDA:0,(anonymous_2)
FNDA:0,(anonymous_3)
FNDA:0,(anonymous_4)
FNDA:0,(anonymous_5)
FNDA:0,(anonymous_6)
FNDA:0,(anonymous_7)
FNDA:0,(anonymous_8)
DA:7,0
DA:9,0
DA:10,0
DA:12,0
DA:13,0
DA:14,0
DA:18,0
DA:19,0
DA:23,0
DA:24,0
DA:25,0
DA:29,0
DA:31,0
DA:32,0
DA:33,0
LF:15
LH:0
BRDA:12,0,0,0
BRDA:12,0,1,0
BRDA:12,1,0,0
BRDA:12,1,1,0
BRDA:12,1,2,0
BRDA:18,2,0,0
BRDA:18,2,1,0
BRDA:18,3,0,0
BRDA:18,3,1,0
BRF:9
BRH:0
end_of_record
TN:
SF:src/hooks/useFormValidation.ts
FN:14,useFormValidation
FNF:1
FNH:0
FNDA:0,useFormValidation
DA:19,0
LF:1
LH:0
BRDA:17,0,0,0
BRF:1
BRH:0
end_of_record
TN:
SF:src/hooks/useNotifications.ts
FN:7,(anonymous_0)
FNF:1
FNH:1
FNDA:47,(anonymous_0)
DA:7,5
DA:8,47
LF:2
LH:2
BRF:0
BRH:0
end_of_record
TN:
SF:src/hooks/useSiteSettings.ts
FN:31,(anonymous_0)
FN:36,(anonymous_1)
FN:37,(anonymous_2)
FNF:3
FNH:0
FNDA:0,(anonymous_0)
FNDA:0,(anonymous_1)
FNDA:0,(anonymous_2)
DA:14,1
DA:31,1
DA:32,0
DA:33,0
DA:34,0
DA:36,0
DA:37,0
DA:38,0
DA:39,0
DA:40,0
DA:41,0
DA:42,0
DA:44,0
DA:46,0
DA:47,0
DA:49,0
DA:53,0
DA:56,0
LF:18
LH:2
BRDA:47,0,0,0
BRDA:47,0,1,0
BRF:2
BRH:0
end_of_record
TN:
SF:src/pages/AssetDetailPage.tsx
FN:11,(anonymous_0)
FN:21,(anonymous_1)
FN:41,(anonymous_2)
FN:47,(anonymous_3)
FN:60,(anonymous_4)
FN:75,(anonymous_5)
FN:85,(anonymous_6)
FN:98,(anonymous_7)
FN:111,(anonymous_8)
FN:121,(anonymous_9)
FN:131,(anonymous_10)
FN:144,(anonymous_11)
FN:157,(anonymous_12)
FN:169,(anonymous_13)
FN:175,(anonymous_14)
FN:188,(anonymous_15)
FN:198,(anonymous_16)
FN:379,(anonymous_17)
FN:404,(anonymous_18)
FN:426,(anonymous_19)
FN:440,(anonymous_20)
FN:491,(anonymous_21)
FN:492,(anonymous_22)
FN:496,(anonymous_23)
FN:541,(anonymous_24)
FNF:25
FNH:19
FNDA:20,(anonymous_0)
FNDA:11,(anonymous_1)
FNDA:9,(anonymous_2)
FNDA:27,(anonymous_3)
FNDA:9,(anonymous_4)
FNDA:9,(anonymous_5)
FNDA:9,(anonymous_6)
FNDA:9,(anonymous_7)
FNDA:9,(anonymous_8)
FNDA:9,(anonymous_9)
FNDA:0,(anonymous_10)
FNDA:0,(anonymous_11)
FNDA:1,(anonymous_12)
FNDA:0,(anonymous_13)
FNDA:9,(anonymous_14)
FNDA:0,(anonymous_15)
FNDA:0,(anonymous_16)
FNDA:9,(anonymous_17)
FNDA:1,(anonymous_18)
FNDA:1,(anonymous_19)
FNDA:9,(anonymous_20)
FNDA:9,(anonymous_21)
FNDA:0,(anonymous_22)
FNDA:9,(anonymous_23)
FNDA:1,(anonymous_24)
DA:11,2
DA:12,20
DA:13,20
DA:14,20
DA:15,19
DA:16,19
DA:17,19
DA:18,19
DA:19,19
DA:21,19
DA:22,11
DA:24,11
DA:25,11
DA:26,11
DA:27,11
DA:31,9
DA:32,9
DA:34,1
DA:35,1
DA:37,10
DA:41,19
DA:42,9
DA:43,9
DA:47,19
DA:48,27
DA:49,27
DA:50,27
DA:56,0
DA:60,19
DA:61,9
DA:62,9
DA:63,9
DA:71,0
DA:75,19
DA:76,9
DA:77,9
DA:78,9
DA:79,9
DA:85,19
DA:86,9
DA:87,9
DA:88,0
DA:89,0
DA:90,0
DA:91,0
DA:92,0
DA:93,0
DA:94,0
DA:98,19
DA:99,9
DA:100,9
DA:101,0
DA:102,0
DA:103,0
DA:104,0
DA:105,0
DA:106,0
DA:107,0
DA:111,19
DA:112,9
DA:113,9
DA:114,0
DA:115,0
DA:116,0
DA:117,0
DA:121,19
DA:122,9
DA:123,9
DA:124,0
DA:125,0
DA:126,0
DA:127,0
DA:131,19
DA:132,0
DA:133,0
DA:134,0
DA:135,0
DA:136,0
DA:138,0
DA:140,0
DA:144,19
DA:145,0
DA:146,0
DA:147,0
DA:148,0
DA:149,0
DA:151,0
DA:153,0
DA:157,19
DA:158,1
DA:159,1
DA:160,1
DA:161,1
DA:163,0
DA:165,1
DA:169,19
DA:170,0
DA:171,0
DA:175,19
DA:176,9
DA:177,1
DA:180,19
DA:181,9
DA:184,10
DA:185,1
DA:188,0
DA:193,9
DA:198,0
DA:380,9
DA:404,1
DA:426,1
DA:441,9
DA:491,9
DA:493,0
DA:494,0
DA:497,9
DA:542,1
DA:543,1
DA:544,1
DA:545,1
DA:547,0
LF:121
LH:75
BRDA:22,0,0,0
BRDA:22,0,1,11
BRDA:35,1,0,1
BRDA:35,1,1,1
BRDA:42,2,0,9
BRDA:42,2,1,0
BRDA:48,3,0,0
BRDA:48,3,1,27
BRDA:61,4,0,0
BRDA:61,4,1,9
BRDA:76,5,0,0
BRDA:76,5,1,9
BRDA:78,6,0,0
BRDA:78,6,1,9
BRDA:86,7,0,9
BRDA:86,7,1,0
BRDA:86,7,2,0
BRDA:86,7,3,0
BRDA:86,7,4,0
BRDA:86,7,5,0
BRDA:86,7,6,0
BRDA:86,7,7,0
BRDA:99,8,0,9
BRDA:99,8,1,0
BRDA:99,8,2,0
BRDA:99,8,3,0
BRDA:99,8,4,0
BRDA:99,8,5,0
BRDA:99,8,6,0
BRDA:99,8,7,0
BRDA:112,9,0,9
BRDA:112,9,1,0
BRDA:112,9,2,0
BRDA:112,9,3,0
BRDA:112,9,4,0
BRDA:122,10,0,9
BRDA:122,10,1,0
BRDA:122,10,2,0
BRDA:122,10,3,0
BRDA:122,10,4,0
BRDA:132,11,0,0
BRDA:132,11,1,0
BRDA:138,12,0,0
BRDA:138,12,1,0
BRDA:145,13,0,0
BRDA:145,13,1,0
BRDA:151,14,0,0
BRDA:151,14,1,0
BRDA:163,15,0,0
BRDA:163,15,1,0
BRDA:170,16,0,0
BRDA:170,16,1,0
BRDA:176,17,0,8
BRDA:176,17,1,1
BRDA:180,18,0,9
BRDA:180,18,1,10
BRDA:184,19,0,1
BRDA:184,19,1,9
BRDA:184,20,0,10
BRDA:184,20,1,9
BRDA:187,21,0,1
BRDA:187,21,1,0
BRDA:207,22,0,9
BRDA:207,22,1,9
BRDA:209,23,0,0
BRDA:209,23,1,9
BRDA:215,24,0,0
BRDA:215,24,1,0
BRDA:223,25,0,0
BRDA:223,25,1,9
BRDA:235,26,0,9
BRDA:235,26,1,9
BRDA:246,27,0,9
BRDA:246,27,1,9
BRDA:252,28,0,9
BRDA:252,28,1,9
BRDA:258,29,0,9
BRDA:258,29,1,9
BRDA:264,30,0,9
BRDA:264,30,1,9
BRDA:270,31,0,9
BRDA:270,31,1,9
BRDA:276,32,0,9
BRDA:276,32,1,9
BRDA:282,33,0,9
BRDA:282,33,1,9
BRDA:288,34,0,9
BRDA:288,34,1,9
BRDA:305,35,0,9
BRDA:305,35,1,0
BRDA:308,36,0,0
BRDA:308,36,1,0
BRDA:311,37,0,9
BRDA:311,37,1,9
BRDA:317,38,0,9
BRDA:317,38,1,9
BRDA:329,39,0,9
BRDA:329,39,1,0
BRDA:329,39,2,0
BRDA:329,39,3,0
BRDA:329,39,4,9
BRDA:333,40,0,9
BRDA:333,40,1,9
BRDA:339,41,0,9
BRDA:339,41,1,9
BRDA:345,42,0,9
BRDA:345,42,1,0
BRDA:351,43,0,9
BRDA:351,43,1,9
BRDA:362,44,0,9
BRDA:362,44,1,9
BRDA:362,44,2,9
BRDA:380,45,0,0
BRDA:380,45,1,9
BRDA:385,46,0,9
BRDA:385,46,1,0
BRDA:390,47,0,9
BRDA:390,47,1,0
BRDA:395,48,0,0
BRDA:395,48,1,9
BRDA:407,49,0,1
BRDA:407,49,1,8
BRDA:436,50,0,0
BRDA:436,50,1,9
BRDA:450,51,0,9
BRDA:450,51,1,9
BRDA:453,52,0,9
BRDA:453,52,1,0
BRDA:459,53,0,9
BRDA:459,53,1,0
BRDA:472,54,0,9
BRDA:472,54,1,0
BRDA:480,55,0,9
BRDA:480,55,1,9
BRDA:486,56,0,9
BRDA:486,56,1,9
BRDA:486,56,2,9
BRDA:493,57,0,0
BRDA:493,57,1,0
BRDA:493,58,0,0
BRDA:493,58,1,0
BRDA:502,59,0,9
BRDA:502,59,1,9
BRDA:513,60,0,8
BRDA:513,60,1,1
BRDA:524,61,0,8
BRDA:524,61,1,8
BRDA:542,62,0,1
BRDA:542,62,1,0
BRDA:547,63,0,0
BRDA:547,63,1,0
BRDA:559,64,0,9
BRDA:559,64,1,0
BRDA:559,64,2,0
BRDA:559,64,3,9
BRDA:563,65,0,9
BRDA:563,65,1,9
BRDA:568,66,0,9
BRDA:568,66,1,9
BRDA:573,67,0,9
BRDA:573,67,1,9
BRDA:583,68,0,9
BRDA:583,68,1,9
BRF:163
BRH:94
end_of_record
TN:
SF:src/pages/AssetFormPage.tsx
FN:22,(anonymous_0)
FN:85,(anonymous_1)
FN:92,(anonymous_2)
FN:110,(anonymous_3)
FN:159,(anonymous_4)
FN:174,(anonymous_5)
FN:183,(anonymous_6)
FN:195,(anonymous_7)
FN:240,(anonymous_8)
FN:244,(anonymous_9)
FN:246,(anonymous_10)
FN:267,(anonymous_11)
FN:273,(anonymous_12)
FN:323,(anonymous_13)
FN:331,(anonymous_14)
FN:346,(anonymous_15)
FN:353,(anonymous_16)
FN:369,(anonymous_17)
FN:390,(anonymous_18)
FN:398,(anonymous_19)
FN:412,(anonymous_20)
FN:420,(anonymous_21)
FN:444,(anonymous_22)
FN:451,(anonymous_23)
FN:458,(anonymous_24)
FN:534,(anonymous_25)
FN:541,(anonymous_26)
FN:555,(anonymous_27)
FN:563,(anonymous_28)
FN:573,(anonymous_29)
FN:580,(anonymous_30)
FN:604,(anonymous_31)
FN:617,(anonymous_32)
FN:624,(anonymous_33)
FN:628,(anonymous_34)
FNF:35
FNH:15
FNDA:14,(anonymous_0)
FNDA:4,(anonymous_1)
FNDA:4,(anonymous_2)
FNDA:2,(anonymous_3)
FNDA:0,(anonymous_4)
FNDA:1,(anonymous_5)
FNDA:32,(anonymous_6)
FNDA:0,(anonymous_7)
FNDA:6,(anonymous_8)
FNDA:6,(anonymous_9)
FNDA:3,(anonymous_10)
FNDA:3,(anonymous_11)
FNDA:0,(anonymous_12)
FNDA:12,(anonymous_13)
FNDA:0,(anonymous_14)
FNDA:12,(anonymous_15)
FNDA:0,(anonymous_16)
FNDA:0,(anonymous_17)
FNDA:12,(anonymous_18)
FNDA:0,(anonymous_19)
FNDA:12,(anonymous_20)
FNDA:0,(anonymous_21)
FNDA:0,(anonymous_22)
FNDA:0,(anonymous_23)
FNDA:0,(anonymous_24)
FNDA:12,(anonymous_25)
FNDA:0,(anonymous_26)
FNDA:0,(anonymous_27)
FNDA:0,(anonymous_28)
FNDA:0,(anonymous_29)
FNDA:0,(anonymous_30)
FNDA:0,(anonymous_31)
FNDA:0,(anonymous_32)
FNDA:0,(anonymous_33)
FNDA:0,(anonymous_34)
DA:22,2
DA:23,14
DA:24,14
DA:25,14
DA:27,14
DA:28,13
DA:29,13
DA:30,13
DA:31,13
DA:32,13
DA:33,13
DA:34,13
DA:35,13
DA:44,13
DA:82,13
DA:83,13
DA:85,13
DA:86,4
DA:87,4
DA:88,2
DA:92,13
DA:93,4
DA:94,4
DA:100,4
DA:101,4
DA:102,4
DA:103,4
DA:105,0
DA:106,0
DA:110,13
DA:111,2
DA:113,2
DA:114,2
DA:115,2
DA:116,1
DA:119,1
DA:152,0
DA:153,0
DA:155,1
DA:159,13
DA:160,0
DA:162,0
DA:163,0
DA:164,0
DA:165,0
DA:166,0
DA:167,0
DA:169,0
DA:170,0
DA:174,13
DA:175,1
DA:176,1
DA:177,1
DA:180,1
DA:183,1
DA:184,32
DA:185,21
DA:188,11
DA:189,0
DA:190,11
DA:191,0
DA:192,11
DA:193,0
DA:194,11
DA:195,1
DA:196,10
DA:197,6
DA:198,4
DA:199,1
DA:200,3
DA:201,3
DA:206,1
DA:207,0
DA:208,0
DA:210,0
DA:216,1
DA:217,0
DA:219,1
DA:222,1
DA:224,0
DA:225,0
DA:227,1
DA:231,13
DA:232,2
DA:239,11
DA:240,6
DA:244,11
DA:246,11
DA:251,11
DA:261,11
DA:267,11
DA:269,11
DA:273,0
DA:324,12
DA:331,0
DA:347,12
DA:353,0
DA:369,0
DA:391,12
DA:399,0
DA:400,0
DA:402,0
DA:413,12
DA:421,0
DA:444,0
DA:451,0
DA:458,0
DA:535,12
DA:542,0
DA:544,0
DA:545,0
DA:556,0
DA:563,0
DA:573,0
DA:580,0
DA:604,0
DA:617,0
DA:624,0
DA:628,0
LF:119
LH:75
BRDA:87,0,0,2
BRDA:87,0,1,2
BRDA:111,1,0,0
BRDA:111,1,1,2
BRDA:121,2,0,1
BRDA:121,2,1,0
BRDA:122,3,0,1
BRDA:122,3,1,0
BRDA:123,4,0,1
BRDA:123,4,1,0
BRDA:124,5,0,0
BRDA:124,5,1,1
BRDA:125,6,0,1
BRDA:125,6,1,0
BRDA:126,7,0,1
BRDA:126,7,1,0
BRDA:128,8,0,1
BRDA:128,8,1,1
BRDA:129,9,0,1
BRDA:129,9,1,0
BRDA:129,10,0,0
BRDA:129,10,1,1
BRDA:130,11,0,1
BRDA:130,11,1,0
BRDA:131,12,0,0
BRDA:131,12,1,1
BRDA:132,13,0,1
BRDA:132,13,1,1
BRDA:133,14,0,1
BRDA:133,14,1,1
BRDA:137,15,0,1
BRDA:137,15,1,1
BRDA:138,16,0,1
BRDA:138,16,1,1
BRDA:139,17,0,1
BRDA:139,17,1,1
BRDA:140,18,0,1
BRDA:140,18,1,1
BRDA:143,19,0,0
BRDA:143,19,1,1
BRDA:144,20,0,0
BRDA:144,20,1,1
BRDA:145,21,0,1
BRDA:145,21,1,0
BRDA:148,22,0,1
BRDA:148,22,1,1
BRDA:149,23,0,1
BRDA:149,23,1,1
BRDA:160,24,0,0
BRDA:160,24,1,0
BRDA:184,25,0,21
BRDA:184,25,1,11
BRDA:184,26,0,32
BRDA:184,26,1,23
BRDA:184,26,2,23
BRDA:188,27,0,0
BRDA:188,27,1,11
BRDA:188,28,0,11
BRDA:188,28,1,0
BRDA:190,29,0,0
BRDA:190,29,1,11
BRDA:190,30,0,11
BRDA:190,30,1,0
BRDA:192,31,0,0
BRDA:192,31,1,11
BRDA:192,32,0,11
BRDA:192,32,1,0
BRDA:194,33,0,1
BRDA:194,33,1,10
BRDA:194,34,0,11
BRDA:194,34,1,1
BRDA:196,35,0,6
BRDA:196,35,1,4
BRDA:198,36,0,1
BRDA:198,36,1,3
BRDA:200,37,0,3
BRDA:200,37,1,0
BRDA:206,38,0,0
BRDA:206,38,1,1
BRDA:207,39,0,0
BRDA:207,39,1,0
BRDA:216,40,0,0
BRDA:216,40,1,1
BRDA:216,41,0,1
BRDA:216,41,1,0
BRDA:225,42,0,0
BRDA:225,42,1,0
BRDA:231,43,0,2
BRDA:231,43,1,11
BRDA:272,44,0,5
BRDA:272,44,1,6
BRDA:278,45,0,11
BRDA:278,45,1,0
BRDA:311,46,0,11
BRDA:311,46,1,5
BRDA:330,47,0,0
BRDA:330,47,1,12
BRDA:331,48,0,0
BRDA:331,48,1,0
BRDA:352,49,0,12
BRDA:352,49,1,11
BRDA:353,50,0,0
BRDA:353,50,1,0
BRDA:372,51,0,11
BRDA:372,51,1,0
BRDA:397,52,0,1
BRDA:397,52,1,11
BRDA:399,53,0,0
BRDA:399,53,1,0
BRDA:402,54,0,0
BRDA:402,54,1,0
BRDA:419,55,0,1
BRDA:419,55,1,11
BRDA:421,56,0,0
BRDA:421,56,1,0
BRDA:421,57,0,0
BRDA:421,57,1,0
BRDA:544,58,0,0
BRDA:544,58,1,0
BRDA:545,59,0,0
BRDA:545,59,1,0
BRDA:551,60,0,11
BRDA:551,60,1,0
BRDA:562,61,0,0
BRDA:562,61,1,0
BRDA:563,62,0,0
BRDA:563,62,1,0
BRDA:608,63,0,5
BRDA:608,63,1,6
BRF:129
BRH:75
end_of_record
TN:
SF:src/pages/AssetReportPage.tsx
FN:29,(anonymous_0)
FN:39,(anonymous_1)
FN:43,(anonymous_2)
FN:51,(anonymous_3)
FN:63,(anonymous_4)
FN:75,(anonymous_5)
FN:87,(anonymous_6)
FN:96,(anonymous_7)
FN:99,(anonymous_8)
FN:113,(anonymous_9)
FN:114,(anonymous_10)
FN:115,(anonymous_11)
FN:117,(anonymous_12)
FN:140,(anonymous_13)
FN:153,(anonymous_14)
FN:156,(anonymous_15)
FN:175,(anonymous_16)
FN:194,(anonymous_17)
FN:197,(anonymous_18)
FN:200,(anonymous_19)
FN:203,(anonymous_20)
FN:206,(anonymous_21)
FN:209,(anonymous_22)
FN:212,(anonymous_23)
FN:215,(anonymous_24)
FN:234,(anonymous_25)
FN:263,(anonymous_26)
FN:274,(anonymous_27)
FN:277,(anonymous_28)
FN:280,(anonymous_29)
FN:283,(anonymous_30)
FN:286,(anonymous_31)
FN:305,(anonymous_32)
FNF:33
FNH:0
FNDA:0,(anonymous_0)
FNDA:0,(anonymous_1)
FNDA:0,(anonymous_2)
FNDA:0,(anonymous_3)
FNDA:0,(anonymous_4)
FNDA:0,(anonymous_5)
FNDA:0,(anonymous_6)
FNDA:0,(anonymous_7)
FNDA:0,(anonymous_8)
FNDA:0,(anonymous_9)
FNDA:0,(anonymous_10)
FNDA:0,(anonymous_11)
FNDA:0,(anonymous_12)
FNDA:0,(anonymous_13)
FNDA:0,(anonymous_14)
FNDA:0,(anonymous_15)
FNDA:0,(anonymous_16)
FNDA:0,(anonymous_17)
FNDA:0,(anonymous_18)
FNDA:0,(anonymous_19)
FNDA:0,(anonymous_20)
FNDA:0,(anonymous_21)
FNDA:0,(anonymous_22)
FNDA:0,(anonymous_23)
FNDA:0,(anonymous_24)
FNDA:0,(anonymous_25)
FNDA:0,(anonymous_26)
FNDA:0,(anonymous_27)
FNDA:0,(anonymous_28)
FNDA:0,(anonymous_29)
FNDA:0,(anonymous_30)
FNDA:0,(anonymous_31)
FNDA:0,(anonymous_32)
DA:29,1
DA:30,0
DA:31,0
DA:32,0
DA:33,0
DA:34,0
DA:35,0
DA:36,0
DA:37,0
DA:39,0
DA:40,0
DA:43,0
DA:44,0
DA:45,0
DA:46,0
DA:47,0
DA:51,0
DA:52,0
DA:53,0
DA:54,0
DA:55,0
DA:57,0
DA:59,0
DA:63,0
DA:64,0
DA:65,0
DA:66,0
DA:67,0
DA:69,0
DA:71,0
DA:75,0
DA:76,0
DA:77,0
DA:78,0
DA:79,0
DA:81,0
DA:83,0
DA:87,0
DA:88,0
DA:89,0
DA:91,0
DA:92,0
DA:96,0
DA:97,0
DA:98,0
DA:99,0
DA:100,0
DA:101,0
DA:102,0
DA:103,0
DA:104,0
DA:106,0
DA:107,0
DA:108,0
DA:110,0
DA:113,0
DA:114,0
DA:115,0
DA:117,0
DA:118,0
DA:119,0
DA:120,0
DA:121,0
DA:122,0
DA:123,0
DA:127,0
DA:140,0
DA:153,0
DA:156,0
DA:176,0
DA:194,0
DA:197,0
DA:200,0
DA:203,0
DA:206,0
DA:209,0
DA:212,0
DA:215,0
DA:235,0
DA:263,0
DA:274,0
DA:277,0
DA:280,0
DA:283,0
DA:286,0
DA:306,0
LF:86
LH:1
BRDA:44,0,0,0
BRDA:44,0,1,0
BRDA:46,1,0,0
BRDA:46,1,1,0
BRDA:88,2,0,0
BRDA:88,2,1,0
BRDA:89,3,0,0
BRDA:89,3,1,0
BRDA:98,4,0,0
BRDA:98,4,1,0
BRDA:102,5,0,0
BRDA:102,5,1,0
BRDA:106,6,0,0
BRDA:106,6,1,0
BRDA:106,7,0,0
BRDA:106,7,1,0
BRDA:107,8,0,0
BRDA:107,8,1,0
BRDA:107,9,0,0
BRDA:107,9,1,0
BRDA:118,10,0,0
BRDA:118,10,1,0
BRDA:120,11,0,0
BRDA:120,11,1,0
BRDA:122,12,0,0
BRDA:122,12,1,0
BRDA:140,13,0,0
BRDA:140,13,1,0
BRDA:162,14,0,0
BRDA:162,14,1,0
BRDA:168,15,0,0
BRDA:168,15,1,0
BRDA:221,16,0,0
BRDA:221,16,1,0
BRDA:227,17,0,0
BRDA:227,17,1,0
BRDA:237,18,0,0
BRDA:237,18,1,0
BRDA:238,19,0,0
BRDA:238,19,1,0
BRDA:239,20,0,0
BRDA:239,20,1,0
BRDA:240,21,0,0
BRDA:240,21,1,0
BRDA:241,22,0,0
BRDA:241,22,1,0
BRDA:242,23,0,0
BRDA:242,23,1,0
BRDA:244,24,0,0
BRDA:244,24,1,0
BRDA:263,25,0,0
BRDA:263,25,1,0
BRDA:292,26,0,0
BRDA:292,26,1,0
BRDA:298,27,0,0
BRDA:298,27,1,0
BRDA:308,28,0,0
BRDA:308,28,1,0
BRF:58
BRH:0
end_of_record
TN:
SF:src/pages/AssetScanPage.tsx
FN:12,(anonymous_0)
FN:17,(anonymous_1)
FN:30,(anonymous_2)
FN:45,(anonymous_3)
FN:56,(anonymous_4)
FN:63,(anonymous_5)
FN:73,(anonymous_6)
FN:81,(anonymous_7)
FN:90,(anonymous_8)
FN:102,(anonymous_9)
FN:111,(anonymous_10)
FN:123,(anonymous_11)
FN:132,(anonymous_12)
FN:144,(anonymous_13)
FN:153,(anonymous_14)
FN:166,(anonymous_15)
FN:189,(anonymous_16)
FN:200,(anonymous_17)
FN:235,(anonymous_18)
FN:238,(anonymous_19)
FN:446,(anonymous_20)
FNF:21
FNH:0
FNDA:0,(anonymous_0)
FNDA:0,(anonymous_1)
FNDA:0,(anonymous_2)
FNDA:0,(anonymous_3)
FNDA:0,(anonymous_4)
FNDA:0,(anonymous_5)
FNDA:0,(anonymous_6)
FNDA:0,(anonymous_7)
FNDA:0,(anonymous_8)
FNDA:0,(anonymous_9)
FNDA:0,(anonymous_10)
FNDA:0,(anonymous_11)
FNDA:0,(anonymous_12)
FNDA:0,(anonymous_13)
FNDA:0,(anonymous_14)
FNDA:0,(anonymous_15)
FNDA:0,(anonymous_16)
FNDA:0,(anonymous_17)
FNDA:0,(anonymous_18)
FNDA:0,(anonymous_19)
FNDA:0,(anonymous_20)
DA:12,1
DA:13,0
DA:14,0
DA:17,0
DA:20,0
DA:21,0
DA:22,0
DA:23,0
DA:26,0
DA:27,0
DA:28,0
DA:30,0
DA:31,0
DA:32,0
DA:34,0
DA:35,0
DA:36,0
DA:38,0
DA:39,0
DA:41,0
DA:45,0
DA:46,0
DA:47,0
DA:48,0
DA:49,0
DA:52,0
DA:56,0
DA:57,0
DA:58,0
DA:59,0
DA:63,0
DA:64,0
DA:65,0
DA:66,0
DA:67,0
DA:69,0
DA:73,0
DA:74,0
DA:76,0
DA:77,0
DA:78,0
DA:79,0
DA:80,0
DA:81,0
DA:83,0
DA:84,0
DA:86,0
DA:90,0
DA:91,0
DA:93,0
DA:94,0
DA:97,0
DA:98,0
DA:99,0
DA:100,0
DA:101,0
DA:102,0
DA:104,0
DA:105,0
DA:107,0
DA:111,0
DA:112,0
DA:114,0
DA:115,0
DA:118,0
DA:119,0
DA:120,0
DA:121,0
DA:122,0
DA:123,0
DA:125,0
DA:126,0
DA:128,0
DA:132,0
DA:133,0
DA:135,0
DA:136,0
DA:139,0
DA:140,0
DA:141,0
DA:142,0
DA:143,0
DA:144,0
DA:146,0
DA:147,0
DA:149,0
DA:153,0
DA:154,0
DA:156,0
DA:157,0
DA:158,0
DA:161,0
DA:162,0
DA:163,0
DA:164,0
DA:165,0
DA:166,0
DA:168,0
DA:169,0
DA:171,0
DA:175,0
DA:176,0
DA:183,0
DA:184,0
DA:189,0
DA:195,0
DA:196,0
DA:200,0
DA:206,0
DA:236,0
DA:238,0
DA:446,0
LF:112
LH:1
BRDA:38,0,0,0
BRDA:38,0,1,0
BRDA:38,0,2,0
BRDA:46,1,0,0
BRDA:46,1,1,0
BRDA:57,2,0,0
BRDA:57,2,1,0
BRDA:65,3,0,0
BRDA:65,3,1,0
BRDA:66,4,0,0
BRDA:66,4,1,0
BRDA:69,5,0,0
BRDA:69,5,1,0
BRDA:74,6,0,0
BRDA:74,6,1,0
BRDA:74,7,0,0
BRDA:74,7,1,0
BRDA:83,8,0,0
BRDA:83,8,1,0
BRDA:91,9,0,0
BRDA:91,9,1,0
BRDA:91,10,0,0
BRDA:91,10,1,0
BRDA:93,11,0,0
BRDA:93,11,1,0
BRDA:104,12,0,0
BRDA:104,12,1,0
BRDA:112,13,0,0
BRDA:112,13,1,0
BRDA:112,14,0,0
BRDA:112,14,1,0
BRDA:114,15,0,0
BRDA:114,15,1,0
BRDA:125,16,0,0
BRDA:125,16,1,0
BRDA:125,16,2,0
BRDA:133,17,0,0
BRDA:133,17,1,0
BRDA:133,18,0,0
BRDA:133,18,1,0
BRDA:135,19,0,0
BRDA:135,19,1,0
BRDA:146,20,0,0
BRDA:146,20,1,0
BRDA:146,20,2,0
BRDA:156,21,0,0
BRDA:156,21,1,0
BRDA:156,22,0,0
BRDA:156,22,1,0
BRDA:156,22,2,0
BRDA:168,23,0,0
BRDA:168,23,1,0
BRDA:175,24,0,0
BRDA:175,24,1,0
BRDA:183,25,0,0
BRDA:183,25,1,0
BRDA:195,26,0,0
BRDA:195,26,1,0
BRDA:210,27,0,0
BRDA:210,27,1,0
BRDA:215,28,0,0
BRDA:215,28,1,0
BRDA:216,29,0,0
BRDA:216,29,1,0
BRDA:221,30,0,0
BRDA:221,30,1,0
BRDA:225,31,0,0
BRDA:225,31,1,0
BRDA:230,32,0,0
BRDA:230,32,1,0
BRDA:250,33,0,0
BRDA:250,33,1,0
BRDA:252,34,0,0
BRDA:252,34,1,0
BRDA:262,35,0,0
BRDA:262,35,1,0
BRDA:265,36,0,0
BRDA:265,36,1,0
BRDA:272,37,0,0
BRDA:272,37,1,0
BRDA:279,38,0,0
BRDA:279,38,1,0
BRDA:286,39,0,0
BRDA:286,39,1,0
BRDA:296,40,0,0
BRDA:296,40,1,0
BRDA:297,41,0,0
BRDA:297,41,1,0
BRDA:298,42,0,0
BRDA:298,42,1,0
BRDA:299,43,0,0
BRDA:299,43,1,0
BRDA:303,44,0,0
BRDA:303,44,1,0
BRDA:303,44,2,0
BRDA:307,45,0,0
BRDA:307,45,1,0
BRDA:308,46,0,0
BRDA:308,46,1,0
BRDA:315,47,0,0
BRDA:315,47,1,0
BRDA:322,48,0,0
BRDA:322,48,1,0
BRDA:329,49,0,0
BRDA:329,49,1,0
BRDA:336,50,0,0
BRDA:336,50,1,0
BRDA:336,50,2,0
BRDA:336,50,3,0
BRDA:340,51,0,0
BRDA:340,51,1,0
BRDA:341,52,0,0
BRDA:341,52,1,0
BRDA:342,53,0,0
BRDA:342,53,1,0
BRDA:348,54,0,0
BRDA:348,54,1,0
BRDA:357,55,0,0
BRDA:357,55,1,0
BRDA:359,56,0,0
BRDA:359,56,1,0
BRDA:361,57,0,0
BRDA:361,57,1,0
BRDA:368,58,0,0
BRDA:368,58,1,0
BRDA:375,59,0,0
BRDA:375,59,1,0
BRDA:385,60,0,0
BRDA:385,60,1,0
BRDA:396,61,0,0
BRDA:396,61,1,0
BRDA:396,61,2,0
BRDA:398,62,0,0
BRDA:398,62,1,0
BRDA:419,63,0,0
BRDA:419,63,1,0
BRDA:419,63,2,0
BRDA:421,64,0,0
BRDA:421,64,1,0
BRDA:455,65,0,0
BRDA:455,65,1,0
BRDA:457,66,0,0
BRDA:457,66,1,0
BRF:143
BRH:0
end_of_record
TN:
SF:src/pages/AssetsPage.tsx
FN:9,(anonymous_0)
FNF:1
FNH:0
FNDA:0,(anonymous_0)
DA:9,1
DA:10,0
LF:2
LH:1
BRF:0
BRH:0
end_of_record
TN:
SF:src/pages/CategoryFormPage.tsx
FN:19,(anonymous_0)
FN:35,(anonymous_1)
FN:42,(anonymous_2)
FN:51,(anonymous_3)
FN:57,(anonymous_4)
FN:77,(anonymous_5)
FN:81,(anonymous_6)
FN:82,(anonymous_7)
FN:98,(anonymous_8)
FN:99,(anonymous_9)
FN:103,(anonymous_10)
FN:169,(anonymous_11)
FN:181,(anonymous_12)
FN:193,(anonymous_13)
FN:209,(anonymous_14)
FN:217,(anonymous_15)
FNF:16
FNH:0
FNDA:0,(anonymous_0)
FNDA:0,(anonymous_1)
FNDA:0,(anonymous_2)
FNDA:0,(anonymous_3)
FNDA:0,(anonymous_4)
FNDA:0,(anonymous_5)
FNDA:0,(anonymous_6)
FNDA:0,(anonymous_7)
FNDA:0,(anonymous_8)
FNDA:0,(anonymous_9)
FNDA:0,(anonymous_10)
FNDA:0,(anonymous_11)
FNDA:0,(anonymous_12)
FNDA:0,(anonymous_13)
FNDA:0,(anonymous_14)
FNDA:0,(anonymous_15)
DA:19,1
DA:20,0
DA:21,0
DA:22,0
DA:24,0
DA:25,0
DA:26,0
DA:27,0
DA:28,0
DA:35,0
DA:36,0
DA:37,0
DA:38,0
DA:42,0
DA:43,0
DA:44,0
DA:45,0
DA:47,0
DA:51,0
DA:52,0
DA:54,0
DA:55,0
DA:56,0
DA:57,0
DA:59,0
DA:60,0
DA:67,0
DA:70,0
DA:71,0
DA:73,0
DA:77,0
DA:78,0
DA:80,0
DA:81,0
DA:83,0
DA:84,0
DA:90,0
DA:91,0
DA:95,0
DA:98,0
DA:99,0
DA:100,0
DA:103,0
DA:104,0
DA:106,0
DA:107,0
DA:108,0
DA:111,0
DA:112,0
DA:113,0
DA:115,0
DA:121,0
DA:122,0
DA:125,0
DA:126,0
DA:128,0
DA:131,0
DA:133,0
DA:134,0
DA:136,0
DA:140,0
DA:141,0
DA:148,0
DA:169,0
DA:181,0
DA:194,0
DA:209,0
DA:217,0
LF:68
LH:1
BRDA:37,0,0,0
BRDA:37,0,1,0
BRDA:52,1,0,0
BRDA:52,1,1,0
BRDA:59,2,0,0
BRDA:59,2,1,0
BRDA:62,3,0,0
BRDA:62,3,1,0
BRDA:64,4,0,0
BRDA:64,4,1,0
BRDA:70,5,0,0
BRDA:70,5,1,0
BRDA:77,6,0,0
BRDA:90,7,0,0
BRDA:90,7,1,0
BRDA:90,8,0,0
BRDA:90,8,1,0
BRDA:100,9,0,0
BRDA:100,9,1,0
BRDA:106,10,0,0
BRDA:106,10,1,0
BRDA:118,11,0,0
BRDA:118,11,1,0
BRDA:121,12,0,0
BRDA:121,12,1,0
BRDA:125,13,0,0
BRDA:125,13,1,0
BRDA:133,14,0,0
BRDA:133,14,1,0
BRDA:133,14,2,0
BRDA:140,15,0,0
BRDA:140,15,1,0
BRDA:151,16,0,0
BRDA:151,16,1,0
BRDA:154,17,0,0
BRDA:154,17,1,0
BRDA:192,18,0,0
BRDA:192,18,1,0
BRDA:196,19,0,0
BRDA:196,19,1,0
BRDA:224,20,0,0
BRDA:224,20,1,0
BRDA:224,21,0,0
BRDA:224,21,1,0
BRF:44
BRH:0
end_of_record
TN:
SF:src/pages/CategoryListPage.tsx
FN:12,(anonymous_0)
FN:19,(anonymous_1)
FN:23,(anonymous_2)
FN:37,(anonymous_3)
FN:42,(anonymous_4)
FN:49,(anonymous_5)
FN:70,(anonymous_6)
FN:74,(anonymous_7)
FN:80,(anonymous_8)
FN:82,(anonymous_9)
FN:95,(anonymous_10)
FN:127,(anonymous_11)
FN:167,(anonymous_12)
FNF:13
FNH:0
FNDA:0,(anonymous_0)
FNDA:0,(anonymous_1)
FNDA:0,(anonymous_2)
FNDA:0,(anonymous_3)
FNDA:0,(anonymous_4)
FNDA:0,(anonymous_5)
FNDA:0,(anonymous_6)
FNDA:0,(anonymous_7)
FNDA:0,(anonymous_8)
FNDA:0,(anonymous_9)
FNDA:0,(anonymous_10)
FNDA:0,(anonymous_11)
FNDA:0,(anonymous_12)
DA:12,1
DA:13,0
DA:14,0
DA:15,0
DA:16,0
DA:17,0
DA:19,0
DA:20,0
DA:23,0
DA:24,0
DA:25,0
DA:26,0
DA:27,0
DA:28,0
DA:30,0
DA:31,0
DA:33,0
DA:37,0
DA:38,0
DA:39,0
DA:42,0
DA:43,0
DA:49,0
DA:50,0
DA:51,0
DA:52,0
DA:54,0
DA:55,0
DA:56,0
DA:57,0
DA:59,0
DA:62,0
DA:67,0
DA:70,0
DA:71,0
DA:72,0
DA:73,0
DA:75,0
DA:80,0
DA:82,0
DA:83,0
DA:84,0
DA:87,0
DA:88,0
DA:89,0
DA:91,0
DA:95,0
DA:96,0
DA:97,0
DA:127,0
DA:137,0
DA:138,0
DA:145,0
DA:146,0
DA:153,0
DA:167,0
LF:56
LH:1
BRDA:30,0,0,0
BRDA:30,0,1,0
BRDA:51,1,0,0
BRDA:51,1,1,0
BRDA:55,2,0,0
BRDA:55,2,1,0
BRDA:56,3,0,0
BRDA:56,3,1,0
BRDA:71,4,0,0
BRDA:71,4,1,0
BRDA:75,5,0,0
BRDA:75,5,1,0
BRDA:83,6,0,0
BRDA:83,6,1,0
BRDA:91,7,0,0
BRDA:91,7,1,0
BRDA:103,8,0,0
BRDA:103,8,1,0
BRDA:105,9,0,0
BRDA:105,9,1,0
BRDA:109,10,0,0
BRDA:109,10,1,0
BRDA:116,11,0,0
BRDA:116,11,1,0
BRDA:137,12,0,0
BRDA:137,12,1,0
BRDA:145,13,0,0
BRDA:145,13,1,0
BRDA:172,14,0,0
BRDA:172,14,1,0
BRF:30
BRH:0
end_of_record
TN:
SF:src/pages/ChecklistCompletionPage.tsx
FN:12,(anonymous_0)
FN:23,(anonymous_1)
FN:43,(anonymous_2)
FN:47,(anonymous_3)
FN:64,(anonymous_4)
FN:66,(anonymous_5)
FN:67,(anonymous_6)
FN:120,(anonymous_7)
FN:151,(anonymous_8)
FN:157,(anonymous_9)
FN:195,(anonymous_10)
FN:197,(anonymous_11)
FNF:12
FNH:7
FNDA:12,(anonymous_0)
FNDA:7,(anonymous_1)
FNDA:6,(anonymous_2)
FNDA:0,(anonymous_3)
FNDA:0,(anonymous_4)
FNDA:0,(anonymous_5)
FNDA:0,(anonymous_6)
FNDA:1,(anonymous_7)
FNDA:0,(anonymous_8)
FNDA:3,(anonymous_9)
FNDA:8,(anonymous_10)
FNDA:5,(anonymous_11)
DA:12,2
DA:13,12
DA:14,11
DA:15,11
DA:17,11
DA:18,11
DA:19,11
DA:20,11
DA:21,11
DA:23,11
DA:24,7
DA:26,7
DA:27,7
DA:28,7
DA:32,5
DA:33,5
DA:34,5
DA:36,1
DA:37,1
DA:39,6
DA:43,11
DA:44,6
DA:47,11
DA:48,0
DA:50,0
DA:51,0
DA:53,0
DA:54,0
DA:55,0
DA:56,0
DA:60,0
DA:61,0
DA:64,0
DA:65,0
DA:66,0
DA:67,0
DA:69,0
DA:70,0
DA:71,0
DA:75,0
DA:76,0
DA:78,0
DA:79,0
DA:80,0
DA:81,0
DA:82,0
DA:83,0
DA:84,0
DA:85,0
DA:86,0
DA:89,0
DA:90,0
DA:91,0
DA:95,0
DA:98,0
DA:101,0
DA:103,0
DA:105,0
DA:106,0
DA:107,0
DA:108,0
DA:109,0
DA:113,0
DA:114,0
DA:116,0
DA:120,11
DA:121,1
DA:123,1
DA:124,0
DA:127,1
DA:128,1
DA:129,1
DA:130,1
DA:132,0
DA:133,0
DA:137,11
DA:138,6
DA:145,5
DA:146,1
DA:151,0
DA:157,4
DA:158,4
DA:160,4
DA:196,8
DA:197,8
DA:199,8
LF:86
LH:40
BRDA:24,0,0,0
BRDA:24,0,1,7
BRDA:24,1,0,7
BRDA:24,1,1,7
BRDA:36,2,0,1
BRDA:36,2,1,0
BRDA:36,2,2,0
BRDA:48,3,0,0
BRDA:48,3,1,0
BRDA:54,4,0,0
BRDA:54,4,1,0
BRDA:54,5,0,0
BRDA:54,5,1,0
BRDA:69,6,0,0
BRDA:69,6,1,0
BRDA:78,7,0,0
BRDA:78,7,1,0
BRDA:78,8,0,0
BRDA:78,8,1,0
BRDA:81,9,0,0
BRDA:81,9,1,0
BRDA:81,10,0,0
BRDA:81,10,1,0
BRDA:84,11,0,0
BRDA:84,11,1,0
BRDA:84,12,0,0
BRDA:84,12,1,0
BRDA:89,13,0,0
BRDA:89,13,1,0
BRDA:105,14,0,0
BRDA:105,14,1,0
BRDA:106,15,0,0
BRDA:106,15,1,0
BRDA:121,16,0,0
BRDA:121,16,1,1
BRDA:123,17,0,0
BRDA:123,17,1,1
BRDA:137,18,0,6
BRDA:137,18,1,5
BRDA:145,19,0,1
BRDA:145,19,1,4
BRDA:145,20,0,5
BRDA:145,20,1,4
BRDA:145,20,2,4
BRDA:150,21,0,1
BRDA:150,21,1,0
BRDA:175,22,0,4
BRDA:175,22,1,4
BRDA:205,23,0,3
BRDA:205,23,1,5
BRDA:214,24,0,8
BRDA:214,24,1,8
BRDA:216,25,0,8
BRDA:216,25,1,0
BRDA:217,26,0,8
BRDA:217,26,1,8
BRDA:218,27,0,8
BRDA:218,27,1,0
BRDA:219,28,0,8
BRDA:219,28,1,0
BRDA:220,29,0,8
BRDA:220,29,1,3
BRDA:227,30,0,3
BRDA:227,30,1,5
BRDA:243,31,0,4
BRDA:243,31,1,4
BRDA:247,32,0,0
BRDA:247,32,1,4
BRDA:251,33,0,0
BRDA:251,33,1,4
BRDA:255,34,0,0
BRDA:255,34,1,4
BRDA:258,35,0,4
BRDA:258,35,1,1
BRDA:265,36,0,0
BRDA:265,36,1,1
BRDA:269,37,0,0
BRDA:269,37,1,1
BRDA:272,38,0,0
BRDA:272,38,1,1
BRDA:277,39,0,4
BRDA:277,39,1,1
BRDA:280,40,0,1
BRDA:280,40,1,0
BRF:84
BRH:42
end_of_record
TN:
SF:src/pages/CodeEntryPage.tsx
FN:11,(anonymous_0)
FN:17,(anonymous_1)
FN:48,(anonymous_2)
FNF:3
FNH:0
FNDA:0,(anonymous_0)
FNDA:0,(anonymous_1)
FNDA:0,(anonymous_2)
DA:11,1
DA:12,0
DA:13,0
DA:14,0
DA:15,0
DA:17,0
DA:18,0
DA:20,0
DA:21,0
DA:22,0
DA:25,0
DA:26,0
DA:28,0
DA:29,0
DA:30,0
DA:33,0
DA:35,0
DA:36,0
DA:38,0
DA:41,0
DA:42,0
DA:44,0
DA:48,0
DA:50,0
DA:52,0
DA:53,0
DA:54,0
DA:57,0
LF:28
LH:1
BRDA:20,0,0,0
BRDA:20,0,1,0
BRDA:20,1,0,0
BRDA:20,1,1,0
BRDA:33,2,0,0
BRDA:33,2,1,0
BRDA:41,3,0,0
BRDA:41,3,1,0
BRDA:96,4,0,0
BRDA:96,4,1,0
BRDA:104,5,0,0
BRDA:104,5,1,0
BRDA:112,6,0,0
BRDA:112,6,1,0
BRF:14
BRH:0
end_of_record
TN:
SF:src/pages/DonationItemScanPage.tsx
FN:11,(anonymous_0)
FN:16,(anonymous_1)
FN:38,(anonymous_2)
FN:61,(anonymous_3)
FN:67,(anonymous_4)
FN:79,(anonymous_5)
FN:88,(anonymous_6)
FN:156,(anonymous_7)
FN:181,(anonymous_8)
FN:209,(anonymous_9)
FN:234,(anonymous_10)
FN:244,(anonymous_11)
FN:254,(anonymous_12)
FN:281,(anonymous_13)
FN:312,(anonymous_14)
FN:326,(anonymous_15)
FN:342,(anonymous_16)
FN:352,(anonymous_17)
FN:366,(anonymous_18)
FN:384,(anonymous_19)
FN:395,(anonymous_20)
FN:424,(anonymous_21)
FN:427,(anonymous_22)
FN:445,(anonymous_23)
FNF:24
FNH:0
FNDA:0,(anonymous_0)
FNDA:0,(anonymous_1)
FNDA:0,(anonymous_2)
FNDA:0,(anonymous_3)
FNDA:0,(anonymous_4)
FNDA:0,(anonymous_5)
FNDA:0,(anonymous_6)
FNDA:0,(anonymous_7)
FNDA:0,(anonymous_8)
FNDA:0,(anonymous_9)
FNDA:0,(anonymous_10)
FNDA:0,(anonymous_11)
FNDA:0,(anonymous_12)
FNDA:0,(anonymous_13)
FNDA:0,(anonymous_14)
FNDA:0,(anonymous_15)
FNDA:0,(anonymous_16)
FNDA:0,(anonymous_17)
FNDA:0,(anonymous_18)
FNDA:0,(anonymous_19)
FNDA:0,(anonymous_20)
FNDA:0,(anonymous_21)
FNDA:0,(anonymous_22)
FNDA:0,(anonymous_23)
DA:11,1
DA:12,0
DA:13,0
DA:16,0
DA:19,0
DA:20,0
DA:21,0
DA:22,0
DA:25,0
DA:26,0
DA:27,0
DA:28,0
DA:29,0
DA:30,0
DA:31,0
DA:32,0
DA:33,0
DA:34,0
DA:35,0
DA:36,0
DA:38,0
DA:39,0
DA:40,0
DA:41,0
DA:42,0
DA:43,0
DA:44,0
DA:45,0
DA:46,0
DA:47,0
DA:48,0
DA:51,0
DA:52,0
DA:54,0
DA:55,0
DA:57,0
DA:61,0
DA:62,0
DA:63,0
DA:67,0
DA:68,0
DA:70,0
DA:71,0
DA:72,0
DA:77,0
DA:78,0
DA:79,0
DA:81,0
DA:82,0
DA:84,0
DA:88,0
DA:89,0
DA:91,0
DA:92,0
DA:93,0
DA:97,0
DA:98,0
DA:99,0
DA:100,0
DA:104,0
DA:105,0
DA:106,0
DA:107,0
DA:111,0
DA:112,0
DA:113,0
DA:116,0
DA:117,0
DA:118,0
DA:125,0
DA:126,0
DA:127,0
DA:128,0
DA:130,0
DA:131,0
DA:135,0
DA:136,0
DA:139,0
DA:140,0
DA:143,0
DA:144,0
DA:145,0
DA:148,0
DA:149,0
DA:150,0
DA:151,0
DA:152,0
DA:153,0
DA:154,0
DA:156,0
DA:158,0
DA:159,0
DA:161,0
DA:165,0
DA:166,0
DA:175,0
DA:176,0
DA:181,0
DA:187,0
DA:209,0
DA:234,0
DA:244,0
DA:254,0
DA:282,0
DA:284,0
DA:285,0
DA:286,0
DA:287,0
DA:312,0
DA:326,0
DA:342,0
DA:352,0
DA:366,0
DA:384,0
DA:395,0
DA:425,0
DA:427,0
DA:445,0
LF:118
LH:1
BRDA:39,0,0,0
BRDA:39,0,1,0
BRDA:45,1,0,0
BRDA:45,1,1,0
BRDA:47,2,0,0
BRDA:47,2,1,0
BRDA:54,3,0,0
BRDA:54,3,1,0
BRDA:54,3,2,0
BRDA:62,4,0,0
BRDA:62,4,1,0
BRDA:68,5,0,0
BRDA:68,5,1,0
BRDA:68,6,0,0
BRDA:68,6,1,0
BRDA:81,7,0,0
BRDA:81,7,1,0
BRDA:89,8,0,0
BRDA:89,8,1,0
BRDA:89,9,0,0
BRDA:89,9,1,0
BRDA:89,9,2,0
BRDA:91,10,0,0
BRDA:91,10,1,0
BRDA:97,11,0,0
BRDA:97,11,1,0
BRDA:97,12,0,0
BRDA:97,12,1,0
BRDA:98,13,0,0
BRDA:98,13,1,0
BRDA:104,14,0,0
BRDA:104,14,1,0
BRDA:105,15,0,0
BRDA:105,15,1,0
BRDA:111,16,0,0
BRDA:111,16,1,0
BRDA:111,17,0,0
BRDA:111,17,1,0
BRDA:112,18,0,0
BRDA:112,18,1,0
BRDA:122,19,0,0
BRDA:122,19,1,0
BRDA:125,20,0,0
BRDA:125,20,1,0
BRDA:125,21,0,0
BRDA:125,21,1,0
BRDA:127,22,0,0
BRDA:127,22,1,0
BRDA:130,23,0,0
BRDA:130,23,1,0
BRDA:135,24,0,0
BRDA:135,24,1,0
BRDA:139,25,0,0
BRDA:139,25,1,0
BRDA:139,26,0,0
BRDA:139,26,1,0
BRDA:154,27,0,0
BRDA:154,27,1,0
BRDA:158,28,0,0
BRDA:158,28,1,0
BRDA:165,29,0,0
BRDA:165,29,1,0
BRDA:175,30,0,0
BRDA:175,30,1,0
BRDA:175,31,0,0
BRDA:175,31,1,0
BRDA:180,32,0,0
BRDA:180,32,1,0
BRDA:192,33,0,0
BRDA:192,33,1,0
BRDA:223,34,0,0
BRDA:223,34,1,0
BRDA:266,35,0,0
BRDA:266,35,1,0
BRDA:269,36,0,0
BRDA:269,36,1,0
BRDA:310,37,0,0
BRDA:310,37,1,0
BRDA:312,38,0,0
BRDA:312,38,1,0
BRDA:319,39,0,0
BRDA:319,39,1,0
BRDA:319,39,2,0
BRDA:360,40,0,0
BRDA:360,40,1,0
BRDA:377,41,0,0
BRDA:377,41,1,0
BRDA:403,42,0,0
BRDA:403,42,1,0
BRDA:403,42,2,0
BRDA:406,43,0,0
BRDA:406,43,1,0
BRDA:411,44,0,0
BRDA:411,44,1,0
BRDA:430,45,0,0
BRDA:430,45,1,0
BRDA:431,46,0,0
BRDA:431,46,1,0
BRDA:432,47,0,0
BRDA:432,47,1,0
BRDA:433,48,0,0
BRDA:433,48,1,0
BRF:102
BRH:0
end_of_record
TN:
SF:src/pages/FixtureScanPage.tsx
FN:13,(anonymous_0)
FN:19,(anonymous_1)
FN:20,(anonymous_2)
FN:34,(anonymous_3)
FN:63,(anonymous_4)
FN:70,(anonymous_5)
FN:71,(anonymous_6)
FN:78,(anonymous_7)
FN:92,(anonymous_8)
FN:117,(anonymous_9)
FN:157,(anonymous_10)
FN:168,(anonymous_11)
FN:180,(anonymous_12)
FN:209,(anonymous_13)
FN:260,(anonymous_14)
FN:288,(anonymous_15)
FN:318,(anonymous_16)
FNF:17
FNH:0
FNDA:0,(anonymous_0)
FNDA:0,(anonymous_1)
FNDA:0,(anonymous_2)
FNDA:0,(anonymous_3)
FNDA:0,(anonymous_4)
FNDA:0,(anonymous_5)
FNDA:0,(anonymous_6)
FNDA:0,(anonymous_7)
FNDA:0,(anonymous_8)
FNDA:0,(anonymous_9)
FNDA:0,(anonymous_10)
FNDA:0,(anonymous_11)
FNDA:0,(anonymous_12)
FNDA:0,(anonymous_13)
FNDA:0,(anonymous_14)
FNDA:0,(anonymous_15)
FNDA:0,(anonymous_16)
DA:13,1
DA:14,0
DA:15,0
DA:16,0
DA:19,0
DA:20,0
DA:23,0
DA:24,0
DA:25,0
DA:26,0
DA:29,0
DA:30,0
DA:31,0
DA:32,0
DA:34,0
DA:35,0
DA:36,0
DA:37,0
DA:38,0
DA:41,0
DA:42,0
DA:43,0
DA:47,0
DA:50,0
DA:54,0
DA:56,0
DA:57,0
DA:59,0
DA:63,0
DA:64,0
DA:65,0
DA:70,0
DA:71,0
DA:72,0
DA:73,0
DA:74,0
DA:75,0
DA:76,0
DA:78,0
DA:79,0
DA:82,0
DA:83,0
DA:84,0
DA:89,0
DA:92,0
DA:93,0
DA:95,0
DA:97,0
DA:98,0
DA:99,0
DA:102,0
DA:103,0
DA:104,0
DA:105,0
DA:106,0
DA:108,0
DA:110,0
DA:111,0
DA:113,0
DA:117,0
DA:118,0
DA:120,0
DA:122,0
DA:123,0
DA:126,0
DA:127,0
DA:128,0
DA:129,0
DA:131,0
DA:132,0
DA:134,0
DA:135,0
DA:137,0
DA:141,0
DA:142,0
DA:151,0
DA:152,0
DA:157,0
DA:163,0
DA:164,0
DA:168,0
DA:174,0
DA:175,0
DA:180,0
DA:186,0
DA:187,0
DA:199,0
DA:200,0
DA:209,0
DA:215,0
DA:261,0
DA:288,0
DA:318,0
LF:93
LH:1
BRDA:41,0,0,0
BRDA:41,0,1,0
BRDA:56,1,0,0
BRDA:56,1,1,0
BRDA:64,2,0,0
BRDA:64,2,1,0
BRDA:72,3,0,0
BRDA:72,3,1,0
BRDA:72,4,0,0
BRDA:72,4,1,0
BRDA:72,4,2,0
BRDA:72,4,3,0
BRDA:72,4,4,0
BRDA:83,5,0,0
BRDA:83,5,1,0
BRDA:95,6,0,0
BRDA:95,6,1,0
BRDA:95,7,0,0
BRDA:95,7,1,0
BRDA:97,8,0,0
BRDA:97,8,1,0
BRDA:104,9,0,0
BRDA:104,9,1,0
BRDA:120,10,0,0
BRDA:120,10,1,0
BRDA:120,11,0,0
BRDA:120,11,1,0
BRDA:122,12,0,0
BRDA:122,12,1,0
BRDA:128,13,0,0
BRDA:128,13,1,0
BRDA:141,14,0,0
BRDA:141,14,1,0
BRDA:151,15,0,0
BRDA:151,15,1,0
BRDA:163,16,0,0
BRDA:163,16,1,0
BRDA:174,17,0,0
BRDA:174,17,1,0
BRDA:186,18,0,0
BRDA:186,18,1,0
BRDA:186,19,0,0
BRDA:186,19,1,0
BRDA:199,20,0,0
BRDA:199,20,1,0
BRDA:199,21,0,0
BRDA:199,21,1,0
BRDA:203,22,0,0
BRDA:203,22,1,0
BRDA:205,23,0,0
BRDA:205,23,1,0
BRDA:221,24,0,0
BRDA:221,24,1,0
BRDA:226,25,0,0
BRDA:226,25,1,0
BRDA:239,26,0,0
BRDA:239,26,1,0
BRDA:246,27,0,0
BRDA:246,27,1,0
BRDA:254,28,0,0
BRDA:254,28,1,0
BRDA:256,29,0,0
BRDA:256,29,1,0
BRDA:263,30,0,0
BRDA:263,30,1,0
BRDA:266,31,0,0
BRDA:266,31,1,0
BRDA:278,32,0,0
BRDA:278,32,1,0
BRDA:296,33,0,0
BRDA:296,33,1,0
BRDA:304,34,0,0
BRDA:304,34,1,0
BRDA:326,35,0,0
BRDA:326,35,1,0
BRF:75
BRH:0
end_of_record
TN:
SF:src/pages/InventoryItemDetailPage.tsx
FN:28,(anonymous_0)
FN:39,(anonymous_1)
FN:45,(anonymous_2)
FN:62,(anonymous_3)
FN:73,(anonymous_4)
FN:114,(anonymous_5)
FN:330,(anonymous_6)
FN:367,(anonymous_7)
FN:400,(anonymous_8)
FN:411,(anonymous_9)
FNF:10
FNH:8
FNDA:16,(anonymous_0)
FNDA:8,(anonymous_1)
FNDA:9,(anonymous_2)
FNDA:1,(anonymous_3)
FNDA:1,(anonymous_4)
FNDA:0,(anonymous_5)
FNDA:1,(anonymous_6)
FNDA:1,(anonymous_7)
FNDA:1,(anonymous_8)
FNDA:0,(anonymous_9)
DA:28,2
DA:29,16
DA:30,15
DA:32,15
DA:33,15
DA:34,15
DA:35,15
DA:36,15
DA:37,15
DA:39,15
DA:40,8
DA:41,8
DA:45,15
DA:46,9
DA:48,9
DA:49,9
DA:50,9
DA:57,7
DA:58,7
DA:61,7
DA:62,7
DA:63,7
DA:65,7
DA:67,1
DA:69,8
DA:73,15
DA:74,1
DA:76,1
DA:77,1
DA:78,1
DA:80,0
DA:81,0
DA:85,15
DA:86,8
DA:93,7
DA:94,1
DA:101,6
DA:114,0
DA:331,1
DA:368,1
DA:401,1
DA:411,0
LF:42
LH:38
BRDA:40,0,0,8
BRDA:40,0,1,0
BRDA:46,1,0,0
BRDA:46,1,1,9
BRDA:58,2,0,7
BRDA:58,2,1,0
BRDA:61,3,0,7
BRDA:61,3,1,0
BRDA:65,4,0,7
BRDA:65,4,1,0
BRDA:74,5,0,0
BRDA:74,5,1,1
BRDA:85,6,0,8
BRDA:85,6,1,7
BRDA:93,7,0,1
BRDA:93,7,1,6
BRDA:130,8,0,6
BRDA:130,8,1,0
BRDA:131,9,0,6
BRDA:131,9,1,0
BRDA:132,10,0,6
BRDA:132,10,1,0
BRDA:133,11,0,6
BRDA:133,11,1,0
BRDA:153,12,0,6
BRDA:153,12,1,0
BRDA:160,13,0,6
BRDA:160,13,1,0
BRDA:171,14,0,0
BRDA:171,14,1,6
BRDA:172,15,0,0
BRDA:172,15,1,6
BRDA:175,16,0,6
BRDA:175,16,1,0
BRDA:186,17,0,0
BRDA:186,17,1,6
BRDA:192,18,0,0
BRDA:192,18,1,6
BRDA:195,19,0,6
BRDA:195,19,1,6
BRDA:216,20,0,6
BRDA:216,20,1,0
BRDA:222,21,0,6
BRDA:222,21,1,0
BRDA:224,22,0,6
BRDA:224,22,1,6
BRDA:236,23,0,6
BRDA:236,23,1,0
BRDA:244,24,0,0
BRDA:244,24,1,0
BRDA:248,25,0,0
BRDA:248,25,1,0
BRDA:277,26,0,6
BRDA:277,26,1,6
BRDA:290,27,0,6
BRDA:290,27,1,6
BRDA:316,28,0,5
BRDA:316,28,1,1
BRDA:335,29,0,0
BRDA:335,29,1,1
BRDA:335,30,0,0
BRDA:335,30,1,1
BRDA:340,31,0,1
BRDA:340,31,1,0
BRDA:355,32,0,5
BRDA:355,32,1,1
BRDA:371,33,0,1
BRDA:371,33,1,0
BRDA:386,34,0,5
BRDA:386,34,1,1
BRDA:403,35,0,1
BRDA:403,35,1,0
BRDA:405,36,0,1
BRDA:405,36,1,0
BRDA:407,37,0,1
BRDA:407,37,1,0
BRF:76
BRH:45
end_of_record
TN:
SF:src/pages/InventoryItemFormPage.tsx
FN:24,(anonymous_0)
FN:78,(anonymous_1)
FN:85,(anonymous_2)
FN:101,(anonymous_3)
FN:145,(anonymous_4)
FN:168,(anonymous_5)
FN:183,(anonymous_6)
FN:192,(anonymous_7)
FN:250,(anonymous_8)
FN:255,(anonymous_9)
FN:263,(anonymous_10)
FN:345,(anonymous_11)
FN:376,(anonymous_12)
FN:384,(anonymous_13)
FN:398,(anonymous_14)
FN:406,(anonymous_15)
FN:442,(anonymous_16)
FN:533,(anonymous_17)
FN:544,(anonymous_18)
FN:557,(anonymous_19)
FN:564,(anonymous_20)
FN:568,(anonymous_21)
FNF:22
FNH:13
FNDA:24,(anonymous_0)
FNDA:9,(anonymous_1)
FNDA:9,(anonymous_2)
FNDA:1,(anonymous_3)
FNDA:0,(anonymous_4)
FNDA:0,(anonymous_5)
FNDA:2,(anonymous_6)
FNDA:46,(anonymous_7)
FNDA:2,(anonymous_8)
FNDA:2,(anonymous_9)
FNDA:0,(anonymous_10)
FNDA:1,(anonymous_11)
FNDA:23,(anonymous_12)
FNDA:0,(anonymous_13)
FNDA:23,(anonymous_14)
FNDA:0,(anonymous_15)
FNDA:1,(anonymous_16)
FNDA:0,(anonymous_17)
FNDA:1,(anonymous_18)
FNDA:0,(anonymous_19)
FNDA:0,(anonymous_20)
FNDA:0,(anonymous_21)
DA:24,2
DA:25,24
DA:26,23
DA:27,23
DA:29,23
DA:30,23
DA:31,23
DA:32,23
DA:33,23
DA:34,23
DA:35,23
DA:36,23
DA:37,23
DA:38,23
DA:39,23
DA:48,23
DA:75,23
DA:76,23
DA:78,23
DA:79,9
DA:80,9
DA:81,1
DA:85,23
DA:86,9
DA:87,9
DA:92,9
DA:93,9
DA:94,9
DA:96,0
DA:97,0
DA:101,23
DA:102,1
DA:104,1
DA:105,1
DA:106,1
DA:111,1
DA:112,1
DA:115,1
DA:143,1
DA:144,0
DA:145,0
DA:159,1
DA:161,0
DA:162,0
DA:164,1
DA:168,23
DA:169,0
DA:171,0
DA:172,0
DA:173,0
DA:174,0
DA:175,0
DA:176,0
DA:178,0
DA:179,0
DA:183,23
DA:184,2
DA:185,2
DA:186,2
DA:189,2
DA:192,2
DA:193,46
DA:194,30
DA:197,16
DA:198,0
DA:199,16
DA:200,0
DA:201,16
DA:202,0
DA:203,16
DA:204,6
DA:205,10
DA:206,6
DA:207,4
DA:208,4
DA:213,2
DA:214,0
DA:215,0
DA:217,0
DA:223,2
DA:224,0
DA:226,2
DA:232,1
DA:234,1
DA:235,1
DA:237,2
DA:241,23
DA:242,1
DA:249,22
DA:250,2
DA:254,22
DA:255,2
DA:259,22
DA:263,0
DA:345,1
DA:377,23
DA:385,0
DA:386,0
DA:388,0
DA:399,23
DA:407,0
DA:408,0
DA:409,0
DA:410,0
DA:411,0
DA:414,0
DA:442,1
DA:533,0
DA:544,1
DA:557,0
DA:564,0
DA:568,0
LF:112
LH:76
BRDA:80,0,0,1
BRDA:80,0,1,8
BRDA:102,1,0,0
BRDA:102,1,1,1
BRDA:123,2,0,1
BRDA:123,2,1,1
BRDA:124,3,0,1
BRDA:124,3,1,1
BRDA:126,4,0,1
BRDA:126,4,1,0
BRDA:127,5,0,1
BRDA:127,5,1,1
BRDA:129,6,0,1
BRDA:129,6,1,1
BRDA:133,7,0,1
BRDA:133,7,1,1
BRDA:138,8,0,1
BRDA:138,8,1,0
BRDA:139,9,0,0
BRDA:139,9,1,1
BRDA:139,10,0,0
BRDA:139,10,1,0
BRDA:143,11,0,0
BRDA:143,11,1,1
BRDA:169,12,0,0
BRDA:169,12,1,0
BRDA:193,13,0,30
BRDA:193,13,1,16
BRDA:193,14,0,46
BRDA:193,14,1,32
BRDA:193,14,2,28
BRDA:197,15,0,0
BRDA:197,15,1,16
BRDA:197,16,0,16
BRDA:197,16,1,0
BRDA:199,17,0,0
BRDA:199,17,1,16
BRDA:199,18,0,16
BRDA:199,18,1,0
BRDA:201,19,0,0
BRDA:201,19,1,16
BRDA:201,20,0,16
BRDA:201,20,1,0
BRDA:203,21,0,6
BRDA:203,21,1,10
BRDA:205,22,0,6
BRDA:205,22,1,4
BRDA:207,23,0,4
BRDA:207,23,1,0
BRDA:213,24,0,0
BRDA:213,24,1,2
BRDA:214,25,0,0
BRDA:214,25,1,0
BRDA:223,26,0,0
BRDA:223,26,1,2
BRDA:223,27,0,2
BRDA:223,27,1,0
BRDA:235,28,0,1
BRDA:235,28,1,0
BRDA:241,29,0,1
BRDA:241,29,1,22
BRDA:262,30,0,3
BRDA:262,30,1,19
BRDA:268,31,0,22
BRDA:268,31,1,1
BRDA:347,32,0,22
BRDA:347,32,1,1
BRDA:383,33,0,1
BRDA:383,33,1,22
BRDA:385,34,0,0
BRDA:385,34,1,0
BRDA:388,35,0,0
BRDA:388,35,1,0
BRDA:405,36,0,1
BRDA:405,36,1,22
BRDA:407,37,0,0
BRDA:407,37,1,0
BRDA:409,38,0,0
BRDA:409,38,1,0
BRDA:414,39,0,0
BRDA:414,39,1,0
BRDA:414,40,0,0
BRDA:414,40,1,0
BRDA:445,41,0,22
BRDA:445,41,1,1
BRDA:548,42,0,3
BRDA:548,42,1,19
BRF:87
BRH:53
end_of_record
TN:
SF:src/pages/InventoryListPage.tsx
FN:30,(anonymous_0)
FN:47,(anonymous_1)
FN:51,(anonymous_2)
FN:69,(anonymous_3)
FN:78,(anonymous_4)
FN:85,(anonymous_5)
FN:94,(anonymous_6)
FN:99,(anonymous_7)
FN:100,(anonymous_8)
FN:107,(anonymous_9)
FN:109,(anonymous_10)
FN:113,(anonymous_11)
FN:154,(anonymous_12)
FN:158,(anonymous_13)
FN:162,(anonymous_14)
FN:172,(anonymous_15)
FN:176,(anonymous_16)
FN:187,(anonymous_17)
FN:195,(anonymous_18)
FN:208,(anonymous_19)
FN:209,(anonymous_20)
FN:213,(anonymous_21)
FN:214,(anonymous_22)
FN:215,(anonymous_23)
FN:215,(anonymous_24)
FN:242,(anonymous_25)
FN:266,(anonymous_26)
FN:277,(anonymous_27)
FN:283,(anonymous_28)
FN:286,(anonymous_29)
FN:293,(anonymous_30)
FN:296,(anonymous_31)
FN:307,(anonymous_32)
FN:332,(anonymous_33)
FN:354,(anonymous_34)
FN:360,(anonymous_35)
FN:366,(anonymous_36)
FN:372,(anonymous_37)
FN:378,(anonymous_38)
FN:384,(anonymous_39)
FN:394,(anonymous_40)
FN:401,(anonymous_41)
FN:403,(anonymous_42)
FN:406,(anonymous_43)
FN:419,(anonymous_44)
FN:424,(anonymous_45)
FN:430,(anonymous_46)
FN:440,(anonymous_47)
FN:444,(anonymous_48)
FN:452,(anonymous_49)
FN:471,(anonymous_50)
FN:475,(anonymous_51)
FNF:52
FNH:18
FNDA:20,(anonymous_0)
FNDA:9,(anonymous_1)
FNDA:9,(anonymous_2)
FNDA:0,(anonymous_3)
FNDA:19,(anonymous_4)
FNDA:2,(anonymous_5)
FNDA:0,(anonymous_6)
FNDA:0,(anonymous_7)
FNDA:0,(anonymous_8)
FNDA:2,(anonymous_9)
FNDA:0,(anonymous_10)
FNDA:7,(anonymous_11)
FNDA:0,(anonymous_12)
FNDA:0,(anonymous_13)
FNDA:1,(anonymous_14)
FNDA:0,(anonymous_15)
FNDA:0,(anonymous_16)
FNDA:0,(anonymous_17)
FNDA:0,(anonymous_18)
FNDA:0,(anonymous_19)
FNDA:0,(anonymous_20)
FNDA:0,(anonymous_21)
FNDA:0,(anonymous_22)
FNDA:0,(anonymous_23)
FNDA:0,(anonymous_24)
FNDA:66,(anonymous_25)
FNDA:1,(anonymous_26)
FNDA:1,(anonymous_27)
FNDA:11,(anonymous_28)
FNDA:0,(anonymous_29)
FNDA:22,(anonymous_30)
FNDA:0,(anonymous_31)
FNDA:1,(anonymous_32)
FNDA:0,(anonymous_33)
FNDA:0,(anonymous_34)
FNDA:0,(anonymous_35)
FNDA:0,(anonymous_36)
FNDA:0,(anonymous_37)
FNDA:0,(anonymous_38)
FNDA:0,(anonymous_39)
FNDA:19,(anonymous_40)
FNDA:1,(anonymous_41)
FNDA:1,(anonymous_42)
FNDA:1,(anonymous_43)
FNDA:0,(anonymous_44)
FNDA:0,(anonymous_45)
FNDA:0,(anonymous_46)
FNDA:0,(anonymous_47)
FNDA:0,(anonymous_48)
FNDA:0,(anonymous_49)
FNDA:0,(anonymous_50)
FNDA:0,(anonymous_51)
DA:30,2
DA:31,20
DA:32,20
DA:33,20
DA:34,20
DA:35,20
DA:36,20
DA:37,20
DA:38,20
DA:39,20
DA:40,20
DA:41,20
DA:42,20
DA:43,20
DA:44,20
DA:45,20
DA:47,20
DA:48,9
DA:51,20
DA:52,9
DA:53,9
DA:54,9
DA:59,8
DA:60,8
DA:61,8
DA:63,0
DA:65,8
DA:69,20
DA:70,0
DA:71,0
DA:73,0
DA:74,0
DA:78,20
DA:79,19
DA:82,19
DA:83,1
DA:84,1
DA:86,2
DA:93,19
DA:94,0
DA:98,19
DA:99,0
DA:100,0
DA:101,0
DA:106,19
DA:107,2
DA:108,18
DA:109,0
DA:113,19
DA:117,7
DA:119,7
DA:120,7
DA:121,7
DA:123,0
DA:124,0
DA:125,0
DA:127,0
DA:128,0
DA:129,0
DA:131,0
DA:132,0
DA:133,0
DA:135,0
DA:136,0
DA:137,0
DA:139,0
DA:140,0
DA:141,0
DA:143,0
DA:146,7
DA:147,0
DA:148,0
DA:151,19
DA:154,20
DA:155,0
DA:156,0
DA:158,0
DA:162,20
DA:163,1
DA:164,1
DA:165,0
DA:167,1
DA:169,1
DA:172,20
DA:173,0
DA:176,20
DA:177,0
DA:178,0
DA:179,0
DA:180,0
DA:182,0
DA:183,0
DA:187,20
DA:188,0
DA:189,0
DA:190,0
DA:193,0
DA:194,0
DA:195,0
DA:196,0
DA:197,0
DA:198,0
DA:199,0
DA:201,0
DA:202,0
DA:204,0
DA:208,20
DA:209,0
DA:210,0
DA:213,20
DA:214,0
DA:215,0
DA:217,0
DA:218,0
DA:219,0
DA:222,0
DA:223,0
DA:224,0
DA:225,0
DA:226,0
DA:227,0
DA:228,0
DA:229,0
DA:230,0
DA:231,0
DA:232,0
DA:233,0
DA:235,0
DA:236,0
DA:238,0
DA:242,20
DA:243,66
DA:244,11
DA:247,20
DA:248,9
DA:255,11
DA:266,1
DA:277,1
DA:283,11
DA:286,0
DA:293,22
DA:296,0
DA:307,1
DA:332,0
DA:354,0
DA:360,0
DA:366,0
DA:372,0
DA:378,0
DA:384,0
DA:395,19
DA:401,1
DA:403,1
DA:406,1
DA:419,0
DA:425,0
DA:431,0
DA:432,0
DA:433,0
DA:434,0
DA:440,0
DA:444,0
DA:452,0
DA:471,0
DA:475,0
LF:165
LH:71
BRDA:70,0,0,0
BRDA:70,0,1,0
BRDA:71,1,0,0
BRDA:71,1,1,0
BRDA:82,2,0,1
BRDA:82,2,1,18
BRDA:86,3,0,2
BRDA:86,3,1,1
BRDA:86,3,2,1
BRDA:86,3,3,1
BRDA:93,4,0,0
BRDA:93,4,1,19
BRDA:98,5,0,0
BRDA:98,5,1,19
BRDA:101,6,0,0
BRDA:101,6,1,0
BRDA:106,7,0,1
BRDA:106,7,1,18
BRDA:108,8,0,0
BRDA:108,8,1,18
BRDA:117,9,0,7
BRDA:117,9,1,0
BRDA:117,9,2,0
BRDA:117,9,3,0
BRDA:117,9,4,0
BRDA:117,9,5,0
BRDA:117,9,6,0
BRDA:131,10,0,0
BRDA:131,10,1,0
BRDA:132,11,0,0
BRDA:132,11,1,0
BRDA:135,12,0,0
BRDA:135,12,1,0
BRDA:136,13,0,0
BRDA:136,13,1,0
BRDA:139,14,0,0
BRDA:139,14,1,0
BRDA:140,15,0,0
BRDA:140,15,1,0
BRDA:146,16,0,7
BRDA:146,16,1,0
BRDA:146,17,0,7
BRDA:146,17,1,0
BRDA:147,18,0,0
BRDA:147,18,1,0
BRDA:147,19,0,0
BRDA:147,19,1,0
BRDA:155,20,0,0
BRDA:155,20,1,0
BRDA:164,21,0,0
BRDA:164,21,1,1
BRDA:188,22,0,0
BRDA:188,22,1,0
BRDA:210,23,0,0
BRDA:210,23,1,0
BRDA:215,24,0,0
BRDA:215,24,1,0
BRDA:217,25,0,0
BRDA:217,25,1,0
BRDA:243,26,0,55
BRDA:243,26,1,11
BRDA:244,27,0,11
BRDA:244,27,1,0
BRDA:247,28,0,9
BRDA:247,28,1,11
BRDA:285,29,0,11
BRDA:285,29,1,11
BRDA:286,30,0,0
BRDA:286,30,1,0
BRDA:295,31,0,11
BRDA:295,31,1,11
BRDA:296,32,0,0
BRDA:296,32,1,0
BRDA:306,33,0,11
BRDA:306,33,1,10
BRDA:307,34,0,1
BRDA:307,34,1,0
BRDA:313,35,0,11
BRDA:313,35,1,1
BRDA:348,36,0,11
BRDA:348,36,1,0
BRDA:349,37,0,11
BRDA:349,37,1,1
BRDA:398,38,0,1
BRDA:398,38,1,18
BRDA:417,39,0,19
BRDA:417,39,1,0
BRDA:418,40,0,19
BRDA:418,40,1,0
BRDA:420,41,0,0
BRDA:420,41,1,19
BRDA:425,42,0,0
BRDA:425,42,1,0
BRDA:431,43,0,0
BRDA:431,43,1,0
BRDA:433,44,0,0
BRDA:433,44,1,0
BRDA:453,45,0,10
BRDA:453,45,1,9
BRDA:454,46,0,10
BRDA:454,46,1,9
BRDA:462,47,0,19
BRDA:462,47,1,0
BRDA:466,48,0,19
BRDA:466,48,1,10
BRDA:467,49,0,19
BRDA:467,49,1,0
BRDA:468,50,0,19
BRDA:468,50,1,0
BRDA:486,51,0,11
BRDA:486,51,1,0
BRF:111
BRH:47
end_of_record
TN:
SF:src/pages/InventoryReportPage.tsx
FN:31,(anonymous_0)
FN:41,(anonymous_1)
FN:45,(anonymous_2)
FN:53,(anonymous_3)
FN:65,(anonymous_4)
FN:77,(anonymous_5)
FN:89,(anonymous_6)
FN:98,(anonymous_7)
FN:101,(anonymous_8)
FN:115,(anonymous_9)
FN:118,(anonymous_10)
FN:132,(anonymous_11)
FN:135,(anonymous_12)
FN:149,(anonymous_13)
FN:172,(anonymous_14)
FN:185,(anonymous_15)
FN:188,(anonymous_16)
FN:191,(anonymous_17)
FN:194,(anonymous_18)
FN:197,(anonymous_19)
FN:216,(anonymous_20)
FN:238,(anonymous_21)
FN:249,(anonymous_22)
FN:252,(anonymous_23)
FN:255,(anonymous_24)
FN:258,(anonymous_25)
FN:277,(anonymous_26)
FN:299,(anonymous_27)
FN:302,(anonymous_28)
FN:305,(anonymous_29)
FN:308,(anonymous_30)
FN:327,(anonymous_31)
FNF:32
FNH:0
FNDA:0,(anonymous_0)
FNDA:0,(anonymous_1)
FNDA:0,(anonymous_2)
FNDA:0,(anonymous_3)
FNDA:0,(anonymous_4)
FNDA:0,(anonymous_5)
FNDA:0,(anonymous_6)
FNDA:0,(anonymous_7)
FNDA:0,(anonymous_8)
FNDA:0,(anonymous_9)
FNDA:0,(anonymous_10)
FNDA:0,(anonymous_11)
FNDA:0,(anonymous_12)
FNDA:0,(anonymous_13)
FNDA:0,(anonymous_14)
FNDA:0,(anonymous_15)
FNDA:0,(anonymous_16)
FNDA:0,(anonymous_17)
FNDA:0,(anonymous_18)
FNDA:0,(anonymous_19)
FNDA:0,(anonymous_20)
FNDA:0,(anonymous_21)
FNDA:0,(anonymous_22)
FNDA:0,(anonymous_23)
FNDA:0,(anonymous_24)
FNDA:0,(anonymous_25)
FNDA:0,(anonymous_26)
FNDA:0,(anonymous_27)
FNDA:0,(anonymous_28)
FNDA:0,(anonymous_29)
FNDA:0,(anonymous_30)
FNDA:0,(anonymous_31)
DA:31,1
DA:32,0
DA:33,0
DA:34,0
DA:35,0
DA:36,0
DA:37,0
[...]
BRDA:183,23,2,0
BRDA:194,24,0,0
BRDA:194,24,1,0
BRDA:194,25,0,0
BRDA:194,25,1,0
BRDA:201,26,0,0
BRDA:201,26,1,0
BRDA:211,27,0,0
BRDA:211,27,1,0
BRDA:213,28,0,0
BRDA:213,28,1,0
BRDA:290,29,0,0
BRDA:290,29,1,0
BRDA:307,30,0,0
BRDA:307,30,1,0
BRDA:312,31,0,0
BRDA:312,31,1,0
BRDA:314,32,0,0
BRDA:314,32,1,0
BRDA:314,32,2,0
BRDA:314,32,3,0
BRDA:333,33,0,0
BRDA:333,33,1,0
BRF:71
BRH:0
end_of_record
TN:
SF:src/pages/WebhookListPage.tsx
FN:38,(anonymous_0)
FN:46,(anonymous_1)
FN:50,(anonymous_2)
FN:62,(anonymous_3)
FN:68,(anonymous_4)
FN:76,(anonymous_5)
FN:81,(anonymous_6)
FN:87,(anonymous_7)
FN:101,(anonymous_8)
FN:116,(anonymous_9)
FN:124,(anonymous_10)
FN:165,(anonymous_11)
FN:178,(anonymous_12)
FN:185,(anonymous_13)
FN:188,(anonymous_14)
FN:200,(anonymous_15)
FN:230,(anonymous_16)
FN:269,(anonymous_17)
FN:277,(anonymous_18)
FN:285,(anonymous_19)
FN:293,(anonymous_20)
FNF:21
FNH:0
FNDA:0,(anonymous_0)
FNDA:0,(anonymous_1)
FNDA:0,(anonymous_2)
FNDA:0,(anonymous_3)
FNDA:0,(anonymous_4)
FNDA:0,(anonymous_5)
FNDA:0,(anonymous_6)
FNDA:0,(anonymous_7)
FNDA:0,(anonymous_8)
FNDA:0,(anonymous_9)
FNDA:0,(anonymous_10)
FNDA:0,(anonymous_11)
FNDA:0,(anonymous_12)
FNDA:0,(anonymous_13)
FNDA:0,(anonymous_14)
FNDA:0,(anonymous_15)
FNDA:0,(anonymous_16)
FNDA:0,(anonymous_17)
FNDA:0,(anonymous_18)
FNDA:0,(anonymous_19)
FNDA:0,(anonymous_20)
DA:24,1
DA:38,1
DA:39,0
DA:40,0
DA:41,0
DA:42,0
DA:43,0
DA:44,0
DA:46,0
DA:47,0
DA:50,0
DA:51,0
DA:52,0
DA:53,0
DA:54,0
DA:56,0
DA:58,0
DA:62,0
DA:63,0
DA:65,0
DA:66,0
DA:67,0
DA:69,0
DA:75,0
DA:76,0
DA:79,0
DA:80,0
DA:81,0
DA:84,0
DA:87,0
DA:88,0
DA:89,0
DA:92,0
DA:93,0
DA:94,0
DA:96,0
DA:97,0
DA:101,0
DA:102,0
DA:103,0
DA:104,0
DA:105,0
DA:107,0
DA:109,0
DA:111,0
DA:112,0
DA:116,0
DA:117,0
DA:124,0
DA:125,0
DA:126,0
DA:130,0
DA:131,0
DA:132,0
DA:133,0
DA:135,0
DA:138,0
DA:145,0
DA:146,0
DA:153,0
DA:165,0
DA:178,0
DA:185,0
DA:188,0
DA:200,0
DA:231,0
DA:269,0
DA:277,0
DA:285,0
DA:293,0
LF:70
LH:2
BRDA:65,0,0,0
BRDA:65,0,1,0
BRDA:69,1,0,0
BRDA:69,1,1,0
BRDA:69,1,2,0
BRDA:69,1,3,0
BRDA:75,2,0,0
BRDA:75,2,1,0
BRDA:79,3,0,0
BRDA:79,3,1,0
BRDA:88,4,0,0
BRDA:88,4,1,0
BRDA:97,5,0,0
BRDA:97,5,1,0
BRDA:104,6,0,0
BRDA:104,6,1,0
BRDA:107,7,0,0
BRDA:107,7,1,0
BRDA:112,8,0,0
BRDA:112,8,1,0
BRDA:118,9,0,0
BRDA:118,9,1,0
BRDA:119,10,0,0
BRDA:119,10,1,0
BRDA:125,11,0,0
BRDA:125,11,1,0
BRDA:130,12,0,0
BRDA:130,12,1,0
BRDA:132,13,0,0
BRDA:132,13,1,0
BRDA:145,14,0,0
BRDA:145,14,1,0
BRDA:187,15,0,0
BRDA:187,15,1,0
BRDA:188,16,0,0
BRDA:188,16,1,0
BRDA:199,17,0,0
BRDA:199,17,1,0
BRDA:200,18,0,0
BRDA:200,18,1,0
BRDA:223,19,0,0
BRDA:223,19,1,0
BRDA:235,20,0,0
BRDA:235,20,1,0
BRDA:256,21,0,0
BRDA:256,21,1,0
BRF:46
BRH:0
end_of_record
TN:
SF:src/services/api.ts
FN:14,(anonymous_0)
FN:54,(anonymous_1)
FN:69,(anonymous_2)
FN:70,(anonymous_3)
FN:82,(anonymous_4)
FN:83,(anonymous_5)
FN:106,(anonymous_6)
FN:109,(anonymous_7)
FN:115,(anonymous_8)
FN:206,(anonymous_9)
FN:209,(anonymous_10)
FN:211,(anonymous_11)
FN:214,(anonymous_12)
FN:217,(anonymous_13)
FN:220,(anonymous_14)
FN:223,(anonymous_15)
FN:226,(anonymous_16)
FN:231,(anonymous_17)
FN:233,(anonymous_18)
FN:236,(anonymous_19)
FN:242,(anonymous_20)
FN:245,(anonymous_21)
FN:248,(anonymous_22)
FN:251,(anonymous_23)
FN:254,(anonymous_24)
FN:257,(anonymous_25)
FN:260,(anonymous_26)
FN:263,(anonymous_27)
FN:266,(anonymous_28)
FN:269,(anonymous_29)
FN:272,(anonymous_30)
FN:275,(anonymous_31)
FN:286,(anonymous_32)
FN:297,(anonymous_33)
FN:300,(anonymous_34)
FN:303,(anonymous_35)
FN:306,(anonymous_36)
FN:309,(anonymous_37)
FN:312,(anonymous_38)
FN:315,(anonymous_39)
FN:318,(anonymous_40)
FN:321,(anonymous_41)
FN:324,(anonymous_42)
FN:330,(anonymous_43)
FN:333,(anonymous_44)
FN:336,(anonymous_45)
FN:339,(anonymous_46)
FN:342,(anonymous_47)
FN:345,(anonymous_48)
FN:348,(anonymous_49)
FN:351,(anonymous_50)
FN:354,(anonymous_51)
FN:357,(anonymous_52)
FN:360,(anonymous_53)
FN:363,(anonymous_54)
FN:366,(anonymous_55)
FN:369,(anonymous_56)
FN:372,(anonymous_57)
FN:375,(anonymous_58)
FN:380,(anonymous_59)
FN:385,(anonymous_60)
FN:391,(anonymous_61)
FN:394,(anonymous_62)
FN:400,(anonymous_63)
FN:403,(anonymous_64)
FN:406,(anonymous_65)
FN:409,(anonymous_66)
FN:412,(anonymous_67)
FN:415,(anonymous_68)
FN:418,(anonymous_69)
FN:425,(anonymous_70)
FN:430,(anonymous_71)
FN:433,(anonymous_72)
FN:436,(anonymous_73)
FN:446,(anonymous_74)
FN:448,(anonymous_75)
FN:454,(anonymous_76)
FN:456,(anonymous_77)
FN:458,(anonymous_78)
FN:460,(anonymous_79)
FN:466,(anonymous_80)
FN:469,(anonymous_81)
FN:472,(anonymous_82)
FN:475,(anonymous_83)
FN:478,(anonymous_84)
FN:484,(anonymous_85)
FN:487,(anonymous_86)
FN:490,(anonymous_87)
FN:493,(anonymous_88)
FN:496,(anonymous_89)
FN:499,(anonymous_90)
FN:505,(anonymous_91)
FN:508,(anonymous_92)
FN:511,(anonymous_93)
FN:517,(anonymous_94)
FN:523,(anonymous_95)
FN:532,(anonymous_96)
FN:541,(anonymous_97)
FN:551,(anonymous_98)
FN:554,(anonymous_99)
FN:560,(anonymous_100)
FN:563,(anonymous_101)
FN:566,(anonymous_102)
FN:571,(anonymous_103)
FN:574,(anonymous_104)
FN:586,(anonymous_105)
FN:592,(anonymous_106)
FN:600,(anonymous_107)
FN:603,(anonymous_108)
FN:606,(anonymous_109)
FN:620,(anonymous_110)
FN:624,(anonymous_111)
FN:627,(anonymous_112)
FN:630,(anonymous_113)
FN:635,(anonymous_114)
FN:638,(anonymous_115)
FN:643,(anonymous_116)
FN:661,(anonymous_117)
FN:666,(anonymous_118)
FN:671,(anonymous_119)
FN:693,(anonymous_120)
FN:696,(anonymous_121)
FN:699,(anonymous_122)
FN:702,(anonymous_123)
FN:708,(anonymous_124)
FN:711,(anonymous_125)
FN:714,(anonymous_126)
FN:717,(anonymous_127)
FN:720,(anonymous_128)
FN:723,(anonymous_129)
FN:730,(anonymous_130)
FN:733,(anonymous_131)
FN:736,(anonymous_132)
FN:739,(anonymous_133)
FN:746,(anonymous_134)
FN:749,(anonymous_135)
FN:752,(anonymous_136)
FN:755,(anonymous_137)
FN:758,(anonymous_138)
FN:765,(anonymous_139)
FN:768,(anonymous_140)
FN:771,(anonymous_141)
FN:774,(anonymous_142)
FNF:143
FNH:44
FNDA:16,(anonymous_0)
FNDA:49,(anonymous_1)
FNDA:0,(anonymous_2)
FNDA:0,(anonymous_3)
FNDA:43,(anonymous_4)
FNDA:3,(anonymous_5)
FNDA:0,(anonymous_6)
FNDA:0,(anonymous_7)
FNDA:0,(anonymous_8)
FNDA:4,(anonymous_9)
FNDA:0,(anonymous_10)
FNDA:0,(anonymous_11)
FNDA:1,(anonymous_12)
FNDA:0,(anonymous_13)
FNDA:1,(anonymous_14)
FNDA:0,(anonymous_15)
FNDA:1,(anonymous_16)
FNDA:1,(anonymous_17)
FNDA:0,(anonymous_18)
FNDA:1,(anonymous_19)
FNDA:0,(anonymous_20)
FNDA:0,(anonymous_21)
FNDA:0,(anonymous_22)
FNDA:0,(anonymous_23)
FNDA:0,(anonymous_24)
FNDA:0,(anonymous_25)
FNDA:0,(anonymous_26)
FNDA:0,(anonymous_27)
FNDA:0,(anonymous_28)
FNDA:0,(anonymous_29)
FNDA:0,(anonymous_30)
FNDA:2,(anonymous_31)
FNDA:1,(anonymous_32)
FNDA:1,(anonymous_33)
FNDA:1,(anonymous_34)
FNDA:1,(anonymous_35)
FNDA:0,(anonymous_36)
FNDA:0,(anonymous_37)
FNDA:0,(anonymous_38)
FNDA:0,(anonymous_39)
FNDA:0,(anonymous_40)
FNDA:0,(anonymous_41)
FNDA:0,(anonymous_42)
FNDA:1,(anonymous_43)
FNDA:0,(anonymous_44)
FNDA:1,(anonymous_45)
FNDA:1,(anonymous_46)
FNDA:1,(anonymous_47)
FNDA:0,(anonymous_48)
FNDA:1,(anonymous_49)
FNDA:0,(anonymous_50)
FNDA:0,(anonymous_51)
FNDA:1,(anonymous_52)
FNDA:0,(anonymous_53)
FNDA:0,(anonymous_54)
FNDA:1,(anonymous_55)
FNDA:1,(anonymous_56)
FNDA:1,(anonymous_57)
FNDA:0,(anonymous_58)
FNDA:0,(anonymous_59)
FNDA:0,(anonymous_60)
FNDA:1,(anonymous_61)
FNDA:1,(anonymous_62)
FNDA:1,(anonymous_63)
FNDA:1,(anonymous_64)
FNDA:1,(anonymous_65)
FNDA:0,(anonymous_66)
FNDA:1,(anonymous_67)
FNDA:1,(anonymous_68)
FNDA:1,(anonymous_69)
FNDA:1,(anonymous_70)
FNDA:1,(anonymous_71)
FNDA:1,(anonymous_72)
FNDA:0,(anonymous_73)
FNDA:0,(anonymous_74)
FNDA:0,(anonymous_75)
FNDA:0,(anonymous_76)
FNDA:0,(anonymous_77)
FNDA:0,(anonymous_78)
FNDA:0,(anonymous_79)
FNDA:0,(anonymous_80)
FNDA:0,(anonymous_81)
FNDA:0,(anonymous_82)
FNDA:0,(anonymous_83)
FNDA:0,(anonymous_84)
FNDA:0,(anonymous_85)
FNDA:0,(anonymous_86)
FNDA:0,(anonymous_87)
FNDA:0,(anonymous_88)
FNDA:0,(anonymous_89)
FNDA:0,(anonymous_90)
FNDA:1,(anonymous_91)
FNDA:0,(anonymous_92)
FNDA:1,(anonymous_93)
FNDA:0,(anonymous_94)
FNDA:0,(anonymous_95)
FNDA:0,(anonymous_96)
FNDA:0,(anonymous_97)
FNDA:0,(anonymous_98)
FNDA:0,(anonymous_99)
FNDA:2,(anonymous_100)
FNDA:1,(anonymous_101)
FNDA:1,(anonymous_102)
FNDA:1,(anonymous_103)
FNDA:1,(anonymous_104)
FNDA:1,(anonymous_105)
FNDA:0,(anonymous_106)
FNDA:0,(anonymous_107)
FNDA:0,(anonymous_108)
FNDA:0,(anonymous_109)
FNDA:0,(anonymous_110)
FNDA:0,(anonymous_111)
FNDA:0,(anonymous_112)
FNDA:0,(anonymous_113)
FNDA:0,(anonymous_114)
FNDA:0,(anonymous_115)
FNDA:0,(anonymous_116)
FNDA:0,(anonymous_117)
FNDA:0,(anonymous_118)
FNDA:0,(anonymous_119)
FNDA:5,(anonymous_120)
FNDA:0,(anonymous_121)
FNDA:0,(anonymous_122)
FNDA:0,(anonymous_123)
FNDA:0,(anonymous_124)
FNDA:0,(anonymous_125)
FNDA:0,(anonymous_126)
FNDA:0,(anonymous_127)
FNDA:0,(anonymous_128)
FNDA:0,(anonymous_129)
FNDA:0,(anonymous_130)
FNDA:0,(anonymous_131)
FNDA:0,(anonymous_132)
FNDA:0,(anonymous_133)
FNDA:0,(anonymous_134)
FNDA:0,(anonymous_135)
FNDA:0,(anonymous_136)
FNDA:0,(anonymous_137)
FNDA:0,(anonymous_138)
FNDA:0,(anonymous_139)
FNDA:0,(anonymous_140)
FNDA:0,(anonymous_141)
FNDA:0,(anonymous_142)
DA:14,15
DA:15,16
DA:18,16
DA:19,0
DA:21,0
DA:22,0
DA:25,0
DA:30,16
DA:36,16
DA:37,16
DA:41,0
DA:44,15
DA:46,15
DA:54,15
DA:55,49
DA:56,49
DA:57,1
DA:59,49
DA:63,15
DA:67,15
DA:69,15
DA:70,0
DA:71,0
DA:72,0
DA:74,0
DA:77,0
DA:81,15
DA:82,43
DA:84,3
DA:90,3
DA:91,3
DA:97,3
DA:104,0
DA:106,0
DA:107,0
DA:110,0
DA:111,0
DA:113,0
DA:116,0
DA:120,0
DA:121,0
DA:123,0
DA:124,0
DA:126,0
DA:127,0
DA:128,0
DA:129,0
DA:130,0
DA:131,0
DA:132,0
DA:133,0
DA:136,0
DA:138,0
DA:143,0
DA:144,0
DA:147,0
DA:148,0
DA:150,0
DA:152,0
DA:153,0
DA:156,0
DA:159,0
DA:160,0
DA:161,0
DA:162,0
DA:163,0
DA:164,0
DA:165,0
DA:167,0
DA:172,3
DA:175,1
DA:185,2
DA:187,1
DA:198,1
DA:200,3
DA:205,15
DA:207,4
DA:210,0
DA:212,0
DA:215,1
DA:218,0
DA:221,1
DA:224,0
DA:227,1
DA:232,1
DA:234,0
DA:237,1
DA:243,0
DA:246,0
DA:249,0
DA:252,0
DA:255,0
DA:258,0
DA:261,0
DA:264,0
DA:267,0
DA:270,0
DA:273,0
DA:276,2
DA:277,1
DA:283,1
DA:287,1
DA:288,1
DA:294,0
DA:298,1
DA:301,1
DA:304,1
DA:307,0
DA:310,0
DA:313,0
DA:316,0
DA:319,0
DA:322,0
DA:325,0
DA:329,15
DA:331,1
DA:334,0
DA:337,1
DA:340,1
DA:343,1
DA:346,0
DA:349,1
DA:352,0
DA:355,0
DA:358,1
DA:361,0
DA:364,0
DA:367,1
DA:370,1
DA:373,1
DA:376,0
DA:381,0
DA:386,0
DA:390,15
DA:392,1
DA:395,1
DA:399,15
DA:401,1
DA:404,1
DA:407,1
DA:410,0
DA:413,1
DA:416,1
DA:423,1
DA:426,1
DA:431,1
DA:434,1
DA:442,0
DA:445,15
DA:447,0
DA:449,0
DA:453,15
DA:455,0
DA:457,0
DA:459,0
DA:461,0
DA:465,15
DA:467,0
DA:470,0
DA:473,0
DA:476,0
DA:479,0
DA:483,15
DA:485,0
DA:488,0
DA:491,0
DA:494,0
DA:497,0
DA:500,0
DA:504,15
DA:506,1
DA:509,0
DA:512,1
DA:516,15
DA:518,0
DA:522,15
DA:527,0
DA:536,0
DA:546,0
DA:552,0
DA:555,0
DA:559,15
DA:561,2
DA:564,1
DA:567,1
DA:572,1
DA:580,1
DA:587,1
DA:591,15
DA:593,0
DA:599,15
DA:601,0
DA:604,0
DA:618,0
DA:621,0
DA:625,0
DA:628,0
DA:631,0
DA:636,0
DA:639,0
DA:644,0
DA:645,0
DA:646,0
DA:647,0
DA:660,15
DA:662,0
DA:667,0
DA:677,0
DA:692,15
DA:694,5
DA:697,0
DA:700,0
DA:703,0
DA:707,15
DA:709,0
DA:712,0
DA:715,0
DA:718,0
DA:721,0
DA:724,0
DA:728,15
DA:731,0
DA:734,0
DA:737,0
DA:740,0
DA:747,0
DA:750,0
DA:753,0
DA:756,0
DA:759,0
DA:766,0
DA:769,0
DA:772,0
DA:775,0
LF:234
LH:89
BRDA:18,0,0,0
BRDA:18,0,1,16
BRDA:18,1,0,16
BRDA:18,1,1,0
BRDA:21,2,0,0
BRDA:21,2,1,0
BRDA:21,3,0,0
BRDA:21,3,1,0
BRDA:30,4,0,16
BRDA:30,4,1,16
BRDA:30,4,2,0
BRDA:30,4,3,0
BRDA:36,5,0,16
BRDA:36,5,1,0
BRDA:56,6,0,1
BRDA:56,6,1,48
BRDA:69,7,0,0
BRDA:71,8,0,0
BRDA:71,8,1,0
BRDA:91,9,0,3
BRDA:91,9,1,3
BRDA:91,9,2,3
BRDA:97,10,0,0
BRDA:97,10,1,3
BRDA:98,11,0,3
BRDA:98,11,1,0
BRDA:98,11,2,0
BRDA:98,11,3,0
BRDA:98,11,4,0
BRDA:104,12,0,0
BRDA:104,12,1,0
BRDA:110,13,0,0
BRDA:110,13,1,0
BRDA:110,14,0,0
BRDA:110,14,1,0
BRDA:124,15,0,0
BRDA:124,15,1,0
BRDA:147,16,0,0
BRDA:147,16,1,0
BRDA:172,17,0,1
BRDA:172,17,1,2
BRDA:185,18,0,1
BRDA:185,18,1,1
BRDA:276,19,0,1
BRDA:276,19,1,1
BRDA:287,20,0,1
BRDA:287,20,1,0
BRDA:470,21,0,0
BRDA:470,21,1,0
BRDA:568,22,0,1
BRDA:568,22,1,0
BRDA:583,23,0,1
BRDA:583,23,1,0
BRDA:630,24,0,0
BRDA:638,25,0,0
BRF:55
BRH:21
end_of_record
TN:
SF:src/services/searchService.ts
FN:13,debounce
FN:18,executedFunction
FN:19,(anonymous_2)
FN:33,getLocalRecentSearches
FN:48,saveLocalRecentSearch
FN:53,(anonymous_5)
FN:66,searchGlobal
FN:83,getRecentSearches
FN:96,(anonymous_8)
FN:105,(anonymous_9)
FN:117,saveRecentSearch
FNF:11
FNH:1
FNDA:5,debounce
FNDA:0,executedFunction
FNDA:0,(anonymous_2)
FNDA:0,getLocalRecentSearches
FNDA:0,saveLocalRecentSearch
FNDA:0,(anonymous_5)
FNDA:0,searchGlobal
FNDA:0,getRecentSearches
FNDA:0,(anonymous_8)
FNDA:0,(anonymous_9)
FNDA:0,saveRecentSearch
DA:7,2
DA:8,2
DA:17,5
DA:18,5
DA:19,0
DA:20,0
DA:21,0
DA:23,0
DA:24,0
DA:26,0
DA:34,0
DA:35,0
DA:36,0
DA:37,0
DA:40,0
DA:42,0
DA:49,0
DA:50,0
DA:52,0
DA:53,0
DA:56,0
DA:57,0
DA:59,0
DA:67,0
DA:68,0
DA:71,0
DA:72,0
DA:73,0
DA:75,0
DA:76,0
DA:85,0
DA:88,0
DA:89,0
DA:90,0
DA:93,0
DA:94,0
DA:95,0
DA:96,0
DA:98,0
DA:99,0
DA:104,0
DA:105,0
DA:109,0
DA:110,0
DA:121,0
DA:131,0
DA:134,0
DA:135,0
DA:143,0
LF:49
LH:4
BRDA:23,0,0,0
BRDA:23,0,1,0
BRDA:36,1,0,0
BRDA:36,1,1,0
BRDA:53,2,0,0
BRDA:53,2,1,0
BRDA:53,2,2,0
BRDA:66,3,0,0
BRDA:67,4,0,0
BRDA:67,4,1,0
BRDA:83,5,0,0
BRDA:96,6,0,0
BRDA:96,6,1,0
BRDA:96,6,2,0
BRDA:98,7,0,0
BRDA:98,7,1,0
BRF:16
BRH:0
end_of_record
TN:
SF:src/utils/commandPaletteActions.ts
FN:18,getQuickActions
FN:27,(anonymous_1)
FN:35,(anonymous_2)
FN:43,(anonymous_3)
FN:51,(anonymous_4)
FN:59,(anonymous_5)
FN:68,(anonymous_6)
FN:76,(anonymous_7)
FN:84,(anonymous_8)
FN:92,(anonymous_9)
FN:100,(anonymous_10)
FN:108,(anonymous_11)
FN:116,(anonymous_12)
FN:124,filterQuickActions
FN:130,(anonymous_14)
FN:134,(anonymous_15)
FNF:16
FNH:2
FNDA:5,getQuickActions
FNDA:0,(anonymous_1)
FNDA:0,(anonymous_2)
FNDA:0,(anonymous_3)
FNDA:0,(anonymous_4)
FNDA:0,(anonymous_5)
FNDA:0,(anonymous_6)
FNDA:0,(anonymous_7)
FNDA:0,(anonymous_8)
FNDA:0,(anonymous_9)
FNDA:0,(anonymous_10)
FNDA:0,(anonymous_11)
FNDA:0,(anonymous_12)
FNDA:5,filterQuickActions
FNDA:0,(anonymous_14)
FNDA:0,(anonymous_15)
DA:19,5
DA:27,0
DA:35,0
DA:43,0
DA:51,0
DA:59,0
DA:68,0
DA:76,0
DA:84,0
DA:92,0
DA:100,0
DA:108,0
DA:116,0
DA:125,5
DA:126,5
DA:129,0
DA:130,0
DA:132,0
DA:133,0
DA:134,0
DA:136,0
LF:21
LH:3
BRDA:125,0,0,5
BRDA:125,0,1,0
BRDA:136,1,0,0
BRDA:136,1,1,0
BRDA:136,1,2,0
BRF:5
BRH:1
end_of_record
TN:
SF:src/utils/csvExport.ts
FN:14,arrayToCSV
FN:26,(anonymous_1)
FN:29,(anonymous_2)
FN:31,(anonymous_3)
FN:44,escapeCSVValue
FN:55,downloadCSV
FN:72,exportToCSV
FN:84,exportInventoryItemsToCSV
FN:99,(anonymous_8)
FN:119,exportInventoryReportToCSV
FN:128,(anonymous_10)
FN:137,(anonymous_11)
FN:145,(anonymous_12)
FN:159,exportPurchasingReportToCSV
FN:168,(anonymous_14)
FN:176,(anonymous_15)
FN:192,(anonymous_16)
FN:211,(anonymous_17)
FN:230,exportAssetReportToCSV
FN:239,(anonymous_19)
FN:254,(anonymous_20)
FN:266,(anonymous_21)
FNF:22
FNH:9
FNDA:8,arrayToCSV
FNDA:23,(anonymous_1)
FNDA:8,(anonymous_2)
FNDA:25,(anonymous_3)
FNDA:48,escapeCSVValue
FNDA:3,downloadCSV
FNDA:3,exportToCSV
FNDA:1,exportInventoryItemsToCSV
FNDA:1,(anonymous_8)
FNDA:0,exportInventoryReportToCSV
FNDA:0,(anonymous_10)
FNDA:0,(anonymous_11)
FNDA:0,(anonymous_12)
FNDA:0,exportPurchasingReportToCSV
FNDA:0,(anonymous_14)
FNDA:0,(anonymous_15)
FNDA:0,(anonymous_16)
FNDA:0,(anonymous_17)
FNDA:0,exportAssetReportToCSV
FNDA:0,(anonymous_19)
FNDA:0,(anonymous_20)
FNDA:0,(anonymous_21)
DA:18,8
DA:19,1
DA:23,7
DA:26,23
DA:29,7
DA:30,8
DA:32,25
DA:33,25
DA:38,7
DA:45,48
DA:47,2
DA:49,46
DA:57,3
DA:58,3
DA:59,3
DA:60,3
DA:61,3
DA:62,3
DA:63,3
DA:64,3
DA:65,3
DA:66,3
DA:76,3
DA:77,3
DA:78,3
DA:85,1
DA:99,1
DA:113,1
DA:123,0
DA:124,0
DA:126,0
DA:127,0
DA:128,0
DA:135,0
DA:136,0
DA:137,0
DA:143,0
DA:144,0
DA:145,0
DA:153,0
DA:163,0
DA:164,0
DA:166,0
DA:167,0
DA:168,0
DA:174,0
DA:175,0
DA:176,0
DA:182,0
DA:183,0
DA:192,0
DA:201,0
DA:202,0
DA:211,0
DA:224,0
DA:234,0
DA:235,0
DA:237,0
DA:238,0
DA:239,0
DA:243,0
DA:244,0
DA:254,0
DA:264,0
DA:265,0
DA:266,0
DA:275,0
LF:67
LH:28
BRDA:18,0,0,1
BRDA:18,0,1,7
BRDA:23,1,0,7
BRDA:23,1,1,3
BRDA:33,2,0,25
BRDA:33,2,1,0
BRDA:33,3,0,25
BRDA:33,3,1,25
BRDA:45,4,0,2
BRDA:45,4,1,46
BRDA:45,5,0,48
BRDA:45,5,1,47
BRDA:45,5,2,46
BRDA:55,6,0,0
BRDA:62,7,0,0
BRDA:62,7,1,3
BRDA:74,8,0,1
BRDA:76,9,0,1
BRDA:100,10,0,1
BRDA:100,10,1,0
BRDA:101,11,0,1
BRDA:101,11,1,0
BRDA:102,12,0,1
BRDA:102,12,1,0
BRDA:103,13,0,1
BRDA:103,13,1,0
BRDA:104,14,0,1
BRDA:104,14,1,0
BRDA:105,15,0,1
BRDA:105,15,1,0
BRDA:106,16,0,1
BRDA:106,16,1,0
BRDA:107,17,0,1
BRDA:107,17,1,0
BRDA:108,18,0,1
BRDA:108,18,1,0
BRDA:109,19,0,0
BRDA:109,19,1,1
BRDA:110,20,0,1
BRDA:110,20,1,0
BRDA:126,21,0,0
BRDA:126,21,1,0
BRDA:129,22,0,0
BRDA:129,22,1,0
BRDA:130,23,0,0
BRDA:130,23,1,0
BRDA:131,24,0,0
BRDA:131,24,1,0
BRDA:132,25,0,0
BRDA:132,25,1,0
BRDA:133,26,0,0
BRDA:133,26,1,0
BRDA:135,27,0,0
BRDA:135,27,1,0
BRDA:138,28,0,0
BRDA:138,28,1,0
BRDA:139,29,0,0
BRDA:139,29,1,0
BRDA:140,30,0,0
BRDA:140,30,1,0
BRDA:141,31,0,0
BRDA:141,31,1,0
BRDA:143,32,0,0
BRDA:143,32,1,0
BRDA:146,33,0,0
BRDA:146,33,1,0
BRDA:147,34,0,0
BRDA:147,34,1,0
BRDA:148,35,0,0
BRDA:148,35,1,0
BRDA:149,36,0,0
BRDA:149,36,1,0
BRDA:166,37,0,0
BRDA:166,37,1,0
BRDA:169,38,0,0
BRDA:169,38,1,0
BRDA:170,39,0,0
BRDA:170,39,1,0
BRDA:171,40,0,0
BRDA:171,40,1,0
BRDA:172,41,0,0
BRDA:172,41,1,0
BRDA:174,42,0,0
BRDA:174,42,1,0
BRDA:177,43,0,0
BRDA:177,43,1,0
BRDA:178,44,0,0
BRDA:178,44,1,0
BRDA:179,45,0,0
BRDA:179,45,1,0
BRDA:180,46,0,0
BRDA:180,46,1,0
BRDA:182,47,0,0
BRDA:182,47,1,0
BRDA:193,48,0,0
BRDA:193,48,1,0
BRDA:194,49,0,0
BRDA:194,49,1,0
BRDA:195,50,0,0
BRDA:195,50,1,0
BRDA:196,51,0,0
BRDA:196,51,1,0
BRDA:197,52,0,0
BRDA:197,52,1,0
BRDA:198,53,0,0
BRDA:198,53,1,0
BRDA:199,54,0,0
BRDA:199,54,1,0
BRDA:201,55,0,0
BRDA:201,55,1,0
BRDA:212,56,0,0
BRDA:212,56,1,0
BRDA:213,57,0,0
BRDA:213,57,1,0
BRDA:214,58,0,0
BRDA:214,58,1,0
BRDA:215,59,0,0
BRDA:215,59,1,0
BRDA:216,60,0,0
BRDA:216,60,1,0
BRDA:217,61,0,0
BRDA:217,61,1,0
BRDA:218,62,0,0
BRDA:218,62,1,0
BRDA:219,63,0,0
BRDA:219,63,1,0
BRDA:237,64,0,0
BRDA:237,64,1,0
BRDA:240,65,0,0
BRDA:240,65,1,0
BRDA:240,65,2,0
BRDA:241,66,0,0
BRDA:241,66,1,0
BRDA:243,67,0,0
BRDA:243,67,1,0
BRDA:255,68,0,0
BRDA:255,68,1,0
BRDA:256,69,0,0
BRDA:256,69,1,0
BRDA:257,70,0,0
BRDA:257,70,1,0
BRDA:258,71,0,0
BRDA:258,71,1,0
BRDA:259,72,0,0
BRDA:259,72,1,0
BRDA:260,73,0,0
BRDA:260,73,1,0
BRDA:261,74,0,0
BRDA:261,74,1,0
BRDA:262,75,0,0
BRDA:262,75,1,0
BRDA:264,76,0,0
BRDA:264,76,1,0
BRDA:267,77,0,0
BRDA:267,77,1,0
BRDA:268,78,0,0
BRDA:268,78,1,0
BRDA:269,79,0,0
BRDA:269,79,1,0
BRDA:270,80,0,0
BRDA:270,80,1,0
BRDA:271,81,0,0
BRDA:271,81,1,0
BRF:163
BRH:26
end_of_record
TN:
SF:src/utils/formSchemas.ts
FN:26,(anonymous_0)
FN:27,(anonymous_1)
FN:31,(anonymous_2)
FN:34,(anonymous_3)
FN:38,(anonymous_4)
FN:44,(anonymous_5)
FN:47,(anonymous_6)
FN:50,(anonymous_7)
FN:53,(anonymous_8)
FN:128,(anonymous_9)
FN:145,(anonymous_10)
FN:252,(anonymous_11)
FN:264,(anonymous_12)
FNF:13
FNH:4
FNDA:0,(anonymous_0)
FNDA:0,(anonymous_1)
FNDA:0,(anonymous_2)
FNDA:0,(anonymous_3)
FNDA:0,(anonymous_4)
FNDA:0,(anonymous_5)
FNDA:0,(anonymous_6)
FNDA:0,(anonymous_7)
FNDA:0,(anonymous_8)
FNDA:3,(anonymous_9)
FNDA:3,(anonymous_10)
FNDA:1,(anonymous_11)
FNDA:1,(anonymous_12)
DA:7,4
DA:8,4
DA:9,4
DA:10,4
DA:11,4
DA:14,4
DA:15,4
DA:16,4
DA:17,4
DA:20,4
DA:21,4
DA:24,4
DA:26,0
DA:27,0
DA:29,4
DA:31,0
DA:34,4
DA:38,0
DA:44,4
DA:45,0
DA:47,4
DA:48,0
DA:50,4
DA:51,0
DA:53,4
DA:54,0
DA:57,4
DA:129,3
DA:130,0
DA:137,3
DA:146,3
DA:147,0
DA:149,3
DA:160,4
DA:174,4
DA:199,4
DA:253,1
DA:254,0
DA:256,1
DA:265,1
DA:266,0
DA:268,1
LF:42
LH:30
BRDA:38,0,0,0
BRDA:38,0,1,0
BRDA:39,1,0,0
BRDA:39,1,1,0
BRDA:45,2,0,0
BRDA:45,2,1,0
BRDA:48,3,0,0
BRDA:48,3,1,0
BRDA:51,4,0,0
BRDA:51,4,1,0
BRDA:54,5,0,0
BRDA:54,5,1,0
BRDA:129,6,0,0
BRDA:129,6,1,3
BRDA:131,7,0,0
BRDA:131,7,1,0
BRDA:131,7,2,0
BRDA:131,7,3,0
BRDA:146,8,0,0
BRDA:146,8,1,3
BRDA:146,9,0,3
BRDA:146,9,1,0
BRDA:146,9,2,0
BRDA:253,10,0,0
BRDA:253,10,1,1
BRDA:253,11,0,1
BRDA:253,11,1,0
BRDA:265,12,0,0
BRDA:265,12,1,1
BRDA:265,13,0,1
BRDA:265,13,1,0
BRF:31
BRH:7
end_of_record
